rm -f pan* trail.out .input.spin* *.spin.trail .input.define
touch .input.define
cat .input.define > pan.ltl
cat DEFINES >> pan.ltl
spin -f "!(`cat urcu_progress.ltl | grep -v ^//`)" >> pan.ltl
cp urcu_progress_reader.define .input.define
cat .input.define > .input.spin
cat DEFINES >> .input.spin
cat urcu.spin >> .input.spin
rm -f .input.spin.trail
spin -a -X -N pan.ltl .input.spin
Exit-Status 0
gcc -O2 -w -DHASH64 -o pan pan.c
./pan -a -f -v -c1 -X -m10000000 -w20
warning: for p.o. reduction to be valid the never claim must be stutter-invariant
(never claims generated from LTL formulae are stutter-invariant)
depth 0: Claim reached state 5 (line 1258)
depth 23: Claim reached state 9 (line 1263)
depth 137: Claim reached state 9 (line 1262)
Depth=   31896 States=    1e+06 Transitions= 1.91e+08 Memory=   519.963	t=    240 R=   4e+03
Depth=   35611 States=    2e+06 Transitions= 3.82e+08 Memory=   572.111	t=    484 R=   4e+03
Depth=   35611 States=    3e+06 Transitions= 6.15e+08 Memory=   623.869	t=    790 R=   4e+03
pan: resizing hashtable to -w22..  done
Depth=   35611 States=    4e+06 Transitions= 8.15e+08 Memory=   707.236	t= 1.04e+03 R=   4e+03
Depth=   35611 States=    5e+06 Transitions=    1e+09 Memory=   760.557	t= 1.28e+03 R=   4e+03
Depth=   35611 States=    6e+06 Transitions= 1.33e+09 Memory=   808.408	t= 1.71e+03 R=   4e+03
Depth=   35611 States=    7e+06 Transitions= 1.79e+09 Memory=   854.014	t= 2.32e+03 R=   3e+03
Depth=   35611 States=    8e+06 Transitions= 2.33e+09 Memory=   898.740	t= 3.05e+03 R=   3e+03
Depth=   35611 States=    9e+06 Transitions= 2.72e+09 Memory=   947.276	t= 3.57e+03 R=   3e+03
pan: resizing hashtable to -w24..  done
Depth=   35611 States=    1e+07 Transitions= 3.17e+09 Memory=  1119.123	t= 4.17e+03 R=   2e+03
Depth=   35611 States=  1.1e+07 Transitions= 3.43e+09 Memory=  1167.854	t= 4.5e+03 R=   2e+03
Depth=   35611 States=  1.2e+07 Transitions= 3.67e+09 Memory=  1219.221	t= 4.81e+03 R=   2e+03
Depth=   35611 States=  1.3e+07 Transitions= 4.19e+09 Memory=  1262.776	t= 5.49e+03 R=   2e+03
Depth=   35611 States=  1.4e+07 Transitions= 5.17e+09 Memory=  1311.213	t= 6.83e+03 R=   2e+03
Depth=   35611 States=  1.5e+07 Transitions= 6.13e+09 Memory=  1349.006	t= 8.12e+03 R=   2e+03
Depth=   35611 States=  1.6e+07 Transitions= 6.65e+09 Memory=  1393.635	t= 8.82e+03 R=   2e+03
Depth=   35611 States=  1.7e+07 Transitions= 7.12e+09 Memory=  1441.779	t= 9.45e+03 R=   2e+03
Depth=   35611 States=  1.8e+07 Transitions= 7.52e+09 Memory=  1486.408	t= 9.98e+03 R=   2e+03
Depth=   35611 States=  1.9e+07 Transitions= 8.03e+09 Memory=  1534.162	t= 1.07e+04 R=   2e+03
Depth=   35611 States=    2e+07 Transitions=  8.6e+09 Memory=  1579.768	t= 1.14e+04 R=   2e+03
Depth=   35611 States=  2.1e+07 Transitions=    9e+09 Memory=  1629.475	t= 1.2e+04 R=   2e+03
Depth=   35611 States=  2.2e+07 Transitions= 9.32e+09 Memory=  1676.545	t= 1.24e+04 R=   2e+03
Depth=   35611 States=  2.3e+07 Transitions= 9.66e+09 Memory=  1724.494	t= 1.29e+04 R=   2e+03
Depth=   35611 States=  2.4e+07 Transitions=    1e+10 Memory=  1774.299	t= 1.34e+04 R=   2e+03
Depth=   35611 States=  2.5e+07 Transitions= 1.03e+10 Memory=  1822.151	t= 1.37e+04 R=   2e+03
Depth=   35611 States=  2.6e+07 Transitions= 1.07e+10 Memory=  1871.272	t= 1.42e+04 R=   2e+03
Depth=   35611 States=  2.7e+07 Transitions= 1.09e+10 Memory=  1921.272	t= 1.45e+04 R=   2e+03
Depth=   35611 States=  2.8e+07 Transitions= 1.13e+10 Memory=  1969.904	t= 1.51e+04 R=   2e+03
Depth=   35611 States=  2.9e+07 Transitions= 1.15e+10 Memory=  2019.709	t= 1.54e+04 R=   2e+03
Depth=   35611 States=    3e+07 Transitions=  1.2e+10 Memory=  2063.654	t= 1.6e+04 R=   2e+03
Depth=   35611 States=  3.1e+07 Transitions= 1.23e+10 Memory=  2110.920	t= 1.65e+04 R=   2e+03
Depth=   35611 States=  3.2e+07 Transitions= 1.29e+10 Memory=  2156.721	t= 1.73e+04 R=   2e+03
Depth=   35611 States=  3.3e+07 Transitions= 1.35e+10 Memory=  2200.276	t= 1.8e+04 R=   2e+03
Depth=   35611 States=  3.4e+07 Transitions=  1.4e+10 Memory=  2245.881	t= 1.87e+04 R=   2e+03
pan: resizing hashtable to -w26..  done
Depth=   35611 States=  3.5e+07 Transitions= 1.43e+10 Memory=  2790.498	t= 1.91e+04 R=   2e+03
Depth=   35611 States=  3.6e+07 Transitions= 1.45e+10 Memory=  2841.182	t= 1.94e+04 R=   2e+03
Depth=   35611 States=  3.7e+07 Transitions= 1.49e+10 Memory=  2887.861	t= 1.99e+04 R=   2e+03
Depth=   35611 States=  3.8e+07 Transitions= 1.57e+10 Memory=  2934.346	t= 2.1e+04 R=   2e+03
Depth=   35611 States=  3.9e+07 Transitions= 1.67e+10 Memory=  2977.608	t= 2.23e+04 R=   2e+03
Depth=   35611 States=    4e+07 Transitions= 1.74e+10 Memory=  3017.158	t= 2.33e+04 R=   2e+03
Depth=   35611 States=  4.1e+07 Transitions= 1.81e+10 Memory=  3061.104	t= 2.42e+04 R=   2e+03
Depth=   35611 States=  4.2e+07 Transitions= 1.83e+10 Memory=  3109.932	t= 2.45e+04 R=   2e+03
Depth=   35611 States=  4.3e+07 Transitions= 1.88e+10 Memory=  3156.416	t= 2.51e+04 R=   2e+03
Depth=   35611 States=  4.4e+07 Transitions= 1.93e+10 Memory=  3203.389	t= 2.58e+04 R=   2e+03
Depth=   35611 States=  4.5e+07 Transitions= 1.98e+10 Memory=  3249.580	t= 2.65e+04 R=   2e+03
Depth=   35611 States=  4.6e+07 Transitions= 2.02e+10 Memory=  3297.920	t= 2.69e+04 R=   2e+03
Depth=   35611 States=  4.7e+07 Transitions= 2.06e+10 Memory=  3347.236	t= 2.75e+04 R=   2e+03
Depth=   35611 States=  4.8e+07 Transitions= 2.09e+10 Memory=  3395.772	t= 2.79e+04 R=   2e+03
Depth=   35611 States=  4.9e+07 Transitions= 2.12e+10 Memory=  3443.818	t= 2.83e+04 R=   2e+03
Depth=   35611 States=    5e+07 Transitions= 2.15e+10 Memory=  3492.549	t= 2.87e+04 R=   2e+03
Depth=   35611 States=  5.1e+07 Transitions= 2.18e+10 Memory=  3540.303	t= 2.91e+04 R=   2e+03
Depth=   35611 States=  5.2e+07 Transitions= 2.21e+10 Memory=  3591.377	t= 2.95e+04 R=   2e+03
Depth=   35611 States=  5.3e+07 Transitions= 2.24e+10 Memory=  3639.326	t=  3e+04 R=   2e+03
Depth=   35611 States=  5.4e+07 Transitions= 2.27e+10 Memory=  3687.373	t= 3.04e+04 R=   2e+03
Depth=   35611 States=  5.5e+07 Transitions= 2.31e+10 Memory=  3733.662	t= 3.09e+04 R=   2e+03
Depth=   35611 States=  5.6e+07 Transitions= 2.37e+10 Memory=  3779.561	t= 3.16e+04 R=   2e+03
Depth=   35611 States=  5.7e+07 Transitions= 2.42e+10 Memory=  3823.213	t= 3.24e+04 R=   2e+03
Depth=   35611 States=  5.8e+07 Transitions= 2.47e+10 Memory=  3869.795	t= 3.3e+04 R=   2e+03
Depth=   35611 States=  5.9e+07 Transitions= 2.52e+10 Memory=  3916.084	t= 3.37e+04 R=   2e+03

(Spin Version 5.1.7 -- 23 December 2008)
	+ Partial Order Reduction

Full statespace search for:
	never claim         	+
	assertion violations	+ (if within scope of claim)
	acceptance   cycles 	+ (fairness enabled)
	invalid end states	- (disabled by never claim)

State-vector 88 byte, depth reached 35611, errors: 0
 33837266 states, stored (5.99297e+07 visited)
2.557894e+10 states, matched
2.563887e+10 transitions (= visited+matched)
1.4922421e+11 atomic steps
hash conflicts: 9.616061e+09 (resolved)

Stats on memory usage (in Megabytes):
 3743.289	equivalent memory usage for states (stored*(State-vector + overhead))
 2990.875	actual memory usage for states (compression: 79.90%)
         	state-vector as stored = 65 byte + 28 byte overhead
  512.000	memory used for hash table (-w26)
  457.764	memory used for DFS stack (-m10000000)
    1.683	memory lost to fragmentation
 3958.955	total actual memory usage

unreached in proctype urcu_reader
	line 250, "pan.___", state 30, "cache_dirty_urcu_gp_ctr.bitfield = (cache_dirty_urcu_gp_ctr.bitfield&~((1<<_pid)))"
	line 258, "pan.___", state 52, "cache_dirty_rcu_ptr.bitfield = (cache_dirty_rcu_ptr.bitfield&~((1<<_pid)))"
	line 262, "pan.___", state 61, "cache_dirty_rcu_data[i].bitfield = (cache_dirty_rcu_data[i].bitfield&~((1<<_pid)))"
	line 227, "pan.___", state 77, "(1)"
	line 231, "pan.___", state 85, "(1)"
	line 235, "pan.___", state 97, "(1)"
	line 239, "pan.___", state 105, "(1)"
	line 395, "pan.___", state 131, "cache_dirty_urcu_gp_ctr.bitfield = (cache_dirty_urcu_gp_ctr.bitfield&~((1<<_pid)))"
	line 404, "pan.___", state 163, "cache_dirty_rcu_ptr.bitfield = (cache_dirty_rcu_ptr.bitfield&~((1<<_pid)))"
	line 408, "pan.___", state 177, "cache_dirty_rcu_data[i].bitfield = (cache_dirty_rcu_data[i].bitfield&~((1<<_pid)))"
	line 412, "pan.___", state 196, "(1)"
	line 421, "pan.___", state 226, "(1)"
	line 425, "pan.___", state 239, "(1)"
	line 670, "pan.___", state 260, "_proc_urcu_reader = (_proc_urcu_reader|((1<<2)<<1))"
	line 395, "pan.___", state 267, "cache_dirty_urcu_gp_ctr.bitfield = (cache_dirty_urcu_gp_ctr.bitfield&~((1<<_pid)))"
	line 404, "pan.___", state 299, "cache_dirty_rcu_ptr.bitfield = (cache_dirty_rcu_ptr.bitfield&~((1<<_pid)))"
	line 408, "pan.___", state 313, "cache_dirty_rcu_data[i].bitfield = (cache_dirty_rcu_data[i].bitfield&~((1<<_pid)))"
	line 412, "pan.___", state 332, "(1)"
	line 421, "pan.___", state 362, "(1)"
	line 425, "pan.___", state 375, "(1)"
	line 395, "pan.___", state 396, "cache_dirty_urcu_gp_ctr.bitfield = (cache_dirty_urcu_gp_ctr.bitfield&~((1<<_pid)))"
	line 404, "pan.___", state 428, "cache_dirty_rcu_ptr.bitfield = (cache_dirty_rcu_ptr.bitfield&~((1<<_pid)))"
	line 408, "pan.___", state 442, "cache_dirty_rcu_data[i].bitfield = (cache_dirty_rcu_data[i].bitfield&~((1<<_pid)))"
	line 412, "pan.___", state 461, "(1)"
	line 421, "pan.___", state 491, "(1)"
	line 425, "pan.___", state 504, "(1)"
	line 395, "pan.___", state 527, "cache_dirty_urcu_gp_ctr.bitfield = (cache_dirty_urcu_gp_ctr.bitfield&~((1<<_pid)))"
	line 395, "pan.___", state 529, "(1)"
	line 395, "pan.___", state 530, "((cache_dirty_urcu_gp_ctr.bitfield&(1<<_pid)))"
	line 395, "pan.___", state 530, "else"
	line 395, "pan.___", state 533, "(1)"
	line 399, "pan.___", state 541, "cache_dirty_urcu_active_readers.bitfield = (cache_dirty_urcu_active_readers.bitfield&~((1<<_pid)))"
	line 399, "pan.___", state 543, "(1)"
	line 399, "pan.___", state 544, "((cache_dirty_urcu_active_readers.bitfield&(1<<_pid)))"
	line 399, "pan.___", state 544, "else"
	line 399, "pan.___", state 547, "(1)"
	line 399, "pan.___", state 548, "(1)"
	line 399, "pan.___", state 548, "(1)"
	line 397, "pan.___", state 553, "((i<1))"
	line 397, "pan.___", state 553, "((i>=1))"
	line 404, "pan.___", state 559, "cache_dirty_rcu_ptr.bitfield = (cache_dirty_rcu_ptr.bitfield&~((1<<_pid)))"
	line 404, "pan.___", state 561, "(1)"
	line 404, "pan.___", state 562, "((cache_dirty_rcu_ptr.bitfield&(1<<_pid)))"
	line 404, "pan.___", state 562, "else"
	line 404, "pan.___", state 565, "(1)"
	line 404, "pan.___", state 566, "(1)"
	line 404, "pan.___", state 566, "(1)"
	line 408, "pan.___", state 573, "cache_dirty_rcu_data[i].bitfield = (cache_dirty_rcu_data[i].bitfield&~((1<<_pid)))"
	line 408, "pan.___", state 575, "(1)"
	line 408, "pan.___", state 576, "((cache_dirty_rcu_data[i].bitfield&(1<<_pid)))"
	line 408, "pan.___", state 576, "else"
	line 408, "pan.___", state 579, "(1)"
	line 408, "pan.___", state 580, "(1)"
	line 408, "pan.___", state 580, "(1)"
	line 406, "pan.___", state 585, "((i<2))"
	line 406, "pan.___", state 585, "((i>=2))"
	line 412, "pan.___", state 592, "(1)"
	line 412, "pan.___", state 593, "(!((cache_dirty_urcu_gp_ctr.bitfield&(1<<_pid))))"
	line 412, "pan.___", state 593, "else"
	line 412, "pan.___", state 596, "(1)"
	line 412, "pan.___", state 597, "(1)"
	line 412, "pan.___", state 597, "(1)"
	line 416, "pan.___", state 605, "(1)"
	line 416, "pan.___", state 606, "(!((cache_dirty_urcu_active_readers.bitfield&(1<<_pid))))"
	line 416, "pan.___", state 606, "else"
	line 416, "pan.___", state 609, "(1)"
	line 416, "pan.___", state 610, "(1)"
	line 416, "pan.___", state 610, "(1)"
	line 414, "pan.___", state 615, "((i<1))"
	line 414, "pan.___", state 615, "((i>=1))"
	line 421, "pan.___", state 622, "(1)"
	line 421, "pan.___", state 623, "(!((cache_dirty_rcu_ptr.bitfield&(1<<_pid))))"
	line 421, "pan.___", state 623, "else"
	line 421, "pan.___", state 626, "(1)"
	line 421, "pan.___", state 627, "(1)"
	line 421, "pan.___", state 627, "(1)"
	line 425, "pan.___", state 635, "(1)"
	line 425, "pan.___", state 636, "(!((cache_dirty_rcu_data[i].bitfield&(1<<_pid))))"
	line 425, "pan.___", state 636, "else"
	line 425, "pan.___", state 639, "(1)"
	line 425, "pan.___", state 640, "(1)"
	line 425, "pan.___", state 640, "(1)"
	line 423, "pan.___", state 645, "((i<2))"
	line 423, "pan.___", state 645, "((i>=2))"
	line 430, "pan.___", state 649, "(1)"
	line 430, "pan.___", state 649, "(1)"
	line 670, "pan.___", state 652, "cached_urcu_active_readers.val[_pid] = (tmp+1)"
	line 670, "pan.___", state 653, "_proc_urcu_reader = (_proc_urcu_reader|(1<<5))"
	line 670, "pan.___", state 654, "(1)"
	line 395, "pan.___", state 661, "cache_dirty_urcu_gp_ctr.bitfield = (cache_dirty_urcu_gp_ctr.bitfield&~((1<<_pid)))"
	line 404, "pan.___", state 693, "cache_dirty_rcu_ptr.bitfield = (cache_dirty_rcu_ptr.bitfield&~((1<<_pid)))"
	line 408, "pan.___", state 707, "cache_dirty_rcu_data[i].bitfield = (cache_dirty_rcu_data[i].bitfield&~((1<<_pid)))"
	line 412, "pan.___", state 726, "(1)"
	line 421, "pan.___", state 756, "(1)"
	line 425, "pan.___", state 769, "(1)"
	line 395, "pan.___", state 797, "cache_dirty_urcu_gp_ctr.bitfield = (cache_dirty_urcu_gp_ctr.bitfield&~((1<<_pid)))"
	line 395, "pan.___", state 799, "(1)"
	line 395, "pan.___", state 800, "((cache_dirty_urcu_gp_ctr.bitfield&(1<<_pid)))"
	line 395, "pan.___", state 800, "else"
	line 395, "pan.___", state 803, "(1)"
	line 399, "pan.___", state 811, "cache_dirty_urcu_active_readers.bitfield = (cache_dirty_urcu_active_readers.bitfield&~((1<<_pid)))"
	line 399, "pan.___", state 813, "(1)"
	line 399, "pan.___", state 814, "((cache_dirty_urcu_active_readers.bitfield&(1<<_pid)))"
	line 399, "pan.___", state 814, "else"
	line 399, "pan.___", state 817, "(1)"
	line 399, "pan.___", state 818, "(1)"
	line 399, "pan.___", state 818, "(1)"
	line 397, "pan.___", state 823, "((i<1))"
	line 397, "pan.___", state 823, "((i>=1))"
	line 404, "pan.___", state 829, "cache_dirty_rcu_ptr.bitfield = (cache_dirty_rcu_ptr.bitfield&~((1<<_pid)))"
	line 404, "pan.___", state 831, "(1)"
	line 404, "pan.___", state 832, "((cache_dirty_rcu_ptr.bitfield&(1<<_pid)))"
	line 404, "pan.___", state 832, "else"
	line 404, "pan.___", state 835, "(1)"
	line 404, "pan.___", state 836, "(1)"
	line 404, "pan.___", state 836, "(1)"
	line 408, "pan.___", state 843, "cache_dirty_rcu_data[i].bitfield = (cache_dirty_rcu_data[i].bitfield&~((1<<_pid)))"
	line 408, "pan.___", state 845, "(1)"
	line 408, "pan.___", state 846, "((cache_dirty_rcu_data[i].bitfield&(1<<_pid)))"
	line 408, "pan.___", state 846, "else"
	line 408, "pan.___", state 849, "(1)"
	line 408, "pan.___", state 850, "(1)"
	line 408, "pan.___", state 850, "(1)"
	line 406, "pan.___", state 855, "((i<2))"
	line 406, "pan.___", state 855, "((i>=2))"
	line 412, "pan.___", state 862, "(1)"
	line 412, "pan.___", state 863, "(!((cache_dirty_urcu_gp_ctr.bitfield&(1<<_pid))))"
	line 412, "pan.___", state 863, "else"
	line 412, "pan.___", state 866, "(1)"
	line 412, "pan.___", state 867, "(1)"
	line 412, "pan.___", state 867, "(1)"
	line 416, "pan.___", state 875, "(1)"
	line 416, "pan.___", state 876, "(!((cache_dirty_urcu_active_readers.bitfield&(1<<_pid))))"
	line 416, "pan.___", state 876, "else"
	line 416, "pan.___", state 879, "(1)"
	line 416, "pan.___", state 880, "(1)"
	line 416, "pan.___", state 880, "(1)"
	line 414, "pan.___", state 885, "((i<1))"
	line 414, "pan.___", state 885, "((i>=1))"
	line 421, "pan.___", state 892, "(1)"
	line 421, "pan.___", state 893, "(!((cache_dirty_rcu_ptr.bitfield&(1<<_pid))))"
	line 421, "pan.___", state 893, "else"
	line 421, "pan.___", state 896, "(1)"
	line 421, "pan.___", state 897, "(1)"
	line 421, "pan.___", state 897, "(1)"
	line 425, "pan.___", state 905, "(1)"
	line 425, "pan.___", state 906, "(!((cache_dirty_rcu_data[i].bitfield&(1<<_pid))))"
	line 425, "pan.___", state 906, "else"
	line 425, "pan.___", state 909, "(1)"
	line 425, "pan.___", state 910, "(1)"
	line 425, "pan.___", state 910, "(1)"
	line 430, "pan.___", state 919, "(1)"
	line 430, "pan.___", state 919, "(1)"
	line 395, "pan.___", state 926, "cache_dirty_urcu_gp_ctr.bitfield = (cache_dirty_urcu_gp_ctr.bitfield&~((1<<_pid)))"
	line 395, "pan.___", state 928, "(1)"
	line 395, "pan.___", state 929, "((cache_dirty_urcu_gp_ctr.bitfield&(1<<_pid)))"
	line 395, "pan.___", state 929, "else"
	line 395, "pan.___", state 932, "(1)"
	line 399, "pan.___", state 940, "cache_dirty_urcu_active_readers.bitfield = (cache_dirty_urcu_active_readers.bitfield&~((1<<_pid)))"
	line 399, "pan.___", state 942, "(1)"
	line 399, "pan.___", state 943, "((cache_dirty_urcu_active_readers.bitfield&(1<<_pid)))"
	line 399, "pan.___", state 943, "else"
	line 399, "pan.___", state 946, "(1)"
	line 399, "pan.___", state 947, "(1)"
	line 399, "pan.___", state 947, "(1)"
	line 397, "pan.___", state 952, "((i<1))"
	line 397, "pan.___", state 952, "((i>=1))"
	line 404, "pan.___", state 958, "cache_dirty_rcu_ptr.bitfield = (cache_dirty_rcu_ptr.bitfield&~((1<<_pid)))"
	line 404, "pan.___", state 960, "(1)"
	line 404, "pan.___", state 961, "((cache_dirty_rcu_ptr.bitfield&(1<<_pid)))"
	line 404, "pan.___", state 961, "else"
	line 404, "pan.___", state 964, "(1)"
	line 404, "pan.___", state 965, "(1)"
	line 404, "pan.___", state 965, "(1)"
	line 408, "pan.___", state 972, "cache_dirty_rcu_data[i].bitfield = (cache_dirty_rcu_data[i].bitfield&~((1<<_pid)))"
	line 408, "pan.___", state 974, "(1)"
	line 408, "pan.___", state 975, "((cache_dirty_rcu_data[i].bitfield&(1<<_pid)))"
	line 408, "pan.___", state 975, "else"
	line 408, "pan.___", state 978, "(1)"
	line 408, "pan.___", state 979, "(1)"
	line 408, "pan.___", state 979, "(1)"
	line 406, "pan.___", state 984, "((i<2))"
	line 406, "pan.___", state 984, "((i>=2))"
	line 412, "pan.___", state 991, "(1)"
	line 412, "pan.___", state 992, "(!((cache_dirty_urcu_gp_ctr.bitfield&(1<<_pid))))"
	line 412, "pan.___", state 992, "else"
	line 412, "pan.___", state 995, "(1)"
	line 412, "pan.___", state 996, "(1)"
	line 412, "pan.___", state 996, "(1)"
	line 416, "pan.___", state 1004, "(1)"
	line 416, "pan.___", state 1005, "(!((cache_dirty_urcu_active_readers.bitfield&(1<<_pid))))"
	line 416, "pan.___", state 1005, "else"
	line 416, "pan.___", state 1008, "(1)"
	line 416, "pan.___", state 1009, "(1)"
	line 416, "pan.___", state 1009, "(1)"
	line 414, "pan.___", state 1014, "((i<1))"
	line 414, "pan.___", state 1014, "((i>=1))"
	line 421, "pan.___", state 1021, "(1)"
	line 421, "pan.___", state 1022, "(!((cache_dirty_rcu_ptr.bitfield&(1<<_pid))))"
	line 421, "pan.___", state 1022, "else"
	line 421, "pan.___", state 1025, "(1)"
	line 421, "pan.___", state 1026, "(1)"
	line 421, "pan.___", state 1026, "(1)"
	line 425, "pan.___", state 1034, "(1)"
	line 425, "pan.___", state 1035, "(!((cache_dirty_rcu_data[i].bitfield&(1<<_pid))))"
	line 425, "pan.___", state 1035, "else"
	line 425, "pan.___", state 1038, "(1)"
	line 425, "pan.___", state 1039, "(1)"
	line 425, "pan.___", state 1039, "(1)"
	line 423, "pan.___", state 1044, "((i<2))"
	line 423, "pan.___", state 1044, "((i>=2))"
	line 430, "pan.___", state 1048, "(1)"
	line 430, "pan.___", state 1048, "(1)"
	line 678, "pan.___", state 1052, "_proc_urcu_reader = (_proc_urcu_reader|(1<<11))"
	line 395, "pan.___", state 1057, "cache_dirty_urcu_gp_ctr.bitfield = (cache_dirty_urcu_gp_ctr.bitfield&~((1<<_pid)))"
	line 404, "pan.___", state 1089, "cache_dirty_rcu_ptr.bitfield = (cache_dirty_rcu_ptr.bitfield&~((1<<_pid)))"
	line 408, "pan.___", state 1103, "cache_dirty_rcu_data[i].bitfield = (cache_dirty_rcu_data[i].bitfield&~((1<<_pid)))"
	line 412, "pan.___", state 1122, "(1)"
	line 421, "pan.___", state 1152, "(1)"
	line 425, "pan.___", state 1165, "(1)"
	line 395, "pan.___", state 1189, "cache_dirty_urcu_gp_ctr.bitfield = (cache_dirty_urcu_gp_ctr.bitfield&~((1<<_pid)))"
	line 404, "pan.___", state 1221, "cache_dirty_rcu_ptr.bitfield = (cache_dirty_rcu_ptr.bitfield&~((1<<_pid)))"
	line 408, "pan.___", state 1235, "cache_dirty_rcu_data[i].bitfield = (cache_dirty_rcu_data[i].bitfield&~((1<<_pid)))"
	line 412, "pan.___", state 1254, "(1)"
	line 421, "pan.___", state 1284, "(1)"
	line 425, "pan.___", state 1297, "(1)"
	line 395, "pan.___", state 1322, "cache_dirty_urcu_gp_ctr.bitfield = (cache_dirty_urcu_gp_ctr.bitfield&~((1<<_pid)))"
	line 404, "pan.___", state 1354, "cache_dirty_rcu_ptr.bitfield = (cache_dirty_rcu_ptr.bitfield&~((1<<_pid)))"
	line 408, "pan.___", state 1368, "cache_dirty_rcu_data[i].bitfield = (cache_dirty_rcu_data[i].bitfield&~((1<<_pid)))"
	line 412, "pan.___", state 1387, "(1)"
	line 421, "pan.___", state 1417, "(1)"
	line 425, "pan.___", state 1430, "(1)"
	line 395, "pan.___", state 1451, "cache_dirty_urcu_gp_ctr.bitfield = (cache_dirty_urcu_gp_ctr.bitfield&~((1<<_pid)))"
	line 404, "pan.___", state 1483, "cache_dirty_rcu_ptr.bitfield = (cache_dirty_rcu_ptr.bitfield&~((1<<_pid)))"
	line 408, "pan.___", state 1497, "cache_dirty_rcu_data[i].bitfield = (cache_dirty_rcu_data[i].bitfield&~((1<<_pid)))"
	line 412, "pan.___", state 1516, "(1)"
	line 421, "pan.___", state 1546, "(1)"
	line 425, "pan.___", state 1559, "(1)"
	line 395, "pan.___", state 1585, "cache_dirty_urcu_gp_ctr.bitfield = (cache_dirty_urcu_gp_ctr.bitfield&~((1<<_pid)))"
	line 404, "pan.___", state 1617, "cache_dirty_rcu_ptr.bitfield = (cache_dirty_rcu_ptr.bitfield&~((1<<_pid)))"
	line 408, "pan.___", state 1631, "cache_dirty_rcu_data[i].bitfield = (cache_dirty_rcu_data[i].bitfield&~((1<<_pid)))"
	line 412, "pan.___", state 1650, "(1)"
	line 421, "pan.___", state 1680, "(1)"
	line 425, "pan.___", state 1693, "(1)"
	line 395, "pan.___", state 1714, "cache_dirty_urcu_gp_ctr.bitfield = (cache_dirty_urcu_gp_ctr.bitfield&~((1<<_pid)))"
	line 404, "pan.___", state 1746, "cache_dirty_rcu_ptr.bitfield = (cache_dirty_rcu_ptr.bitfield&~((1<<_pid)))"
	line 408, "pan.___", state 1760, "cache_dirty_rcu_data[i].bitfield = (cache_dirty_rcu_data[i].bitfield&~((1<<_pid)))"
	line 412, "pan.___", state 1779, "(1)"
	line 421, "pan.___", state 1809, "(1)"
	line 425, "pan.___", state 1822, "(1)"
	line 395, "pan.___", state 1846, "cache_dirty_urcu_gp_ctr.bitfield = (cache_dirty_urcu_gp_ctr.bitfield&~((1<<_pid)))"
	line 404, "pan.___", state 1878, "cache_dirty_rcu_ptr.bitfield = (cache_dirty_rcu_ptr.bitfield&~((1<<_pid)))"
	line 408, "pan.___", state 1892, "cache_dirty_rcu_data[i].bitfield = (cache_dirty_rcu_data[i].bitfield&~((1<<_pid)))"
	line 412, "pan.___", state 1911, "(1)"
	line 421, "pan.___", state 1941, "(1)"
	line 425, "pan.___", state 1954, "(1)"
	line 717, "pan.___", state 1975, "_proc_urcu_reader = (_proc_urcu_reader|((1<<2)<<19))"
	line 395, "pan.___", state 1982, "cache_dirty_urcu_gp_ctr.bitfield = (cache_dirty_urcu_gp_ctr.bitfield&~((1<<_pid)))"
	line 404, "pan.___", state 2014, "cache_dirty_rcu_ptr.bitfield = (cache_dirty_rcu_ptr.bitfield&~((1<<_pid)))"
	line 408, "pan.___", state 2028, "cache_dirty_rcu_data[i].bitfield = (cache_dirty_rcu_data[i].bitfield&~((1<<_pid)))"
	line 412, "pan.___", state 2047, "(1)"
	line 421, "pan.___", state 2077, "(1)"
	line 425, "pan.___", state 2090, "(1)"
	line 395, "pan.___", state 2111, "cache_dirty_urcu_gp_ctr.bitfield = (cache_dirty_urcu_gp_ctr.bitfield&~((1<<_pid)))"
	line 404, "pan.___", state 2143, "cache_dirty_rcu_ptr.bitfield = (cache_dirty_rcu_ptr.bitfield&~((1<<_pid)))"
	line 408, "pan.___", state 2157, "cache_dirty_rcu_data[i].bitfield = (cache_dirty_rcu_data[i].bitfield&~((1<<_pid)))"
	line 412, "pan.___", state 2176, "(1)"
	line 421, "pan.___", state 2206, "(1)"
	line 425, "pan.___", state 2219, "(1)"
	line 395, "pan.___", state 2242, "cache_dirty_urcu_gp_ctr.bitfield = (cache_dirty_urcu_gp_ctr.bitfield&~((1<<_pid)))"
	line 395, "pan.___", state 2244, "(1)"
	line 395, "pan.___", state 2245, "((cache_dirty_urcu_gp_ctr.bitfield&(1<<_pid)))"
	line 395, "pan.___", state 2245, "else"
	line 395, "pan.___", state 2248, "(1)"
	line 399, "pan.___", state 2256, "cache_dirty_urcu_active_readers.bitfield = (cache_dirty_urcu_active_readers.bitfield&~((1<<_pid)))"
	line 399, "pan.___", state 2258, "(1)"
	line 399, "pan.___", state 2259, "((cache_dirty_urcu_active_readers.bitfield&(1<<_pid)))"
	line 399, "pan.___", state 2259, "else"
	line 399, "pan.___", state 2262, "(1)"
	line 399, "pan.___", state 2263, "(1)"
	line 399, "pan.___", state 2263, "(1)"
	line 397, "pan.___", state 2268, "((i<1))"
	line 397, "pan.___", state 2268, "((i>=1))"
	line 404, "pan.___", state 2274, "cache_dirty_rcu_ptr.bitfield = (cache_dirty_rcu_ptr.bitfield&~((1<<_pid)))"
	line 404, "pan.___", state 2276, "(1)"
	line 404, "pan.___", state 2277, "((cache_dirty_rcu_ptr.bitfield&(1<<_pid)))"
	line 404, "pan.___", state 2277, "else"
	line 404, "pan.___", state 2280, "(1)"
	line 404, "pan.___", state 2281, "(1)"
	line 404, "pan.___", state 2281, "(1)"
	line 408, "pan.___", state 2288, "cache_dirty_rcu_data[i].bitfield = (cache_dirty_rcu_data[i].bitfield&~((1<<_pid)))"
	line 408, "pan.___", state 2290, "(1)"
	line 408, "pan.___", state 2291, "((cache_dirty_rcu_data[i].bitfield&(1<<_pid)))"
	line 408, "pan.___", state 2291, "else"
	line 408, "pan.___", state 2294, "(1)"
	line 408, "pan.___", state 2295, "(1)"
	line 408, "pan.___", state 2295, "(1)"
	line 406, "pan.___", state 2300, "((i<2))"
	line 406, "pan.___", state 2300, "((i>=2))"
	line 412, "pan.___", state 2307, "(1)"
	line 412, "pan.___", state 2308, "(!((cache_dirty_urcu_gp_ctr.bitfield&(1<<_pid))))"
	line 412, "pan.___", state 2308, "else"
	line 412, "pan.___", state 2311, "(1)"
	line 412, "pan.___", state 2312, "(1)"
	line 412, "pan.___", state 2312, "(1)"
	line 416, "pan.___", state 2320, "(1)"
	line 416, "pan.___", state 2321, "(!((cache_dirty_urcu_active_readers.bitfield&(1<<_pid))))"
	line 416, "pan.___", state 2321, "else"
	line 416, "pan.___", state 2324, "(1)"
	line 416, "pan.___", state 2325, "(1)"
	line 416, "pan.___", state 2325, "(1)"
	line 414, "pan.___", state 2330, "((i<1))"
	line 414, "pan.___", state 2330, "((i>=1))"
	line 421, "pan.___", state 2337, "(1)"
	line 421, "pan.___", state 2338, "(!((cache_dirty_rcu_ptr.bitfield&(1<<_pid))))"
	line 421, "pan.___", state 2338, "else"
	line 421, "pan.___", state 2341, "(1)"
	line 421, "pan.___", state 2342, "(1)"
	line 421, "pan.___", state 2342, "(1)"
	line 425, "pan.___", state 2350, "(1)"
	line 425, "pan.___", state 2351, "(!((cache_dirty_rcu_data[i].bitfield&(1<<_pid))))"
	line 425, "pan.___", state 2351, "else"
	line 425, "pan.___", state 2354, "(1)"
	line 425, "pan.___", state 2355, "(1)"
	line 425, "pan.___", state 2355, "(1)"
	line 423, "pan.___", state 2360, "((i<2))"
	line 423, "pan.___", state 2360, "((i>=2))"
	line 430, "pan.___", state 2364, "(1)"
	line 430, "pan.___", state 2364, "(1)"
	line 717, "pan.___", state 2367, "cached_urcu_active_readers.val[_pid] = (tmp+1)"
	line 717, "pan.___", state 2368, "_proc_urcu_reader = (_proc_urcu_reader|(1<<23))"
	line 717, "pan.___", state 2369, "(1)"
	line 395, "pan.___", state 2376, "cache_dirty_urcu_gp_ctr.bitfield = (cache_dirty_urcu_gp_ctr.bitfield&~((1<<_pid)))"
	line 404, "pan.___", state 2408, "cache_dirty_rcu_ptr.bitfield = (cache_dirty_rcu_ptr.bitfield&~((1<<_pid)))"
	line 408, "pan.___", state 2422, "cache_dirty_rcu_data[i].bitfield = (cache_dirty_rcu_data[i].bitfield&~((1<<_pid)))"
	line 412, "pan.___", state 2441, "(1)"
	line 421, "pan.___", state 2471, "(1)"
	line 425, "pan.___", state 2484, "(1)"
	line 395, "pan.___", state 2511, "cache_dirty_urcu_gp_ctr.bitfield = (cache_dirty_urcu_gp_ctr.bitfield&~((1<<_pid)))"
	line 404, "pan.___", state 2543, "cache_dirty_rcu_ptr.bitfield = (cache_dirty_rcu_ptr.bitfield&~((1<<_pid)))"
	line 408, "pan.___", state 2557, "cache_dirty_rcu_data[i].bitfield = (cache_dirty_rcu_data[i].bitfield&~((1<<_pid)))"
	line 412, "pan.___", state 2576, "(1)"
	line 421, "pan.___", state 2606, "(1)"
	line 425, "pan.___", state 2619, "(1)"
	line 395, "pan.___", state 2640, "cache_dirty_urcu_gp_ctr.bitfield = (cache_dirty_urcu_gp_ctr.bitfield&~((1<<_pid)))"
	line 404, "pan.___", state 2672, "cache_dirty_rcu_ptr.bitfield = (cache_dirty_rcu_ptr.bitfield&~((1<<_pid)))"
	line 408, "pan.___", state 2686, "cache_dirty_rcu_data[i].bitfield = (cache_dirty_rcu_data[i].bitfield&~((1<<_pid)))"
	line 412, "pan.___", state 2705, "(1)"
	line 421, "pan.___", state 2735, "(1)"
	line 425, "pan.___", state 2748, "(1)"
	line 227, "pan.___", state 2781, "(1)"
	line 235, "pan.___", state 2801, "(1)"
	line 239, "pan.___", state 2809, "(1)"
	line 227, "pan.___", state 2824, "(1)"
	line 235, "pan.___", state 2844, "(1)"
	line 239, "pan.___", state 2852, "(1)"
	line 877, "pan.___", state 2869, "-end-"
	(278 of 2869 states)
unreached in proctype urcu_writer
	line 395, "pan.___", state 18, "cache_dirty_urcu_gp_ctr.bitfield = (cache_dirty_urcu_gp_ctr.bitfield&~((1<<_pid)))"
	line 399, "pan.___", state 32, "cache_dirty_urcu_active_readers.bitfield = (cache_dirty_urcu_active_readers.bitfield&~((1<<_pid)))"
	line 404, "pan.___", state 50, "cache_dirty_rcu_ptr.bitfield = (cache_dirty_rcu_ptr.bitfield&~((1<<_pid)))"
	line 412, "pan.___", state 83, "(1)"
	line 416, "pan.___", state 96, "(1)"
	line 421, "pan.___", state 113, "(1)"
	line 250, "pan.___", state 149, "cache_dirty_urcu_gp_ctr.bitfield = (cache_dirty_urcu_gp_ctr.bitfield&~((1<<_pid)))"
	line 254, "pan.___", state 158, "cache_dirty_urcu_active_readers.bitfield = (cache_dirty_urcu_active_readers.bitfield&~((1<<_pid)))"
	line 258, "pan.___", state 171, "cache_dirty_rcu_ptr.bitfield = (cache_dirty_rcu_ptr.bitfield&~((1<<_pid)))"
	line 395, "pan.___", state 211, "cache_dirty_urcu_gp_ctr.bitfield = (cache_dirty_urcu_gp_ctr.bitfield&~((1<<_pid)))"
	line 399, "pan.___", state 225, "cache_dirty_urcu_active_readers.bitfield = (cache_dirty_urcu_active_readers.bitfield&~((1<<_pid)))"
	line 404, "pan.___", state 243, "cache_dirty_rcu_ptr.bitfield = (cache_dirty_rcu_ptr.bitfield&~((1<<_pid)))"
	line 408, "pan.___", state 257, "cache_dirty_rcu_data[i].bitfield = (cache_dirty_rcu_data[i].bitfield&~((1<<_pid)))"
	line 412, "pan.___", state 276, "(1)"
	line 416, "pan.___", state 289, "(1)"
	line 421, "pan.___", state 306, "(1)"
	line 425, "pan.___", state 319, "(1)"
	line 399, "pan.___", state 356, "cache_dirty_urcu_active_readers.bitfield = (cache_dirty_urcu_active_readers.bitfield&~((1<<_pid)))"
	line 404, "pan.___", state 374, "cache_dirty_rcu_ptr.bitfield = (cache_dirty_rcu_ptr.bitfield&~((1<<_pid)))"
	line 408, "pan.___", state 388, "cache_dirty_rcu_data[i].bitfield = (cache_dirty_rcu_data[i].bitfield&~((1<<_pid)))"
	line 416, "pan.___", state 420, "(1)"
	line 421, "pan.___", state 437, "(1)"
	line 425, "pan.___", state 450, "(1)"
	line 399, "pan.___", state 494, "cache_dirty_urcu_active_readers.bitfield = (cache_dirty_urcu_active_readers.bitfield&~((1<<_pid)))"
	line 404, "pan.___", state 512, "cache_dirty_rcu_ptr.bitfield = (cache_dirty_rcu_ptr.bitfield&~((1<<_pid)))"
	line 408, "pan.___", state 526, "cache_dirty_rcu_data[i].bitfield = (cache_dirty_rcu_data[i].bitfield&~((1<<_pid)))"
	line 416, "pan.___", state 558, "(1)"
	line 421, "pan.___", state 575, "(1)"
	line 425, "pan.___", state 588, "(1)"
	line 399, "pan.___", state 623, "cache_dirty_urcu_active_readers.bitfield = (cache_dirty_urcu_active_readers.bitfield&~((1<<_pid)))"
	line 404, "pan.___", state 641, "cache_dirty_rcu_ptr.bitfield = (cache_dirty_rcu_ptr.bitfield&~((1<<_pid)))"
	line 408, "pan.___", state 655, "cache_dirty_rcu_data[i].bitfield = (cache_dirty_rcu_data[i].bitfield&~((1<<_pid)))"
	line 416, "pan.___", state 687, "(1)"
	line 421, "pan.___", state 704, "(1)"
	line 425, "pan.___", state 717, "(1)"
	line 399, "pan.___", state 754, "cache_dirty_urcu_active_readers.bitfield = (cache_dirty_urcu_active_readers.bitfield&~((1<<_pid)))"
	line 404, "pan.___", state 772, "cache_dirty_rcu_ptr.bitfield = (cache_dirty_rcu_ptr.bitfield&~((1<<_pid)))"
	line 408, "pan.___", state 786, "cache_dirty_rcu_data[i].bitfield = (cache_dirty_rcu_data[i].bitfield&~((1<<_pid)))"
	line 416, "pan.___", state 818, "(1)"
	line 421, "pan.___", state 835, "(1)"
	line 425, "pan.___", state 848, "(1)"
	line 250, "pan.___", state 898, "cache_dirty_urcu_gp_ctr.bitfield = (cache_dirty_urcu_gp_ctr.bitfield&~((1<<_pid)))"
	line 254, "pan.___", state 907, "cache_dirty_urcu_active_readers.bitfield = (cache_dirty_urcu_active_readers.bitfield&~((1<<_pid)))"
	line 258, "pan.___", state 920, "cache_dirty_rcu_ptr.bitfield = (cache_dirty_rcu_ptr.bitfield&~((1<<_pid)))"
	line 227, "pan.___", state 945, "(1)"
	line 231, "pan.___", state 953, "(1)"
	line 235, "pan.___", state 965, "(1)"
	line 239, "pan.___", state 973, "(1)"
	line 250, "pan.___", state 1004, "cache_dirty_urcu_gp_ctr.bitfield = (cache_dirty_urcu_gp_ctr.bitfield&~((1<<_pid)))"
	line 254, "pan.___", state 1013, "cache_dirty_urcu_active_readers.bitfield = (cache_dirty_urcu_active_readers.bitfield&~((1<<_pid)))"
	line 258, "pan.___", state 1026, "cache_dirty_rcu_ptr.bitfield = (cache_dirty_rcu_ptr.bitfield&~((1<<_pid)))"
	line 262, "pan.___", state 1035, "cache_dirty_rcu_data[i].bitfield = (cache_dirty_rcu_data[i].bitfield&~((1<<_pid)))"
	line 227, "pan.___", state 1051, "(1)"
	line 231, "pan.___", state 1059, "(1)"
	line 235, "pan.___", state 1071, "(1)"
	line 239, "pan.___", state 1079, "(1)"
	line 250, "pan.___", state 1100, "cache_dirty_urcu_gp_ctr.bitfield = (cache_dirty_urcu_gp_ctr.bitfield&~((1<<_pid)))"
	line 254, "pan.___", state 1109, "cache_dirty_urcu_active_readers.bitfield = (cache_dirty_urcu_active_readers.bitfield&~((1<<_pid)))"
	line 258, "pan.___", state 1124, "(1)"
	line 262, "pan.___", state 1131, "cache_dirty_rcu_data[i].bitfield = (cache_dirty_rcu_data[i].bitfield&~((1<<_pid)))"
	line 227, "pan.___", state 1147, "(1)"
	line 231, "pan.___", state 1155, "(1)"
	line 235, "pan.___", state 1167, "(1)"
	line 239, "pan.___", state 1175, "(1)"
	line 250, "pan.___", state 1206, "cache_dirty_urcu_gp_ctr.bitfield = (cache_dirty_urcu_gp_ctr.bitfield&~((1<<_pid)))"
	line 254, "pan.___", state 1215, "cache_dirty_urcu_active_readers.bitfield = (cache_dirty_urcu_active_readers.bitfield&~((1<<_pid)))"
	line 258, "pan.___", state 1228, "cache_dirty_rcu_ptr.bitfield = (cache_dirty_rcu_ptr.bitfield&~((1<<_pid)))"
	line 262, "pan.___", state 1237, "cache_dirty_rcu_data[i].bitfield = (cache_dirty_rcu_data[i].bitfield&~((1<<_pid)))"
	line 227, "pan.___", state 1253, "(1)"
	line 231, "pan.___", state 1261, "(1)"
	line 235, "pan.___", state 1273, "(1)"
	line 239, "pan.___", state 1281, "(1)"
	line 254, "pan.___", state 1307, "cache_dirty_urcu_active_readers.bitfield = (cache_dirty_urcu_active_readers.bitfield&~((1<<_pid)))"
	line 258, "pan.___", state 1320, "cache_dirty_rcu_ptr.bitfield = (cache_dirty_rcu_ptr.bitfield&~((1<<_pid)))"
	line 262, "pan.___", state 1329, "cache_dirty_rcu_data[i].bitfield = (cache_dirty_rcu_data[i].bitfield&~((1<<_pid)))"
	line 227, "pan.___", state 1345, "(1)"
	line 231, "pan.___", state 1353, "(1)"
	line 235, "pan.___", state 1365, "(1)"
	line 239, "pan.___", state 1373, "(1)"
	line 250, "pan.___", state 1404, "cache_dirty_urcu_gp_ctr.bitfield = (cache_dirty_urcu_gp_ctr.bitfield&~((1<<_pid)))"
	line 254, "pan.___", state 1413, "cache_dirty_urcu_active_readers.bitfield = (cache_dirty_urcu_active_readers.bitfield&~((1<<_pid)))"
	line 258, "pan.___", state 1426, "cache_dirty_rcu_ptr.bitfield = (cache_dirty_rcu_ptr.bitfield&~((1<<_pid)))"
	line 262, "pan.___", state 1435, "cache_dirty_rcu_data[i].bitfield = (cache_dirty_rcu_data[i].bitfield&~((1<<_pid)))"
	line 227, "pan.___", state 1451, "(1)"
	line 231, "pan.___", state 1459, "(1)"
	line 235, "pan.___", state 1471, "(1)"
	line 239, "pan.___", state 1479, "(1)"
	line 254, "pan.___", state 1505, "cache_dirty_urcu_active_readers.bitfield = (cache_dirty_urcu_active_readers.bitfield&~((1<<_pid)))"
	line 258, "pan.___", state 1518, "cache_dirty_rcu_ptr.bitfield = (cache_dirty_rcu_ptr.bitfield&~((1<<_pid)))"
	line 262, "pan.___", state 1527, "cache_dirty_rcu_data[i].bitfield = (cache_dirty_rcu_data[i].bitfield&~((1<<_pid)))"
	line 227, "pan.___", state 1543, "(1)"
	line 231, "pan.___", state 1551, "(1)"
	line 235, "pan.___", state 1563, "(1)"
	line 239, "pan.___", state 1571, "(1)"
	line 250, "pan.___", state 1602, "cache_dirty_urcu_gp_ctr.bitfield = (cache_dirty_urcu_gp_ctr.bitfield&~((1<<_pid)))"
	line 254, "pan.___", state 1611, "cache_dirty_urcu_active_readers.bitfield = (cache_dirty_urcu_active_readers.bitfield&~((1<<_pid)))"
	line 258, "pan.___", state 1624, "cache_dirty_rcu_ptr.bitfield = (cache_dirty_rcu_ptr.bitfield&~((1<<_pid)))"
	line 262, "pan.___", state 1633, "cache_dirty_rcu_data[i].bitfield = (cache_dirty_rcu_data[i].bitfield&~((1<<_pid)))"
	line 227, "pan.___", state 1649, "(1)"
	line 231, "pan.___", state 1657, "(1)"
	line 235, "pan.___", state 1669, "(1)"
	line 239, "pan.___", state 1677, "(1)"
	line 254, "pan.___", state 1703, "cache_dirty_urcu_active_readers.bitfield = (cache_dirty_urcu_active_readers.bitfield&~((1<<_pid)))"
	line 258, "pan.___", state 1716, "cache_dirty_rcu_ptr.bitfield = (cache_dirty_rcu_ptr.bitfield&~((1<<_pid)))"
	line 262, "pan.___", state 1725, "cache_dirty_rcu_data[i].bitfield = (cache_dirty_rcu_data[i].bitfield&~((1<<_pid)))"
	line 227, "pan.___", state 1741, "(1)"
	line 231, "pan.___", state 1749, "(1)"
	line 235, "pan.___", state 1761, "(1)"
	line 239, "pan.___", state 1769, "(1)"
	line 250, "pan.___", state 1800, "cache_dirty_urcu_gp_ctr.bitfield = (cache_dirty_urcu_gp_ctr.bitfield&~((1<<_pid)))"
	line 254, "pan.___", state 1809, "cache_dirty_urcu_active_readers.bitfield = (cache_dirty_urcu_active_readers.bitfield&~((1<<_pid)))"
	line 258, "pan.___", state 1822, "cache_dirty_rcu_ptr.bitfield = (cache_dirty_rcu_ptr.bitfield&~((1<<_pid)))"
	line 262, "pan.___", state 1831, "cache_dirty_rcu_data[i].bitfield = (cache_dirty_rcu_data[i].bitfield&~((1<<_pid)))"
	line 227, "pan.___", state 1847, "(1)"
	line 231, "pan.___", state 1855, "(1)"
	line 235, "pan.___", state 1867, "(1)"
	line 239, "pan.___", state 1875, "(1)"
	line 1204, "pan.___", state 1891, "-end-"
	(118 of 1891 states)
unreached in proctype :init:
	(0 of 78 states)
unreached in proctype :never:
	line 1265, "pan.___", state 11, "-end-"
	(1 of 11 states)

pan: elapsed time 3.42e+04 seconds
pan: rate 1751.5295 states/second
pan: avg transition delay 1.3345e-06 usec
cp .input.spin urcu_progress_reader.spin.input
cp .input.spin.trail urcu_progress_reader.spin.input.trail
