rm -f pan* trail.out .input.spin* *.spin.trail .input.define
touch .input.define
cat .input.define >> pan.ltl
cat DEFINES >> pan.ltl
spin -f "!(`cat urcu_free.ltl | grep -v ^//`)" >> pan.ltl
cp urcu_free_no_mb.define .input.define
cat .input.define > .input.spin
cat DEFINES >> .input.spin
cat urcu.spin >> .input.spin
rm -f .input.spin.trail
spin -a -X -N pan.ltl .input.spin
Exit-Status 0
gcc -O2 -w -DHASH64 -o pan pan.c
./pan -a -v -c1 -X -m10000000 -w20
warning: for p.o. reduction to be valid the never claim must be stutter-invariant
(never claims generated from LTL formulae are stutter-invariant)
depth 0: Claim reached state 5 (line 1258)
Depth=   11321 States=    1e+06 Transitions= 3.42e+08 Memory=   550.432	t=    421 R=   2e+03
pan: claim violated! (at depth 1224)
pan: wrote .input.spin.trail

(Spin Version 5.1.7 -- 23 December 2008)
Warning: Search not completed
	+ Partial Order Reduction

Full statespace search for:
	never claim         	+
	assertion violations	+ (if within scope of claim)
	acceptance   cycles 	+ (fairness disabled)
	invalid end states	- (disabled by never claim)

State-vector 88 byte, depth reached 11321, errors: 1
  1661452 states, stored
5.1024872e+08 states, matched
5.1191017e+08 transitions (= stored+matched)
2.8514789e+09 atomic steps
hash conflicts: 2.0792287e+08 (resolved)

Stats on memory usage (in Megabytes):
  183.800	equivalent memory usage for states (stored*(State-vector + overhead))
  140.372	actual memory usage for states (compression: 76.37%)
         	state-vector as stored = 61 byte + 28 byte overhead
    8.000	memory used for hash table (-w20)
  457.764	memory used for DFS stack (-m10000000)
  605.998	total actual memory usage

unreached in proctype urcu_reader
	line 395, "pan.___", state 21, "cache_dirty_urcu_gp_ctr.bitfield = (cache_dirty_urcu_gp_ctr.bitfield&~((1<<_pid)))"
	line 404, "pan.___", state 53, "cache_dirty_rcu_ptr.bitfield = (cache_dirty_rcu_ptr.bitfield&~((1<<_pid)))"
	line 408, "pan.___", state 67, "cache_dirty_rcu_data[i].bitfield = (cache_dirty_rcu_data[i].bitfield&~((1<<_pid)))"
	line 412, "pan.___", state 86, "(1)"
	line 421, "pan.___", state 116, "(1)"
	line 425, "pan.___", state 129, "(1)"
	line 582, "pan.___", state 150, "_proc_urcu_reader = (_proc_urcu_reader|((1<<2)<<1))"
	line 395, "pan.___", state 157, "cache_dirty_urcu_gp_ctr.bitfield = (cache_dirty_urcu_gp_ctr.bitfield&~((1<<_pid)))"
	line 404, "pan.___", state 189, "cache_dirty_rcu_ptr.bitfield = (cache_dirty_rcu_ptr.bitfield&~((1<<_pid)))"
	line 408, "pan.___", state 203, "cache_dirty_rcu_data[i].bitfield = (cache_dirty_rcu_data[i].bitfield&~((1<<_pid)))"
	line 412, "pan.___", state 222, "(1)"
	line 421, "pan.___", state 252, "(1)"
	line 425, "pan.___", state 265, "(1)"
	line 395, "pan.___", state 286, "cache_dirty_urcu_gp_ctr.bitfield = (cache_dirty_urcu_gp_ctr.bitfield&~((1<<_pid)))"
	line 404, "pan.___", state 318, "cache_dirty_rcu_ptr.bitfield = (cache_dirty_rcu_ptr.bitfield&~((1<<_pid)))"
	line 408, "pan.___", state 332, "cache_dirty_rcu_data[i].bitfield = (cache_dirty_rcu_data[i].bitfield&~((1<<_pid)))"
	line 412, "pan.___", state 351, "(1)"
	line 421, "pan.___", state 381, "(1)"
	line 425, "pan.___", state 394, "(1)"
	line 395, "pan.___", state 417, "cache_dirty_urcu_gp_ctr.bitfield = (cache_dirty_urcu_gp_ctr.bitfield&~((1<<_pid)))"
	line 395, "pan.___", state 419, "(1)"
	line 395, "pan.___", state 420, "((cache_dirty_urcu_gp_ctr.bitfield&(1<<_pid)))"
	line 395, "pan.___", state 420, "else"
	line 395, "pan.___", state 423, "(1)"
	line 399, "pan.___", state 431, "cache_dirty_urcu_active_readers.bitfield = (cache_dirty_urcu_active_readers.bitfield&~((1<<_pid)))"
	line 399, "pan.___", state 433, "(1)"
	line 399, "pan.___", state 434, "((cache_dirty_urcu_active_readers.bitfield&(1<<_pid)))"
	line 399, "pan.___", state 434, "else"
	line 399, "pan.___", state 437, "(1)"
	line 399, "pan.___", state 438, "(1)"
	line 399, "pan.___", state 438, "(1)"
	line 397, "pan.___", state 443, "((i<1))"
	line 397, "pan.___", state 443, "((i>=1))"
	line 404, "pan.___", state 449, "cache_dirty_rcu_ptr.bitfield = (cache_dirty_rcu_ptr.bitfield&~((1<<_pid)))"
	line 404, "pan.___", state 451, "(1)"
	line 404, "pan.___", state 452, "((cache_dirty_rcu_ptr.bitfield&(1<<_pid)))"
	line 404, "pan.___", state 452, "else"
	line 404, "pan.___", state 455, "(1)"
	line 404, "pan.___", state 456, "(1)"
	line 404, "pan.___", state 456, "(1)"
	line 408, "pan.___", state 463, "cache_dirty_rcu_data[i].bitfield = (cache_dirty_rcu_data[i].bitfield&~((1<<_pid)))"
	line 408, "pan.___", state 465, "(1)"
	line 408, "pan.___", state 466, "((cache_dirty_rcu_data[i].bitfield&(1<<_pid)))"
	line 408, "pan.___", state 466, "else"
	line 408, "pan.___", state 469, "(1)"
	line 408, "pan.___", state 470, "(1)"
	line 408, "pan.___", state 470, "(1)"
	line 406, "pan.___", state 475, "((i<2))"
	line 406, "pan.___", state 475, "((i>=2))"
	line 412, "pan.___", state 482, "(1)"
	line 412, "pan.___", state 483, "(!((cache_dirty_urcu_gp_ctr.bitfield&(1<<_pid))))"
	line 412, "pan.___", state 483, "else"
	line 412, "pan.___", state 486, "(1)"
	line 412, "pan.___", state 487, "(1)"
	line 412, "pan.___", state 487, "(1)"
	line 416, "pan.___", state 495, "(1)"
	line 416, "pan.___", state 496, "(!((cache_dirty_urcu_active_readers.bitfield&(1<<_pid))))"
	line 416, "pan.___", state 496, "else"
	line 416, "pan.___", state 499, "(1)"
	line 416, "pan.___", state 500, "(1)"
	line 416, "pan.___", state 500, "(1)"
	line 414, "pan.___", state 505, "((i<1))"
	line 414, "pan.___", state 505, "((i>=1))"
	line 421, "pan.___", state 512, "(1)"
	line 421, "pan.___", state 513, "(!((cache_dirty_rcu_ptr.bitfield&(1<<_pid))))"
	line 421, "pan.___", state 513, "else"
	line 421, "pan.___", state 516, "(1)"
	line 421, "pan.___", state 517, "(1)"
	line 421, "pan.___", state 517, "(1)"
	line 425, "pan.___", state 525, "(1)"
	line 425, "pan.___", state 526, "(!((cache_dirty_rcu_data[i].bitfield&(1<<_pid))))"
	line 425, "pan.___", state 526, "else"
	line 425, "pan.___", state 529, "(1)"
	line 425, "pan.___", state 530, "(1)"
	line 425, "pan.___", state 530, "(1)"
	line 423, "pan.___", state 535, "((i<2))"
	line 423, "pan.___", state 535, "((i>=2))"
	line 430, "pan.___", state 539, "(1)"
	line 430, "pan.___", state 539, "(1)"
	line 582, "pan.___", state 542, "cached_urcu_active_readers.val[_pid] = (tmp+1)"
	line 582, "pan.___", state 543, "_proc_urcu_reader = (_proc_urcu_reader|(1<<5))"
	line 582, "pan.___", state 544, "(1)"
	line 250, "pan.___", state 548, "cache_dirty_urcu_gp_ctr.bitfield = (cache_dirty_urcu_gp_ctr.bitfield&~((1<<_pid)))"
	line 250, "pan.___", state 550, "(1)"
	line 254, "pan.___", state 557, "cache_dirty_urcu_active_readers.bitfield = (cache_dirty_urcu_active_readers.bitfield&~((1<<_pid)))"
	line 254, "pan.___", state 559, "(1)"
	line 254, "pan.___", state 560, "((cache_dirty_urcu_active_readers.bitfield&(1<<_pid)))"
	line 254, "pan.___", state 560, "else"
	line 252, "pan.___", state 565, "((i<1))"
	line 252, "pan.___", state 565, "((i>=1))"
	line 258, "pan.___", state 570, "cache_dirty_rcu_ptr.bitfield = (cache_dirty_rcu_ptr.bitfield&~((1<<_pid)))"
	line 258, "pan.___", state 572, "(1)"
	line 258, "pan.___", state 573, "((cache_dirty_rcu_ptr.bitfield&(1<<_pid)))"
	line 258, "pan.___", state 573, "else"
	line 262, "pan.___", state 579, "cache_dirty_rcu_data[i].bitfield = (cache_dirty_rcu_data[i].bitfield&~((1<<_pid)))"
	line 262, "pan.___", state 581, "(1)"
	line 262, "pan.___", state 582, "((cache_dirty_rcu_data[i].bitfield&(1<<_pid)))"
	line 262, "pan.___", state 582, "else"
	line 260, "pan.___", state 587, "((i<2))"
	line 260, "pan.___", state 587, "((i>=2))"
	line 227, "pan.___", state 595, "(1)"
	line 231, "pan.___", state 603, "(1)"
	line 231, "pan.___", state 604, "(!((cache_dirty_urcu_active_readers.bitfield&(1<<_pid))))"
	line 231, "pan.___", state 604, "else"
	line 229, "pan.___", state 609, "((i<1))"
	line 229, "pan.___", state 609, "((i>=1))"
	line 235, "pan.___", state 615, "(1)"
	line 235, "pan.___", state 616, "(!((cache_dirty_rcu_ptr.bitfield&(1<<_pid))))"
	line 235, "pan.___", state 616, "else"
	line 239, "pan.___", state 623, "(1)"
	line 239, "pan.___", state 624, "(!((cache_dirty_rcu_data[i].bitfield&(1<<_pid))))"
	line 239, "pan.___", state 624, "else"
	line 244, "pan.___", state 633, "(!((cache_dirty_urcu_gp_ctr.bitfield&(1<<_pid))))"
	line 244, "pan.___", state 633, "else"
	line 277, "pan.___", state 635, "((cache_dirty_urcu_gp_ctr.bitfield&(1<<_pid)))"
	line 277, "pan.___", state 635, "else"
	line 395, "pan.___", state 641, "cache_dirty_urcu_gp_ctr.bitfield = (cache_dirty_urcu_gp_ctr.bitfield&~((1<<_pid)))"
	line 404, "pan.___", state 673, "cache_dirty_rcu_ptr.bitfield = (cache_dirty_rcu_ptr.bitfield&~((1<<_pid)))"
	line 408, "pan.___", state 687, "cache_dirty_rcu_data[i].bitfield = (cache_dirty_rcu_data[i].bitfield&~((1<<_pid)))"
	line 412, "pan.___", state 706, "(1)"
	line 421, "pan.___", state 736, "(1)"
	line 425, "pan.___", state 749, "(1)"
	line 395, "pan.___", state 777, "cache_dirty_urcu_gp_ctr.bitfield = (cache_dirty_urcu_gp_ctr.bitfield&~((1<<_pid)))"
	line 395, "pan.___", state 779, "(1)"
	line 395, "pan.___", state 780, "((cache_dirty_urcu_gp_ctr.bitfield&(1<<_pid)))"
	line 395, "pan.___", state 780, "else"
	line 395, "pan.___", state 783, "(1)"
	line 399, "pan.___", state 791, "cache_dirty_urcu_active_readers.bitfield = (cache_dirty_urcu_active_readers.bitfield&~((1<<_pid)))"
	line 399, "pan.___", state 793, "(1)"
	line 399, "pan.___", state 794, "((cache_dirty_urcu_active_readers.bitfield&(1<<_pid)))"
	line 399, "pan.___", state 794, "else"
	line 399, "pan.___", state 797, "(1)"
	line 399, "pan.___", state 798, "(1)"
	line 399, "pan.___", state 798, "(1)"
	line 397, "pan.___", state 803, "((i<1))"
	line 397, "pan.___", state 803, "((i>=1))"
	line 404, "pan.___", state 809, "cache_dirty_rcu_ptr.bitfield = (cache_dirty_rcu_ptr.bitfield&~((1<<_pid)))"
	line 404, "pan.___", state 811, "(1)"
	line 404, "pan.___", state 812, "((cache_dirty_rcu_ptr.bitfield&(1<<_pid)))"
	line 404, "pan.___", state 812, "else"
	line 404, "pan.___", state 815, "(1)"
	line 404, "pan.___", state 816, "(1)"
	line 404, "pan.___", state 816, "(1)"
	line 408, "pan.___", state 823, "cache_dirty_rcu_data[i].bitfield = (cache_dirty_rcu_data[i].bitfield&~((1<<_pid)))"
	line 408, "pan.___", state 825, "(1)"
	line 408, "pan.___", state 826, "((cache_dirty_rcu_data[i].bitfield&(1<<_pid)))"
	line 408, "pan.___", state 826, "else"
	line 408, "pan.___", state 829, "(1)"
	line 408, "pan.___", state 830, "(1)"
	line 408, "pan.___", state 830, "(1)"
	line 406, "pan.___", state 835, "((i<2))"
	line 406, "pan.___", state 835, "((i>=2))"
	line 412, "pan.___", state 842, "(1)"
	line 412, "pan.___", state 843, "(!((cache_dirty_urcu_gp_ctr.bitfield&(1<<_pid))))"
	line 412, "pan.___", state 843, "else"
	line 412, "pan.___", state 846, "(1)"
	line 412, "pan.___", state 847, "(1)"
	line 412, "pan.___", state 847, "(1)"
	line 416, "pan.___", state 855, "(1)"
	line 416, "pan.___", state 856, "(!((cache_dirty_urcu_active_readers.bitfield&(1<<_pid))))"
	line 416, "pan.___", state 856, "else"
	line 416, "pan.___", state 859, "(1)"
	line 416, "pan.___", state 860, "(1)"
	line 416, "pan.___", state 860, "(1)"
	line 414, "pan.___", state 865, "((i<1))"
	line 414, "pan.___", state 865, "((i>=1))"
	line 421, "pan.___", state 872, "(1)"
	line 421, "pan.___", state 873, "(!((cache_dirty_rcu_ptr.bitfield&(1<<_pid))))"
	line 421, "pan.___", state 873, "else"
	line 421, "pan.___", state 876, "(1)"
	line 421, "pan.___", state 877, "(1)"
	line 421, "pan.___", state 877, "(1)"
	line 425, "pan.___", state 885, "(1)"
	line 425, "pan.___", state 886, "(!((cache_dirty_rcu_data[i].bitfield&(1<<_pid))))"
	line 425, "pan.___", state 886, "else"
	line 425, "pan.___", state 889, "(1)"
	line 425, "pan.___", state 890, "(1)"
	line 425, "pan.___", state 890, "(1)"
	line 430, "pan.___", state 899, "(1)"
	line 430, "pan.___", state 899, "(1)"
	line 395, "pan.___", state 906, "cache_dirty_urcu_gp_ctr.bitfield = (cache_dirty_urcu_gp_ctr.bitfield&~((1<<_pid)))"
	line 395, "pan.___", state 908, "(1)"
	line 395, "pan.___", state 909, "((cache_dirty_urcu_gp_ctr.bitfield&(1<<_pid)))"
	line 395, "pan.___", state 909, "else"
	line 395, "pan.___", state 912, "(1)"
	line 399, "pan.___", state 920, "cache_dirty_urcu_active_readers.bitfield = (cache_dirty_urcu_active_readers.bitfield&~((1<<_pid)))"
	line 399, "pan.___", state 922, "(1)"
	line 399, "pan.___", state 923, "((cache_dirty_urcu_active_readers.bitfield&(1<<_pid)))"
	line 399, "pan.___", state 923, "else"
	line 399, "pan.___", state 926, "(1)"
	line 399, "pan.___", state 927, "(1)"
	line 399, "pan.___", state 927, "(1)"
	line 397, "pan.___", state 932, "((i<1))"
	line 397, "pan.___", state 932, "((i>=1))"
	line 404, "pan.___", state 938, "cache_dirty_rcu_ptr.bitfield = (cache_dirty_rcu_ptr.bitfield&~((1<<_pid)))"
	line 404, "pan.___", state 940, "(1)"
	line 404, "pan.___", state 941, "((cache_dirty_rcu_ptr.bitfield&(1<<_pid)))"
	line 404, "pan.___", state 941, "else"
	line 404, "pan.___", state 944, "(1)"
	line 404, "pan.___", state 945, "(1)"
	line 404, "pan.___", state 945, "(1)"
	line 408, "pan.___", state 952, "cache_dirty_rcu_data[i].bitfield = (cache_dirty_rcu_data[i].bitfield&~((1<<_pid)))"
	line 408, "pan.___", state 954, "(1)"
	line 408, "pan.___", state 955, "((cache_dirty_rcu_data[i].bitfield&(1<<_pid)))"
	line 408, "pan.___", state 955, "else"
	line 408, "pan.___", state 958, "(1)"
	line 408, "pan.___", state 959, "(1)"
	line 408, "pan.___", state 959, "(1)"
	line 406, "pan.___", state 964, "((i<2))"
	line 406, "pan.___", state 964, "((i>=2))"
	line 412, "pan.___", state 971, "(1)"
	line 412, "pan.___", state 972, "(!((cache_dirty_urcu_gp_ctr.bitfield&(1<<_pid))))"
	line 412, "pan.___", state 972, "else"
	line 412, "pan.___", state 975, "(1)"
	line 412, "pan.___", state 976, "(1)"
	line 412, "pan.___", state 976, "(1)"
	line 416, "pan.___", state 984, "(1)"
	line 416, "pan.___", state 985, "(!((cache_dirty_urcu_active_readers.bitfield&(1<<_pid))))"
	line 416, "pan.___", state 985, "else"
	line 416, "pan.___", state 988, "(1)"
	line 416, "pan.___", state 989, "(1)"
	line 416, "pan.___", state 989, "(1)"
	line 414, "pan.___", state 994, "((i<1))"
	line 414, "pan.___", state 994, "((i>=1))"
	line 421, "pan.___", state 1001, "(1)"
	line 421, "pan.___", state 1002, "(!((cache_dirty_rcu_ptr.bitfield&(1<<_pid))))"
	line 421, "pan.___", state 1002, "else"
	line 421, "pan.___", state 1005, "(1)"
	line 421, "pan.___", state 1006, "(1)"
	line 421, "pan.___", state 1006, "(1)"
	line 425, "pan.___", state 1014, "(1)"
	line 425, "pan.___", state 1015, "(!((cache_dirty_rcu_data[i].bitfield&(1<<_pid))))"
	line 425, "pan.___", state 1015, "else"
	line 425, "pan.___", state 1018, "(1)"
	line 425, "pan.___", state 1019, "(1)"
	line 425, "pan.___", state 1019, "(1)"
	line 423, "pan.___", state 1024, "((i<2))"
	line 423, "pan.___", state 1024, "((i>=2))"
	line 430, "pan.___", state 1028, "(1)"
	line 430, "pan.___", state 1028, "(1)"
	line 590, "pan.___", state 1032, "_proc_urcu_reader = (_proc_urcu_reader|(1<<11))"
	line 395, "pan.___", state 1037, "cache_dirty_urcu_gp_ctr.bitfield = (cache_dirty_urcu_gp_ctr.bitfield&~((1<<_pid)))"
	line 404, "pan.___", state 1069, "cache_dirty_rcu_ptr.bitfield = (cache_dirty_rcu_ptr.bitfield&~((1<<_pid)))"
	line 408, "pan.___", state 1083, "cache_dirty_rcu_data[i].bitfield = (cache_dirty_rcu_data[i].bitfield&~((1<<_pid)))"
	line 412, "pan.___", state 1102, "(1)"
	line 421, "pan.___", state 1132, "(1)"
	line 425, "pan.___", state 1145, "(1)"
	line 395, "pan.___", state 1169, "cache_dirty_urcu_gp_ctr.bitfield = (cache_dirty_urcu_gp_ctr.bitfield&~((1<<_pid)))"
	line 404, "pan.___", state 1201, "cache_dirty_rcu_ptr.bitfield = (cache_dirty_rcu_ptr.bitfield&~((1<<_pid)))"
	line 408, "pan.___", state 1215, "cache_dirty_rcu_data[i].bitfield = (cache_dirty_rcu_data[i].bitfield&~((1<<_pid)))"
	line 412, "pan.___", state 1234, "(1)"
	line 421, "pan.___", state 1264, "(1)"
	line 425, "pan.___", state 1277, "(1)"
	line 395, "pan.___", state 1302, "cache_dirty_urcu_gp_ctr.bitfield = (cache_dirty_urcu_gp_ctr.bitfield&~((1<<_pid)))"
	line 404, "pan.___", state 1334, "cache_dirty_rcu_ptr.bitfield = (cache_dirty_rcu_ptr.bitfield&~((1<<_pid)))"
	line 408, "pan.___", state 1348, "cache_dirty_rcu_data[i].bitfield = (cache_dirty_rcu_data[i].bitfield&~((1<<_pid)))"
	line 412, "pan.___", state 1367, "(1)"
	line 421, "pan.___", state 1397, "(1)"
	line 425, "pan.___", state 1410, "(1)"
	line 395, "pan.___", state 1431, "cache_dirty_urcu_gp_ctr.bitfield = (cache_dirty_urcu_gp_ctr.bitfield&~((1<<_pid)))"
	line 404, "pan.___", state 1463, "cache_dirty_rcu_ptr.bitfield = (cache_dirty_rcu_ptr.bitfield&~((1<<_pid)))"
	line 408, "pan.___", state 1477, "cache_dirty_rcu_data[i].bitfield = (cache_dirty_rcu_data[i].bitfield&~((1<<_pid)))"
	line 412, "pan.___", state 1496, "(1)"
	line 421, "pan.___", state 1526, "(1)"
	line 425, "pan.___", state 1539, "(1)"
	line 250, "pan.___", state 1562, "cache_dirty_urcu_gp_ctr.bitfield = (cache_dirty_urcu_gp_ctr.bitfield&~((1<<_pid)))"
	line 250, "pan.___", state 1564, "(1)"
	line 254, "pan.___", state 1571, "cache_dirty_urcu_active_readers.bitfield = (cache_dirty_urcu_active_readers.bitfield&~((1<<_pid)))"
	line 254, "pan.___", state 1573, "(1)"
	line 254, "pan.___", state 1574, "((cache_dirty_urcu_active_readers.bitfield&(1<<_pid)))"
	line 254, "pan.___", state 1574, "else"
	line 252, "pan.___", state 1579, "((i<1))"
	line 252, "pan.___", state 1579, "((i>=1))"
	line 258, "pan.___", state 1584, "cache_dirty_rcu_ptr.bitfield = (cache_dirty_rcu_ptr.bitfield&~((1<<_pid)))"
	line 258, "pan.___", state 1586, "(1)"
	line 258, "pan.___", state 1587, "((cache_dirty_rcu_ptr.bitfield&(1<<_pid)))"
	line 258, "pan.___", state 1587, "else"
	line 262, "pan.___", state 1593, "cache_dirty_rcu_data[i].bitfield = (cache_dirty_rcu_data[i].bitfield&~((1<<_pid)))"
	line 262, "pan.___", state 1595, "(1)"
	line 262, "pan.___", state 1596, "((cache_dirty_rcu_data[i].bitfield&(1<<_pid)))"
	line 262, "pan.___", state 1596, "else"
	line 260, "pan.___", state 1601, "((i<2))"
	line 260, "pan.___", state 1601, "((i>=2))"
	line 227, "pan.___", state 1609, "(1)"
	line 231, "pan.___", state 1617, "(1)"
	line 231, "pan.___", state 1618, "(!((cache_dirty_urcu_active_readers.bitfield&(1<<_pid))))"
	line 231, "pan.___", state 1618, "else"
	line 229, "pan.___", state 1623, "((i<1))"
	line 229, "pan.___", state 1623, "((i>=1))"
	line 235, "pan.___", state 1629, "(1)"
	line 235, "pan.___", state 1630, "(!((cache_dirty_rcu_ptr.bitfield&(1<<_pid))))"
	line 235, "pan.___", state 1630, "else"
	line 239, "pan.___", state 1637, "(1)"
	line 239, "pan.___", state 1638, "(!((cache_dirty_rcu_data[i].bitfield&(1<<_pid))))"
	line 239, "pan.___", state 1638, "else"
	line 244, "pan.___", state 1647, "(!((cache_dirty_urcu_gp_ctr.bitfield&(1<<_pid))))"
	line 244, "pan.___", state 1647, "else"
	line 277, "pan.___", state 1649, "((cache_dirty_urcu_gp_ctr.bitfield&(1<<_pid)))"
	line 277, "pan.___", state 1649, "else"
	line 395, "pan.___", state 1655, "cache_dirty_urcu_gp_ctr.bitfield = (cache_dirty_urcu_gp_ctr.bitfield&~((1<<_pid)))"
	line 404, "pan.___", state 1687, "cache_dirty_rcu_ptr.bitfield = (cache_dirty_rcu_ptr.bitfield&~((1<<_pid)))"
	line 408, "pan.___", state 1701, "cache_dirty_rcu_data[i].bitfield = (cache_dirty_rcu_data[i].bitfield&~((1<<_pid)))"
	line 412, "pan.___", state 1720, "(1)"
	line 421, "pan.___", state 1750, "(1)"
	line 425, "pan.___", state 1763, "(1)"
	line 395, "pan.___", state 1784, "cache_dirty_urcu_gp_ctr.bitfield = (cache_dirty_urcu_gp_ctr.bitfield&~((1<<_pid)))"
	line 404, "pan.___", state 1816, "cache_dirty_rcu_ptr.bitfield = (cache_dirty_rcu_ptr.bitfield&~((1<<_pid)))"
	line 408, "pan.___", state 1830, "cache_dirty_rcu_data[i].bitfield = (cache_dirty_rcu_data[i].bitfield&~((1<<_pid)))"
	line 412, "pan.___", state 1849, "(1)"
	line 421, "pan.___", state 1879, "(1)"
	line 425, "pan.___", state 1892, "(1)"
	line 395, "pan.___", state 1916, "cache_dirty_urcu_gp_ctr.bitfield = (cache_dirty_urcu_gp_ctr.bitfield&~((1<<_pid)))"
	line 404, "pan.___", state 1948, "cache_dirty_rcu_ptr.bitfield = (cache_dirty_rcu_ptr.bitfield&~((1<<_pid)))"
	line 408, "pan.___", state 1962, "cache_dirty_rcu_data[i].bitfield = (cache_dirty_rcu_data[i].bitfield&~((1<<_pid)))"
	line 412, "pan.___", state 1981, "(1)"
	line 421, "pan.___", state 2011, "(1)"
	line 425, "pan.___", state 2024, "(1)"
	line 629, "pan.___", state 2045, "_proc_urcu_reader = (_proc_urcu_reader|((1<<2)<<19))"
	line 395, "pan.___", state 2052, "cache_dirty_urcu_gp_ctr.bitfield = (cache_dirty_urcu_gp_ctr.bitfield&~((1<<_pid)))"
	line 404, "pan.___", state 2084, "cache_dirty_rcu_ptr.bitfield = (cache_dirty_rcu_ptr.bitfield&~((1<<_pid)))"
	line 408, "pan.___", state 2098, "cache_dirty_rcu_data[i].bitfield = (cache_dirty_rcu_data[i].bitfield&~((1<<_pid)))"
	line 412, "pan.___", state 2117, "(1)"
	line 421, "pan.___", state 2147, "(1)"
	line 425, "pan.___", state 2160, "(1)"
	line 395, "pan.___", state 2181, "cache_dirty_urcu_gp_ctr.bitfield = (cache_dirty_urcu_gp_ctr.bitfield&~((1<<_pid)))"
	line 404, "pan.___", state 2213, "cache_dirty_rcu_ptr.bitfield = (cache_dirty_rcu_ptr.bitfield&~((1<<_pid)))"
	line 408, "pan.___", state 2227, "cache_dirty_rcu_data[i].bitfield = (cache_dirty_rcu_data[i].bitfield&~((1<<_pid)))"
	line 412, "pan.___", state 2246, "(1)"
	line 421, "pan.___", state 2276, "(1)"
	line 425, "pan.___", state 2289, "(1)"
	line 395, "pan.___", state 2312, "cache_dirty_urcu_gp_ctr.bitfield = (cache_dirty_urcu_gp_ctr.bitfield&~((1<<_pid)))"
	line 395, "pan.___", state 2314, "(1)"
	line 395, "pan.___", state 2315, "((cache_dirty_urcu_gp_ctr.bitfield&(1<<_pid)))"
	line 395, "pan.___", state 2315, "else"
	line 395, "pan.___", state 2318, "(1)"
	line 399, "pan.___", state 2326, "cache_dirty_urcu_active_readers.bitfield = (cache_dirty_urcu_active_readers.bitfield&~((1<<_pid)))"
	line 399, "pan.___", state 2328, "(1)"
	line 399, "pan.___", state 2329, "((cache_dirty_urcu_active_readers.bitfield&(1<<_pid)))"
	line 399, "pan.___", state 2329, "else"
	line 399, "pan.___", state 2332, "(1)"
	line 399, "pan.___", state 2333, "(1)"
	line 399, "pan.___", state 2333, "(1)"
	line 397, "pan.___", state 2338, "((i<1))"
	line 397, "pan.___", state 2338, "((i>=1))"
	line 404, "pan.___", state 2344, "cache_dirty_rcu_ptr.bitfield = (cache_dirty_rcu_ptr.bitfield&~((1<<_pid)))"
	line 404, "pan.___", state 2346, "(1)"
	line 404, "pan.___", state 2347, "((cache_dirty_rcu_ptr.bitfield&(1<<_pid)))"
	line 404, "pan.___", state 2347, "else"
	line 404, "pan.___", state 2350, "(1)"
	line 404, "pan.___", state 2351, "(1)"
	line 404, "pan.___", state 2351, "(1)"
	line 408, "pan.___", state 2358, "cache_dirty_rcu_data[i].bitfield = (cache_dirty_rcu_data[i].bitfield&~((1<<_pid)))"
	line 408, "pan.___", state 2360, "(1)"
	line 408, "pan.___", state 2361, "((cache_dirty_rcu_data[i].bitfield&(1<<_pid)))"
	line 408, "pan.___", state 2361, "else"
	line 408, "pan.___", state 2364, "(1)"
	line 408, "pan.___", state 2365, "(1)"
	line 408, "pan.___", state 2365, "(1)"
	line 406, "pan.___", state 2370, "((i<2))"
	line 406, "pan.___", state 2370, "((i>=2))"
	line 412, "pan.___", state 2377, "(1)"
	line 412, "pan.___", state 2378, "(!((cache_dirty_urcu_gp_ctr.bitfield&(1<<_pid))))"
	line 412, "pan.___", state 2378, "else"
	line 412, "pan.___", state 2381, "(1)"
	line 412, "pan.___", state 2382, "(1)"
	line 412, "pan.___", state 2382, "(1)"
	line 416, "pan.___", state 2390, "(1)"
	line 416, "pan.___", state 2391, "(!((cache_dirty_urcu_active_readers.bitfield&(1<<_pid))))"
	line 416, "pan.___", state 2391, "else"
	line 416, "pan.___", state 2394, "(1)"
	line 416, "pan.___", state 2395, "(1)"
	line 416, "pan.___", state 2395, "(1)"
	line 414, "pan.___", state 2400, "((i<1))"
	line 414, "pan.___", state 2400, "((i>=1))"
	line 421, "pan.___", state 2407, "(1)"
	line 421, "pan.___", state 2408, "(!((cache_dirty_rcu_ptr.bitfield&(1<<_pid))))"
	line 421, "pan.___", state 2408, "else"
	line 421, "pan.___", state 2411, "(1)"
	line 421, "pan.___", state 2412, "(1)"
	line 421, "pan.___", state 2412, "(1)"
	line 425, "pan.___", state 2420, "(1)"
	line 425, "pan.___", state 2421, "(!((cache_dirty_rcu_data[i].bitfield&(1<<_pid))))"
	line 425, "pan.___", state 2421, "else"
	line 425, "pan.___", state 2424, "(1)"
	line 425, "pan.___", state 2425, "(1)"
	line 425, "pan.___", state 2425, "(1)"
	line 423, "pan.___", state 2430, "((i<2))"
	line 423, "pan.___", state 2430, "((i>=2))"
	line 430, "pan.___", state 2434, "(1)"
	line 430, "pan.___", state 2434, "(1)"
	line 629, "pan.___", state 2437, "cached_urcu_active_readers.val[_pid] = (tmp+1)"
	line 629, "pan.___", state 2438, "_proc_urcu_reader = (_proc_urcu_reader|(1<<23))"
	line 629, "pan.___", state 2439, "(1)"
	line 250, "pan.___", state 2443, "cache_dirty_urcu_gp_ctr.bitfield = (cache_dirty_urcu_gp_ctr.bitfield&~((1<<_pid)))"
	line 250, "pan.___", state 2445, "(1)"
	line 254, "pan.___", state 2452, "cache_dirty_urcu_active_readers.bitfield = (cache_dirty_urcu_active_readers.bitfield&~((1<<_pid)))"
	line 254, "pan.___", state 2454, "(1)"
	line 254, "pan.___", state 2455, "((cache_dirty_urcu_active_readers.bitfield&(1<<_pid)))"
	line 254, "pan.___", state 2455, "else"
	line 252, "pan.___", state 2460, "((i<1))"
	line 252, "pan.___", state 2460, "((i>=1))"
	line 258, "pan.___", state 2465, "cache_dirty_rcu_ptr.bitfield = (cache_dirty_rcu_ptr.bitfield&~((1<<_pid)))"
	line 258, "pan.___", state 2467, "(1)"
	line 258, "pan.___", state 2468, "((cache_dirty_rcu_ptr.bitfield&(1<<_pid)))"
	line 258, "pan.___", state 2468, "else"
	line 262, "pan.___", state 2474, "cache_dirty_rcu_data[i].bitfield = (cache_dirty_rcu_data[i].bitfield&~((1<<_pid)))"
	line 262, "pan.___", state 2476, "(1)"
	line 262, "pan.___", state 2477, "((cache_dirty_rcu_data[i].bitfield&(1<<_pid)))"
	line 262, "pan.___", state 2477, "else"
	line 260, "pan.___", state 2482, "((i<2))"
	line 260, "pan.___", state 2482, "((i>=2))"
	line 227, "pan.___", state 2490, "(1)"
	line 231, "pan.___", state 2498, "(1)"
	line 231, "pan.___", state 2499, "(!((cache_dirty_urcu_active_readers.bitfield&(1<<_pid))))"
	line 231, "pan.___", state 2499, "else"
	line 229, "pan.___", state 2504, "((i<1))"
	line 229, "pan.___", state 2504, "((i>=1))"
	line 235, "pan.___", state 2510, "(1)"
	line 235, "pan.___", state 2511, "(!((cache_dirty_rcu_ptr.bitfield&(1<<_pid))))"
	line 235, "pan.___", state 2511, "else"
	line 239, "pan.___", state 2518, "(1)"
	line 239, "pan.___", state 2519, "(!((cache_dirty_rcu_data[i].bitfield&(1<<_pid))))"
	line 239, "pan.___", state 2519, "else"
	line 244, "pan.___", state 2528, "(!((cache_dirty_urcu_gp_ctr.bitfield&(1<<_pid))))"
	line 244, "pan.___", state 2528, "else"
	line 277, "pan.___", state 2530, "((cache_dirty_urcu_gp_ctr.bitfield&(1<<_pid)))"
	line 277, "pan.___", state 2530, "else"
	line 395, "pan.___", state 2536, "cache_dirty_urcu_gp_ctr.bitfield = (cache_dirty_urcu_gp_ctr.bitfield&~((1<<_pid)))"
	line 404, "pan.___", state 2568, "cache_dirty_rcu_ptr.bitfield = (cache_dirty_rcu_ptr.bitfield&~((1<<_pid)))"
	line 408, "pan.___", state 2582, "cache_dirty_rcu_data[i].bitfield = (cache_dirty_rcu_data[i].bitfield&~((1<<_pid)))"
	line 412, "pan.___", state 2601, "(1)"
	line 421, "pan.___", state 2631, "(1)"
	line 425, "pan.___", state 2644, "(1)"
	line 250, "pan.___", state 2668, "cache_dirty_urcu_gp_ctr.bitfield = (cache_dirty_urcu_gp_ctr.bitfield&~((1<<_pid)))"
	line 250, "pan.___", state 2670, "(1)"
	line 254, "pan.___", state 2677, "cache_dirty_urcu_active_readers.bitfield = (cache_dirty_urcu_active_readers.bitfield&~((1<<_pid)))"
	line 254, "pan.___", state 2679, "(1)"
	line 254, "pan.___", state 2680, "((cache_dirty_urcu_active_readers.bitfield&(1<<_pid)))"
	line 254, "pan.___", state 2680, "else"
	line 252, "pan.___", state 2685, "((i<1))"
	line 252, "pan.___", state 2685, "((i>=1))"
	line 258, "pan.___", state 2690, "cache_dirty_rcu_ptr.bitfield = (cache_dirty_rcu_ptr.bitfield&~((1<<_pid)))"
	line 258, "pan.___", state 2692, "(1)"
	line 258, "pan.___", state 2693, "((cache_dirty_rcu_ptr.bitfield&(1<<_pid)))"
	line 258, "pan.___", state 2693, "else"
	line 262, "pan.___", state 2699, "cache_dirty_rcu_data[i].bitfield = (cache_dirty_rcu_data[i].bitfield&~((1<<_pid)))"
	line 262, "pan.___", state 2701, "(1)"
	line 262, "pan.___", state 2702, "((cache_dirty_rcu_data[i].bitfield&(1<<_pid)))"
	line 262, "pan.___", state 2702, "else"
	line 260, "pan.___", state 2707, "((i<2))"
	line 260, "pan.___", state 2707, "((i>=2))"
	line 227, "pan.___", state 2715, "(1)"
	line 231, "pan.___", state 2723, "(1)"
	line 231, "pan.___", state 2724, "(!((cache_dirty_urcu_active_readers.bitfield&(1<<_pid))))"
	line 231, "pan.___", state 2724, "else"
	line 229, "pan.___", state 2729, "((i<1))"
	line 229, "pan.___", state 2729, "((i>=1))"
	line 235, "pan.___", state 2735, "(1)"
	line 235, "pan.___", state 2736, "(!((cache_dirty_rcu_ptr.bitfield&(1<<_pid))))"
	line 235, "pan.___", state 2736, "else"
	line 239, "pan.___", state 2743, "(1)"
	line 239, "pan.___", state 2744, "(!((cache_dirty_rcu_data[i].bitfield&(1<<_pid))))"
	line 239, "pan.___", state 2744, "else"
	line 244, "pan.___", state 2753, "(!((cache_dirty_urcu_gp_ctr.bitfield&(1<<_pid))))"
	line 244, "pan.___", state 2753, "else"
	line 277, "pan.___", state 2755, "((cache_dirty_urcu_gp_ctr.bitfield&(1<<_pid)))"
	line 277, "pan.___", state 2755, "else"
	line 395, "pan.___", state 2761, "cache_dirty_urcu_gp_ctr.bitfield = (cache_dirty_urcu_gp_ctr.bitfield&~((1<<_pid)))"
	line 404, "pan.___", state 2793, "cache_dirty_rcu_ptr.bitfield = (cache_dirty_rcu_ptr.bitfield&~((1<<_pid)))"
	line 408, "pan.___", state 2807, "cache_dirty_rcu_data[i].bitfield = (cache_dirty_rcu_data[i].bitfield&~((1<<_pid)))"
	line 412, "pan.___", state 2826, "(1)"
	line 421, "pan.___", state 2856, "(1)"
	line 425, "pan.___", state 2869, "(1)"
	line 395, "pan.___", state 2890, "cache_dirty_urcu_gp_ctr.bitfield = (cache_dirty_urcu_gp_ctr.bitfield&~((1<<_pid)))"
	line 404, "pan.___", state 2922, "cache_dirty_rcu_ptr.bitfield = (cache_dirty_rcu_ptr.bitfield&~((1<<_pid)))"
	line 408, "pan.___", state 2936, "cache_dirty_rcu_data[i].bitfield = (cache_dirty_rcu_data[i].bitfield&~((1<<_pid)))"
	line 412, "pan.___", state 2955, "(1)"
	line 421, "pan.___", state 2985, "(1)"
	line 425, "pan.___", state 2998, "(1)"
	line 227, "pan.___", state 3031, "(1)"
	line 235, "pan.___", state 3051, "(1)"
	line 239, "pan.___", state 3059, "(1)"
	line 227, "pan.___", state 3074, "(1)"
	line 235, "pan.___", state 3094, "(1)"
	line 239, "pan.___", state 3102, "(1)"
	line 877, "pan.___", state 3119, "-end-"
	(363 of 3119 states)
unreached in proctype urcu_writer
	line 395, "pan.___", state 20, "cache_dirty_urcu_gp_ctr.bitfield = (cache_dirty_urcu_gp_ctr.bitfield&~((1<<_pid)))"
	line 395, "pan.___", state 26, "(1)"
	line 399, "pan.___", state 34, "cache_dirty_urcu_active_readers.bitfield = (cache_dirty_urcu_active_readers.bitfield&~((1<<_pid)))"
	line 399, "pan.___", state 40, "(1)"
	line 399, "pan.___", state 41, "(1)"
	line 399, "pan.___", state 41, "(1)"
	line 397, "pan.___", state 46, "((i<1))"
	line 397, "pan.___", state 46, "((i>=1))"
	line 404, "pan.___", state 52, "cache_dirty_rcu_ptr.bitfield = (cache_dirty_rcu_ptr.bitfield&~((1<<_pid)))"
	line 404, "pan.___", state 58, "(1)"
	line 404, "pan.___", state 59, "(1)"
	line 404, "pan.___", state 59, "(1)"
	line 408, "pan.___", state 72, "(1)"
	line 408, "pan.___", state 73, "(1)"
	line 408, "pan.___", state 73, "(1)"
	line 406, "pan.___", state 78, "((i<2))"
	line 406, "pan.___", state 78, "((i>=2))"
	line 412, "pan.___", state 85, "(1)"
	line 412, "pan.___", state 86, "(!((cache_dirty_urcu_gp_ctr.bitfield&(1<<_pid))))"
	line 412, "pan.___", state 86, "else"
	line 412, "pan.___", state 89, "(1)"
	line 412, "pan.___", state 90, "(1)"
	line 412, "pan.___", state 90, "(1)"
	line 416, "pan.___", state 98, "(1)"
	line 416, "pan.___", state 99, "(!((cache_dirty_urcu_active_readers.bitfield&(1<<_pid))))"
	line 416, "pan.___", state 99, "else"
	line 416, "pan.___", state 102, "(1)"
	line 416, "pan.___", state 103, "(1)"
	line 416, "pan.___", state 103, "(1)"
	line 414, "pan.___", state 108, "((i<1))"
	line 414, "pan.___", state 108, "((i>=1))"
	line 421, "pan.___", state 115, "(1)"
	line 421, "pan.___", state 116, "(!((cache_dirty_rcu_ptr.bitfield&(1<<_pid))))"
	line 421, "pan.___", state 116, "else"
	line 421, "pan.___", state 119, "(1)"
	line 421, "pan.___", state 120, "(1)"
	line 421, "pan.___", state 120, "(1)"
	line 425, "pan.___", state 128, "(1)"
	line 425, "pan.___", state 129, "(!((cache_dirty_rcu_data[i].bitfield&(1<<_pid))))"
	line 425, "pan.___", state 129, "else"
	line 425, "pan.___", state 132, "(1)"
	line 425, "pan.___", state 133, "(1)"
	line 425, "pan.___", state 133, "(1)"
	line 423, "pan.___", state 138, "((i<2))"
	line 423, "pan.___", state 138, "((i>=2))"
	line 430, "pan.___", state 142, "(1)"
	line 430, "pan.___", state 142, "(1)"
	line 250, "pan.___", state 151, "cache_dirty_urcu_gp_ctr.bitfield = (cache_dirty_urcu_gp_ctr.bitfield&~((1<<_pid)))"
	line 254, "pan.___", state 160, "cache_dirty_urcu_active_readers.bitfield = (cache_dirty_urcu_active_readers.bitfield&~((1<<_pid)))"
	line 252, "pan.___", state 168, "((i<1))"
	line 252, "pan.___", state 168, "((i>=1))"
	line 258, "pan.___", state 173, "cache_dirty_rcu_ptr.bitfield = (cache_dirty_rcu_ptr.bitfield&~((1<<_pid)))"
	line 1000, "pan.___", state 201, "old_data = cached_rcu_ptr.val[_pid]"
	line 1011, "pan.___", state 205, "_proc_urcu_writer = (_proc_urcu_writer|(1<<4))"
	line 395, "pan.___", state 213, "cache_dirty_urcu_gp_ctr.bitfield = (cache_dirty_urcu_gp_ctr.bitfield&~((1<<_pid)))"
	line 395, "pan.___", state 219, "(1)"
	line 399, "pan.___", state 227, "cache_dirty_urcu_active_readers.bitfield = (cache_dirty_urcu_active_readers.bitfield&~((1<<_pid)))"
	line 399, "pan.___", state 233, "(1)"
	line 399, "pan.___", state 234, "(1)"
	line 399, "pan.___", state 234, "(1)"
	line 397, "pan.___", state 239, "((i<1))"
	line 397, "pan.___", state 239, "((i>=1))"
	line 404, "pan.___", state 247, "(1)"
	line 404, "pan.___", state 248, "((cache_dirty_rcu_ptr.bitfield&(1<<_pid)))"
	line 404, "pan.___", state 248, "else"
	line 404, "pan.___", state 251, "(1)"
	line 404, "pan.___", state 252, "(1)"
	line 404, "pan.___", state 252, "(1)"
	line 408, "pan.___", state 259, "cache_dirty_rcu_data[i].bitfield = (cache_dirty_rcu_data[i].bitfield&~((1<<_pid)))"
	line 408, "pan.___", state 265, "(1)"
	line 408, "pan.___", state 266, "(1)"
	line 408, "pan.___", state 266, "(1)"
	line 406, "pan.___", state 271, "((i<2))"
	line 406, "pan.___", state 271, "((i>=2))"
	line 412, "pan.___", state 278, "(1)"
	line 412, "pan.___", state 279, "(!((cache_dirty_urcu_gp_ctr.bitfield&(1<<_pid))))"
	line 412, "pan.___", state 279, "else"
	line 412, "pan.___", state 282, "(1)"
	line 412, "pan.___", state 283, "(1)"
	line 412, "pan.___", state 283, "(1)"
	line 416, "pan.___", state 291, "(1)"
	line 416, "pan.___", state 292, "(!((cache_dirty_urcu_active_readers.bitfield&(1<<_pid))))"
	line 416, "pan.___", state 292, "else"
	line 416, "pan.___", state 295, "(1)"
	line 416, "pan.___", state 296, "(1)"
	line 416, "pan.___", state 296, "(1)"
	line 414, "pan.___", state 301, "((i<1))"
	line 414, "pan.___", state 301, "((i>=1))"
	line 421, "pan.___", state 308, "(1)"
	line 421, "pan.___", state 309, "(!((cache_dirty_rcu_ptr.bitfield&(1<<_pid))))"
	line 421, "pan.___", state 309, "else"
	line 421, "pan.___", state 312, "(1)"
	line 421, "pan.___", state 313, "(1)"
	line 421, "pan.___", state 313, "(1)"
	line 425, "pan.___", state 321, "(1)"
	line 425, "pan.___", state 322, "(!((cache_dirty_rcu_data[i].bitfield&(1<<_pid))))"
	line 425, "pan.___", state 322, "else"
	line 425, "pan.___", state 325, "(1)"
	line 425, "pan.___", state 326, "(1)"
	line 425, "pan.___", state 326, "(1)"
	line 423, "pan.___", state 331, "((i<2))"
	line 423, "pan.___", state 331, "((i>=2))"
	line 430, "pan.___", state 335, "(1)"
	line 430, "pan.___", state 335, "(1)"
	line 395, "pan.___", state 346, "(1)"
	line 395, "pan.___", state 347, "((cache_dirty_urcu_gp_ctr.bitfield&(1<<_pid)))"
	line 395, "pan.___", state 347, "else"
	line 395, "pan.___", state 350, "(1)"
	line 399, "pan.___", state 358, "cache_dirty_urcu_active_readers.bitfield = (cache_dirty_urcu_active_readers.bitfield&~((1<<_pid)))"
	line 399, "pan.___", state 364, "(1)"
	line 399, "pan.___", state 365, "(1)"
	line 399, "pan.___", state 365, "(1)"
	line 397, "pan.___", state 370, "((i<1))"
	line 397, "pan.___", state 370, "((i>=1))"
	line 404, "pan.___", state 376, "cache_dirty_rcu_ptr.bitfield = (cache_dirty_rcu_ptr.bitfield&~((1<<_pid)))"
	line 404, "pan.___", state 382, "(1)"
	line 404, "pan.___", state 383, "(1)"
	line 404, "pan.___", state 383, "(1)"
	line 408, "pan.___", state 390, "cache_dirty_rcu_data[i].bitfield = (cache_dirty_rcu_data[i].bitfield&~((1<<_pid)))"
	line 408, "pan.___", state 396, "(1)"
	line 408, "pan.___", state 397, "(1)"
	line 408, "pan.___", state 397, "(1)"
	line 406, "pan.___", state 402, "((i<2))"
	line 406, "pan.___", state 402, "((i>=2))"
	line 412, "pan.___", state 409, "(1)"
	line 412, "pan.___", state 410, "(!((cache_dirty_urcu_gp_ctr.bitfield&(1<<_pid))))"
	line 412, "pan.___", state 410, "else"
	line 412, "pan.___", state 413, "(1)"
	line 412, "pan.___", state 414, "(1)"
	line 412, "pan.___", state 414, "(1)"
	line 416, "pan.___", state 422, "(1)"
	line 416, "pan.___", state 423, "(!((cache_dirty_urcu_active_readers.bitfield&(1<<_pid))))"
	line 416, "pan.___", state 423, "else"
	line 416, "pan.___", state 426, "(1)"
	line 416, "pan.___", state 427, "(1)"
	line 416, "pan.___", state 427, "(1)"
	line 414, "pan.___", state 432, "((i<1))"
	line 414, "pan.___", state 432, "((i>=1))"
	line 421, "pan.___", state 439, "(1)"
	line 421, "pan.___", state 440, "(!((cache_dirty_rcu_ptr.bitfield&(1<<_pid))))"
	line 421, "pan.___", state 440, "else"
	line 421, "pan.___", state 443, "(1)"
	line 421, "pan.___", state 444, "(1)"
	line 421, "pan.___", state 444, "(1)"
	line 425, "pan.___", state 452, "(1)"
	line 425, "pan.___", state 453, "(!((cache_dirty_rcu_data[i].bitfield&(1<<_pid))))"
	line 425, "pan.___", state 453, "else"
	line 425, "pan.___", state 456, "(1)"
	line 425, "pan.___", state 457, "(1)"
	line 425, "pan.___", state 457, "(1)"
	line 423, "pan.___", state 462, "((i<2))"
	line 423, "pan.___", state 462, "((i>=2))"
	line 430, "pan.___", state 466, "(1)"
	line 430, "pan.___", state 466, "(1)"
	line 1063, "pan.___", state 477, "_proc_urcu_writer = (_proc_urcu_writer&~(((1<<8)|(1<<7))))"
	line 395, "pan.___", state 482, "cache_dirty_urcu_gp_ctr.bitfield = (cache_dirty_urcu_gp_ctr.bitfield&~((1<<_pid)))"
	line 395, "pan.___", state 488, "(1)"
	line 399, "pan.___", state 496, "cache_dirty_urcu_active_readers.bitfield = (cache_dirty_urcu_active_readers.bitfield&~((1<<_pid)))"
	line 399, "pan.___", state 502, "(1)"
	line 399, "pan.___", state 503, "(1)"
	line 399, "pan.___", state 503, "(1)"
	line 397, "pan.___", state 508, "((i<1))"
	line 397, "pan.___", state 508, "((i>=1))"
	line 404, "pan.___", state 514, "cache_dirty_rcu_ptr.bitfield = (cache_dirty_rcu_ptr.bitfield&~((1<<_pid)))"
	line 404, "pan.___", state 520, "(1)"
	line 404, "pan.___", state 521, "(1)"
	line 404, "pan.___", state 521, "(1)"
	line 408, "pan.___", state 528, "cache_dirty_rcu_data[i].bitfield = (cache_dirty_rcu_data[i].bitfield&~((1<<_pid)))"
	line 408, "pan.___", state 534, "(1)"
	line 408, "pan.___", state 535, "(1)"
	line 408, "pan.___", state 535, "(1)"
	line 406, "pan.___", state 540, "((i<2))"
	line 406, "pan.___", state 540, "((i>=2))"
	line 412, "pan.___", state 547, "(1)"
	line 412, "pan.___", state 548, "(!((cache_dirty_urcu_gp_ctr.bitfield&(1<<_pid))))"
	line 412, "pan.___", state 548, "else"
	line 412, "pan.___", state 551, "(1)"
	line 412, "pan.___", state 552, "(1)"
	line 412, "pan.___", state 552, "(1)"
	line 416, "pan.___", state 560, "(1)"
	line 416, "pan.___", state 561, "(!((cache_dirty_urcu_active_readers.bitfield&(1<<_pid))))"
	line 416, "pan.___", state 561, "else"
	line 416, "pan.___", state 564, "(1)"
	line 416, "pan.___", state 565, "(1)"
	line 416, "pan.___", state 565, "(1)"
	line 414, "pan.___", state 570, "((i<1))"
	line 414, "pan.___", state 570, "((i>=1))"
	line 421, "pan.___", state 577, "(1)"
	line 421, "pan.___", state 578, "(!((cache_dirty_rcu_ptr.bitfield&(1<<_pid))))"
	line 421, "pan.___", state 578, "else"
	line 421, "pan.___", state 581, "(1)"
	line 421, "pan.___", state 582, "(1)"
	line 421, "pan.___", state 582, "(1)"
	line 425, "pan.___", state 590, "(1)"
	line 425, "pan.___", state 591, "(!((cache_dirty_rcu_data[i].bitfield&(1<<_pid))))"
	line 425, "pan.___", state 591, "else"
	line 425, "pan.___", state 594, "(1)"
	line 425, "pan.___", state 595, "(1)"
	line 425, "pan.___", state 595, "(1)"
	line 430, "pan.___", state 604, "(1)"
	line 430, "pan.___", state 604, "(1)"
	line 395, "pan.___", state 611, "cache_dirty_urcu_gp_ctr.bitfield = (cache_dirty_urcu_gp_ctr.bitfield&~((1<<_pid)))"
	line 399, "pan.___", state 625, "cache_dirty_urcu_active_readers.bitfield = (cache_dirty_urcu_active_readers.bitfield&~((1<<_pid)))"
	line 404, "pan.___", state 643, "cache_dirty_rcu_ptr.bitfield = (cache_dirty_rcu_ptr.bitfield&~((1<<_pid)))"
	line 412, "pan.___", state 676, "(1)"
	line 416, "pan.___", state 689, "(1)"
	line 421, "pan.___", state 706, "(1)"
	line 425, "pan.___", state 719, "(1)"
	line 399, "pan.___", state 756, "cache_dirty_urcu_active_readers.bitfield = (cache_dirty_urcu_active_readers.bitfield&~((1<<_pid)))"
	line 404, "pan.___", state 774, "cache_dirty_rcu_ptr.bitfield = (cache_dirty_rcu_ptr.bitfield&~((1<<_pid)))"
	line 408, "pan.___", state 788, "cache_dirty_rcu_data[i].bitfield = (cache_dirty_rcu_data[i].bitfield&~((1<<_pid)))"
	line 416, "pan.___", state 820, "(1)"
	line 421, "pan.___", state 837, "(1)"
	line 425, "pan.___", state 850, "(1)"
	line 1135, "pan.___", state 877, "_proc_urcu_writer = (_proc_urcu_writer|(1<<13))"
	line 250, "pan.___", state 905, "cache_dirty_urcu_gp_ctr.bitfield = (cache_dirty_urcu_gp_ctr.bitfield&~((1<<_pid)))"
	line 250, "pan.___", state 907, "(1)"
	line 254, "pan.___", state 914, "cache_dirty_urcu_active_readers.bitfield = (cache_dirty_urcu_active_readers.bitfield&~((1<<_pid)))"
	line 254, "pan.___", state 916, "(1)"
	line 254, "pan.___", state 917, "((cache_dirty_urcu_active_readers.bitfield&(1<<_pid)))"
	line 254, "pan.___", state 917, "else"
	line 252, "pan.___", state 922, "((i<1))"
	line 252, "pan.___", state 922, "((i>=1))"
	line 258, "pan.___", state 927, "cache_dirty_rcu_ptr.bitfield = (cache_dirty_rcu_ptr.bitfield&~((1<<_pid)))"
	line 258, "pan.___", state 929, "(1)"
	line 258, "pan.___", state 930, "((cache_dirty_rcu_ptr.bitfield&(1<<_pid)))"
	line 258, "pan.___", state 930, "else"
	line 262, "pan.___", state 936, "cache_dirty_rcu_data[i].bitfield = (cache_dirty_rcu_data[i].bitfield&~((1<<_pid)))"
	line 262, "pan.___", state 938, "(1)"
	line 262, "pan.___", state 939, "((cache_dirty_rcu_data[i].bitfield&(1<<_pid)))"
	line 262, "pan.___", state 939, "else"
	line 260, "pan.___", state 944, "((i<2))"
	line 260, "pan.___", state 944, "((i>=2))"
	line 227, "pan.___", state 952, "(1)"
	line 231, "pan.___", state 960, "(1)"
	line 231, "pan.___", state 961, "(!((cache_dirty_urcu_active_readers.bitfield&(1<<_pid))))"
	line 231, "pan.___", state 961, "else"
	line 229, "pan.___", state 966, "((i<1))"
	line 229, "pan.___", state 966, "((i>=1))"
	line 235, "pan.___", state 972, "(1)"
	line 235, "pan.___", state 973, "(!((cache_dirty_rcu_ptr.bitfield&(1<<_pid))))"
	line 235, "pan.___", state 973, "else"
	line 239, "pan.___", state 980, "(1)"
	line 239, "pan.___", state 981, "(!((cache_dirty_rcu_data[i].bitfield&(1<<_pid))))"
	line 239, "pan.___", state 981, "else"
	line 244, "pan.___", state 990, "(!((cache_dirty_urcu_gp_ctr.bitfield&(1<<_pid))))"
	line 244, "pan.___", state 990, "else"
	line 277, "pan.___", state 992, "((cache_dirty_urcu_gp_ctr.bitfield&(1<<_pid)))"
	line 277, "pan.___", state 992, "else"
	line 250, "pan.___", state 996, "cache_dirty_urcu_gp_ctr.bitfield = (cache_dirty_urcu_gp_ctr.bitfield&~((1<<_pid)))"
	line 250, "pan.___", state 998, "(1)"
	line 254, "pan.___", state 1005, "cache_dirty_urcu_active_readers.bitfield = (cache_dirty_urcu_active_readers.bitfield&~((1<<_pid)))"
	line 254, "pan.___", state 1007, "(1)"
	line 254, "pan.___", state 1008, "((cache_dirty_urcu_active_readers.bitfield&(1<<_pid)))"
	line 254, "pan.___", state 1008, "else"
	line 252, "pan.___", state 1013, "((i<1))"
	line 252, "pan.___", state 1013, "((i>=1))"
	line 258, "pan.___", state 1018, "cache_dirty_rcu_ptr.bitfield = (cache_dirty_rcu_ptr.bitfield&~((1<<_pid)))"
	line 258, "pan.___", state 1020, "(1)"
	line 258, "pan.___", state 1021, "((cache_dirty_rcu_ptr.bitfield&(1<<_pid)))"
	line 258, "pan.___", state 1021, "else"
	line 262, "pan.___", state 1027, "cache_dirty_rcu_data[i].bitfield = (cache_dirty_rcu_data[i].bitfield&~((1<<_pid)))"
	line 262, "pan.___", state 1029, "(1)"
	line 262, "pan.___", state 1030, "((cache_dirty_rcu_data[i].bitfield&(1<<_pid)))"
	line 262, "pan.___", state 1030, "else"
	line 260, "pan.___", state 1035, "((i<2))"
	line 260, "pan.___", state 1035, "((i>=2))"
	line 227, "pan.___", state 1043, "(1)"
	line 231, "pan.___", state 1051, "(1)"
	line 231, "pan.___", state 1052, "(!((cache_dirty_urcu_active_readers.bitfield&(1<<_pid))))"
	line 231, "pan.___", state 1052, "else"
	line 229, "pan.___", state 1057, "((i<1))"
	line 229, "pan.___", state 1057, "((i>=1))"
	line 235, "pan.___", state 1063, "(1)"
	line 235, "pan.___", state 1064, "(!((cache_dirty_rcu_ptr.bitfield&(1<<_pid))))"
	line 235, "pan.___", state 1064, "else"
	line 239, "pan.___", state 1071, "(1)"
	line 239, "pan.___", state 1072, "(!((cache_dirty_rcu_data[i].bitfield&(1<<_pid))))"
	line 239, "pan.___", state 1072, "else"
	line 244, "pan.___", state 1081, "(!((cache_dirty_urcu_gp_ctr.bitfield&(1<<_pid))))"
	line 244, "pan.___", state 1081, "else"
	line 277, "pan.___", state 1083, "((cache_dirty_urcu_gp_ctr.bitfield&(1<<_pid)))"
	line 277, "pan.___", state 1083, "else"
	line 254, "pan.___", state 1096, "cache_dirty_urcu_active_readers.bitfield = (cache_dirty_urcu_active_readers.bitfield&~((1<<_pid)))"
	line 258, "pan.___", state 1109, "cache_dirty_rcu_ptr.bitfield = (cache_dirty_rcu_ptr.bitfield&~((1<<_pid)))"
	line 262, "pan.___", state 1118, "cache_dirty_rcu_data[i].bitfield = (cache_dirty_rcu_data[i].bitfield&~((1<<_pid)))"
	line 227, "pan.___", state 1134, "(1)"
	line 231, "pan.___", state 1142, "(1)"
	line 235, "pan.___", state 1154, "(1)"
	line 239, "pan.___", state 1162, "(1)"
	line 250, "pan.___", state 1178, "cache_dirty_urcu_gp_ctr.bitfield = (cache_dirty_urcu_gp_ctr.bitfield&~((1<<_pid)))"
	line 250, "pan.___", state 1180, "(1)"
	line 254, "pan.___", state 1187, "cache_dirty_urcu_active_readers.bitfield = (cache_dirty_urcu_active_readers.bitfield&~((1<<_pid)))"
	line 254, "pan.___", state 1189, "(1)"
	line 254, "pan.___", state 1190, "((cache_dirty_urcu_active_readers.bitfield&(1<<_pid)))"
	line 254, "pan.___", state 1190, "else"
	line 252, "pan.___", state 1195, "((i<1))"
	line 252, "pan.___", state 1195, "((i>=1))"
	line 258, "pan.___", state 1200, "cache_dirty_rcu_ptr.bitfield = (cache_dirty_rcu_ptr.bitfield&~((1<<_pid)))"
	line 258, "pan.___", state 1202, "(1)"
	line 258, "pan.___", state 1203, "((cache_dirty_rcu_ptr.bitfield&(1<<_pid)))"
	line 258, "pan.___", state 1203, "else"
	line 262, "pan.___", state 1209, "cache_dirty_rcu_data[i].bitfield = (cache_dirty_rcu_data[i].bitfield&~((1<<_pid)))"
	line 262, "pan.___", state 1211, "(1)"
	line 262, "pan.___", state 1212, "((cache_dirty_rcu_data[i].bitfield&(1<<_pid)))"
	line 262, "pan.___", state 1212, "else"
	line 260, "pan.___", state 1217, "((i<2))"
	line 260, "pan.___", state 1217, "((i>=2))"
	line 227, "pan.___", state 1225, "(1)"
	line 231, "pan.___", state 1233, "(1)"
	line 231, "pan.___", state 1234, "(!((cache_dirty_urcu_active_readers.bitfield&(1<<_pid))))"
	line 231, "pan.___", state 1234, "else"
	line 229, "pan.___", state 1239, "((i<1))"
	line 229, "pan.___", state 1239, "((i>=1))"
	line 235, "pan.___", state 1245, "(1)"
	line 235, "pan.___", state 1246, "(!((cache_dirty_rcu_ptr.bitfield&(1<<_pid))))"
	line 235, "pan.___", state 1246, "else"
	line 239, "pan.___", state 1253, "(1)"
	line 239, "pan.___", state 1254, "(!((cache_dirty_rcu_data[i].bitfield&(1<<_pid))))"
	line 239, "pan.___", state 1254, "else"
	line 244, "pan.___", state 1263, "(!((cache_dirty_urcu_gp_ctr.bitfield&(1<<_pid))))"
	line 244, "pan.___", state 1263, "else"
	line 277, "pan.___", state 1265, "((cache_dirty_urcu_gp_ctr.bitfield&(1<<_pid)))"
	line 277, "pan.___", state 1265, "else"
	line 1204, "pan.___", state 1268, "-end-"
	(226 of 1268 states)
unreached in proctype :init:
	line 1215, "pan.___", state 9, "((j<2))"
	line 1215, "pan.___", state 9, "((j>=2))"
	line 1216, "pan.___", state 20, "((j<2))"
	line 1216, "pan.___", state 20, "((j>=2))"
	line 1221, "pan.___", state 33, "((j<2))"
	line 1221, "pan.___", state 33, "((j>=2))"
	line 1219, "pan.___", state 43, "((i<1))"
	line 1219, "pan.___", state 43, "((i>=1))"
	line 1229, "pan.___", state 54, "((j<2))"
	line 1229, "pan.___", state 54, "((j>=2))"
	line 1233, "pan.___", state 67, "((j<2))"
	line 1233, "pan.___", state 67, "((j>=2))"
	(6 of 78 states)
unreached in proctype :never:
	line 1263, "pan.___", state 8, "-end-"
	(1 of 8 states)

pan: elapsed time 632 seconds
pan: rate  2628.547 states/second
pan: avg transition delay 1.2347e-06 usec
cp .input.spin urcu_free_no_mb.spin.input
cp .input.spin.trail urcu_free_no_mb.spin.input.trail
