make[1]: Entering directory `/home/compudj/doc/userspace-rcu/formal-model/urcu-controldataflow-intel-no-ipi'
rm -f pan* trail.out .input.spin* *.spin.trail .input.define
touch .input.define
cat .input.define >> pan.ltl
cat DEFINES >> pan.ltl
spin -f "!(`cat urcu_free.ltl | grep -v ^//`)" >> pan.ltl
cp urcu_free_no_mb.define .input.define
cat .input.define > .input.spin
cat DEFINES >> .input.spin
cat urcu.spin >> .input.spin
rm -f .input.spin.trail
spin -a -X -N pan.ltl .input.spin
Exit-Status 0
gcc -O2 -w -DHASH64 -o pan pan.c
./pan -a -v -c1 -X -m10000000 -w20
warning: for p.o. reduction to be valid the never claim must be stutter-invariant
(never claims generated from LTL formulae are stutter-invariant)
depth 0: Claim reached state 5 (line 1295)
Depth=    8086 States=    1e+06 Transitions= 1.91e+07 Memory=   550.334	t=   51.2 R=   2e+04
Depth=    8086 States=    2e+06 Transitions= 3.68e+07 Memory=   634.318	t=   98.4 R=   2e+04
Depth=    8086 States=    3e+06 Transitions= 5.68e+07 Memory=   718.205	t=    153 R=   2e+04
pan: resizing hashtable to -w22..  done
Depth=    8086 States=    4e+06 Transitions= 7.01e+07 Memory=   833.213	t=    188 R=   2e+04
Depth=    8086 States=    5e+06 Transitions= 8.42e+07 Memory=   917.197	t=    225 R=   2e+04
Depth=    8086 States=    6e+06 Transitions= 9.87e+07 Memory=  1001.182	t=    263 R=   2e+04
Depth=    8086 States=    7e+06 Transitions= 1.12e+08 Memory=  1085.166	t=    298 R=   2e+04
Depth=    8086 States=    8e+06 Transitions= 1.28e+08 Memory=  1169.053	t=    342 R=   2e+04
Depth=    8086 States=    9e+06 Transitions= 1.62e+08 Memory=  1253.037	t=    436 R=   2e+04
pan: resizing hashtable to -w24..  done
Depth=    8086 States=    1e+07 Transitions= 1.95e+08 Memory=  1461.018	t=    530 R=   2e+04
Depth=   13700 States=  1.1e+07 Transitions= 2.31e+08 Memory=  1545.002	t=    629 R=   2e+04
Depth=   13700 States=  1.2e+07 Transitions= 2.64e+08 Memory=  1628.986	t=    721 R=   2e+04
Depth=   13700 States=  1.3e+07 Transitions= 2.89e+08 Memory=  1712.971	t=    789 R=   2e+04
Depth=   13700 States=  1.4e+07 Transitions= 3.09e+08 Memory=  1796.955	t=    844 R=   2e+04
Depth=   13700 States=  1.5e+07 Transitions= 3.29e+08 Memory=  1880.940	t=    897 R=   2e+04
pan: claim violated! (at depth 1143)
pan: wrote .input.spin.trail

(Spin Version 5.1.7 -- 23 December 2008)
Warning: Search not completed
	+ Partial Order Reduction

Full statespace search for:
	never claim         	+
	assertion violations	+ (if within scope of claim)
	acceptance   cycles 	+ (fairness disabled)
	invalid end states	- (disabled by never claim)

State-vector 88 byte, depth reached 13700, errors: 1
 15925114 states, stored
3.2589318e+08 states, matched
3.418183e+08 transitions (= stored+matched)
5.3108495e+09 atomic steps
hash conflicts: 1.8673119e+08 (resolved)

Stats on memory usage (in Megabytes):
 1761.735	equivalent memory usage for states (stored*(State-vector + overhead))
 1373.571	actual memory usage for states (compression: 77.97%)
         	state-vector as stored = 62 byte + 28 byte overhead
  128.000	memory used for hash table (-w24)
  457.764	memory used for DFS stack (-m10000000)
 1958.576	total actual memory usage

unreached in proctype urcu_reader
	line 411, "pan.___", state 21, "cache_dirty_urcu_gp_ctr.bitfield = (cache_dirty_urcu_gp_ctr.bitfield&~((1<<_pid)))"
	line 420, "pan.___", state 53, "cache_dirty_rcu_ptr.bitfield = (cache_dirty_rcu_ptr.bitfield&~((1<<_pid)))"
	line 424, "pan.___", state 67, "cache_dirty_rcu_data[i].bitfield = (cache_dirty_rcu_data[i].bitfield&~((1<<_pid)))"
	line 249, "pan.___", state 85, "(1)"
	line 257, "pan.___", state 105, "(1)"
	line 261, "pan.___", state 113, "(1)"
	line 603, "pan.___", state 132, "_proc_urcu_reader = (_proc_urcu_reader|((1<<2)<<1))"
	line 411, "pan.___", state 139, "cache_dirty_urcu_gp_ctr.bitfield = (cache_dirty_urcu_gp_ctr.bitfield&~((1<<_pid)))"
	line 420, "pan.___", state 171, "cache_dirty_rcu_ptr.bitfield = (cache_dirty_rcu_ptr.bitfield&~((1<<_pid)))"
	line 424, "pan.___", state 185, "cache_dirty_rcu_data[i].bitfield = (cache_dirty_rcu_data[i].bitfield&~((1<<_pid)))"
	line 249, "pan.___", state 203, "(1)"
	line 257, "pan.___", state 223, "(1)"
	line 261, "pan.___", state 231, "(1)"
	line 411, "pan.___", state 250, "cache_dirty_urcu_gp_ctr.bitfield = (cache_dirty_urcu_gp_ctr.bitfield&~((1<<_pid)))"
	line 420, "pan.___", state 282, "cache_dirty_rcu_ptr.bitfield = (cache_dirty_rcu_ptr.bitfield&~((1<<_pid)))"
	line 424, "pan.___", state 296, "cache_dirty_rcu_data[i].bitfield = (cache_dirty_rcu_data[i].bitfield&~((1<<_pid)))"
	line 249, "pan.___", state 314, "(1)"
	line 257, "pan.___", state 334, "(1)"
	line 261, "pan.___", state 342, "(1)"
	line 411, "pan.___", state 363, "cache_dirty_urcu_gp_ctr.bitfield = (cache_dirty_urcu_gp_ctr.bitfield&~((1<<_pid)))"
	line 411, "pan.___", state 365, "(1)"
	line 411, "pan.___", state 366, "((cache_dirty_urcu_gp_ctr.bitfield&(1<<_pid)))"
	line 411, "pan.___", state 366, "else"
	line 411, "pan.___", state 369, "(1)"
	line 415, "pan.___", state 377, "cache_dirty_urcu_active_readers.bitfield = (cache_dirty_urcu_active_readers.bitfield&~((1<<_pid)))"
	line 415, "pan.___", state 379, "(1)"
	line 415, "pan.___", state 380, "((cache_dirty_urcu_active_readers.bitfield&(1<<_pid)))"
	line 415, "pan.___", state 380, "else"
	line 415, "pan.___", state 383, "(1)"
	line 415, "pan.___", state 384, "(1)"
	line 415, "pan.___", state 384, "(1)"
	line 413, "pan.___", state 389, "((i<1))"
	line 413, "pan.___", state 389, "((i>=1))"
	line 420, "pan.___", state 395, "cache_dirty_rcu_ptr.bitfield = (cache_dirty_rcu_ptr.bitfield&~((1<<_pid)))"
	line 420, "pan.___", state 397, "(1)"
	line 420, "pan.___", state 398, "((cache_dirty_rcu_ptr.bitfield&(1<<_pid)))"
	line 420, "pan.___", state 398, "else"
	line 420, "pan.___", state 401, "(1)"
	line 420, "pan.___", state 402, "(1)"
	line 420, "pan.___", state 402, "(1)"
	line 424, "pan.___", state 409, "cache_dirty_rcu_data[i].bitfield = (cache_dirty_rcu_data[i].bitfield&~((1<<_pid)))"
	line 424, "pan.___", state 411, "(1)"
	line 424, "pan.___", state 412, "((cache_dirty_rcu_data[i].bitfield&(1<<_pid)))"
	line 424, "pan.___", state 412, "else"
	line 424, "pan.___", state 415, "(1)"
	line 424, "pan.___", state 416, "(1)"
	line 424, "pan.___", state 416, "(1)"
	line 422, "pan.___", state 421, "((i<2))"
	line 422, "pan.___", state 421, "((i>=2))"
	line 249, "pan.___", state 427, "(1)"
	line 253, "pan.___", state 435, "(1)"
	line 253, "pan.___", state 436, "(!((cache_dirty_urcu_active_readers.bitfield&(1<<_pid))))"
	line 253, "pan.___", state 436, "else"
	line 251, "pan.___", state 441, "((i<1))"
	line 251, "pan.___", state 441, "((i>=1))"
	line 257, "pan.___", state 447, "(1)"
	line 257, "pan.___", state 448, "(!((cache_dirty_rcu_ptr.bitfield&(1<<_pid))))"
	line 257, "pan.___", state 448, "else"
	line 261, "pan.___", state 455, "(1)"
	line 261, "pan.___", state 456, "(!((cache_dirty_rcu_data[i].bitfield&(1<<_pid))))"
	line 261, "pan.___", state 456, "else"
	line 259, "pan.___", state 461, "((i<2))"
	line 259, "pan.___", state 461, "((i>=2))"
	line 266, "pan.___", state 465, "(!((cache_dirty_urcu_gp_ctr.bitfield&(1<<_pid))))"
	line 266, "pan.___", state 465, "else"
	line 431, "pan.___", state 467, "(1)"
	line 431, "pan.___", state 467, "(1)"
	line 603, "pan.___", state 470, "cached_urcu_active_readers.val[_pid] = (tmp+1)"
	line 603, "pan.___", state 471, "_proc_urcu_reader = (_proc_urcu_reader|(1<<5))"
	line 603, "pan.___", state 472, "(1)"
	line 272, "pan.___", state 476, "cache_dirty_urcu_gp_ctr.bitfield = (cache_dirty_urcu_gp_ctr.bitfield&~((1<<_pid)))"
	line 272, "pan.___", state 478, "(1)"
	line 276, "pan.___", state 485, "cache_dirty_urcu_active_readers.bitfield = (cache_dirty_urcu_active_readers.bitfield&~((1<<_pid)))"
	line 276, "pan.___", state 487, "(1)"
	line 276, "pan.___", state 488, "((cache_dirty_urcu_active_readers.bitfield&(1<<_pid)))"
	line 276, "pan.___", state 488, "else"
	line 274, "pan.___", state 493, "((i<1))"
	line 274, "pan.___", state 493, "((i>=1))"
	line 280, "pan.___", state 498, "cache_dirty_rcu_ptr.bitfield = (cache_dirty_rcu_ptr.bitfield&~((1<<_pid)))"
	line 280, "pan.___", state 500, "(1)"
	line 280, "pan.___", state 501, "((cache_dirty_rcu_ptr.bitfield&(1<<_pid)))"
	line 280, "pan.___", state 501, "else"
	line 284, "pan.___", state 507, "cache_dirty_rcu_data[i].bitfield = (cache_dirty_rcu_data[i].bitfield&~((1<<_pid)))"
	line 284, "pan.___", state 509, "(1)"
	line 284, "pan.___", state 510, "((cache_dirty_rcu_data[i].bitfield&(1<<_pid)))"
	line 284, "pan.___", state 510, "else"
	line 282, "pan.___", state 515, "((i<2))"
	line 282, "pan.___", state 515, "((i>=2))"
	line 249, "pan.___", state 523, "(1)"
	line 253, "pan.___", state 531, "(1)"
	line 253, "pan.___", state 532, "(!((cache_dirty_urcu_active_readers.bitfield&(1<<_pid))))"
	line 253, "pan.___", state 532, "else"
	line 251, "pan.___", state 537, "((i<1))"
	line 251, "pan.___", state 537, "((i>=1))"
	line 257, "pan.___", state 543, "(1)"
	line 257, "pan.___", state 544, "(!((cache_dirty_rcu_ptr.bitfield&(1<<_pid))))"
	line 257, "pan.___", state 544, "else"
	line 261, "pan.___", state 551, "(1)"
	line 261, "pan.___", state 552, "(!((cache_dirty_rcu_data[i].bitfield&(1<<_pid))))"
	line 261, "pan.___", state 552, "else"
	line 266, "pan.___", state 561, "(!((cache_dirty_urcu_gp_ctr.bitfield&(1<<_pid))))"
	line 266, "pan.___", state 561, "else"
	line 299, "pan.___", state 563, "((cache_dirty_urcu_gp_ctr.bitfield&(1<<_pid)))"
	line 299, "pan.___", state 563, "else"
	line 411, "pan.___", state 569, "cache_dirty_urcu_gp_ctr.bitfield = (cache_dirty_urcu_gp_ctr.bitfield&~((1<<_pid)))"
	line 420, "pan.___", state 601, "cache_dirty_rcu_ptr.bitfield = (cache_dirty_rcu_ptr.bitfield&~((1<<_pid)))"
	line 424, "pan.___", state 615, "cache_dirty_rcu_data[i].bitfield = (cache_dirty_rcu_data[i].bitfield&~((1<<_pid)))"
	line 249, "pan.___", state 633, "(1)"
	line 257, "pan.___", state 653, "(1)"
	line 261, "pan.___", state 661, "(1)"
	line 411, "pan.___", state 687, "cache_dirty_urcu_gp_ctr.bitfield = (cache_dirty_urcu_gp_ctr.bitfield&~((1<<_pid)))"
	line 420, "pan.___", state 719, "cache_dirty_rcu_ptr.bitfield = (cache_dirty_rcu_ptr.bitfield&~((1<<_pid)))"
	line 424, "pan.___", state 733, "cache_dirty_rcu_data[i].bitfield = (cache_dirty_rcu_data[i].bitfield&~((1<<_pid)))"
	line 249, "pan.___", state 751, "(1)"
	line 257, "pan.___", state 771, "(1)"
	line 261, "pan.___", state 779, "(1)"
	line 411, "pan.___", state 798, "cache_dirty_urcu_gp_ctr.bitfield = (cache_dirty_urcu_gp_ctr.bitfield&~((1<<_pid)))"
	line 411, "pan.___", state 800, "(1)"
	line 411, "pan.___", state 801, "((cache_dirty_urcu_gp_ctr.bitfield&(1<<_pid)))"
	line 411, "pan.___", state 801, "else"
	line 411, "pan.___", state 804, "(1)"
	line 415, "pan.___", state 812, "cache_dirty_urcu_active_readers.bitfield = (cache_dirty_urcu_active_readers.bitfield&~((1<<_pid)))"
	line 415, "pan.___", state 814, "(1)"
	line 415, "pan.___", state 815, "((cache_dirty_urcu_active_readers.bitfield&(1<<_pid)))"
	line 415, "pan.___", state 815, "else"
	line 415, "pan.___", state 818, "(1)"
	line 415, "pan.___", state 819, "(1)"
	line 415, "pan.___", state 819, "(1)"
	line 413, "pan.___", state 824, "((i<1))"
	line 413, "pan.___", state 824, "((i>=1))"
	line 420, "pan.___", state 830, "cache_dirty_rcu_ptr.bitfield = (cache_dirty_rcu_ptr.bitfield&~((1<<_pid)))"
	line 420, "pan.___", state 832, "(1)"
	line 420, "pan.___", state 833, "((cache_dirty_rcu_ptr.bitfield&(1<<_pid)))"
	line 420, "pan.___", state 833, "else"
	line 420, "pan.___", state 836, "(1)"
	line 420, "pan.___", state 837, "(1)"
	line 420, "pan.___", state 837, "(1)"
	line 424, "pan.___", state 844, "cache_dirty_rcu_data[i].bitfield = (cache_dirty_rcu_data[i].bitfield&~((1<<_pid)))"
	line 424, "pan.___", state 846, "(1)"
	line 424, "pan.___", state 847, "((cache_dirty_rcu_data[i].bitfield&(1<<_pid)))"
	line 424, "pan.___", state 847, "else"
	line 424, "pan.___", state 850, "(1)"
	line 424, "pan.___", state 851, "(1)"
	line 424, "pan.___", state 851, "(1)"
	line 422, "pan.___", state 856, "((i<2))"
	line 422, "pan.___", state 856, "((i>=2))"
	line 249, "pan.___", state 862, "(1)"
	line 253, "pan.___", state 870, "(1)"
	line 253, "pan.___", state 871, "(!((cache_dirty_urcu_active_readers.bitfield&(1<<_pid))))"
	line 253, "pan.___", state 871, "else"
	line 251, "pan.___", state 876, "((i<1))"
	line 251, "pan.___", state 876, "((i>=1))"
	line 257, "pan.___", state 882, "(1)"
	line 257, "pan.___", state 883, "(!((cache_dirty_rcu_ptr.bitfield&(1<<_pid))))"
	line 257, "pan.___", state 883, "else"
	line 261, "pan.___", state 890, "(1)"
	line 261, "pan.___", state 891, "(!((cache_dirty_rcu_data[i].bitfield&(1<<_pid))))"
	line 261, "pan.___", state 891, "else"
	line 259, "pan.___", state 896, "((i<2))"
	line 259, "pan.___", state 896, "((i>=2))"
	line 266, "pan.___", state 900, "(!((cache_dirty_urcu_gp_ctr.bitfield&(1<<_pid))))"
	line 266, "pan.___", state 900, "else"
	line 431, "pan.___", state 902, "(1)"
	line 431, "pan.___", state 902, "(1)"
	line 611, "pan.___", state 906, "_proc_urcu_reader = (_proc_urcu_reader|(1<<11))"
	line 411, "pan.___", state 911, "cache_dirty_urcu_gp_ctr.bitfield = (cache_dirty_urcu_gp_ctr.bitfield&~((1<<_pid)))"
	line 420, "pan.___", state 943, "cache_dirty_rcu_ptr.bitfield = (cache_dirty_rcu_ptr.bitfield&~((1<<_pid)))"
	line 424, "pan.___", state 957, "cache_dirty_rcu_data[i].bitfield = (cache_dirty_rcu_data[i].bitfield&~((1<<_pid)))"
	line 249, "pan.___", state 975, "(1)"
	line 257, "pan.___", state 995, "(1)"
	line 261, "pan.___", state 1003, "(1)"
	line 411, "pan.___", state 1025, "cache_dirty_urcu_gp_ctr.bitfield = (cache_dirty_urcu_gp_ctr.bitfield&~((1<<_pid)))"
	line 420, "pan.___", state 1057, "cache_dirty_rcu_ptr.bitfield = (cache_dirty_rcu_ptr.bitfield&~((1<<_pid)))"
	line 424, "pan.___", state 1071, "cache_dirty_rcu_data[i].bitfield = (cache_dirty_rcu_data[i].bitfield&~((1<<_pid)))"
	line 249, "pan.___", state 1089, "(1)"
	line 257, "pan.___", state 1109, "(1)"
	line 261, "pan.___", state 1117, "(1)"
	line 411, "pan.___", state 1140, "cache_dirty_urcu_gp_ctr.bitfield = (cache_dirty_urcu_gp_ctr.bitfield&~((1<<_pid)))"
	line 420, "pan.___", state 1172, "cache_dirty_rcu_ptr.bitfield = (cache_dirty_rcu_ptr.bitfield&~((1<<_pid)))"
	line 424, "pan.___", state 1186, "cache_dirty_rcu_data[i].bitfield = (cache_dirty_rcu_data[i].bitfield&~((1<<_pid)))"
	line 249, "pan.___", state 1204, "(1)"
	line 257, "pan.___", state 1224, "(1)"
	line 261, "pan.___", state 1232, "(1)"
	line 411, "pan.___", state 1251, "cache_dirty_urcu_gp_ctr.bitfield = (cache_dirty_urcu_gp_ctr.bitfield&~((1<<_pid)))"
	line 420, "pan.___", state 1283, "cache_dirty_rcu_ptr.bitfield = (cache_dirty_rcu_ptr.bitfield&~((1<<_pid)))"
	line 424, "pan.___", state 1297, "cache_dirty_rcu_data[i].bitfield = (cache_dirty_rcu_data[i].bitfield&~((1<<_pid)))"
	line 249, "pan.___", state 1315, "(1)"
	line 257, "pan.___", state 1335, "(1)"
	line 261, "pan.___", state 1343, "(1)"
	line 272, "pan.___", state 1364, "cache_dirty_urcu_gp_ctr.bitfield = (cache_dirty_urcu_gp_ctr.bitfield&~((1<<_pid)))"
	line 272, "pan.___", state 1366, "(1)"
	line 276, "pan.___", state 1373, "cache_dirty_urcu_active_readers.bitfield = (cache_dirty_urcu_active_readers.bitfield&~((1<<_pid)))"
	line 276, "pan.___", state 1375, "(1)"
	line 276, "pan.___", state 1376, "((cache_dirty_urcu_active_readers.bitfield&(1<<_pid)))"
	line 276, "pan.___", state 1376, "else"
	line 274, "pan.___", state 1381, "((i<1))"
	line 274, "pan.___", state 1381, "((i>=1))"
	line 280, "pan.___", state 1386, "cache_dirty_rcu_ptr.bitfield = (cache_dirty_rcu_ptr.bitfield&~((1<<_pid)))"
	line 280, "pan.___", state 1388, "(1)"
	line 280, "pan.___", state 1389, "((cache_dirty_rcu_ptr.bitfield&(1<<_pid)))"
	line 280, "pan.___", state 1389, "else"
	line 284, "pan.___", state 1395, "cache_dirty_rcu_data[i].bitfield = (cache_dirty_rcu_data[i].bitfield&~((1<<_pid)))"
	line 284, "pan.___", state 1397, "(1)"
	line 284, "pan.___", state 1398, "((cache_dirty_rcu_data[i].bitfield&(1<<_pid)))"
	line 284, "pan.___", state 1398, "else"
	line 282, "pan.___", state 1403, "((i<2))"
	line 282, "pan.___", state 1403, "((i>=2))"
	line 249, "pan.___", state 1411, "(1)"
	line 253, "pan.___", state 1419, "(1)"
	line 253, "pan.___", state 1420, "(!((cache_dirty_urcu_active_readers.bitfield&(1<<_pid))))"
	line 253, "pan.___", state 1420, "else"
	line 251, "pan.___", state 1425, "((i<1))"
	line 251, "pan.___", state 1425, "((i>=1))"
	line 257, "pan.___", state 1431, "(1)"
	line 257, "pan.___", state 1432, "(!((cache_dirty_rcu_ptr.bitfield&(1<<_pid))))"
	line 257, "pan.___", state 1432, "else"
	line 261, "pan.___", state 1439, "(1)"
	line 261, "pan.___", state 1440, "(!((cache_dirty_rcu_data[i].bitfield&(1<<_pid))))"
	line 261, "pan.___", state 1440, "else"
	line 266, "pan.___", state 1449, "(!((cache_dirty_urcu_gp_ctr.bitfield&(1<<_pid))))"
	line 266, "pan.___", state 1449, "else"
	line 299, "pan.___", state 1451, "((cache_dirty_urcu_gp_ctr.bitfield&(1<<_pid)))"
	line 299, "pan.___", state 1451, "else"
	line 411, "pan.___", state 1457, "cache_dirty_urcu_gp_ctr.bitfield = (cache_dirty_urcu_gp_ctr.bitfield&~((1<<_pid)))"
	line 420, "pan.___", state 1489, "cache_dirty_rcu_ptr.bitfield = (cache_dirty_rcu_ptr.bitfield&~((1<<_pid)))"
	line 424, "pan.___", state 1503, "cache_dirty_rcu_data[i].bitfield = (cache_dirty_rcu_data[i].bitfield&~((1<<_pid)))"
	line 249, "pan.___", state 1521, "(1)"
	line 257, "pan.___", state 1541, "(1)"
	line 261, "pan.___", state 1549, "(1)"
	line 411, "pan.___", state 1568, "cache_dirty_urcu_gp_ctr.bitfield = (cache_dirty_urcu_gp_ctr.bitfield&~((1<<_pid)))"
	line 420, "pan.___", state 1600, "cache_dirty_rcu_ptr.bitfield = (cache_dirty_rcu_ptr.bitfield&~((1<<_pid)))"
	line 424, "pan.___", state 1614, "cache_dirty_rcu_data[i].bitfield = (cache_dirty_rcu_data[i].bitfield&~((1<<_pid)))"
	line 249, "pan.___", state 1632, "(1)"
	line 257, "pan.___", state 1652, "(1)"
	line 261, "pan.___", state 1660, "(1)"
	line 411, "pan.___", state 1682, "cache_dirty_urcu_gp_ctr.bitfield = (cache_dirty_urcu_gp_ctr.bitfield&~((1<<_pid)))"
	line 420, "pan.___", state 1714, "cache_dirty_rcu_ptr.bitfield = (cache_dirty_rcu_ptr.bitfield&~((1<<_pid)))"
	line 424, "pan.___", state 1728, "cache_dirty_rcu_data[i].bitfield = (cache_dirty_rcu_data[i].bitfield&~((1<<_pid)))"
	line 249, "pan.___", state 1746, "(1)"
	line 257, "pan.___", state 1766, "(1)"
	line 261, "pan.___", state 1774, "(1)"
	line 650, "pan.___", state 1793, "_proc_urcu_reader = (_proc_urcu_reader|((1<<2)<<19))"
	line 411, "pan.___", state 1800, "cache_dirty_urcu_gp_ctr.bitfield = (cache_dirty_urcu_gp_ctr.bitfield&~((1<<_pid)))"
	line 420, "pan.___", state 1832, "cache_dirty_rcu_ptr.bitfield = (cache_dirty_rcu_ptr.bitfield&~((1<<_pid)))"
	line 424, "pan.___", state 1846, "cache_dirty_rcu_data[i].bitfield = (cache_dirty_rcu_data[i].bitfield&~((1<<_pid)))"
	line 249, "pan.___", state 1864, "(1)"
	line 257, "pan.___", state 1884, "(1)"
	line 261, "pan.___", state 1892, "(1)"
	line 411, "pan.___", state 1911, "cache_dirty_urcu_gp_ctr.bitfield = (cache_dirty_urcu_gp_ctr.bitfield&~((1<<_pid)))"
	line 420, "pan.___", state 1943, "cache_dirty_rcu_ptr.bitfield = (cache_dirty_rcu_ptr.bitfield&~((1<<_pid)))"
	line 424, "pan.___", state 1957, "cache_dirty_rcu_data[i].bitfield = (cache_dirty_rcu_data[i].bitfield&~((1<<_pid)))"
	line 249, "pan.___", state 1975, "(1)"
	line 257, "pan.___", state 1995, "(1)"
	line 261, "pan.___", state 2003, "(1)"
	line 411, "pan.___", state 2024, "cache_dirty_urcu_gp_ctr.bitfield = (cache_dirty_urcu_gp_ctr.bitfield&~((1<<_pid)))"
	line 411, "pan.___", state 2026, "(1)"
	line 411, "pan.___", state 2027, "((cache_dirty_urcu_gp_ctr.bitfield&(1<<_pid)))"
	line 411, "pan.___", state 2027, "else"
	line 411, "pan.___", state 2030, "(1)"
	line 415, "pan.___", state 2038, "cache_dirty_urcu_active_readers.bitfield = (cache_dirty_urcu_active_readers.bitfield&~((1<<_pid)))"
	line 415, "pan.___", state 2040, "(1)"
	line 415, "pan.___", state 2041, "((cache_dirty_urcu_active_readers.bitfield&(1<<_pid)))"
	line 415, "pan.___", state 2041, "else"
	line 415, "pan.___", state 2044, "(1)"
	line 415, "pan.___", state 2045, "(1)"
	line 415, "pan.___", state 2045, "(1)"
	line 413, "pan.___", state 2050, "((i<1))"
	line 413, "pan.___", state 2050, "((i>=1))"
	line 420, "pan.___", state 2056, "cache_dirty_rcu_ptr.bitfield = (cache_dirty_rcu_ptr.bitfield&~((1<<_pid)))"
	line 420, "pan.___", state 2058, "(1)"
	line 420, "pan.___", state 2059, "((cache_dirty_rcu_ptr.bitfield&(1<<_pid)))"
	line 420, "pan.___", state 2059, "else"
	line 420, "pan.___", state 2062, "(1)"
	line 420, "pan.___", state 2063, "(1)"
	line 420, "pan.___", state 2063, "(1)"
	line 424, "pan.___", state 2070, "cache_dirty_rcu_data[i].bitfield = (cache_dirty_rcu_data[i].bitfield&~((1<<_pid)))"
	line 424, "pan.___", state 2072, "(1)"
	line 424, "pan.___", state 2073, "((cache_dirty_rcu_data[i].bitfield&(1<<_pid)))"
	line 424, "pan.___", state 2073, "else"
	line 424, "pan.___", state 2076, "(1)"
	line 424, "pan.___", state 2077, "(1)"
	line 424, "pan.___", state 2077, "(1)"
	line 422, "pan.___", state 2082, "((i<2))"
	line 422, "pan.___", state 2082, "((i>=2))"
	line 249, "pan.___", state 2088, "(1)"
	line 253, "pan.___", state 2096, "(1)"
	line 253, "pan.___", state 2097, "(!((cache_dirty_urcu_active_readers.bitfield&(1<<_pid))))"
	line 253, "pan.___", state 2097, "else"
	line 251, "pan.___", state 2102, "((i<1))"
	line 251, "pan.___", state 2102, "((i>=1))"
	line 257, "pan.___", state 2108, "(1)"
	line 257, "pan.___", state 2109, "(!((cache_dirty_rcu_ptr.bitfield&(1<<_pid))))"
	line 257, "pan.___", state 2109, "else"
	line 261, "pan.___", state 2116, "(1)"
	line 261, "pan.___", state 2117, "(!((cache_dirty_rcu_data[i].bitfield&(1<<_pid))))"
	line 261, "pan.___", state 2117, "else"
	line 259, "pan.___", state 2122, "((i<2))"
	line 259, "pan.___", state 2122, "((i>=2))"
	line 266, "pan.___", state 2126, "(!((cache_dirty_urcu_gp_ctr.bitfield&(1<<_pid))))"
	line 266, "pan.___", state 2126, "else"
	line 431, "pan.___", state 2128, "(1)"
	line 431, "pan.___", state 2128, "(1)"
	line 650, "pan.___", state 2131, "cached_urcu_active_readers.val[_pid] = (tmp+1)"
	line 650, "pan.___", state 2132, "_proc_urcu_reader = (_proc_urcu_reader|(1<<23))"
	line 650, "pan.___", state 2133, "(1)"
	line 272, "pan.___", state 2137, "cache_dirty_urcu_gp_ctr.bitfield = (cache_dirty_urcu_gp_ctr.bitfield&~((1<<_pid)))"
	line 272, "pan.___", state 2139, "(1)"
	line 276, "pan.___", state 2146, "cache_dirty_urcu_active_readers.bitfield = (cache_dirty_urcu_active_readers.bitfield&~((1<<_pid)))"
	line 276, "pan.___", state 2148, "(1)"
	line 276, "pan.___", state 2149, "((cache_dirty_urcu_active_readers.bitfield&(1<<_pid)))"
	line 276, "pan.___", state 2149, "else"
	line 274, "pan.___", state 2154, "((i<1))"
	line 274, "pan.___", state 2154, "((i>=1))"
	line 280, "pan.___", state 2159, "cache_dirty_rcu_ptr.bitfield = (cache_dirty_rcu_ptr.bitfield&~((1<<_pid)))"
	line 280, "pan.___", state 2161, "(1)"
	line 280, "pan.___", state 2162, "((cache_dirty_rcu_ptr.bitfield&(1<<_pid)))"
	line 280, "pan.___", state 2162, "else"
	line 284, "pan.___", state 2168, "cache_dirty_rcu_data[i].bitfield = (cache_dirty_rcu_data[i].bitfield&~((1<<_pid)))"
	line 284, "pan.___", state 2170, "(1)"
	line 284, "pan.___", state 2171, "((cache_dirty_rcu_data[i].bitfield&(1<<_pid)))"
	line 284, "pan.___", state 2171, "else"
	line 282, "pan.___", state 2176, "((i<2))"
	line 282, "pan.___", state 2176, "((i>=2))"
	line 249, "pan.___", state 2184, "(1)"
	line 253, "pan.___", state 2192, "(1)"
	line 253, "pan.___", state 2193, "(!((cache_dirty_urcu_active_readers.bitfield&(1<<_pid))))"
	line 253, "pan.___", state 2193, "else"
	line 251, "pan.___", state 2198, "((i<1))"
	line 251, "pan.___", state 2198, "((i>=1))"
	line 257, "pan.___", state 2204, "(1)"
	line 257, "pan.___", state 2205, "(!((cache_dirty_rcu_ptr.bitfield&(1<<_pid))))"
	line 257, "pan.___", state 2205, "else"
	line 261, "pan.___", state 2212, "(1)"
	line 261, "pan.___", state 2213, "(!((cache_dirty_rcu_data[i].bitfield&(1<<_pid))))"
	line 261, "pan.___", state 2213, "else"
	line 266, "pan.___", state 2222, "(!((cache_dirty_urcu_gp_ctr.bitfield&(1<<_pid))))"
	line 266, "pan.___", state 2222, "else"
	line 299, "pan.___", state 2224, "((cache_dirty_urcu_gp_ctr.bitfield&(1<<_pid)))"
	line 299, "pan.___", state 2224, "else"
	line 411, "pan.___", state 2230, "cache_dirty_urcu_gp_ctr.bitfield = (cache_dirty_urcu_gp_ctr.bitfield&~((1<<_pid)))"
	line 420, "pan.___", state 2262, "cache_dirty_rcu_ptr.bitfield = (cache_dirty_rcu_ptr.bitfield&~((1<<_pid)))"
	line 424, "pan.___", state 2276, "cache_dirty_rcu_data[i].bitfield = (cache_dirty_rcu_data[i].bitfield&~((1<<_pid)))"
	line 249, "pan.___", state 2294, "(1)"
	line 257, "pan.___", state 2314, "(1)"
	line 261, "pan.___", state 2322, "(1)"
	line 272, "pan.___", state 2344, "cache_dirty_urcu_gp_ctr.bitfield = (cache_dirty_urcu_gp_ctr.bitfield&~((1<<_pid)))"
	line 272, "pan.___", state 2346, "(1)"
	line 276, "pan.___", state 2353, "cache_dirty_urcu_active_readers.bitfield = (cache_dirty_urcu_active_readers.bitfield&~((1<<_pid)))"
	line 276, "pan.___", state 2355, "(1)"
	line 276, "pan.___", state 2356, "((cache_dirty_urcu_active_readers.bitfield&(1<<_pid)))"
	line 276, "pan.___", state 2356, "else"
	line 274, "pan.___", state 2361, "((i<1))"
	line 274, "pan.___", state 2361, "((i>=1))"
	line 280, "pan.___", state 2366, "cache_dirty_rcu_ptr.bitfield = (cache_dirty_rcu_ptr.bitfield&~((1<<_pid)))"
	line 280, "pan.___", state 2368, "(1)"
	line 280, "pan.___", state 2369, "((cache_dirty_rcu_ptr.bitfield&(1<<_pid)))"
	line 280, "pan.___", state 2369, "else"
	line 284, "pan.___", state 2375, "cache_dirty_rcu_data[i].bitfield = (cache_dirty_rcu_data[i].bitfield&~((1<<_pid)))"
	line 284, "pan.___", state 2377, "(1)"
	line 284, "pan.___", state 2378, "((cache_dirty_rcu_data[i].bitfield&(1<<_pid)))"
	line 284, "pan.___", state 2378, "else"
	line 282, "pan.___", state 2383, "((i<2))"
	line 282, "pan.___", state 2383, "((i>=2))"
	line 249, "pan.___", state 2391, "(1)"
	line 253, "pan.___", state 2399, "(1)"
	line 253, "pan.___", state 2400, "(!((cache_dirty_urcu_active_readers.bitfield&(1<<_pid))))"
	line 253, "pan.___", state 2400, "else"
	line 251, "pan.___", state 2405, "((i<1))"
	line 251, "pan.___", state 2405, "((i>=1))"
	line 257, "pan.___", state 2411, "(1)"
	line 257, "pan.___", state 2412, "(!((cache_dirty_rcu_ptr.bitfield&(1<<_pid))))"
	line 257, "pan.___", state 2412, "else"
	line 261, "pan.___", state 2419, "(1)"
	line 261, "pan.___", state 2420, "(!((cache_dirty_rcu_data[i].bitfield&(1<<_pid))))"
	line 261, "pan.___", state 2420, "else"
	line 266, "pan.___", state 2429, "(!((cache_dirty_urcu_gp_ctr.bitfield&(1<<_pid))))"
	line 266, "pan.___", state 2429, "else"
	line 299, "pan.___", state 2431, "((cache_dirty_urcu_gp_ctr.bitfield&(1<<_pid)))"
	line 299, "pan.___", state 2431, "else"
	line 411, "pan.___", state 2437, "cache_dirty_urcu_gp_ctr.bitfield = (cache_dirty_urcu_gp_ctr.bitfield&~((1<<_pid)))"
	line 420, "pan.___", state 2469, "cache_dirty_rcu_ptr.bitfield = (cache_dirty_rcu_ptr.bitfield&~((1<<_pid)))"
	line 424, "pan.___", state 2483, "cache_dirty_rcu_data[i].bitfield = (cache_dirty_rcu_data[i].bitfield&~((1<<_pid)))"
	line 249, "pan.___", state 2501, "(1)"
	line 257, "pan.___", state 2521, "(1)"
	line 261, "pan.___", state 2529, "(1)"
	line 411, "pan.___", state 2548, "cache_dirty_urcu_gp_ctr.bitfield = (cache_dirty_urcu_gp_ctr.bitfield&~((1<<_pid)))"
	line 420, "pan.___", state 2580, "cache_dirty_rcu_ptr.bitfield = (cache_dirty_rcu_ptr.bitfield&~((1<<_pid)))"
	line 424, "pan.___", state 2594, "cache_dirty_rcu_data[i].bitfield = (cache_dirty_rcu_data[i].bitfield&~((1<<_pid)))"
	line 249, "pan.___", state 2612, "(1)"
	line 257, "pan.___", state 2632, "(1)"
	line 261, "pan.___", state 2640, "(1)"
	line 249, "pan.___", state 2671, "(1)"
	line 257, "pan.___", state 2691, "(1)"
	line 261, "pan.___", state 2699, "(1)"
	line 249, "pan.___", state 2714, "(1)"
	line 257, "pan.___", state 2734, "(1)"
	line 261, "pan.___", state 2742, "(1)"
	line 898, "pan.___", state 2759, "-end-"
	(306 of 2759 states)
unreached in proctype urcu_writer
	line 411, "pan.___", state 20, "cache_dirty_urcu_gp_ctr.bitfield = (cache_dirty_urcu_gp_ctr.bitfield&~((1<<_pid)))"
	line 411, "pan.___", state 26, "(1)"
	line 415, "pan.___", state 34, "cache_dirty_urcu_active_readers.bitfield = (cache_dirty_urcu_active_readers.bitfield&~((1<<_pid)))"
	line 415, "pan.___", state 40, "(1)"
	line 415, "pan.___", state 41, "(1)"
	line 415, "pan.___", state 41, "(1)"
	line 413, "pan.___", state 46, "((i<1))"
	line 413, "pan.___", state 46, "((i>=1))"
	line 420, "pan.___", state 52, "cache_dirty_rcu_ptr.bitfield = (cache_dirty_rcu_ptr.bitfield&~((1<<_pid)))"
	line 420, "pan.___", state 58, "(1)"
	line 420, "pan.___", state 59, "(1)"
	line 420, "pan.___", state 59, "(1)"
	line 424, "pan.___", state 72, "(1)"
	line 424, "pan.___", state 73, "(1)"
	line 424, "pan.___", state 73, "(1)"
	line 422, "pan.___", state 78, "((i<2))"
	line 422, "pan.___", state 78, "((i>=2))"
	line 249, "pan.___", state 84, "(1)"
	line 253, "pan.___", state 92, "(1)"
	line 253, "pan.___", state 93, "(!((cache_dirty_urcu_active_readers.bitfield&(1<<_pid))))"
	line 253, "pan.___", state 93, "else"
	line 251, "pan.___", state 98, "((i<1))"
	line 251, "pan.___", state 98, "((i>=1))"
	line 257, "pan.___", state 104, "(1)"
	line 257, "pan.___", state 105, "(!((cache_dirty_rcu_ptr.bitfield&(1<<_pid))))"
	line 257, "pan.___", state 105, "else"
	line 261, "pan.___", state 112, "(1)"
	line 261, "pan.___", state 113, "(!((cache_dirty_rcu_data[i].bitfield&(1<<_pid))))"
	line 261, "pan.___", state 113, "else"
	line 259, "pan.___", state 118, "((i<2))"
	line 259, "pan.___", state 118, "((i>=2))"
	line 266, "pan.___", state 122, "(!((cache_dirty_urcu_gp_ctr.bitfield&(1<<_pid))))"
	line 266, "pan.___", state 122, "else"
	line 431, "pan.___", state 124, "(1)"
	line 431, "pan.___", state 124, "(1)"
	line 272, "pan.___", state 133, "cache_dirty_urcu_gp_ctr.bitfield = (cache_dirty_urcu_gp_ctr.bitfield&~((1<<_pid)))"
	line 276, "pan.___", state 142, "cache_dirty_urcu_active_readers.bitfield = (cache_dirty_urcu_active_readers.bitfield&~((1<<_pid)))"
	line 274, "pan.___", state 150, "((i<1))"
	line 274, "pan.___", state 150, "((i>=1))"
	line 280, "pan.___", state 155, "cache_dirty_rcu_ptr.bitfield = (cache_dirty_rcu_ptr.bitfield&~((1<<_pid)))"
	line 1021, "pan.___", state 183, "old_data = cached_rcu_ptr.val[_pid]"
	line 1032, "pan.___", state 187, "_proc_urcu_writer = (_proc_urcu_writer|(1<<4))"
	line 411, "pan.___", state 195, "cache_dirty_urcu_gp_ctr.bitfield = (cache_dirty_urcu_gp_ctr.bitfield&~((1<<_pid)))"
	line 411, "pan.___", state 201, "(1)"
	line 415, "pan.___", state 209, "cache_dirty_urcu_active_readers.bitfield = (cache_dirty_urcu_active_readers.bitfield&~((1<<_pid)))"
	line 415, "pan.___", state 215, "(1)"
	line 415, "pan.___", state 216, "(1)"
	line 415, "pan.___", state 216, "(1)"
	line 420, "pan.___", state 229, "(1)"
	line 424, "pan.___", state 241, "cache_dirty_rcu_data[i].bitfield = (cache_dirty_rcu_data[i].bitfield&~((1<<_pid)))"
	line 249, "pan.___", state 259, "(1)"
	line 253, "pan.___", state 267, "(1)"
	line 261, "pan.___", state 287, "(1)"
	line 431, "pan.___", state 299, "(1)"
	line 431, "pan.___", state 299, "(1)"
	line 415, "pan.___", state 322, "cache_dirty_urcu_active_readers.bitfield = (cache_dirty_urcu_active_readers.bitfield&~((1<<_pid)))"
	line 424, "pan.___", state 354, "cache_dirty_rcu_data[i].bitfield = (cache_dirty_rcu_data[i].bitfield&~((1<<_pid)))"
	line 253, "pan.___", state 380, "(1)"
	line 261, "pan.___", state 400, "(1)"
	line 415, "pan.___", state 443, "cache_dirty_urcu_active_readers.bitfield = (cache_dirty_urcu_active_readers.bitfield&~((1<<_pid)))"
	line 253, "pan.___", state 501, "(1)"
	line 415, "pan.___", state 554, "cache_dirty_urcu_active_readers.bitfield = (cache_dirty_urcu_active_readers.bitfield&~((1<<_pid)))"
	line 253, "pan.___", state 612, "(1)"
	line 415, "pan.___", state 667, "cache_dirty_urcu_active_readers.bitfield = (cache_dirty_urcu_active_readers.bitfield&~((1<<_pid)))"
	line 424, "pan.___", state 699, "cache_dirty_rcu_data[i].bitfield = (cache_dirty_rcu_data[i].bitfield&~((1<<_pid)))"
	line 253, "pan.___", state 725, "(1)"
	line 261, "pan.___", state 745, "(1)"
	line 1168, "pan.___", state 770, "_proc_urcu_writer = (_proc_urcu_writer|(1<<13))"
	line 272, "pan.___", state 798, "cache_dirty_urcu_gp_ctr.bitfield = (cache_dirty_urcu_gp_ctr.bitfield&~((1<<_pid)))"
	line 272, "pan.___", state 800, "(1)"
	line 276, "pan.___", state 807, "cache_dirty_urcu_active_readers.bitfield = (cache_dirty_urcu_active_readers.bitfield&~((1<<_pid)))"
	line 276, "pan.___", state 809, "(1)"
	line 276, "pan.___", state 810, "((cache_dirty_urcu_active_readers.bitfield&(1<<_pid)))"
	line 276, "pan.___", state 810, "else"
	line 274, "pan.___", state 815, "((i<1))"
	line 274, "pan.___", state 815, "((i>=1))"
	line 280, "pan.___", state 820, "cache_dirty_rcu_ptr.bitfield = (cache_dirty_rcu_ptr.bitfield&~((1<<_pid)))"
	line 280, "pan.___", state 822, "(1)"
	line 280, "pan.___", state 823, "((cache_dirty_rcu_ptr.bitfield&(1<<_pid)))"
	line 280, "pan.___", state 823, "else"
	line 284, "pan.___", state 829, "cache_dirty_rcu_data[i].bitfield = (cache_dirty_rcu_data[i].bitfield&~((1<<_pid)))"
	line 284, "pan.___", state 831, "(1)"
	line 284, "pan.___", state 832, "((cache_dirty_rcu_data[i].bitfield&(1<<_pid)))"
	line 284, "pan.___", state 832, "else"
	line 282, "pan.___", state 837, "((i<2))"
	line 282, "pan.___", state 837, "((i>=2))"
	line 249, "pan.___", state 845, "(1)"
	line 253, "pan.___", state 853, "(1)"
	line 253, "pan.___", state 854, "(!((cache_dirty_urcu_active_readers.bitfield&(1<<_pid))))"
	line 253, "pan.___", state 854, "else"
	line 251, "pan.___", state 859, "((i<1))"
	line 251, "pan.___", state 859, "((i>=1))"
	line 257, "pan.___", state 865, "(1)"
	line 257, "pan.___", state 866, "(!((cache_dirty_rcu_ptr.bitfield&(1<<_pid))))"
	line 257, "pan.___", state 866, "else"
	line 261, "pan.___", state 873, "(1)"
	line 261, "pan.___", state 874, "(!((cache_dirty_rcu_data[i].bitfield&(1<<_pid))))"
	line 261, "pan.___", state 874, "else"
	line 266, "pan.___", state 883, "(!((cache_dirty_urcu_gp_ctr.bitfield&(1<<_pid))))"
	line 266, "pan.___", state 883, "else"
	line 299, "pan.___", state 885, "((cache_dirty_urcu_gp_ctr.bitfield&(1<<_pid)))"
	line 299, "pan.___", state 885, "else"
	line 276, "pan.___", state 898, "cache_dirty_urcu_active_readers.bitfield = (cache_dirty_urcu_active_readers.bitfield&~((1<<_pid)))"
	line 280, "pan.___", state 911, "cache_dirty_rcu_ptr.bitfield = (cache_dirty_rcu_ptr.bitfield&~((1<<_pid)))"
	line 284, "pan.___", state 920, "cache_dirty_rcu_data[i].bitfield = (cache_dirty_rcu_data[i].bitfield&~((1<<_pid)))"
	line 249, "pan.___", state 936, "(1)"
	line 253, "pan.___", state 944, "(1)"
	line 257, "pan.___", state 956, "(1)"
	line 261, "pan.___", state 964, "(1)"
	line 276, "pan.___", state 989, "cache_dirty_urcu_active_readers.bitfield = (cache_dirty_urcu_active_readers.bitfield&~((1<<_pid)))"
	line 284, "pan.___", state 1011, "cache_dirty_rcu_data[i].bitfield = (cache_dirty_rcu_data[i].bitfield&~((1<<_pid)))"
	line 249, "pan.___", state 1027, "(1)"
	line 253, "pan.___", state 1035, "(1)"
	line 257, "pan.___", state 1047, "(1)"
	line 261, "pan.___", state 1055, "(1)"
	line 272, "pan.___", state 1071, "cache_dirty_urcu_gp_ctr.bitfield = (cache_dirty_urcu_gp_ctr.bitfield&~((1<<_pid)))"
	line 272, "pan.___", state 1073, "(1)"
	line 276, "pan.___", state 1080, "cache_dirty_urcu_active_readers.bitfield = (cache_dirty_urcu_active_readers.bitfield&~((1<<_pid)))"
	line 276, "pan.___", state 1082, "(1)"
	line 276, "pan.___", state 1083, "((cache_dirty_urcu_active_readers.bitfield&(1<<_pid)))"
	line 276, "pan.___", state 1083, "else"
	line 274, "pan.___", state 1088, "((i<1))"
	line 274, "pan.___", state 1088, "((i>=1))"
	line 280, "pan.___", state 1093, "cache_dirty_rcu_ptr.bitfield = (cache_dirty_rcu_ptr.bitfield&~((1<<_pid)))"
	line 280, "pan.___", state 1095, "(1)"
	line 280, "pan.___", state 1096, "((cache_dirty_rcu_ptr.bitfield&(1<<_pid)))"
	line 280, "pan.___", state 1096, "else"
	line 284, "pan.___", state 1102, "cache_dirty_rcu_data[i].bitfield = (cache_dirty_rcu_data[i].bitfield&~((1<<_pid)))"
	line 284, "pan.___", state 1104, "(1)"
	line 284, "pan.___", state 1105, "((cache_dirty_rcu_data[i].bitfield&(1<<_pid)))"
	line 284, "pan.___", state 1105, "else"
	line 282, "pan.___", state 1110, "((i<2))"
	line 282, "pan.___", state 1110, "((i>=2))"
	line 249, "pan.___", state 1118, "(1)"
	line 253, "pan.___", state 1126, "(1)"
	line 253, "pan.___", state 1127, "(!((cache_dirty_urcu_active_readers.bitfield&(1<<_pid))))"
	line 253, "pan.___", state 1127, "else"
	line 251, "pan.___", state 1132, "((i<1))"
	line 251, "pan.___", state 1132, "((i>=1))"
	line 257, "pan.___", state 1138, "(1)"
	line 257, "pan.___", state 1139, "(!((cache_dirty_rcu_ptr.bitfield&(1<<_pid))))"
	line 257, "pan.___", state 1139, "else"
	line 261, "pan.___", state 1146, "(1)"
	line 261, "pan.___", state 1147, "(!((cache_dirty_rcu_data[i].bitfield&(1<<_pid))))"
	line 261, "pan.___", state 1147, "else"
	line 266, "pan.___", state 1156, "(!((cache_dirty_urcu_gp_ctr.bitfield&(1<<_pid))))"
	line 266, "pan.___", state 1156, "else"
	line 299, "pan.___", state 1158, "((cache_dirty_urcu_gp_ctr.bitfield&(1<<_pid)))"
	line 299, "pan.___", state 1158, "else"
	line 1237, "pan.___", state 1161, "-end-"
	(113 of 1161 states)
unreached in proctype :init:
	line 1248, "pan.___", state 9, "((j<2))"
	line 1248, "pan.___", state 9, "((j>=2))"
	line 1249, "pan.___", state 20, "((j<2))"
	line 1249, "pan.___", state 20, "((j>=2))"
	line 1254, "pan.___", state 33, "((j<2))"
	line 1254, "pan.___", state 33, "((j>=2))"
	line 1252, "pan.___", state 43, "((i<1))"
	line 1252, "pan.___", state 43, "((i>=1))"
	line 1262, "pan.___", state 54, "((j<2))"
	line 1262, "pan.___", state 54, "((j>=2))"
	line 1266, "pan.___", state 67, "((j<2))"
	line 1266, "pan.___", state 67, "((j>=2))"
	(6 of 78 states)
unreached in proctype :never:
	line 1300, "pan.___", state 8, "-end-"
	(1 of 8 states)

pan: elapsed time 933 seconds
pan: rate 17076.039 states/second
pan: avg transition delay 2.7284e-06 usec
cp .input.spin urcu_free_no_mb.spin.input
cp .input.spin.trail urcu_free_no_mb.spin.input.trail
make[1]: Leaving directory `/home/compudj/doc/userspace-rcu/formal-model/urcu-controldataflow-intel-no-ipi'
