make[1]: Entering directory `/home/compudj/doc/userspace-rcu/formal-model/urcu-controldataflow-intel-no-ipi'
rm -f pan* trail.out .input.spin* *.spin.trail .input.define
touch .input.define
cat .input.define >> pan.ltl
cat DEFINES >> pan.ltl
spin -f "!(`cat urcu_free.ltl | grep -v ^//`)" >> pan.ltl
cp urcu_free_single_flip.define .input.define
cat .input.define > .input.spin
cat DEFINES >> .input.spin
cat urcu.spin >> .input.spin
rm -f .input.spin.trail
spin -a -X -N pan.ltl .input.spin
Exit-Status 0
gcc -O2 -w -DHASH64 -o pan pan.c
./pan -a -v -c1 -X -m10000000 -w20
warning: for p.o. reduction to be valid the never claim must be stutter-invariant
(never claims generated from LTL formulae are stutter-invariant)
depth 0: Claim reached state 5 (line 1295)
Depth=    5162 States=    1e+06 Transitions= 1.79e+07 Memory=   550.334	t=     49 R=   2e+04
pan: claim violated! (at depth 1059)
pan: wrote .input.spin.trail

(Spin Version 5.1.7 -- 23 December 2008)
Warning: Search not completed
	+ Partial Order Reduction

Full statespace search for:
	never claim         	+
	assertion violations	+ (if within scope of claim)
	acceptance   cycles 	+ (fairness disabled)
	invalid end states	- (disabled by never claim)

State-vector 88 byte, depth reached 5162, errors: 1
  1708535 states, stored
 29763099 states, matched
 31471634 transitions (= stored+matched)
4.8935629e+08 atomic steps
hash conflicts:  14510834 (resolved)

Stats on memory usage (in Megabytes):
  189.009	equivalent memory usage for states (stored*(State-vector + overhead))
  144.122	actual memory usage for states (compression: 76.25%)
         	state-vector as stored = 60 byte + 28 byte overhead
    8.000	memory used for hash table (-w20)
  457.764	memory used for DFS stack (-m10000000)
  609.807	total actual memory usage

unreached in proctype urcu_reader
	line 411, "pan.___", state 17, "cache_dirty_urcu_gp_ctr.bitfield = (cache_dirty_urcu_gp_ctr.bitfield&~((1<<_pid)))"
	line 420, "pan.___", state 49, "cache_dirty_rcu_ptr.bitfield = (cache_dirty_rcu_ptr.bitfield&~((1<<_pid)))"
	line 424, "pan.___", state 63, "cache_dirty_rcu_data[i].bitfield = (cache_dirty_rcu_data[i].bitfield&~((1<<_pid)))"
	line 249, "pan.___", state 81, "(1)"
	line 257, "pan.___", state 101, "(1)"
	line 261, "pan.___", state 109, "(1)"
	line 597, "pan.___", state 128, "_proc_urcu_reader = (_proc_urcu_reader|((1<<2)<<1))"
	line 411, "pan.___", state 135, "cache_dirty_urcu_gp_ctr.bitfield = (cache_dirty_urcu_gp_ctr.bitfield&~((1<<_pid)))"
	line 420, "pan.___", state 167, "cache_dirty_rcu_ptr.bitfield = (cache_dirty_rcu_ptr.bitfield&~((1<<_pid)))"
	line 424, "pan.___", state 181, "cache_dirty_rcu_data[i].bitfield = (cache_dirty_rcu_data[i].bitfield&~((1<<_pid)))"
	line 249, "pan.___", state 199, "(1)"
	line 257, "pan.___", state 219, "(1)"
	line 261, "pan.___", state 227, "(1)"
	line 411, "pan.___", state 246, "cache_dirty_urcu_gp_ctr.bitfield = (cache_dirty_urcu_gp_ctr.bitfield&~((1<<_pid)))"
	line 420, "pan.___", state 278, "cache_dirty_rcu_ptr.bitfield = (cache_dirty_rcu_ptr.bitfield&~((1<<_pid)))"
	line 424, "pan.___", state 292, "cache_dirty_rcu_data[i].bitfield = (cache_dirty_rcu_data[i].bitfield&~((1<<_pid)))"
	line 249, "pan.___", state 310, "(1)"
	line 257, "pan.___", state 330, "(1)"
	line 261, "pan.___", state 338, "(1)"
	line 411, "pan.___", state 359, "cache_dirty_urcu_gp_ctr.bitfield = (cache_dirty_urcu_gp_ctr.bitfield&~((1<<_pid)))"
	line 411, "pan.___", state 361, "(1)"
	line 411, "pan.___", state 362, "((cache_dirty_urcu_gp_ctr.bitfield&(1<<_pid)))"
	line 411, "pan.___", state 362, "else"
	line 411, "pan.___", state 365, "(1)"
	line 415, "pan.___", state 373, "cache_dirty_urcu_active_readers.bitfield = (cache_dirty_urcu_active_readers.bitfield&~((1<<_pid)))"
	line 415, "pan.___", state 375, "(1)"
	line 415, "pan.___", state 376, "((cache_dirty_urcu_active_readers.bitfield&(1<<_pid)))"
	line 415, "pan.___", state 376, "else"
	line 415, "pan.___", state 379, "(1)"
	line 415, "pan.___", state 380, "(1)"
	line 415, "pan.___", state 380, "(1)"
	line 413, "pan.___", state 385, "((i<1))"
	line 413, "pan.___", state 385, "((i>=1))"
	line 420, "pan.___", state 391, "cache_dirty_rcu_ptr.bitfield = (cache_dirty_rcu_ptr.bitfield&~((1<<_pid)))"
	line 420, "pan.___", state 393, "(1)"
	line 420, "pan.___", state 394, "((cache_dirty_rcu_ptr.bitfield&(1<<_pid)))"
	line 420, "pan.___", state 394, "else"
	line 420, "pan.___", state 397, "(1)"
	line 420, "pan.___", state 398, "(1)"
	line 420, "pan.___", state 398, "(1)"
	line 424, "pan.___", state 405, "cache_dirty_rcu_data[i].bitfield = (cache_dirty_rcu_data[i].bitfield&~((1<<_pid)))"
	line 424, "pan.___", state 407, "(1)"
	line 424, "pan.___", state 408, "((cache_dirty_rcu_data[i].bitfield&(1<<_pid)))"
	line 424, "pan.___", state 408, "else"
	line 424, "pan.___", state 411, "(1)"
	line 424, "pan.___", state 412, "(1)"
	line 424, "pan.___", state 412, "(1)"
	line 422, "pan.___", state 417, "((i<2))"
	line 422, "pan.___", state 417, "((i>=2))"
	line 249, "pan.___", state 423, "(1)"
	line 253, "pan.___", state 431, "(1)"
	line 253, "pan.___", state 432, "(!((cache_dirty_urcu_active_readers.bitfield&(1<<_pid))))"
	line 253, "pan.___", state 432, "else"
	line 251, "pan.___", state 437, "((i<1))"
	line 251, "pan.___", state 437, "((i>=1))"
	line 257, "pan.___", state 443, "(1)"
	line 257, "pan.___", state 444, "(!((cache_dirty_rcu_ptr.bitfield&(1<<_pid))))"
	line 257, "pan.___", state 444, "else"
	line 261, "pan.___", state 451, "(1)"
	line 261, "pan.___", state 452, "(!((cache_dirty_rcu_data[i].bitfield&(1<<_pid))))"
	line 261, "pan.___", state 452, "else"
	line 259, "pan.___", state 457, "((i<2))"
	line 259, "pan.___", state 457, "((i>=2))"
	line 266, "pan.___", state 461, "(!((cache_dirty_urcu_gp_ctr.bitfield&(1<<_pid))))"
	line 266, "pan.___", state 461, "else"
	line 431, "pan.___", state 463, "(1)"
	line 431, "pan.___", state 463, "(1)"
	line 597, "pan.___", state 466, "cached_urcu_active_readers.val[_pid] = (tmp+1)"
	line 597, "pan.___", state 467, "_proc_urcu_reader = (_proc_urcu_reader|(1<<5))"
	line 597, "pan.___", state 468, "(1)"
	line 272, "pan.___", state 472, "cache_dirty_urcu_gp_ctr.bitfield = (cache_dirty_urcu_gp_ctr.bitfield&~((1<<_pid)))"
	line 276, "pan.___", state 483, "(1)"
	line 280, "pan.___", state 494, "cache_dirty_rcu_ptr.bitfield = (cache_dirty_rcu_ptr.bitfield&~((1<<_pid)))"
	line 284, "pan.___", state 503, "cache_dirty_rcu_data[i].bitfield = (cache_dirty_rcu_data[i].bitfield&~((1<<_pid)))"
	line 249, "pan.___", state 519, "(1)"
	line 253, "pan.___", state 527, "(1)"
	line 257, "pan.___", state 539, "(1)"
	line 261, "pan.___", state 547, "(1)"
	line 411, "pan.___", state 565, "cache_dirty_urcu_gp_ctr.bitfield = (cache_dirty_urcu_gp_ctr.bitfield&~((1<<_pid)))"
	line 415, "pan.___", state 579, "cache_dirty_urcu_active_readers.bitfield = (cache_dirty_urcu_active_readers.bitfield&~((1<<_pid)))"
	line 420, "pan.___", state 597, "cache_dirty_rcu_ptr.bitfield = (cache_dirty_rcu_ptr.bitfield&~((1<<_pid)))"
	line 424, "pan.___", state 611, "cache_dirty_rcu_data[i].bitfield = (cache_dirty_rcu_data[i].bitfield&~((1<<_pid)))"
	line 249, "pan.___", state 629, "(1)"
	line 253, "pan.___", state 637, "(1)"
	line 257, "pan.___", state 649, "(1)"
	line 261, "pan.___", state 657, "(1)"
	line 411, "pan.___", state 683, "cache_dirty_urcu_gp_ctr.bitfield = (cache_dirty_urcu_gp_ctr.bitfield&~((1<<_pid)))"
	line 420, "pan.___", state 715, "cache_dirty_rcu_ptr.bitfield = (cache_dirty_rcu_ptr.bitfield&~((1<<_pid)))"
	line 424, "pan.___", state 729, "cache_dirty_rcu_data[i].bitfield = (cache_dirty_rcu_data[i].bitfield&~((1<<_pid)))"
	line 249, "pan.___", state 747, "(1)"
	line 257, "pan.___", state 767, "(1)"
	line 261, "pan.___", state 775, "(1)"
	line 411, "pan.___", state 794, "cache_dirty_urcu_gp_ctr.bitfield = (cache_dirty_urcu_gp_ctr.bitfield&~((1<<_pid)))"
	line 411, "pan.___", state 796, "(1)"
	line 411, "pan.___", state 797, "((cache_dirty_urcu_gp_ctr.bitfield&(1<<_pid)))"
	line 411, "pan.___", state 797, "else"
	line 411, "pan.___", state 800, "(1)"
	line 415, "pan.___", state 808, "cache_dirty_urcu_active_readers.bitfield = (cache_dirty_urcu_active_readers.bitfield&~((1<<_pid)))"
	line 415, "pan.___", state 810, "(1)"
	line 415, "pan.___", state 811, "((cache_dirty_urcu_active_readers.bitfield&(1<<_pid)))"
	line 415, "pan.___", state 811, "else"
	line 415, "pan.___", state 814, "(1)"
	line 415, "pan.___", state 815, "(1)"
	line 415, "pan.___", state 815, "(1)"
	line 413, "pan.___", state 820, "((i<1))"
	line 413, "pan.___", state 820, "((i>=1))"
	line 420, "pan.___", state 826, "cache_dirty_rcu_ptr.bitfield = (cache_dirty_rcu_ptr.bitfield&~((1<<_pid)))"
	line 420, "pan.___", state 828, "(1)"
	line 420, "pan.___", state 829, "((cache_dirty_rcu_ptr.bitfield&(1<<_pid)))"
	line 420, "pan.___", state 829, "else"
	line 420, "pan.___", state 832, "(1)"
	line 420, "pan.___", state 833, "(1)"
	line 420, "pan.___", state 833, "(1)"
	line 424, "pan.___", state 840, "cache_dirty_rcu_data[i].bitfield = (cache_dirty_rcu_data[i].bitfield&~((1<<_pid)))"
	line 424, "pan.___", state 842, "(1)"
	line 424, "pan.___", state 843, "((cache_dirty_rcu_data[i].bitfield&(1<<_pid)))"
	line 424, "pan.___", state 843, "else"
	line 424, "pan.___", state 846, "(1)"
	line 424, "pan.___", state 847, "(1)"
	line 424, "pan.___", state 847, "(1)"
	line 422, "pan.___", state 852, "((i<2))"
	line 422, "pan.___", state 852, "((i>=2))"
	line 249, "pan.___", state 858, "(1)"
	line 253, "pan.___", state 866, "(1)"
	line 253, "pan.___", state 867, "(!((cache_dirty_urcu_active_readers.bitfield&(1<<_pid))))"
	line 253, "pan.___", state 867, "else"
	line 251, "pan.___", state 872, "((i<1))"
	line 251, "pan.___", state 872, "((i>=1))"
	line 257, "pan.___", state 878, "(1)"
	line 257, "pan.___", state 879, "(!((cache_dirty_rcu_ptr.bitfield&(1<<_pid))))"
	line 257, "pan.___", state 879, "else"
	line 261, "pan.___", state 886, "(1)"
	line 261, "pan.___", state 887, "(!((cache_dirty_rcu_data[i].bitfield&(1<<_pid))))"
	line 261, "pan.___", state 887, "else"
	line 259, "pan.___", state 892, "((i<2))"
	line 259, "pan.___", state 892, "((i>=2))"
	line 266, "pan.___", state 896, "(!((cache_dirty_urcu_gp_ctr.bitfield&(1<<_pid))))"
	line 266, "pan.___", state 896, "else"
	line 431, "pan.___", state 898, "(1)"
	line 431, "pan.___", state 898, "(1)"
	line 605, "pan.___", state 902, "_proc_urcu_reader = (_proc_urcu_reader|(1<<11))"
	line 411, "pan.___", state 907, "cache_dirty_urcu_gp_ctr.bitfield = (cache_dirty_urcu_gp_ctr.bitfield&~((1<<_pid)))"
	line 415, "pan.___", state 921, "cache_dirty_urcu_active_readers.bitfield = (cache_dirty_urcu_active_readers.bitfield&~((1<<_pid)))"
	line 420, "pan.___", state 939, "cache_dirty_rcu_ptr.bitfield = (cache_dirty_rcu_ptr.bitfield&~((1<<_pid)))"
	line 424, "pan.___", state 953, "cache_dirty_rcu_data[i].bitfield = (cache_dirty_rcu_data[i].bitfield&~((1<<_pid)))"
	line 249, "pan.___", state 971, "(1)"
	line 253, "pan.___", state 979, "(1)"
	line 257, "pan.___", state 991, "(1)"
	line 261, "pan.___", state 999, "(1)"
	line 411, "pan.___", state 1021, "cache_dirty_urcu_gp_ctr.bitfield = (cache_dirty_urcu_gp_ctr.bitfield&~((1<<_pid)))"
	line 420, "pan.___", state 1053, "cache_dirty_rcu_ptr.bitfield = (cache_dirty_rcu_ptr.bitfield&~((1<<_pid)))"
	line 424, "pan.___", state 1067, "cache_dirty_rcu_data[i].bitfield = (cache_dirty_rcu_data[i].bitfield&~((1<<_pid)))"
	line 249, "pan.___", state 1085, "(1)"
	line 257, "pan.___", state 1105, "(1)"
	line 261, "pan.___", state 1113, "(1)"
	line 411, "pan.___", state 1136, "cache_dirty_urcu_gp_ctr.bitfield = (cache_dirty_urcu_gp_ctr.bitfield&~((1<<_pid)))"
	line 420, "pan.___", state 1168, "cache_dirty_rcu_ptr.bitfield = (cache_dirty_rcu_ptr.bitfield&~((1<<_pid)))"
	line 424, "pan.___", state 1182, "cache_dirty_rcu_data[i].bitfield = (cache_dirty_rcu_data[i].bitfield&~((1<<_pid)))"
	line 249, "pan.___", state 1200, "(1)"
	line 257, "pan.___", state 1220, "(1)"
	line 261, "pan.___", state 1228, "(1)"
	line 411, "pan.___", state 1247, "cache_dirty_urcu_gp_ctr.bitfield = (cache_dirty_urcu_gp_ctr.bitfield&~((1<<_pid)))"
	line 420, "pan.___", state 1279, "cache_dirty_rcu_ptr.bitfield = (cache_dirty_rcu_ptr.bitfield&~((1<<_pid)))"
	line 424, "pan.___", state 1293, "cache_dirty_rcu_data[i].bitfield = (cache_dirty_rcu_data[i].bitfield&~((1<<_pid)))"
	line 249, "pan.___", state 1311, "(1)"
	line 257, "pan.___", state 1331, "(1)"
	line 261, "pan.___", state 1339, "(1)"
	line 272, "pan.___", state 1360, "cache_dirty_urcu_gp_ctr.bitfield = (cache_dirty_urcu_gp_ctr.bitfield&~((1<<_pid)))"
	line 280, "pan.___", state 1382, "cache_dirty_rcu_ptr.bitfield = (cache_dirty_rcu_ptr.bitfield&~((1<<_pid)))"
	line 284, "pan.___", state 1391, "cache_dirty_rcu_data[i].bitfield = (cache_dirty_rcu_data[i].bitfield&~((1<<_pid)))"
	line 249, "pan.___", state 1407, "(1)"
	line 253, "pan.___", state 1415, "(1)"
	line 257, "pan.___", state 1427, "(1)"
	line 261, "pan.___", state 1435, "(1)"
	line 411, "pan.___", state 1453, "cache_dirty_urcu_gp_ctr.bitfield = (cache_dirty_urcu_gp_ctr.bitfield&~((1<<_pid)))"
	line 415, "pan.___", state 1467, "cache_dirty_urcu_active_readers.bitfield = (cache_dirty_urcu_active_readers.bitfield&~((1<<_pid)))"
	line 420, "pan.___", state 1485, "cache_dirty_rcu_ptr.bitfield = (cache_dirty_rcu_ptr.bitfield&~((1<<_pid)))"
	line 424, "pan.___", state 1499, "cache_dirty_rcu_data[i].bitfield = (cache_dirty_rcu_data[i].bitfield&~((1<<_pid)))"
	line 249, "pan.___", state 1517, "(1)"
	line 253, "pan.___", state 1525, "(1)"
	line 257, "pan.___", state 1537, "(1)"
	line 261, "pan.___", state 1545, "(1)"
	line 411, "pan.___", state 1564, "cache_dirty_urcu_gp_ctr.bitfield = (cache_dirty_urcu_gp_ctr.bitfield&~((1<<_pid)))"
	line 415, "pan.___", state 1578, "cache_dirty_urcu_active_readers.bitfield = (cache_dirty_urcu_active_readers.bitfield&~((1<<_pid)))"
	line 420, "pan.___", state 1596, "cache_dirty_rcu_ptr.bitfield = (cache_dirty_rcu_ptr.bitfield&~((1<<_pid)))"
	line 424, "pan.___", state 1610, "cache_dirty_rcu_data[i].bitfield = (cache_dirty_rcu_data[i].bitfield&~((1<<_pid)))"
	line 249, "pan.___", state 1628, "(1)"
	line 253, "pan.___", state 1636, "(1)"
	line 257, "pan.___", state 1648, "(1)"
	line 261, "pan.___", state 1656, "(1)"
	line 411, "pan.___", state 1678, "cache_dirty_urcu_gp_ctr.bitfield = (cache_dirty_urcu_gp_ctr.bitfield&~((1<<_pid)))"
	line 420, "pan.___", state 1710, "cache_dirty_rcu_ptr.bitfield = (cache_dirty_rcu_ptr.bitfield&~((1<<_pid)))"
	line 424, "pan.___", state 1724, "cache_dirty_rcu_data[i].bitfield = (cache_dirty_rcu_data[i].bitfield&~((1<<_pid)))"
	line 249, "pan.___", state 1742, "(1)"
	line 257, "pan.___", state 1762, "(1)"
	line 261, "pan.___", state 1770, "(1)"
	line 644, "pan.___", state 1789, "_proc_urcu_reader = (_proc_urcu_reader|((1<<2)<<19))"
	line 411, "pan.___", state 1796, "cache_dirty_urcu_gp_ctr.bitfield = (cache_dirty_urcu_gp_ctr.bitfield&~((1<<_pid)))"
	line 420, "pan.___", state 1828, "cache_dirty_rcu_ptr.bitfield = (cache_dirty_rcu_ptr.bitfield&~((1<<_pid)))"
	line 424, "pan.___", state 1842, "cache_dirty_rcu_data[i].bitfield = (cache_dirty_rcu_data[i].bitfield&~((1<<_pid)))"
	line 249, "pan.___", state 1860, "(1)"
	line 257, "pan.___", state 1880, "(1)"
	line 261, "pan.___", state 1888, "(1)"
	line 411, "pan.___", state 1907, "cache_dirty_urcu_gp_ctr.bitfield = (cache_dirty_urcu_gp_ctr.bitfield&~((1<<_pid)))"
	line 420, "pan.___", state 1939, "cache_dirty_rcu_ptr.bitfield = (cache_dirty_rcu_ptr.bitfield&~((1<<_pid)))"
	line 424, "pan.___", state 1953, "cache_dirty_rcu_data[i].bitfield = (cache_dirty_rcu_data[i].bitfield&~((1<<_pid)))"
	line 249, "pan.___", state 1971, "(1)"
	line 257, "pan.___", state 1991, "(1)"
	line 261, "pan.___", state 1999, "(1)"
	line 411, "pan.___", state 2020, "cache_dirty_urcu_gp_ctr.bitfield = (cache_dirty_urcu_gp_ctr.bitfield&~((1<<_pid)))"
	line 411, "pan.___", state 2022, "(1)"
	line 411, "pan.___", state 2023, "((cache_dirty_urcu_gp_ctr.bitfield&(1<<_pid)))"
	line 411, "pan.___", state 2023, "else"
	line 411, "pan.___", state 2026, "(1)"
	line 415, "pan.___", state 2034, "cache_dirty_urcu_active_readers.bitfield = (cache_dirty_urcu_active_readers.bitfield&~((1<<_pid)))"
	line 415, "pan.___", state 2036, "(1)"
	line 415, "pan.___", state 2037, "((cache_dirty_urcu_active_readers.bitfield&(1<<_pid)))"
	line 415, "pan.___", state 2037, "else"
	line 415, "pan.___", state 2040, "(1)"
	line 415, "pan.___", state 2041, "(1)"
	line 415, "pan.___", state 2041, "(1)"
	line 413, "pan.___", state 2046, "((i<1))"
	line 413, "pan.___", state 2046, "((i>=1))"
	line 420, "pan.___", state 2052, "cache_dirty_rcu_ptr.bitfield = (cache_dirty_rcu_ptr.bitfield&~((1<<_pid)))"
	line 420, "pan.___", state 2054, "(1)"
	line 420, "pan.___", state 2055, "((cache_dirty_rcu_ptr.bitfield&(1<<_pid)))"
	line 420, "pan.___", state 2055, "else"
	line 420, "pan.___", state 2058, "(1)"
	line 420, "pan.___", state 2059, "(1)"
	line 420, "pan.___", state 2059, "(1)"
	line 424, "pan.___", state 2066, "cache_dirty_rcu_data[i].bitfield = (cache_dirty_rcu_data[i].bitfield&~((1<<_pid)))"
	line 424, "pan.___", state 2068, "(1)"
	line 424, "pan.___", state 2069, "((cache_dirty_rcu_data[i].bitfield&(1<<_pid)))"
	line 424, "pan.___", state 2069, "else"
	line 424, "pan.___", state 2072, "(1)"
	line 424, "pan.___", state 2073, "(1)"
	line 424, "pan.___", state 2073, "(1)"
	line 422, "pan.___", state 2078, "((i<2))"
	line 422, "pan.___", state 2078, "((i>=2))"
	line 249, "pan.___", state 2084, "(1)"
	line 253, "pan.___", state 2092, "(1)"
	line 253, "pan.___", state 2093, "(!((cache_dirty_urcu_active_readers.bitfield&(1<<_pid))))"
	line 253, "pan.___", state 2093, "else"
	line 251, "pan.___", state 2098, "((i<1))"
	line 251, "pan.___", state 2098, "((i>=1))"
	line 257, "pan.___", state 2104, "(1)"
	line 257, "pan.___", state 2105, "(!((cache_dirty_rcu_ptr.bitfield&(1<<_pid))))"
	line 257, "pan.___", state 2105, "else"
	line 261, "pan.___", state 2112, "(1)"
	line 261, "pan.___", state 2113, "(!((cache_dirty_rcu_data[i].bitfield&(1<<_pid))))"
	line 261, "pan.___", state 2113, "else"
	line 259, "pan.___", state 2118, "((i<2))"
	line 259, "pan.___", state 2118, "((i>=2))"
	line 266, "pan.___", state 2122, "(!((cache_dirty_urcu_gp_ctr.bitfield&(1<<_pid))))"
	line 266, "pan.___", state 2122, "else"
	line 431, "pan.___", state 2124, "(1)"
	line 431, "pan.___", state 2124, "(1)"
	line 644, "pan.___", state 2127, "cached_urcu_active_readers.val[_pid] = (tmp+1)"
	line 644, "pan.___", state 2128, "_proc_urcu_reader = (_proc_urcu_reader|(1<<23))"
	line 644, "pan.___", state 2129, "(1)"
	line 272, "pan.___", state 2133, "cache_dirty_urcu_gp_ctr.bitfield = (cache_dirty_urcu_gp_ctr.bitfield&~((1<<_pid)))"
	line 280, "pan.___", state 2155, "cache_dirty_rcu_ptr.bitfield = (cache_dirty_rcu_ptr.bitfield&~((1<<_pid)))"
	line 284, "pan.___", state 2164, "cache_dirty_rcu_data[i].bitfield = (cache_dirty_rcu_data[i].bitfield&~((1<<_pid)))"
	line 249, "pan.___", state 2180, "(1)"
	line 253, "pan.___", state 2188, "(1)"
	line 257, "pan.___", state 2200, "(1)"
	line 261, "pan.___", state 2208, "(1)"
	line 411, "pan.___", state 2226, "cache_dirty_urcu_gp_ctr.bitfield = (cache_dirty_urcu_gp_ctr.bitfield&~((1<<_pid)))"
	line 415, "pan.___", state 2240, "cache_dirty_urcu_active_readers.bitfield = (cache_dirty_urcu_active_readers.bitfield&~((1<<_pid)))"
	line 420, "pan.___", state 2258, "cache_dirty_rcu_ptr.bitfield = (cache_dirty_rcu_ptr.bitfield&~((1<<_pid)))"
	line 424, "pan.___", state 2272, "cache_dirty_rcu_data[i].bitfield = (cache_dirty_rcu_data[i].bitfield&~((1<<_pid)))"
	line 249, "pan.___", state 2290, "(1)"
	line 253, "pan.___", state 2298, "(1)"
	line 257, "pan.___", state 2310, "(1)"
	line 261, "pan.___", state 2318, "(1)"
	line 272, "pan.___", state 2340, "cache_dirty_urcu_gp_ctr.bitfield = (cache_dirty_urcu_gp_ctr.bitfield&~((1<<_pid)))"
	line 276, "pan.___", state 2349, "cache_dirty_urcu_active_readers.bitfield = (cache_dirty_urcu_active_readers.bitfield&~((1<<_pid)))"
	line 280, "pan.___", state 2362, "cache_dirty_rcu_ptr.bitfield = (cache_dirty_rcu_ptr.bitfield&~((1<<_pid)))"
	line 284, "pan.___", state 2371, "cache_dirty_rcu_data[i].bitfield = (cache_dirty_rcu_data[i].bitfield&~((1<<_pid)))"
	line 249, "pan.___", state 2387, "(1)"
	line 253, "pan.___", state 2395, "(1)"
	line 257, "pan.___", state 2407, "(1)"
	line 261, "pan.___", state 2415, "(1)"
	line 411, "pan.___", state 2433, "cache_dirty_urcu_gp_ctr.bitfield = (cache_dirty_urcu_gp_ctr.bitfield&~((1<<_pid)))"
	line 415, "pan.___", state 2447, "cache_dirty_urcu_active_readers.bitfield = (cache_dirty_urcu_active_readers.bitfield&~((1<<_pid)))"
	line 420, "pan.___", state 2465, "cache_dirty_rcu_ptr.bitfield = (cache_dirty_rcu_ptr.bitfield&~((1<<_pid)))"
	line 424, "pan.___", state 2479, "cache_dirty_rcu_data[i].bitfield = (cache_dirty_rcu_data[i].bitfield&~((1<<_pid)))"
	line 249, "pan.___", state 2497, "(1)"
	line 253, "pan.___", state 2505, "(1)"
	line 257, "pan.___", state 2517, "(1)"
	line 261, "pan.___", state 2525, "(1)"
	line 411, "pan.___", state 2544, "cache_dirty_urcu_gp_ctr.bitfield = (cache_dirty_urcu_gp_ctr.bitfield&~((1<<_pid)))"
	line 415, "pan.___", state 2558, "cache_dirty_urcu_active_readers.bitfield = (cache_dirty_urcu_active_readers.bitfield&~((1<<_pid)))"
	line 420, "pan.___", state 2576, "cache_dirty_rcu_ptr.bitfield = (cache_dirty_rcu_ptr.bitfield&~((1<<_pid)))"
	line 424, "pan.___", state 2590, "cache_dirty_rcu_data[i].bitfield = (cache_dirty_rcu_data[i].bitfield&~((1<<_pid)))"
	line 249, "pan.___", state 2608, "(1)"
	line 253, "pan.___", state 2616, "(1)"
	line 257, "pan.___", state 2628, "(1)"
	line 261, "pan.___", state 2636, "(1)"
	line 249, "pan.___", state 2667, "(1)"
	line 257, "pan.___", state 2687, "(1)"
	line 261, "pan.___", state 2695, "(1)"
	line 249, "pan.___", state 2710, "(1)"
	line 253, "pan.___", state 2718, "(1)"
	line 257, "pan.___", state 2730, "(1)"
	line 261, "pan.___", state 2738, "(1)"
	line 898, "pan.___", state 2755, "-end-"
	(259 of 2755 states)
unreached in proctype urcu_writer
	line 411, "pan.___", state 22, "cache_dirty_urcu_gp_ctr.bitfield = (cache_dirty_urcu_gp_ctr.bitfield&~((1<<_pid)))"
	line 415, "pan.___", state 36, "cache_dirty_urcu_active_readers.bitfield = (cache_dirty_urcu_active_readers.bitfield&~((1<<_pid)))"
	line 420, "pan.___", state 54, "cache_dirty_rcu_ptr.bitfield = (cache_dirty_rcu_ptr.bitfield&~((1<<_pid)))"
	line 249, "pan.___", state 86, "(1)"
	line 253, "pan.___", state 94, "(1)"
	line 257, "pan.___", state 106, "(1)"
	line 272, "pan.___", state 135, "cache_dirty_urcu_gp_ctr.bitfield = (cache_dirty_urcu_gp_ctr.bitfield&~((1<<_pid)))"
	line 276, "pan.___", state 144, "cache_dirty_urcu_active_readers.bitfield = (cache_dirty_urcu_active_readers.bitfield&~((1<<_pid)))"
	line 280, "pan.___", state 157, "cache_dirty_rcu_ptr.bitfield = (cache_dirty_rcu_ptr.bitfield&~((1<<_pid)))"
	line 411, "pan.___", state 197, "cache_dirty_urcu_gp_ctr.bitfield = (cache_dirty_urcu_gp_ctr.bitfield&~((1<<_pid)))"
	line 415, "pan.___", state 211, "cache_dirty_urcu_active_readers.bitfield = (cache_dirty_urcu_active_readers.bitfield&~((1<<_pid)))"
	line 420, "pan.___", state 229, "cache_dirty_rcu_ptr.bitfield = (cache_dirty_rcu_ptr.bitfield&~((1<<_pid)))"
	line 424, "pan.___", state 243, "cache_dirty_rcu_data[i].bitfield = (cache_dirty_rcu_data[i].bitfield&~((1<<_pid)))"
	line 249, "pan.___", state 261, "(1)"
	line 253, "pan.___", state 269, "(1)"
	line 257, "pan.___", state 281, "(1)"
	line 261, "pan.___", state 289, "(1)"
	line 415, "pan.___", state 324, "cache_dirty_urcu_active_readers.bitfield = (cache_dirty_urcu_active_readers.bitfield&~((1<<_pid)))"
	line 420, "pan.___", state 342, "cache_dirty_rcu_ptr.bitfield = (cache_dirty_rcu_ptr.bitfield&~((1<<_pid)))"
	line 424, "pan.___", state 356, "cache_dirty_rcu_data[i].bitfield = (cache_dirty_rcu_data[i].bitfield&~((1<<_pid)))"
	line 253, "pan.___", state 382, "(1)"
	line 257, "pan.___", state 394, "(1)"
	line 261, "pan.___", state 402, "(1)"
	line 411, "pan.___", state 430, "cache_dirty_urcu_gp_ctr.bitfield = (cache_dirty_urcu_gp_ctr.bitfield&~((1<<_pid)))"
	line 415, "pan.___", state 444, "cache_dirty_urcu_active_readers.bitfield = (cache_dirty_urcu_active_readers.bitfield&~((1<<_pid)))"
	line 420, "pan.___", state 462, "cache_dirty_rcu_ptr.bitfield = (cache_dirty_rcu_ptr.bitfield&~((1<<_pid)))"
	line 424, "pan.___", state 476, "cache_dirty_rcu_data[i].bitfield = (cache_dirty_rcu_data[i].bitfield&~((1<<_pid)))"
	line 249, "pan.___", state 494, "(1)"
	line 253, "pan.___", state 502, "(1)"
	line 257, "pan.___", state 514, "(1)"
	line 261, "pan.___", state 522, "(1)"
	line 411, "pan.___", state 541, "cache_dirty_urcu_gp_ctr.bitfield = (cache_dirty_urcu_gp_ctr.bitfield&~((1<<_pid)))"
	line 411, "pan.___", state 543, "(1)"
	line 411, "pan.___", state 544, "((cache_dirty_urcu_gp_ctr.bitfield&(1<<_pid)))"
	line 411, "pan.___", state 544, "else"
	line 411, "pan.___", state 547, "(1)"
	line 415, "pan.___", state 555, "cache_dirty_urcu_active_readers.bitfield = (cache_dirty_urcu_active_readers.bitfield&~((1<<_pid)))"
	line 415, "pan.___", state 557, "(1)"
	line 415, "pan.___", state 558, "((cache_dirty_urcu_active_readers.bitfield&(1<<_pid)))"
	line 415, "pan.___", state 558, "else"
	line 415, "pan.___", state 561, "(1)"
	line 415, "pan.___", state 562, "(1)"
	line 415, "pan.___", state 562, "(1)"
	line 413, "pan.___", state 567, "((i<1))"
	line 413, "pan.___", state 567, "((i>=1))"
	line 420, "pan.___", state 573, "cache_dirty_rcu_ptr.bitfield = (cache_dirty_rcu_ptr.bitfield&~((1<<_pid)))"
	line 420, "pan.___", state 575, "(1)"
	line 420, "pan.___", state 576, "((cache_dirty_rcu_ptr.bitfield&(1<<_pid)))"
	line 420, "pan.___", state 576, "else"
	line 420, "pan.___", state 579, "(1)"
	line 420, "pan.___", state 580, "(1)"
	line 420, "pan.___", state 580, "(1)"
	line 424, "pan.___", state 587, "cache_dirty_rcu_data[i].bitfield = (cache_dirty_rcu_data[i].bitfield&~((1<<_pid)))"
	line 424, "pan.___", state 589, "(1)"
	line 424, "pan.___", state 590, "((cache_dirty_rcu_data[i].bitfield&(1<<_pid)))"
	line 424, "pan.___", state 590, "else"
	line 424, "pan.___", state 593, "(1)"
	line 424, "pan.___", state 594, "(1)"
	line 424, "pan.___", state 594, "(1)"
	line 422, "pan.___", state 599, "((i<2))"
	line 422, "pan.___", state 599, "((i>=2))"
	line 249, "pan.___", state 605, "(1)"
	line 253, "pan.___", state 613, "(1)"
	line 253, "pan.___", state 614, "(!((cache_dirty_urcu_active_readers.bitfield&(1<<_pid))))"
	line 253, "pan.___", state 614, "else"
	line 251, "pan.___", state 619, "((i<1))"
	line 251, "pan.___", state 619, "((i>=1))"
	line 257, "pan.___", state 625, "(1)"
	line 257, "pan.___", state 626, "(!((cache_dirty_rcu_ptr.bitfield&(1<<_pid))))"
	line 257, "pan.___", state 626, "else"
	line 261, "pan.___", state 633, "(1)"
	line 261, "pan.___", state 634, "(!((cache_dirty_rcu_data[i].bitfield&(1<<_pid))))"
	line 261, "pan.___", state 634, "else"
	line 259, "pan.___", state 639, "((i<2))"
	line 259, "pan.___", state 639, "((i>=2))"
	line 266, "pan.___", state 643, "(!((cache_dirty_urcu_gp_ctr.bitfield&(1<<_pid))))"
	line 266, "pan.___", state 643, "else"
	line 431, "pan.___", state 645, "(1)"
	line 431, "pan.___", state 645, "(1)"
	line 1117, "pan.___", state 649, "_proc_urcu_writer = (_proc_urcu_writer|(1<<10))"
	line 411, "pan.___", state 654, "cache_dirty_urcu_gp_ctr.bitfield = (cache_dirty_urcu_gp_ctr.bitfield&~((1<<_pid)))"
	line 411, "pan.___", state 656, "(1)"
	line 411, "pan.___", state 657, "((cache_dirty_urcu_gp_ctr.bitfield&(1<<_pid)))"
	line 411, "pan.___", state 657, "else"
	line 411, "pan.___", state 660, "(1)"
	line 415, "pan.___", state 668, "cache_dirty_urcu_active_readers.bitfield = (cache_dirty_urcu_active_readers.bitfield&~((1<<_pid)))"
	line 415, "pan.___", state 670, "(1)"
	line 415, "pan.___", state 671, "((cache_dirty_urcu_active_readers.bitfield&(1<<_pid)))"
	line 415, "pan.___", state 671, "else"
	line 415, "pan.___", state 674, "(1)"
	line 415, "pan.___", state 675, "(1)"
	line 415, "pan.___", state 675, "(1)"
	line 413, "pan.___", state 680, "((i<1))"
	line 413, "pan.___", state 680, "((i>=1))"
	line 420, "pan.___", state 686, "cache_dirty_rcu_ptr.bitfield = (cache_dirty_rcu_ptr.bitfield&~((1<<_pid)))"
	line 420, "pan.___", state 688, "(1)"
	line 420, "pan.___", state 689, "((cache_dirty_rcu_ptr.bitfield&(1<<_pid)))"
	line 420, "pan.___", state 689, "else"
	line 420, "pan.___", state 692, "(1)"
	line 420, "pan.___", state 693, "(1)"
	line 420, "pan.___", state 693, "(1)"
	line 424, "pan.___", state 700, "cache_dirty_rcu_data[i].bitfield = (cache_dirty_rcu_data[i].bitfield&~((1<<_pid)))"
	line 424, "pan.___", state 702, "(1)"
	line 424, "pan.___", state 703, "((cache_dirty_rcu_data[i].bitfield&(1<<_pid)))"
	line 424, "pan.___", state 703, "else"
	line 424, "pan.___", state 706, "(1)"
	line 424, "pan.___", state 707, "(1)"
	line 424, "pan.___", state 707, "(1)"
	line 422, "pan.___", state 712, "((i<2))"
	line 422, "pan.___", state 712, "((i>=2))"
	line 249, "pan.___", state 718, "(1)"
	line 253, "pan.___", state 726, "(1)"
	line 253, "pan.___", state 727, "(!((cache_dirty_urcu_active_readers.bitfield&(1<<_pid))))"
	line 253, "pan.___", state 727, "else"
	line 251, "pan.___", state 732, "((i<1))"
	line 251, "pan.___", state 732, "((i>=1))"
	line 257, "pan.___", state 738, "(1)"
	line 257, "pan.___", state 739, "(!((cache_dirty_rcu_ptr.bitfield&(1<<_pid))))"
	line 257, "pan.___", state 739, "else"
	line 261, "pan.___", state 746, "(1)"
	line 261, "pan.___", state 747, "(!((cache_dirty_rcu_data[i].bitfield&(1<<_pid))))"
	line 261, "pan.___", state 747, "else"
	line 259, "pan.___", state 752, "((i<2))"
	line 259, "pan.___", state 752, "((i>=2))"
	line 266, "pan.___", state 756, "(!((cache_dirty_urcu_gp_ctr.bitfield&(1<<_pid))))"
	line 266, "pan.___", state 756, "else"
	line 431, "pan.___", state 758, "(1)"
	line 431, "pan.___", state 758, "(1)"
	line 1133, "pan.___", state 763, "_proc_urcu_writer = (_proc_urcu_writer|(1<<11))"
	line 1128, "pan.___", state 764, "(((tmp2&((1<<7)-1))&&((tmp2^0)&(1<<7))))"
	line 1128, "pan.___", state 764, "else"
	line 1153, "pan.___", state 768, "_proc_urcu_writer = (_proc_urcu_writer&~(((1<<12)|(1<<11))))"
	line 272, "pan.___", state 799, "cache_dirty_urcu_gp_ctr.bitfield = (cache_dirty_urcu_gp_ctr.bitfield&~((1<<_pid)))"
	line 276, "pan.___", state 808, "cache_dirty_urcu_active_readers.bitfield = (cache_dirty_urcu_active_readers.bitfield&~((1<<_pid)))"
	line 280, "pan.___", state 823, "(1)"
	line 284, "pan.___", state 830, "cache_dirty_rcu_data[i].bitfield = (cache_dirty_rcu_data[i].bitfield&~((1<<_pid)))"
	line 249, "pan.___", state 846, "(1)"
	line 253, "pan.___", state 854, "(1)"
	line 257, "pan.___", state 866, "(1)"
	line 261, "pan.___", state 874, "(1)"
	line 276, "pan.___", state 899, "cache_dirty_urcu_active_readers.bitfield = (cache_dirty_urcu_active_readers.bitfield&~((1<<_pid)))"
	line 280, "pan.___", state 912, "cache_dirty_rcu_ptr.bitfield = (cache_dirty_rcu_ptr.bitfield&~((1<<_pid)))"
	line 284, "pan.___", state 921, "cache_dirty_rcu_data[i].bitfield = (cache_dirty_rcu_data[i].bitfield&~((1<<_pid)))"
	line 249, "pan.___", state 937, "(1)"
	line 253, "pan.___", state 945, "(1)"
	line 257, "pan.___", state 957, "(1)"
	line 261, "pan.___", state 965, "(1)"
	line 272, "pan.___", state 981, "cache_dirty_urcu_gp_ctr.bitfield = (cache_dirty_urcu_gp_ctr.bitfield&~((1<<_pid)))"
	line 272, "pan.___", state 983, "(1)"
	line 276, "pan.___", state 990, "cache_dirty_urcu_active_readers.bitfield = (cache_dirty_urcu_active_readers.bitfield&~((1<<_pid)))"
	line 276, "pan.___", state 992, "(1)"
	line 276, "pan.___", state 993, "((cache_dirty_urcu_active_readers.bitfield&(1<<_pid)))"
	line 276, "pan.___", state 993, "else"
	line 274, "pan.___", state 998, "((i<1))"
	line 274, "pan.___", state 998, "((i>=1))"
	line 280, "pan.___", state 1003, "cache_dirty_rcu_ptr.bitfield = (cache_dirty_rcu_ptr.bitfield&~((1<<_pid)))"
	line 280, "pan.___", state 1005, "(1)"
	line 280, "pan.___", state 1006, "((cache_dirty_rcu_ptr.bitfield&(1<<_pid)))"
	line 280, "pan.___", state 1006, "else"
	line 284, "pan.___", state 1012, "cache_dirty_rcu_data[i].bitfield = (cache_dirty_rcu_data[i].bitfield&~((1<<_pid)))"
	line 284, "pan.___", state 1014, "(1)"
	line 284, "pan.___", state 1015, "((cache_dirty_rcu_data[i].bitfield&(1<<_pid)))"
	line 284, "pan.___", state 1015, "else"
	line 282, "pan.___", state 1020, "((i<2))"
	line 282, "pan.___", state 1020, "((i>=2))"
	line 249, "pan.___", state 1028, "(1)"
	line 253, "pan.___", state 1036, "(1)"
	line 253, "pan.___", state 1037, "(!((cache_dirty_urcu_active_readers.bitfield&(1<<_pid))))"
	line 253, "pan.___", state 1037, "else"
	line 251, "pan.___", state 1042, "((i<1))"
	line 251, "pan.___", state 1042, "((i>=1))"
	line 257, "pan.___", state 1048, "(1)"
	line 257, "pan.___", state 1049, "(!((cache_dirty_rcu_ptr.bitfield&(1<<_pid))))"
	line 257, "pan.___", state 1049, "else"
	line 261, "pan.___", state 1056, "(1)"
	line 261, "pan.___", state 1057, "(!((cache_dirty_rcu_data[i].bitfield&(1<<_pid))))"
	line 261, "pan.___", state 1057, "else"
	line 266, "pan.___", state 1066, "(!((cache_dirty_urcu_gp_ctr.bitfield&(1<<_pid))))"
	line 266, "pan.___", state 1066, "else"
	line 299, "pan.___", state 1068, "((cache_dirty_urcu_gp_ctr.bitfield&(1<<_pid)))"
	line 299, "pan.___", state 1068, "else"
	line 276, "pan.___", state 1081, "cache_dirty_urcu_active_readers.bitfield = (cache_dirty_urcu_active_readers.bitfield&~((1<<_pid)))"
	line 280, "pan.___", state 1094, "cache_dirty_rcu_ptr.bitfield = (cache_dirty_rcu_ptr.bitfield&~((1<<_pid)))"
	line 284, "pan.___", state 1103, "cache_dirty_rcu_data[i].bitfield = (cache_dirty_rcu_data[i].bitfield&~((1<<_pid)))"
	line 249, "pan.___", state 1119, "(1)"
	line 253, "pan.___", state 1127, "(1)"
	line 257, "pan.___", state 1139, "(1)"
	line 261, "pan.___", state 1147, "(1)"
	line 1237, "pan.___", state 1162, "-end-"
	(145 of 1162 states)
unreached in proctype :init:
	line 1248, "pan.___", state 9, "((j<2))"
	line 1248, "pan.___", state 9, "((j>=2))"
	line 1249, "pan.___", state 20, "((j<2))"
	line 1249, "pan.___", state 20, "((j>=2))"
	line 1254, "pan.___", state 33, "((j<2))"
	line 1254, "pan.___", state 33, "((j>=2))"
	line 1252, "pan.___", state 43, "((i<1))"
	line 1252, "pan.___", state 43, "((i>=1))"
	line 1262, "pan.___", state 54, "((j<2))"
	line 1262, "pan.___", state 54, "((j>=2))"
	line 1266, "pan.___", state 67, "((j<2))"
	line 1266, "pan.___", state 67, "((j>=2))"
	(6 of 78 states)
unreached in proctype :never:
	line 1300, "pan.___", state 8, "-end-"
	(1 of 8 states)

pan: elapsed time 86.8 seconds
pan: rate 19690.388 states/second
pan: avg transition delay 2.7571e-06 usec
cp .input.spin urcu_free_single_flip.spin.input
cp .input.spin.trail urcu_free_single_flip.spin.input.trail
make[1]: Leaving directory `/home/compudj/doc/userspace-rcu/formal-model/urcu-controldataflow-intel-no-ipi'
