make[1]: Entering directory `/home/compudj/doc/userspace-rcu/formal-model/urcu-controldataflow-intel-no-ipi'
rm -f pan* trail.out .input.spin* *.spin.trail .input.define
touch .input.define
cat .input.define > pan.ltl
cat DEFINES >> pan.ltl
spin -f "!(`cat urcu_progress.ltl | grep -v ^//`)" >> pan.ltl
cp urcu_progress_writer_error.define .input.define
cat .input.define > .input.spin
cat DEFINES >> .input.spin
cat urcu.spin >> .input.spin
rm -f .input.spin.trail
spin -a -X -N pan.ltl .input.spin
Exit-Status 0
gcc -O2 -w -DHASH64 -o pan pan.c
./pan -a -f -v -c1 -X -m10000000 -w20
warning: for p.o. reduction to be valid the never claim must be stutter-invariant
(never claims generated from LTL formulae are stutter-invariant)
depth 0: Claim reached state 5 (line 1296)
depth 23: Claim reached state 9 (line 1301)
depth 1404: Claim reached state 9 (line 1300)
pan: acceptance cycle (at depth 1950)
pan: wrote .input.spin.trail

(Spin Version 5.1.7 -- 23 December 2008)
Warning: Search not completed
	+ Partial Order Reduction

Full statespace search for:
	never claim         	+
	assertion violations	+ (if within scope of claim)
	acceptance   cycles 	+ (fairness enabled)
	invalid end states	- (disabled by never claim)

State-vector 88 byte, depth reached 4997, errors: 1
    64372 states, stored (197067 visited)
  2733089 states, matched
  2930156 transitions (= visited+matched)
 44244571 atomic steps
hash conflicts:     43483 (resolved)

Stats on memory usage (in Megabytes):
    7.121	equivalent memory usage for states (stored*(State-vector + overhead))
    6.154	actual memory usage for states (compression: 86.41%)
         	state-vector as stored = 72 byte + 28 byte overhead
    8.000	memory used for hash table (-w20)
  457.764	memory used for DFS stack (-m10000000)
  471.818	total actual memory usage

unreached in proctype urcu_reader
	line 412, "pan.___", state 17, "cache_dirty_urcu_gp_ctr.bitfield = (cache_dirty_urcu_gp_ctr.bitfield&~((1<<_pid)))"
	line 421, "pan.___", state 49, "cache_dirty_rcu_ptr.bitfield = (cache_dirty_rcu_ptr.bitfield&~((1<<_pid)))"
	line 425, "pan.___", state 63, "cache_dirty_rcu_data[i].bitfield = (cache_dirty_rcu_data[i].bitfield&~((1<<_pid)))"
	line 250, "pan.___", state 81, "(1)"
	line 258, "pan.___", state 101, "(1)"
	line 262, "pan.___", state 109, "(1)"
	line 598, "pan.___", state 128, "_proc_urcu_reader = (_proc_urcu_reader|((1<<2)<<1))"
	line 412, "pan.___", state 135, "cache_dirty_urcu_gp_ctr.bitfield = (cache_dirty_urcu_gp_ctr.bitfield&~((1<<_pid)))"
	line 421, "pan.___", state 167, "cache_dirty_rcu_ptr.bitfield = (cache_dirty_rcu_ptr.bitfield&~((1<<_pid)))"
	line 425, "pan.___", state 181, "cache_dirty_rcu_data[i].bitfield = (cache_dirty_rcu_data[i].bitfield&~((1<<_pid)))"
	line 250, "pan.___", state 199, "(1)"
	line 258, "pan.___", state 219, "(1)"
	line 262, "pan.___", state 227, "(1)"
	line 412, "pan.___", state 246, "cache_dirty_urcu_gp_ctr.bitfield = (cache_dirty_urcu_gp_ctr.bitfield&~((1<<_pid)))"
	line 421, "pan.___", state 278, "cache_dirty_rcu_ptr.bitfield = (cache_dirty_rcu_ptr.bitfield&~((1<<_pid)))"
	line 425, "pan.___", state 292, "cache_dirty_rcu_data[i].bitfield = (cache_dirty_rcu_data[i].bitfield&~((1<<_pid)))"
	line 250, "pan.___", state 310, "(1)"
	line 258, "pan.___", state 330, "(1)"
	line 262, "pan.___", state 338, "(1)"
	line 412, "pan.___", state 359, "cache_dirty_urcu_gp_ctr.bitfield = (cache_dirty_urcu_gp_ctr.bitfield&~((1<<_pid)))"
	line 412, "pan.___", state 361, "(1)"
	line 412, "pan.___", state 362, "((cache_dirty_urcu_gp_ctr.bitfield&(1<<_pid)))"
	line 412, "pan.___", state 362, "else"
	line 412, "pan.___", state 365, "(1)"
	line 416, "pan.___", state 373, "cache_dirty_urcu_active_readers.bitfield = (cache_dirty_urcu_active_readers.bitfield&~((1<<_pid)))"
	line 416, "pan.___", state 375, "(1)"
	line 416, "pan.___", state 376, "((cache_dirty_urcu_active_readers.bitfield&(1<<_pid)))"
	line 416, "pan.___", state 376, "else"
	line 416, "pan.___", state 379, "(1)"
	line 416, "pan.___", state 380, "(1)"
	line 416, "pan.___", state 380, "(1)"
	line 414, "pan.___", state 385, "((i<1))"
	line 414, "pan.___", state 385, "((i>=1))"
	line 421, "pan.___", state 391, "cache_dirty_rcu_ptr.bitfield = (cache_dirty_rcu_ptr.bitfield&~((1<<_pid)))"
	line 421, "pan.___", state 393, "(1)"
	line 421, "pan.___", state 394, "((cache_dirty_rcu_ptr.bitfield&(1<<_pid)))"
	line 421, "pan.___", state 394, "else"
	line 421, "pan.___", state 397, "(1)"
	line 421, "pan.___", state 398, "(1)"
	line 421, "pan.___", state 398, "(1)"
	line 425, "pan.___", state 405, "cache_dirty_rcu_data[i].bitfield = (cache_dirty_rcu_data[i].bitfield&~((1<<_pid)))"
	line 425, "pan.___", state 407, "(1)"
	line 425, "pan.___", state 408, "((cache_dirty_rcu_data[i].bitfield&(1<<_pid)))"
	line 425, "pan.___", state 408, "else"
	line 425, "pan.___", state 411, "(1)"
	line 425, "pan.___", state 412, "(1)"
	line 425, "pan.___", state 412, "(1)"
	line 423, "pan.___", state 417, "((i<2))"
	line 423, "pan.___", state 417, "((i>=2))"
	line 250, "pan.___", state 423, "(1)"
	line 254, "pan.___", state 431, "(1)"
	line 254, "pan.___", state 432, "(!((cache_dirty_urcu_active_readers.bitfield&(1<<_pid))))"
	line 254, "pan.___", state 432, "else"
	line 252, "pan.___", state 437, "((i<1))"
	line 252, "pan.___", state 437, "((i>=1))"
	line 258, "pan.___", state 443, "(1)"
	line 258, "pan.___", state 444, "(!((cache_dirty_rcu_ptr.bitfield&(1<<_pid))))"
	line 258, "pan.___", state 444, "else"
	line 262, "pan.___", state 451, "(1)"
	line 262, "pan.___", state 452, "(!((cache_dirty_rcu_data[i].bitfield&(1<<_pid))))"
	line 262, "pan.___", state 452, "else"
	line 260, "pan.___", state 457, "((i<2))"
	line 260, "pan.___", state 457, "((i>=2))"
	line 267, "pan.___", state 461, "(!((cache_dirty_urcu_gp_ctr.bitfield&(1<<_pid))))"
	line 267, "pan.___", state 461, "else"
	line 432, "pan.___", state 463, "(1)"
	line 432, "pan.___", state 463, "(1)"
	line 598, "pan.___", state 466, "cached_urcu_active_readers.val[_pid] = (tmp+1)"
	line 598, "pan.___", state 467, "_proc_urcu_reader = (_proc_urcu_reader|(1<<5))"
	line 598, "pan.___", state 468, "(1)"
	line 273, "pan.___", state 472, "cache_dirty_urcu_gp_ctr.bitfield = (cache_dirty_urcu_gp_ctr.bitfield&~((1<<_pid)))"
	line 277, "pan.___", state 483, "(1)"
	line 281, "pan.___", state 494, "cache_dirty_rcu_ptr.bitfield = (cache_dirty_rcu_ptr.bitfield&~((1<<_pid)))"
	line 285, "pan.___", state 503, "cache_dirty_rcu_data[i].bitfield = (cache_dirty_rcu_data[i].bitfield&~((1<<_pid)))"
	line 250, "pan.___", state 519, "(1)"
	line 254, "pan.___", state 527, "(1)"
	line 258, "pan.___", state 539, "(1)"
	line 262, "pan.___", state 547, "(1)"
	line 412, "pan.___", state 565, "cache_dirty_urcu_gp_ctr.bitfield = (cache_dirty_urcu_gp_ctr.bitfield&~((1<<_pid)))"
	line 416, "pan.___", state 579, "cache_dirty_urcu_active_readers.bitfield = (cache_dirty_urcu_active_readers.bitfield&~((1<<_pid)))"
	line 421, "pan.___", state 597, "cache_dirty_rcu_ptr.bitfield = (cache_dirty_rcu_ptr.bitfield&~((1<<_pid)))"
	line 425, "pan.___", state 611, "cache_dirty_rcu_data[i].bitfield = (cache_dirty_rcu_data[i].bitfield&~((1<<_pid)))"
	line 250, "pan.___", state 629, "(1)"
	line 254, "pan.___", state 637, "(1)"
	line 258, "pan.___", state 649, "(1)"
	line 262, "pan.___", state 657, "(1)"
	line 412, "pan.___", state 683, "cache_dirty_urcu_gp_ctr.bitfield = (cache_dirty_urcu_gp_ctr.bitfield&~((1<<_pid)))"
	line 421, "pan.___", state 715, "cache_dirty_rcu_ptr.bitfield = (cache_dirty_rcu_ptr.bitfield&~((1<<_pid)))"
	line 425, "pan.___", state 729, "cache_dirty_rcu_data[i].bitfield = (cache_dirty_rcu_data[i].bitfield&~((1<<_pid)))"
	line 250, "pan.___", state 747, "(1)"
	line 258, "pan.___", state 767, "(1)"
	line 262, "pan.___", state 775, "(1)"
	line 412, "pan.___", state 794, "cache_dirty_urcu_gp_ctr.bitfield = (cache_dirty_urcu_gp_ctr.bitfield&~((1<<_pid)))"
	line 412, "pan.___", state 796, "(1)"
	line 412, "pan.___", state 797, "((cache_dirty_urcu_gp_ctr.bitfield&(1<<_pid)))"
	line 412, "pan.___", state 797, "else"
	line 412, "pan.___", state 800, "(1)"
	line 416, "pan.___", state 808, "cache_dirty_urcu_active_readers.bitfield = (cache_dirty_urcu_active_readers.bitfield&~((1<<_pid)))"
	line 416, "pan.___", state 810, "(1)"
	line 416, "pan.___", state 811, "((cache_dirty_urcu_active_readers.bitfield&(1<<_pid)))"
	line 416, "pan.___", state 811, "else"
	line 416, "pan.___", state 814, "(1)"
	line 416, "pan.___", state 815, "(1)"
	line 416, "pan.___", state 815, "(1)"
	line 414, "pan.___", state 820, "((i<1))"
	line 414, "pan.___", state 820, "((i>=1))"
	line 421, "pan.___", state 826, "cache_dirty_rcu_ptr.bitfield = (cache_dirty_rcu_ptr.bitfield&~((1<<_pid)))"
	line 421, "pan.___", state 828, "(1)"
	line 421, "pan.___", state 829, "((cache_dirty_rcu_ptr.bitfield&(1<<_pid)))"
	line 421, "pan.___", state 829, "else"
	line 421, "pan.___", state 832, "(1)"
	line 421, "pan.___", state 833, "(1)"
	line 421, "pan.___", state 833, "(1)"
	line 425, "pan.___", state 840, "cache_dirty_rcu_data[i].bitfield = (cache_dirty_rcu_data[i].bitfield&~((1<<_pid)))"
	line 425, "pan.___", state 842, "(1)"
	line 425, "pan.___", state 843, "((cache_dirty_rcu_data[i].bitfield&(1<<_pid)))"
	line 425, "pan.___", state 843, "else"
	line 425, "pan.___", state 846, "(1)"
	line 425, "pan.___", state 847, "(1)"
	line 425, "pan.___", state 847, "(1)"
	line 423, "pan.___", state 852, "((i<2))"
	line 423, "pan.___", state 852, "((i>=2))"
	line 250, "pan.___", state 858, "(1)"
	line 254, "pan.___", state 866, "(1)"
	line 254, "pan.___", state 867, "(!((cache_dirty_urcu_active_readers.bitfield&(1<<_pid))))"
	line 254, "pan.___", state 867, "else"
	line 252, "pan.___", state 872, "((i<1))"
	line 252, "pan.___", state 872, "((i>=1))"
	line 258, "pan.___", state 878, "(1)"
	line 258, "pan.___", state 879, "(!((cache_dirty_rcu_ptr.bitfield&(1<<_pid))))"
	line 258, "pan.___", state 879, "else"
	line 262, "pan.___", state 886, "(1)"
	line 262, "pan.___", state 887, "(!((cache_dirty_rcu_data[i].bitfield&(1<<_pid))))"
	line 262, "pan.___", state 887, "else"
	line 260, "pan.___", state 892, "((i<2))"
	line 260, "pan.___", state 892, "((i>=2))"
	line 267, "pan.___", state 896, "(!((cache_dirty_urcu_gp_ctr.bitfield&(1<<_pid))))"
	line 267, "pan.___", state 896, "else"
	line 432, "pan.___", state 898, "(1)"
	line 432, "pan.___", state 898, "(1)"
	line 606, "pan.___", state 902, "_proc_urcu_reader = (_proc_urcu_reader|(1<<11))"
	line 412, "pan.___", state 907, "cache_dirty_urcu_gp_ctr.bitfield = (cache_dirty_urcu_gp_ctr.bitfield&~((1<<_pid)))"
	line 416, "pan.___", state 921, "cache_dirty_urcu_active_readers.bitfield = (cache_dirty_urcu_active_readers.bitfield&~((1<<_pid)))"
	line 421, "pan.___", state 939, "cache_dirty_rcu_ptr.bitfield = (cache_dirty_rcu_ptr.bitfield&~((1<<_pid)))"
	line 425, "pan.___", state 953, "cache_dirty_rcu_data[i].bitfield = (cache_dirty_rcu_data[i].bitfield&~((1<<_pid)))"
	line 250, "pan.___", state 971, "(1)"
	line 254, "pan.___", state 979, "(1)"
	line 258, "pan.___", state 991, "(1)"
	line 262, "pan.___", state 999, "(1)"
	line 412, "pan.___", state 1021, "cache_dirty_urcu_gp_ctr.bitfield = (cache_dirty_urcu_gp_ctr.bitfield&~((1<<_pid)))"
	line 421, "pan.___", state 1053, "cache_dirty_rcu_ptr.bitfield = (cache_dirty_rcu_ptr.bitfield&~((1<<_pid)))"
	line 425, "pan.___", state 1067, "cache_dirty_rcu_data[i].bitfield = (cache_dirty_rcu_data[i].bitfield&~((1<<_pid)))"
	line 250, "pan.___", state 1085, "(1)"
	line 258, "pan.___", state 1105, "(1)"
	line 262, "pan.___", state 1113, "(1)"
	line 412, "pan.___", state 1136, "cache_dirty_urcu_gp_ctr.bitfield = (cache_dirty_urcu_gp_ctr.bitfield&~((1<<_pid)))"
	line 421, "pan.___", state 1168, "cache_dirty_rcu_ptr.bitfield = (cache_dirty_rcu_ptr.bitfield&~((1<<_pid)))"
	line 425, "pan.___", state 1182, "cache_dirty_rcu_data[i].bitfield = (cache_dirty_rcu_data[i].bitfield&~((1<<_pid)))"
	line 250, "pan.___", state 1200, "(1)"
	line 258, "pan.___", state 1220, "(1)"
	line 262, "pan.___", state 1228, "(1)"
	line 412, "pan.___", state 1247, "cache_dirty_urcu_gp_ctr.bitfield = (cache_dirty_urcu_gp_ctr.bitfield&~((1<<_pid)))"
	line 421, "pan.___", state 1279, "cache_dirty_rcu_ptr.bitfield = (cache_dirty_rcu_ptr.bitfield&~((1<<_pid)))"
	line 425, "pan.___", state 1293, "cache_dirty_rcu_data[i].bitfield = (cache_dirty_rcu_data[i].bitfield&~((1<<_pid)))"
	line 250, "pan.___", state 1311, "(1)"
	line 258, "pan.___", state 1331, "(1)"
	line 262, "pan.___", state 1339, "(1)"
	line 273, "pan.___", state 1360, "cache_dirty_urcu_gp_ctr.bitfield = (cache_dirty_urcu_gp_ctr.bitfield&~((1<<_pid)))"
	line 281, "pan.___", state 1382, "cache_dirty_rcu_ptr.bitfield = (cache_dirty_rcu_ptr.bitfield&~((1<<_pid)))"
	line 285, "pan.___", state 1391, "cache_dirty_rcu_data[i].bitfield = (cache_dirty_rcu_data[i].bitfield&~((1<<_pid)))"
	line 250, "pan.___", state 1407, "(1)"
	line 254, "pan.___", state 1415, "(1)"
	line 258, "pan.___", state 1427, "(1)"
	line 262, "pan.___", state 1435, "(1)"
	line 412, "pan.___", state 1453, "cache_dirty_urcu_gp_ctr.bitfield = (cache_dirty_urcu_gp_ctr.bitfield&~((1<<_pid)))"
	line 416, "pan.___", state 1467, "cache_dirty_urcu_active_readers.bitfield = (cache_dirty_urcu_active_readers.bitfield&~((1<<_pid)))"
	line 421, "pan.___", state 1485, "cache_dirty_rcu_ptr.bitfield = (cache_dirty_rcu_ptr.bitfield&~((1<<_pid)))"
	line 425, "pan.___", state 1499, "cache_dirty_rcu_data[i].bitfield = (cache_dirty_rcu_data[i].bitfield&~((1<<_pid)))"
	line 250, "pan.___", state 1517, "(1)"
	line 254, "pan.___", state 1525, "(1)"
	line 258, "pan.___", state 1537, "(1)"
	line 262, "pan.___", state 1545, "(1)"
	line 412, "pan.___", state 1564, "cache_dirty_urcu_gp_ctr.bitfield = (cache_dirty_urcu_gp_ctr.bitfield&~((1<<_pid)))"
	line 416, "pan.___", state 1578, "cache_dirty_urcu_active_readers.bitfield = (cache_dirty_urcu_active_readers.bitfield&~((1<<_pid)))"
	line 421, "pan.___", state 1596, "cache_dirty_rcu_ptr.bitfield = (cache_dirty_rcu_ptr.bitfield&~((1<<_pid)))"
	line 425, "pan.___", state 1610, "cache_dirty_rcu_data[i].bitfield = (cache_dirty_rcu_data[i].bitfield&~((1<<_pid)))"
	line 250, "pan.___", state 1628, "(1)"
	line 254, "pan.___", state 1636, "(1)"
	line 258, "pan.___", state 1648, "(1)"
	line 262, "pan.___", state 1656, "(1)"
	line 412, "pan.___", state 1678, "cache_dirty_urcu_gp_ctr.bitfield = (cache_dirty_urcu_gp_ctr.bitfield&~((1<<_pid)))"
	line 421, "pan.___", state 1710, "cache_dirty_rcu_ptr.bitfield = (cache_dirty_rcu_ptr.bitfield&~((1<<_pid)))"
	line 425, "pan.___", state 1724, "cache_dirty_rcu_data[i].bitfield = (cache_dirty_rcu_data[i].bitfield&~((1<<_pid)))"
	line 250, "pan.___", state 1742, "(1)"
	line 258, "pan.___", state 1762, "(1)"
	line 262, "pan.___", state 1770, "(1)"
	line 645, "pan.___", state 1789, "_proc_urcu_reader = (_proc_urcu_reader|((1<<2)<<19))"
	line 412, "pan.___", state 1796, "cache_dirty_urcu_gp_ctr.bitfield = (cache_dirty_urcu_gp_ctr.bitfield&~((1<<_pid)))"
	line 421, "pan.___", state 1828, "cache_dirty_rcu_ptr.bitfield = (cache_dirty_rcu_ptr.bitfield&~((1<<_pid)))"
	line 425, "pan.___", state 1842, "cache_dirty_rcu_data[i].bitfield = (cache_dirty_rcu_data[i].bitfield&~((1<<_pid)))"
	line 250, "pan.___", state 1860, "(1)"
	line 258, "pan.___", state 1880, "(1)"
	line 262, "pan.___", state 1888, "(1)"
	line 412, "pan.___", state 1907, "cache_dirty_urcu_gp_ctr.bitfield = (cache_dirty_urcu_gp_ctr.bitfield&~((1<<_pid)))"
	line 421, "pan.___", state 1939, "cache_dirty_rcu_ptr.bitfield = (cache_dirty_rcu_ptr.bitfield&~((1<<_pid)))"
	line 425, "pan.___", state 1953, "cache_dirty_rcu_data[i].bitfield = (cache_dirty_rcu_data[i].bitfield&~((1<<_pid)))"
	line 250, "pan.___", state 1971, "(1)"
	line 258, "pan.___", state 1991, "(1)"
	line 262, "pan.___", state 1999, "(1)"
	line 412, "pan.___", state 2020, "cache_dirty_urcu_gp_ctr.bitfield = (cache_dirty_urcu_gp_ctr.bitfield&~((1<<_pid)))"
	line 412, "pan.___", state 2022, "(1)"
	line 412, "pan.___", state 2023, "((cache_dirty_urcu_gp_ctr.bitfield&(1<<_pid)))"
	line 412, "pan.___", state 2023, "else"
	line 412, "pan.___", state 2026, "(1)"
	line 416, "pan.___", state 2034, "cache_dirty_urcu_active_readers.bitfield = (cache_dirty_urcu_active_readers.bitfield&~((1<<_pid)))"
	line 416, "pan.___", state 2036, "(1)"
	line 416, "pan.___", state 2037, "((cache_dirty_urcu_active_readers.bitfield&(1<<_pid)))"
	line 416, "pan.___", state 2037, "else"
	line 416, "pan.___", state 2040, "(1)"
	line 416, "pan.___", state 2041, "(1)"
	line 416, "pan.___", state 2041, "(1)"
	line 414, "pan.___", state 2046, "((i<1))"
	line 414, "pan.___", state 2046, "((i>=1))"
	line 421, "pan.___", state 2052, "cache_dirty_rcu_ptr.bitfield = (cache_dirty_rcu_ptr.bitfield&~((1<<_pid)))"
	line 421, "pan.___", state 2054, "(1)"
	line 421, "pan.___", state 2055, "((cache_dirty_rcu_ptr.bitfield&(1<<_pid)))"
	line 421, "pan.___", state 2055, "else"
	line 421, "pan.___", state 2058, "(1)"
	line 421, "pan.___", state 2059, "(1)"
	line 421, "pan.___", state 2059, "(1)"
	line 425, "pan.___", state 2066, "cache_dirty_rcu_data[i].bitfield = (cache_dirty_rcu_data[i].bitfield&~((1<<_pid)))"
	line 425, "pan.___", state 2068, "(1)"
	line 425, "pan.___", state 2069, "((cache_dirty_rcu_data[i].bitfield&(1<<_pid)))"
	line 425, "pan.___", state 2069, "else"
	line 425, "pan.___", state 2072, "(1)"
	line 425, "pan.___", state 2073, "(1)"
	line 425, "pan.___", state 2073, "(1)"
	line 423, "pan.___", state 2078, "((i<2))"
	line 423, "pan.___", state 2078, "((i>=2))"
	line 250, "pan.___", state 2084, "(1)"
	line 254, "pan.___", state 2092, "(1)"
	line 254, "pan.___", state 2093, "(!((cache_dirty_urcu_active_readers.bitfield&(1<<_pid))))"
	line 254, "pan.___", state 2093, "else"
	line 252, "pan.___", state 2098, "((i<1))"
	line 252, "pan.___", state 2098, "((i>=1))"
	line 258, "pan.___", state 2104, "(1)"
	line 258, "pan.___", state 2105, "(!((cache_dirty_rcu_ptr.bitfield&(1<<_pid))))"
	line 258, "pan.___", state 2105, "else"
	line 262, "pan.___", state 2112, "(1)"
	line 262, "pan.___", state 2113, "(!((cache_dirty_rcu_data[i].bitfield&(1<<_pid))))"
	line 262, "pan.___", state 2113, "else"
	line 260, "pan.___", state 2118, "((i<2))"
	line 260, "pan.___", state 2118, "((i>=2))"
	line 267, "pan.___", state 2122, "(!((cache_dirty_urcu_gp_ctr.bitfield&(1<<_pid))))"
	line 267, "pan.___", state 2122, "else"
	line 432, "pan.___", state 2124, "(1)"
	line 432, "pan.___", state 2124, "(1)"
	line 645, "pan.___", state 2127, "cached_urcu_active_readers.val[_pid] = (tmp+1)"
	line 645, "pan.___", state 2128, "_proc_urcu_reader = (_proc_urcu_reader|(1<<23))"
	line 645, "pan.___", state 2129, "(1)"
	line 273, "pan.___", state 2133, "cache_dirty_urcu_gp_ctr.bitfield = (cache_dirty_urcu_gp_ctr.bitfield&~((1<<_pid)))"
	line 281, "pan.___", state 2155, "cache_dirty_rcu_ptr.bitfield = (cache_dirty_rcu_ptr.bitfield&~((1<<_pid)))"
	line 285, "pan.___", state 2164, "cache_dirty_rcu_data[i].bitfield = (cache_dirty_rcu_data[i].bitfield&~((1<<_pid)))"
	line 250, "pan.___", state 2180, "(1)"
	line 254, "pan.___", state 2188, "(1)"
	line 258, "pan.___", state 2200, "(1)"
	line 262, "pan.___", state 2208, "(1)"
	line 412, "pan.___", state 2226, "cache_dirty_urcu_gp_ctr.bitfield = (cache_dirty_urcu_gp_ctr.bitfield&~((1<<_pid)))"
	line 416, "pan.___", state 2240, "cache_dirty_urcu_active_readers.bitfield = (cache_dirty_urcu_active_readers.bitfield&~((1<<_pid)))"
	line 421, "pan.___", state 2258, "cache_dirty_rcu_ptr.bitfield = (cache_dirty_rcu_ptr.bitfield&~((1<<_pid)))"
	line 425, "pan.___", state 2272, "cache_dirty_rcu_data[i].bitfield = (cache_dirty_rcu_data[i].bitfield&~((1<<_pid)))"
	line 250, "pan.___", state 2290, "(1)"
	line 254, "pan.___", state 2298, "(1)"
	line 258, "pan.___", state 2310, "(1)"
	line 262, "pan.___", state 2318, "(1)"
	line 273, "pan.___", state 2340, "cache_dirty_urcu_gp_ctr.bitfield = (cache_dirty_urcu_gp_ctr.bitfield&~((1<<_pid)))"
	line 277, "pan.___", state 2349, "cache_dirty_urcu_active_readers.bitfield = (cache_dirty_urcu_active_readers.bitfield&~((1<<_pid)))"
	line 281, "pan.___", state 2362, "cache_dirty_rcu_ptr.bitfield = (cache_dirty_rcu_ptr.bitfield&~((1<<_pid)))"
	line 285, "pan.___", state 2371, "cache_dirty_rcu_data[i].bitfield = (cache_dirty_rcu_data[i].bitfield&~((1<<_pid)))"
	line 250, "pan.___", state 2387, "(1)"
	line 254, "pan.___", state 2395, "(1)"
	line 258, "pan.___", state 2407, "(1)"
	line 262, "pan.___", state 2415, "(1)"
	line 412, "pan.___", state 2433, "cache_dirty_urcu_gp_ctr.bitfield = (cache_dirty_urcu_gp_ctr.bitfield&~((1<<_pid)))"
	line 416, "pan.___", state 2447, "cache_dirty_urcu_active_readers.bitfield = (cache_dirty_urcu_active_readers.bitfield&~((1<<_pid)))"
	line 421, "pan.___", state 2465, "cache_dirty_rcu_ptr.bitfield = (cache_dirty_rcu_ptr.bitfield&~((1<<_pid)))"
	line 425, "pan.___", state 2479, "cache_dirty_rcu_data[i].bitfield = (cache_dirty_rcu_data[i].bitfield&~((1<<_pid)))"
	line 250, "pan.___", state 2497, "(1)"
	line 254, "pan.___", state 2505, "(1)"
	line 258, "pan.___", state 2517, "(1)"
	line 262, "pan.___", state 2525, "(1)"
	line 412, "pan.___", state 2544, "cache_dirty_urcu_gp_ctr.bitfield = (cache_dirty_urcu_gp_ctr.bitfield&~((1<<_pid)))"
	line 416, "pan.___", state 2558, "cache_dirty_urcu_active_readers.bitfield = (cache_dirty_urcu_active_readers.bitfield&~((1<<_pid)))"
	line 421, "pan.___", state 2576, "cache_dirty_rcu_ptr.bitfield = (cache_dirty_rcu_ptr.bitfield&~((1<<_pid)))"
	line 425, "pan.___", state 2590, "cache_dirty_rcu_data[i].bitfield = (cache_dirty_rcu_data[i].bitfield&~((1<<_pid)))"
	line 250, "pan.___", state 2608, "(1)"
	line 254, "pan.___", state 2616, "(1)"
	line 258, "pan.___", state 2628, "(1)"
	line 262, "pan.___", state 2636, "(1)"
	line 250, "pan.___", state 2667, "(1)"
	line 258, "pan.___", state 2687, "(1)"
	line 262, "pan.___", state 2695, "(1)"
	line 250, "pan.___", state 2710, "(1)"
	line 254, "pan.___", state 2718, "(1)"
	line 258, "pan.___", state 2730, "(1)"
	line 262, "pan.___", state 2738, "(1)"
	line 899, "pan.___", state 2755, "-end-"
	(259 of 2755 states)
unreached in proctype urcu_writer
	line 412, "pan.___", state 18, "cache_dirty_urcu_gp_ctr.bitfield = (cache_dirty_urcu_gp_ctr.bitfield&~((1<<_pid)))"
	line 412, "pan.___", state 24, "(1)"
	line 416, "pan.___", state 32, "cache_dirty_urcu_active_readers.bitfield = (cache_dirty_urcu_active_readers.bitfield&~((1<<_pid)))"
	line 416, "pan.___", state 38, "(1)"
	line 416, "pan.___", state 39, "(1)"
	line 416, "pan.___", state 39, "(1)"
	line 414, "pan.___", state 44, "((i<1))"
	line 414, "pan.___", state 44, "((i>=1))"
	line 421, "pan.___", state 50, "cache_dirty_rcu_ptr.bitfield = (cache_dirty_rcu_ptr.bitfield&~((1<<_pid)))"
	line 421, "pan.___", state 56, "(1)"
	line 421, "pan.___", state 57, "(1)"
	line 421, "pan.___", state 57, "(1)"
	line 425, "pan.___", state 64, "cache_dirty_rcu_data[i].bitfield = (cache_dirty_rcu_data[i].bitfield&~((1<<_pid)))"
	line 425, "pan.___", state 70, "(1)"
	line 425, "pan.___", state 71, "(1)"
	line 425, "pan.___", state 71, "(1)"
	line 423, "pan.___", state 76, "((i<2))"
	line 423, "pan.___", state 76, "((i>=2))"
	line 250, "pan.___", state 82, "(1)"
	line 254, "pan.___", state 90, "(1)"
	line 254, "pan.___", state 91, "(!((cache_dirty_urcu_active_readers.bitfield&(1<<_pid))))"
	line 254, "pan.___", state 91, "else"
	line 252, "pan.___", state 96, "((i<1))"
	line 252, "pan.___", state 96, "((i>=1))"
	line 258, "pan.___", state 102, "(1)"
	line 258, "pan.___", state 103, "(!((cache_dirty_rcu_ptr.bitfield&(1<<_pid))))"
	line 258, "pan.___", state 103, "else"
	line 262, "pan.___", state 110, "(1)"
	line 262, "pan.___", state 111, "(!((cache_dirty_rcu_data[i].bitfield&(1<<_pid))))"
	line 262, "pan.___", state 111, "else"
	line 260, "pan.___", state 116, "((i<2))"
	line 260, "pan.___", state 116, "((i>=2))"
	line 267, "pan.___", state 120, "(!((cache_dirty_urcu_gp_ctr.bitfield&(1<<_pid))))"
	line 267, "pan.___", state 120, "else"
	line 432, "pan.___", state 122, "(1)"
	line 432, "pan.___", state 122, "(1)"
	line 273, "pan.___", state 131, "cache_dirty_urcu_gp_ctr.bitfield = (cache_dirty_urcu_gp_ctr.bitfield&~((1<<_pid)))"
	line 277, "pan.___", state 140, "cache_dirty_urcu_active_readers.bitfield = (cache_dirty_urcu_active_readers.bitfield&~((1<<_pid)))"
	line 275, "pan.___", state 148, "((i<1))"
	line 275, "pan.___", state 148, "((i>=1))"
	line 281, "pan.___", state 153, "cache_dirty_rcu_ptr.bitfield = (cache_dirty_rcu_ptr.bitfield&~((1<<_pid)))"
	line 1022, "pan.___", state 181, "old_data = cached_rcu_ptr.val[_pid]"
	line 412, "pan.___", state 193, "cache_dirty_urcu_gp_ctr.bitfield = (cache_dirty_urcu_gp_ctr.bitfield&~((1<<_pid)))"
	line 412, "pan.___", state 199, "(1)"
	line 416, "pan.___", state 207, "cache_dirty_urcu_active_readers.bitfield = (cache_dirty_urcu_active_readers.bitfield&~((1<<_pid)))"
	line 416, "pan.___", state 213, "(1)"
	line 416, "pan.___", state 214, "(1)"
	line 416, "pan.___", state 214, "(1)"
	line 414, "pan.___", state 219, "((i<1))"
	line 414, "pan.___", state 219, "((i>=1))"
	line 421, "pan.___", state 225, "cache_dirty_rcu_ptr.bitfield = (cache_dirty_rcu_ptr.bitfield&~((1<<_pid)))"
	line 421, "pan.___", state 231, "(1)"
	line 421, "pan.___", state 232, "(1)"
	line 421, "pan.___", state 232, "(1)"
	line 425, "pan.___", state 239, "cache_dirty_rcu_data[i].bitfield = (cache_dirty_rcu_data[i].bitfield&~((1<<_pid)))"
	line 425, "pan.___", state 245, "(1)"
	line 425, "pan.___", state 246, "(1)"
	line 425, "pan.___", state 246, "(1)"
	line 423, "pan.___", state 251, "((i<2))"
	line 423, "pan.___", state 251, "((i>=2))"
	line 250, "pan.___", state 257, "(1)"
	line 254, "pan.___", state 265, "(1)"
	line 254, "pan.___", state 266, "(!((cache_dirty_urcu_active_readers.bitfield&(1<<_pid))))"
	line 254, "pan.___", state 266, "else"
	line 252, "pan.___", state 271, "((i<1))"
	line 252, "pan.___", state 271, "((i>=1))"
	line 258, "pan.___", state 277, "(1)"
	line 258, "pan.___", state 278, "(!((cache_dirty_rcu_ptr.bitfield&(1<<_pid))))"
	line 258, "pan.___", state 278, "else"
	line 262, "pan.___", state 285, "(1)"
	line 262, "pan.___", state 286, "(!((cache_dirty_rcu_data[i].bitfield&(1<<_pid))))"
	line 262, "pan.___", state 286, "else"
	line 260, "pan.___", state 291, "((i<2))"
	line 260, "pan.___", state 291, "((i>=2))"
	line 267, "pan.___", state 295, "(!((cache_dirty_urcu_gp_ctr.bitfield&(1<<_pid))))"
	line 267, "pan.___", state 295, "else"
	line 432, "pan.___", state 297, "(1)"
	line 432, "pan.___", state 297, "(1)"
	line 412, "pan.___", state 308, "(1)"
	line 412, "pan.___", state 309, "((cache_dirty_urcu_gp_ctr.bitfield&(1<<_pid)))"
	line 412, "pan.___", state 309, "else"
	line 412, "pan.___", state 312, "(1)"
	line 416, "pan.___", state 320, "cache_dirty_urcu_active_readers.bitfield = (cache_dirty_urcu_active_readers.bitfield&~((1<<_pid)))"
	line 416, "pan.___", state 326, "(1)"
	line 416, "pan.___", state 327, "(1)"
	line 416, "pan.___", state 327, "(1)"
	line 414, "pan.___", state 332, "((i<1))"
	line 414, "pan.___", state 332, "((i>=1))"
	line 421, "pan.___", state 338, "cache_dirty_rcu_ptr.bitfield = (cache_dirty_rcu_ptr.bitfield&~((1<<_pid)))"
	line 421, "pan.___", state 344, "(1)"
	line 421, "pan.___", state 345, "(1)"
	line 421, "pan.___", state 345, "(1)"
	line 425, "pan.___", state 352, "cache_dirty_rcu_data[i].bitfield = (cache_dirty_rcu_data[i].bitfield&~((1<<_pid)))"
	line 425, "pan.___", state 358, "(1)"
	line 425, "pan.___", state 359, "(1)"
	line 425, "pan.___", state 359, "(1)"
	line 423, "pan.___", state 364, "((i<2))"
	line 423, "pan.___", state 364, "((i>=2))"
	line 250, "pan.___", state 370, "(1)"
	line 254, "pan.___", state 378, "(1)"
	line 254, "pan.___", state 379, "(!((cache_dirty_urcu_active_readers.bitfield&(1<<_pid))))"
	line 254, "pan.___", state 379, "else"
	line 252, "pan.___", state 384, "((i<1))"
	line 252, "pan.___", state 384, "((i>=1))"
	line 258, "pan.___", state 390, "(1)"
	line 258, "pan.___", state 391, "(!((cache_dirty_rcu_ptr.bitfield&(1<<_pid))))"
	line 258, "pan.___", state 391, "else"
	line 262, "pan.___", state 398, "(1)"
	line 262, "pan.___", state 399, "(!((cache_dirty_rcu_data[i].bitfield&(1<<_pid))))"
	line 262, "pan.___", state 399, "else"
	line 260, "pan.___", state 404, "((i<2))"
	line 260, "pan.___", state 404, "((i>=2))"
	line 267, "pan.___", state 408, "(!((cache_dirty_urcu_gp_ctr.bitfield&(1<<_pid))))"
	line 267, "pan.___", state 408, "else"
	line 432, "pan.___", state 410, "(1)"
	line 432, "pan.___", state 410, "(1)"
	line 412, "pan.___", state 423, "cache_dirty_urcu_gp_ctr.bitfield = (cache_dirty_urcu_gp_ctr.bitfield&~((1<<_pid)))"
	line 412, "pan.___", state 425, "(1)"
	line 412, "pan.___", state 426, "((cache_dirty_urcu_gp_ctr.bitfield&(1<<_pid)))"
	line 412, "pan.___", state 426, "else"
	line 412, "pan.___", state 429, "(1)"
	line 416, "pan.___", state 437, "cache_dirty_urcu_active_readers.bitfield = (cache_dirty_urcu_active_readers.bitfield&~((1<<_pid)))"
	line 416, "pan.___", state 439, "(1)"
	line 416, "pan.___", state 440, "((cache_dirty_urcu_active_readers.bitfield&(1<<_pid)))"
	line 416, "pan.___", state 440, "else"
	line 416, "pan.___", state 443, "(1)"
	line 416, "pan.___", state 444, "(1)"
	line 416, "pan.___", state 444, "(1)"
	line 414, "pan.___", state 449, "((i<1))"
	line 414, "pan.___", state 449, "((i>=1))"
	line 421, "pan.___", state 455, "cache_dirty_rcu_ptr.bitfield = (cache_dirty_rcu_ptr.bitfield&~((1<<_pid)))"
	line 421, "pan.___", state 457, "(1)"
	line 421, "pan.___", state 458, "((cache_dirty_rcu_ptr.bitfield&(1<<_pid)))"
	line 421, "pan.___", state 458, "else"
	line 421, "pan.___", state 461, "(1)"
	line 421, "pan.___", state 462, "(1)"
	line 421, "pan.___", state 462, "(1)"
	line 425, "pan.___", state 469, "cache_dirty_rcu_data[i].bitfield = (cache_dirty_rcu_data[i].bitfield&~((1<<_pid)))"
	line 425, "pan.___", state 471, "(1)"
	line 425, "pan.___", state 472, "((cache_dirty_rcu_data[i].bitfield&(1<<_pid)))"
	line 425, "pan.___", state 472, "else"
	line 425, "pan.___", state 475, "(1)"
	line 425, "pan.___", state 476, "(1)"
	line 425, "pan.___", state 476, "(1)"
	line 423, "pan.___", state 481, "((i<2))"
	line 423, "pan.___", state 481, "((i>=2))"
	line 250, "pan.___", state 487, "(1)"
	line 254, "pan.___", state 495, "(1)"
	line 254, "pan.___", state 496, "(!((cache_dirty_urcu_active_readers.bitfield&(1<<_pid))))"
	line 254, "pan.___", state 496, "else"
	line 252, "pan.___", state 501, "((i<1))"
	line 252, "pan.___", state 501, "((i>=1))"
	line 258, "pan.___", state 507, "(1)"
	line 258, "pan.___", state 508, "(!((cache_dirty_rcu_ptr.bitfield&(1<<_pid))))"
	line 258, "pan.___", state 508, "else"
	line 262, "pan.___", state 515, "(1)"
	line 262, "pan.___", state 516, "(!((cache_dirty_rcu_data[i].bitfield&(1<<_pid))))"
	line 262, "pan.___", state 516, "else"
	line 267, "pan.___", state 525, "(!((cache_dirty_urcu_gp_ctr.bitfield&(1<<_pid))))"
	line 267, "pan.___", state 525, "else"
	line 432, "pan.___", state 527, "(1)"
	line 432, "pan.___", state 527, "(1)"
	line 412, "pan.___", state 533, "cache_dirty_urcu_gp_ctr.bitfield = (cache_dirty_urcu_gp_ctr.bitfield&~((1<<_pid)))"
	line 412, "pan.___", state 539, "(1)"
	line 416, "pan.___", state 547, "cache_dirty_urcu_active_readers.bitfield = (cache_dirty_urcu_active_readers.bitfield&~((1<<_pid)))"
	line 416, "pan.___", state 553, "(1)"
	line 416, "pan.___", state 554, "(1)"
	line 416, "pan.___", state 554, "(1)"
	line 414, "pan.___", state 559, "((i<1))"
	line 414, "pan.___", state 559, "((i>=1))"
	line 421, "pan.___", state 565, "cache_dirty_rcu_ptr.bitfield = (cache_dirty_rcu_ptr.bitfield&~((1<<_pid)))"
	line 421, "pan.___", state 571, "(1)"
	line 421, "pan.___", state 572, "(1)"
	line 421, "pan.___", state 572, "(1)"
	line 425, "pan.___", state 579, "cache_dirty_rcu_data[i].bitfield = (cache_dirty_rcu_data[i].bitfield&~((1<<_pid)))"
	line 425, "pan.___", state 585, "(1)"
	line 425, "pan.___", state 586, "(1)"
	line 425, "pan.___", state 586, "(1)"
	line 423, "pan.___", state 591, "((i<2))"
	line 423, "pan.___", state 591, "((i>=2))"
	line 250, "pan.___", state 597, "(1)"
	line 254, "pan.___", state 605, "(1)"
	line 254, "pan.___", state 606, "(!((cache_dirty_urcu_active_readers.bitfield&(1<<_pid))))"
	line 254, "pan.___", state 606, "else"
	line 252, "pan.___", state 611, "((i<1))"
	line 252, "pan.___", state 611, "((i>=1))"
	line 258, "pan.___", state 617, "(1)"
	line 258, "pan.___", state 618, "(!((cache_dirty_rcu_ptr.bitfield&(1<<_pid))))"
	line 258, "pan.___", state 618, "else"
	line 262, "pan.___", state 625, "(1)"
	line 262, "pan.___", state 626, "(!((cache_dirty_rcu_data[i].bitfield&(1<<_pid))))"
	line 262, "pan.___", state 626, "else"
	line 267, "pan.___", state 635, "(!((cache_dirty_urcu_gp_ctr.bitfield&(1<<_pid))))"
	line 267, "pan.___", state 635, "else"
	line 432, "pan.___", state 637, "(1)"
	line 432, "pan.___", state 637, "(1)"
	line 412, "pan.___", state 644, "cache_dirty_urcu_gp_ctr.bitfield = (cache_dirty_urcu_gp_ctr.bitfield&~((1<<_pid)))"
	line 412, "pan.___", state 650, "(1)"
	line 416, "pan.___", state 658, "cache_dirty_urcu_active_readers.bitfield = (cache_dirty_urcu_active_readers.bitfield&~((1<<_pid)))"
	line 416, "pan.___", state 664, "(1)"
	line 416, "pan.___", state 665, "(1)"
	line 416, "pan.___", state 665, "(1)"
	line 414, "pan.___", state 670, "((i<1))"
	line 414, "pan.___", state 670, "((i>=1))"
	line 421, "pan.___", state 676, "cache_dirty_rcu_ptr.bitfield = (cache_dirty_rcu_ptr.bitfield&~((1<<_pid)))"
	line 421, "pan.___", state 682, "(1)"
	line 421, "pan.___", state 683, "(1)"
	line 421, "pan.___", state 683, "(1)"
	line 425, "pan.___", state 690, "cache_dirty_rcu_data[i].bitfield = (cache_dirty_rcu_data[i].bitfield&~((1<<_pid)))"
	line 425, "pan.___", state 696, "(1)"
	line 425, "pan.___", state 697, "(1)"
	line 425, "pan.___", state 697, "(1)"
	line 423, "pan.___", state 702, "((i<2))"
	line 423, "pan.___", state 702, "((i>=2))"
	line 250, "pan.___", state 708, "(1)"
	line 254, "pan.___", state 716, "(1)"
	line 254, "pan.___", state 717, "(!((cache_dirty_urcu_active_readers.bitfield&(1<<_pid))))"
	line 254, "pan.___", state 717, "else"
	line 252, "pan.___", state 722, "((i<1))"
	line 252, "pan.___", state 722, "((i>=1))"
	line 258, "pan.___", state 728, "(1)"
	line 258, "pan.___", state 729, "(!((cache_dirty_rcu_ptr.bitfield&(1<<_pid))))"
	line 258, "pan.___", state 729, "else"
	line 262, "pan.___", state 736, "(1)"
	line 262, "pan.___", state 737, "(!((cache_dirty_rcu_data[i].bitfield&(1<<_pid))))"
	line 262, "pan.___", state 737, "else"
	line 260, "pan.___", state 742, "((i<2))"
	line 260, "pan.___", state 742, "((i>=2))"
	line 267, "pan.___", state 746, "(!((cache_dirty_urcu_gp_ctr.bitfield&(1<<_pid))))"
	line 267, "pan.___", state 746, "else"
	line 432, "pan.___", state 748, "(1)"
	line 432, "pan.___", state 748, "(1)"
	line 416, "pan.___", state 771, "cache_dirty_urcu_active_readers.bitfield = (cache_dirty_urcu_active_readers.bitfield&~((1<<_pid)))"
	line 421, "pan.___", state 789, "cache_dirty_rcu_ptr.bitfield = (cache_dirty_rcu_ptr.bitfield&~((1<<_pid)))"
	line 425, "pan.___", state 803, "cache_dirty_rcu_data[i].bitfield = (cache_dirty_rcu_data[i].bitfield&~((1<<_pid)))"
	line 254, "pan.___", state 829, "(1)"
	line 258, "pan.___", state 841, "(1)"
	line 262, "pan.___", state 849, "(1)"
	line 416, "pan.___", state 887, "cache_dirty_urcu_active_readers.bitfield = (cache_dirty_urcu_active_readers.bitfield&~((1<<_pid)))"
	line 421, "pan.___", state 905, "cache_dirty_rcu_ptr.bitfield = (cache_dirty_rcu_ptr.bitfield&~((1<<_pid)))"
	line 425, "pan.___", state 919, "cache_dirty_rcu_data[i].bitfield = (cache_dirty_rcu_data[i].bitfield&~((1<<_pid)))"
	line 254, "pan.___", state 945, "(1)"
	line 258, "pan.___", state 957, "(1)"
	line 262, "pan.___", state 965, "(1)"
	line 273, "pan.___", state 1009, "cache_dirty_urcu_gp_ctr.bitfield = (cache_dirty_urcu_gp_ctr.bitfield&~((1<<_pid)))"
	line 277, "pan.___", state 1018, "cache_dirty_urcu_active_readers.bitfield = (cache_dirty_urcu_active_readers.bitfield&~((1<<_pid)))"
	line 275, "pan.___", state 1026, "((i<1))"
	line 275, "pan.___", state 1026, "((i>=1))"
	line 281, "pan.___", state 1033, "(1)"
	line 281, "pan.___", state 1034, "((cache_dirty_rcu_ptr.bitfield&(1<<_pid)))"
	line 281, "pan.___", state 1034, "else"
	line 285, "pan.___", state 1040, "cache_dirty_rcu_data[i].bitfield = (cache_dirty_rcu_data[i].bitfield&~((1<<_pid)))"
	line 283, "pan.___", state 1048, "((i<2))"
	line 283, "pan.___", state 1048, "((i>=2))"
	line 250, "pan.___", state 1056, "(1)"
	line 254, "pan.___", state 1064, "(1)"
	line 254, "pan.___", state 1065, "(!((cache_dirty_urcu_active_readers.bitfield&(1<<_pid))))"
	line 254, "pan.___", state 1065, "else"
	line 252, "pan.___", state 1070, "((i<1))"
	line 252, "pan.___", state 1070, "((i>=1))"
	line 258, "pan.___", state 1076, "(1)"
	line 258, "pan.___", state 1077, "(!((cache_dirty_rcu_ptr.bitfield&(1<<_pid))))"
	line 258, "pan.___", state 1077, "else"
	line 262, "pan.___", state 1084, "(1)"
	line 262, "pan.___", state 1085, "(!((cache_dirty_rcu_data[i].bitfield&(1<<_pid))))"
	line 262, "pan.___", state 1085, "else"
	line 267, "pan.___", state 1094, "(!((cache_dirty_urcu_gp_ctr.bitfield&(1<<_pid))))"
	line 267, "pan.___", state 1094, "else"
	line 277, "pan.___", state 1109, "cache_dirty_urcu_active_readers.bitfield = (cache_dirty_urcu_active_readers.bitfield&~((1<<_pid)))"
	line 281, "pan.___", state 1122, "cache_dirty_rcu_ptr.bitfield = (cache_dirty_rcu_ptr.bitfield&~((1<<_pid)))"
	line 285, "pan.___", state 1131, "cache_dirty_rcu_data[i].bitfield = (cache_dirty_rcu_data[i].bitfield&~((1<<_pid)))"
	line 250, "pan.___", state 1147, "(1)"
	line 254, "pan.___", state 1155, "(1)"
	line 258, "pan.___", state 1167, "(1)"
	line 262, "pan.___", state 1175, "(1)"
	line 1238, "pan.___", state 1190, "-end-"
	(192 of 1190 states)
unreached in proctype :init:
	(0 of 78 states)
unreached in proctype :never:
	line 1303, "pan.___", state 11, "-end-"
	(1 of 11 states)

pan: elapsed time 8.1 seconds
pan: rate 24329.259 states/second
pan: avg transition delay 2.7644e-06 usec
cp .input.spin urcu_progress_writer_error.spin.input
cp .input.spin.trail urcu_progress_writer_error.spin.input.trail
make[1]: Leaving directory `/home/compudj/doc/userspace-rcu/formal-model/urcu-controldataflow-intel-no-ipi'
