make[1]: Entering directory `/home/compudj/doc/userspace-rcu/formal-model/urcu-controldataflow-alpha-no-ipi'
rm -f pan* trail.out .input.spin* *.spin.trail .input.define
touch .input.define
cat .input.define > pan.ltl
cat DEFINES >> pan.ltl
spin -f "!(`cat urcu_progress.ltl | grep -v ^//`)" >> pan.ltl
cp urcu_progress_writer_error.define .input.define
cat .input.define > .input.spin
cat DEFINES >> .input.spin
cat urcu.spin >> .input.spin
rm -f .input.spin.trail
spin -a -X -N pan.ltl .input.spin
Exit-Status 0
gcc -O2 -w -DHASH64 -o pan pan.c
./pan -a -f -v -c1 -X -m10000000 -w20
warning: for p.o. reduction to be valid the never claim must be stutter-invariant
(never claims generated from LTL formulae are stutter-invariant)
depth 0: Claim reached state 5 (line 1296)
depth 23: Claim reached state 9 (line 1301)
depth 1559: Claim reached state 9 (line 1300)
pan: acceptance cycle (at depth 6380)
pan: wrote .input.spin.trail

(Spin Version 5.1.7 -- 23 December 2008)
Warning: Search not completed
	+ Partial Order Reduction

Full statespace search for:
	never claim         	+
	assertion violations	+ (if within scope of claim)
	acceptance   cycles 	+ (fairness enabled)
	invalid end states	- (disabled by never claim)

State-vector 88 byte, depth reached 7421, errors: 1
    55319 states, stored (173044 visited)
 69543507 states, matched
 69716551 transitions (= visited+matched)
3.7666148e+08 atomic steps
hash conflicts:   1148679 (resolved)

Stats on memory usage (in Megabytes):
    6.120	equivalent memory usage for states (stored*(State-vector + overhead))
    5.332	actual memory usage for states (compression: 87.12%)
         	state-vector as stored = 73 byte + 28 byte overhead
    8.000	memory used for hash table (-w20)
  457.764	memory used for DFS stack (-m10000000)
  471.037	total actual memory usage

unreached in proctype urcu_reader
	line 412, "pan.___", state 17, "cache_dirty_urcu_gp_ctr.bitfield = (cache_dirty_urcu_gp_ctr.bitfield&~((1<<_pid)))"
	line 421, "pan.___", state 49, "cache_dirty_rcu_ptr.bitfield = (cache_dirty_rcu_ptr.bitfield&~((1<<_pid)))"
	line 425, "pan.___", state 63, "cache_dirty_rcu_data[i].bitfield = (cache_dirty_rcu_data[i].bitfield&~((1<<_pid)))"
	line 430, "pan.___", state 82, "(1)"
	line 439, "pan.___", state 112, "(1)"
	line 443, "pan.___", state 125, "(1)"
	line 598, "pan.___", state 146, "_proc_urcu_reader = (_proc_urcu_reader|((1<<2)<<1))"
	line 412, "pan.___", state 153, "cache_dirty_urcu_gp_ctr.bitfield = (cache_dirty_urcu_gp_ctr.bitfield&~((1<<_pid)))"
	line 421, "pan.___", state 185, "cache_dirty_rcu_ptr.bitfield = (cache_dirty_rcu_ptr.bitfield&~((1<<_pid)))"
	line 425, "pan.___", state 199, "cache_dirty_rcu_data[i].bitfield = (cache_dirty_rcu_data[i].bitfield&~((1<<_pid)))"
	line 430, "pan.___", state 218, "(1)"
	line 439, "pan.___", state 248, "(1)"
	line 443, "pan.___", state 261, "(1)"
	line 412, "pan.___", state 282, "cache_dirty_urcu_gp_ctr.bitfield = (cache_dirty_urcu_gp_ctr.bitfield&~((1<<_pid)))"
	line 421, "pan.___", state 314, "cache_dirty_rcu_ptr.bitfield = (cache_dirty_rcu_ptr.bitfield&~((1<<_pid)))"
	line 425, "pan.___", state 328, "cache_dirty_rcu_data[i].bitfield = (cache_dirty_rcu_data[i].bitfield&~((1<<_pid)))"
	line 430, "pan.___", state 347, "(1)"
	line 439, "pan.___", state 377, "(1)"
	line 443, "pan.___", state 390, "(1)"
	line 412, "pan.___", state 413, "cache_dirty_urcu_gp_ctr.bitfield = (cache_dirty_urcu_gp_ctr.bitfield&~((1<<_pid)))"
	line 412, "pan.___", state 415, "(1)"
	line 412, "pan.___", state 416, "((cache_dirty_urcu_gp_ctr.bitfield&(1<<_pid)))"
	line 412, "pan.___", state 416, "else"
	line 412, "pan.___", state 419, "(1)"
	line 416, "pan.___", state 427, "cache_dirty_urcu_active_readers.bitfield = (cache_dirty_urcu_active_readers.bitfield&~((1<<_pid)))"
	line 416, "pan.___", state 429, "(1)"
	line 416, "pan.___", state 430, "((cache_dirty_urcu_active_readers.bitfield&(1<<_pid)))"
	line 416, "pan.___", state 430, "else"
	line 416, "pan.___", state 433, "(1)"
	line 416, "pan.___", state 434, "(1)"
	line 416, "pan.___", state 434, "(1)"
	line 414, "pan.___", state 439, "((i<1))"
	line 414, "pan.___", state 439, "((i>=1))"
	line 421, "pan.___", state 445, "cache_dirty_rcu_ptr.bitfield = (cache_dirty_rcu_ptr.bitfield&~((1<<_pid)))"
	line 421, "pan.___", state 447, "(1)"
	line 421, "pan.___", state 448, "((cache_dirty_rcu_ptr.bitfield&(1<<_pid)))"
	line 421, "pan.___", state 448, "else"
	line 421, "pan.___", state 451, "(1)"
	line 421, "pan.___", state 452, "(1)"
	line 421, "pan.___", state 452, "(1)"
	line 425, "pan.___", state 459, "cache_dirty_rcu_data[i].bitfield = (cache_dirty_rcu_data[i].bitfield&~((1<<_pid)))"
	line 425, "pan.___", state 461, "(1)"
	line 425, "pan.___", state 462, "((cache_dirty_rcu_data[i].bitfield&(1<<_pid)))"
	line 425, "pan.___", state 462, "else"
	line 425, "pan.___", state 465, "(1)"
	line 425, "pan.___", state 466, "(1)"
	line 425, "pan.___", state 466, "(1)"
	line 423, "pan.___", state 471, "((i<2))"
	line 423, "pan.___", state 471, "((i>=2))"
	line 430, "pan.___", state 478, "(1)"
	line 430, "pan.___", state 479, "(!((cache_dirty_urcu_gp_ctr.bitfield&(1<<_pid))))"
	line 430, "pan.___", state 479, "else"
	line 430, "pan.___", state 482, "(1)"
	line 430, "pan.___", state 483, "(1)"
	line 430, "pan.___", state 483, "(1)"
	line 434, "pan.___", state 491, "(1)"
	line 434, "pan.___", state 492, "(!((cache_dirty_urcu_active_readers.bitfield&(1<<_pid))))"
	line 434, "pan.___", state 492, "else"
	line 434, "pan.___", state 495, "(1)"
	line 434, "pan.___", state 496, "(1)"
	line 434, "pan.___", state 496, "(1)"
	line 432, "pan.___", state 501, "((i<1))"
	line 432, "pan.___", state 501, "((i>=1))"
	line 439, "pan.___", state 508, "(1)"
	line 439, "pan.___", state 509, "(!((cache_dirty_rcu_ptr.bitfield&(1<<_pid))))"
	line 439, "pan.___", state 509, "else"
	line 439, "pan.___", state 512, "(1)"
	line 439, "pan.___", state 513, "(1)"
	line 439, "pan.___", state 513, "(1)"
	line 443, "pan.___", state 521, "(1)"
	line 443, "pan.___", state 522, "(!((cache_dirty_rcu_data[i].bitfield&(1<<_pid))))"
	line 443, "pan.___", state 522, "else"
	line 443, "pan.___", state 525, "(1)"
	line 443, "pan.___", state 526, "(1)"
	line 443, "pan.___", state 526, "(1)"
	line 441, "pan.___", state 531, "((i<2))"
	line 441, "pan.___", state 531, "((i>=2))"
	line 451, "pan.___", state 535, "(1)"
	line 451, "pan.___", state 535, "(1)"
	line 598, "pan.___", state 538, "cached_urcu_active_readers.val[_pid] = (tmp+1)"
	line 598, "pan.___", state 539, "_proc_urcu_reader = (_proc_urcu_reader|(1<<5))"
	line 598, "pan.___", state 540, "(1)"
	line 273, "pan.___", state 544, "cache_dirty_urcu_gp_ctr.bitfield = (cache_dirty_urcu_gp_ctr.bitfield&~((1<<_pid)))"
	line 277, "pan.___", state 555, "(1)"
	line 281, "pan.___", state 566, "cache_dirty_rcu_ptr.bitfield = (cache_dirty_rcu_ptr.bitfield&~((1<<_pid)))"
	line 285, "pan.___", state 575, "cache_dirty_rcu_data[i].bitfield = (cache_dirty_rcu_data[i].bitfield&~((1<<_pid)))"
	line 250, "pan.___", state 591, "(1)"
	line 254, "pan.___", state 599, "(1)"
	line 258, "pan.___", state 611, "(1)"
	line 262, "pan.___", state 619, "(1)"
	line 412, "pan.___", state 637, "cache_dirty_urcu_gp_ctr.bitfield = (cache_dirty_urcu_gp_ctr.bitfield&~((1<<_pid)))"
	line 416, "pan.___", state 651, "cache_dirty_urcu_active_readers.bitfield = (cache_dirty_urcu_active_readers.bitfield&~((1<<_pid)))"
	line 421, "pan.___", state 669, "cache_dirty_rcu_ptr.bitfield = (cache_dirty_rcu_ptr.bitfield&~((1<<_pid)))"
	line 425, "pan.___", state 683, "cache_dirty_rcu_data[i].bitfield = (cache_dirty_rcu_data[i].bitfield&~((1<<_pid)))"
	line 430, "pan.___", state 702, "(1)"
	line 434, "pan.___", state 715, "(1)"
	line 439, "pan.___", state 732, "(1)"
	line 443, "pan.___", state 745, "(1)"
	line 412, "pan.___", state 773, "cache_dirty_urcu_gp_ctr.bitfield = (cache_dirty_urcu_gp_ctr.bitfield&~((1<<_pid)))"
	line 421, "pan.___", state 805, "cache_dirty_rcu_ptr.bitfield = (cache_dirty_rcu_ptr.bitfield&~((1<<_pid)))"
	line 425, "pan.___", state 819, "cache_dirty_rcu_data[i].bitfield = (cache_dirty_rcu_data[i].bitfield&~((1<<_pid)))"
	line 430, "pan.___", state 838, "(1)"
	line 439, "pan.___", state 868, "(1)"
	line 443, "pan.___", state 881, "(1)"
	line 412, "pan.___", state 902, "cache_dirty_urcu_gp_ctr.bitfield = (cache_dirty_urcu_gp_ctr.bitfield&~((1<<_pid)))"
	line 412, "pan.___", state 904, "(1)"
	line 412, "pan.___", state 905, "((cache_dirty_urcu_gp_ctr.bitfield&(1<<_pid)))"
	line 412, "pan.___", state 905, "else"
	line 412, "pan.___", state 908, "(1)"
	line 416, "pan.___", state 916, "cache_dirty_urcu_active_readers.bitfield = (cache_dirty_urcu_active_readers.bitfield&~((1<<_pid)))"
	line 416, "pan.___", state 918, "(1)"
	line 416, "pan.___", state 919, "((cache_dirty_urcu_active_readers.bitfield&(1<<_pid)))"
	line 416, "pan.___", state 919, "else"
	line 416, "pan.___", state 922, "(1)"
	line 416, "pan.___", state 923, "(1)"
	line 416, "pan.___", state 923, "(1)"
	line 414, "pan.___", state 928, "((i<1))"
	line 414, "pan.___", state 928, "((i>=1))"
	line 421, "pan.___", state 934, "cache_dirty_rcu_ptr.bitfield = (cache_dirty_rcu_ptr.bitfield&~((1<<_pid)))"
	line 421, "pan.___", state 936, "(1)"
	line 421, "pan.___", state 937, "((cache_dirty_rcu_ptr.bitfield&(1<<_pid)))"
	line 421, "pan.___", state 937, "else"
	line 421, "pan.___", state 940, "(1)"
	line 421, "pan.___", state 941, "(1)"
	line 421, "pan.___", state 941, "(1)"
	line 425, "pan.___", state 948, "cache_dirty_rcu_data[i].bitfield = (cache_dirty_rcu_data[i].bitfield&~((1<<_pid)))"
	line 425, "pan.___", state 950, "(1)"
	line 425, "pan.___", state 951, "((cache_dirty_rcu_data[i].bitfield&(1<<_pid)))"
	line 425, "pan.___", state 951, "else"
	line 425, "pan.___", state 954, "(1)"
	line 425, "pan.___", state 955, "(1)"
	line 425, "pan.___", state 955, "(1)"
	line 423, "pan.___", state 960, "((i<2))"
	line 423, "pan.___", state 960, "((i>=2))"
	line 430, "pan.___", state 967, "(1)"
	line 430, "pan.___", state 968, "(!((cache_dirty_urcu_gp_ctr.bitfield&(1<<_pid))))"
	line 430, "pan.___", state 968, "else"
	line 430, "pan.___", state 971, "(1)"
	line 430, "pan.___", state 972, "(1)"
	line 430, "pan.___", state 972, "(1)"
	line 434, "pan.___", state 980, "(1)"
	line 434, "pan.___", state 981, "(!((cache_dirty_urcu_active_readers.bitfield&(1<<_pid))))"
	line 434, "pan.___", state 981, "else"
	line 434, "pan.___", state 984, "(1)"
	line 434, "pan.___", state 985, "(1)"
	line 434, "pan.___", state 985, "(1)"
	line 432, "pan.___", state 990, "((i<1))"
	line 432, "pan.___", state 990, "((i>=1))"
	line 439, "pan.___", state 997, "(1)"
	line 439, "pan.___", state 998, "(!((cache_dirty_rcu_ptr.bitfield&(1<<_pid))))"
	line 439, "pan.___", state 998, "else"
	line 439, "pan.___", state 1001, "(1)"
	line 439, "pan.___", state 1002, "(1)"
	line 439, "pan.___", state 1002, "(1)"
	line 443, "pan.___", state 1010, "(1)"
	line 443, "pan.___", state 1011, "(!((cache_dirty_rcu_data[i].bitfield&(1<<_pid))))"
	line 443, "pan.___", state 1011, "else"
	line 443, "pan.___", state 1014, "(1)"
	line 443, "pan.___", state 1015, "(1)"
	line 443, "pan.___", state 1015, "(1)"
	line 441, "pan.___", state 1020, "((i<2))"
	line 441, "pan.___", state 1020, "((i>=2))"
	line 451, "pan.___", state 1024, "(1)"
	line 451, "pan.___", state 1024, "(1)"
	line 606, "pan.___", state 1028, "_proc_urcu_reader = (_proc_urcu_reader|(1<<11))"
	line 412, "pan.___", state 1033, "cache_dirty_urcu_gp_ctr.bitfield = (cache_dirty_urcu_gp_ctr.bitfield&~((1<<_pid)))"
	line 416, "pan.___", state 1047, "cache_dirty_urcu_active_readers.bitfield = (cache_dirty_urcu_active_readers.bitfield&~((1<<_pid)))"
	line 421, "pan.___", state 1065, "cache_dirty_rcu_ptr.bitfield = (cache_dirty_rcu_ptr.bitfield&~((1<<_pid)))"
	line 425, "pan.___", state 1079, "cache_dirty_rcu_data[i].bitfield = (cache_dirty_rcu_data[i].bitfield&~((1<<_pid)))"
	line 430, "pan.___", state 1098, "(1)"
	line 434, "pan.___", state 1111, "(1)"
	line 439, "pan.___", state 1128, "(1)"
	line 443, "pan.___", state 1141, "(1)"
	line 412, "pan.___", state 1165, "cache_dirty_urcu_gp_ctr.bitfield = (cache_dirty_urcu_gp_ctr.bitfield&~((1<<_pid)))"
	line 421, "pan.___", state 1197, "cache_dirty_rcu_ptr.bitfield = (cache_dirty_rcu_ptr.bitfield&~((1<<_pid)))"
	line 425, "pan.___", state 1211, "cache_dirty_rcu_data[i].bitfield = (cache_dirty_rcu_data[i].bitfield&~((1<<_pid)))"
	line 430, "pan.___", state 1230, "(1)"
	line 439, "pan.___", state 1260, "(1)"
	line 443, "pan.___", state 1273, "(1)"
	line 412, "pan.___", state 1298, "cache_dirty_urcu_gp_ctr.bitfield = (cache_dirty_urcu_gp_ctr.bitfield&~((1<<_pid)))"
	line 421, "pan.___", state 1330, "cache_dirty_rcu_ptr.bitfield = (cache_dirty_rcu_ptr.bitfield&~((1<<_pid)))"
	line 425, "pan.___", state 1344, "cache_dirty_rcu_data[i].bitfield = (cache_dirty_rcu_data[i].bitfield&~((1<<_pid)))"
	line 430, "pan.___", state 1363, "(1)"
	line 439, "pan.___", state 1393, "(1)"
	line 443, "pan.___", state 1406, "(1)"
	line 412, "pan.___", state 1427, "cache_dirty_urcu_gp_ctr.bitfield = (cache_dirty_urcu_gp_ctr.bitfield&~((1<<_pid)))"
	line 421, "pan.___", state 1459, "cache_dirty_rcu_ptr.bitfield = (cache_dirty_rcu_ptr.bitfield&~((1<<_pid)))"
	line 425, "pan.___", state 1473, "cache_dirty_rcu_data[i].bitfield = (cache_dirty_rcu_data[i].bitfield&~((1<<_pid)))"
	line 430, "pan.___", state 1492, "(1)"
	line 439, "pan.___", state 1522, "(1)"
	line 443, "pan.___", state 1535, "(1)"
	line 273, "pan.___", state 1558, "cache_dirty_urcu_gp_ctr.bitfield = (cache_dirty_urcu_gp_ctr.bitfield&~((1<<_pid)))"
	line 281, "pan.___", state 1580, "cache_dirty_rcu_ptr.bitfield = (cache_dirty_rcu_ptr.bitfield&~((1<<_pid)))"
	line 285, "pan.___", state 1589, "cache_dirty_rcu_data[i].bitfield = (cache_dirty_rcu_data[i].bitfield&~((1<<_pid)))"
	line 250, "pan.___", state 1605, "(1)"
	line 254, "pan.___", state 1613, "(1)"
	line 258, "pan.___", state 1625, "(1)"
	line 262, "pan.___", state 1633, "(1)"
	line 412, "pan.___", state 1651, "cache_dirty_urcu_gp_ctr.bitfield = (cache_dirty_urcu_gp_ctr.bitfield&~((1<<_pid)))"
	line 416, "pan.___", state 1665, "cache_dirty_urcu_active_readers.bitfield = (cache_dirty_urcu_active_readers.bitfield&~((1<<_pid)))"
	line 421, "pan.___", state 1683, "cache_dirty_rcu_ptr.bitfield = (cache_dirty_rcu_ptr.bitfield&~((1<<_pid)))"
	line 425, "pan.___", state 1697, "cache_dirty_rcu_data[i].bitfield = (cache_dirty_rcu_data[i].bitfield&~((1<<_pid)))"
	line 430, "pan.___", state 1716, "(1)"
	line 434, "pan.___", state 1729, "(1)"
	line 439, "pan.___", state 1746, "(1)"
	line 443, "pan.___", state 1759, "(1)"
	line 412, "pan.___", state 1780, "cache_dirty_urcu_gp_ctr.bitfield = (cache_dirty_urcu_gp_ctr.bitfield&~((1<<_pid)))"
	line 416, "pan.___", state 1794, "cache_dirty_urcu_active_readers.bitfield = (cache_dirty_urcu_active_readers.bitfield&~((1<<_pid)))"
	line 421, "pan.___", state 1812, "cache_dirty_rcu_ptr.bitfield = (cache_dirty_rcu_ptr.bitfield&~((1<<_pid)))"
	line 425, "pan.___", state 1826, "cache_dirty_rcu_data[i].bitfield = (cache_dirty_rcu_data[i].bitfield&~((1<<_pid)))"
	line 430, "pan.___", state 1845, "(1)"
	line 434, "pan.___", state 1858, "(1)"
	line 439, "pan.___", state 1875, "(1)"
	line 443, "pan.___", state 1888, "(1)"
	line 412, "pan.___", state 1912, "cache_dirty_urcu_gp_ctr.bitfield = (cache_dirty_urcu_gp_ctr.bitfield&~((1<<_pid)))"
	line 421, "pan.___", state 1944, "cache_dirty_rcu_ptr.bitfield = (cache_dirty_rcu_ptr.bitfield&~((1<<_pid)))"
	line 425, "pan.___", state 1958, "cache_dirty_rcu_data[i].bitfield = (cache_dirty_rcu_data[i].bitfield&~((1<<_pid)))"
	line 430, "pan.___", state 1977, "(1)"
	line 439, "pan.___", state 2007, "(1)"
	line 443, "pan.___", state 2020, "(1)"
	line 645, "pan.___", state 2041, "_proc_urcu_reader = (_proc_urcu_reader|((1<<2)<<19))"
	line 412, "pan.___", state 2048, "cache_dirty_urcu_gp_ctr.bitfield = (cache_dirty_urcu_gp_ctr.bitfield&~((1<<_pid)))"
	line 421, "pan.___", state 2080, "cache_dirty_rcu_ptr.bitfield = (cache_dirty_rcu_ptr.bitfield&~((1<<_pid)))"
	line 425, "pan.___", state 2094, "cache_dirty_rcu_data[i].bitfield = (cache_dirty_rcu_data[i].bitfield&~((1<<_pid)))"
	line 430, "pan.___", state 2113, "(1)"
	line 439, "pan.___", state 2143, "(1)"
	line 443, "pan.___", state 2156, "(1)"
	line 412, "pan.___", state 2177, "cache_dirty_urcu_gp_ctr.bitfield = (cache_dirty_urcu_gp_ctr.bitfield&~((1<<_pid)))"
	line 421, "pan.___", state 2209, "cache_dirty_rcu_ptr.bitfield = (cache_dirty_rcu_ptr.bitfield&~((1<<_pid)))"
	line 425, "pan.___", state 2223, "cache_dirty_rcu_data[i].bitfield = (cache_dirty_rcu_data[i].bitfield&~((1<<_pid)))"
	line 430, "pan.___", state 2242, "(1)"
	line 439, "pan.___", state 2272, "(1)"
	line 443, "pan.___", state 2285, "(1)"
	line 412, "pan.___", state 2308, "cache_dirty_urcu_gp_ctr.bitfield = (cache_dirty_urcu_gp_ctr.bitfield&~((1<<_pid)))"
	line 412, "pan.___", state 2310, "(1)"
	line 412, "pan.___", state 2311, "((cache_dirty_urcu_gp_ctr.bitfield&(1<<_pid)))"
	line 412, "pan.___", state 2311, "else"
	line 412, "pan.___", state 2314, "(1)"
	line 416, "pan.___", state 2322, "cache_dirty_urcu_active_readers.bitfield = (cache_dirty_urcu_active_readers.bitfield&~((1<<_pid)))"
	line 416, "pan.___", state 2324, "(1)"
	line 416, "pan.___", state 2325, "((cache_dirty_urcu_active_readers.bitfield&(1<<_pid)))"
	line 416, "pan.___", state 2325, "else"
	line 416, "pan.___", state 2328, "(1)"
	line 416, "pan.___", state 2329, "(1)"
	line 416, "pan.___", state 2329, "(1)"
	line 414, "pan.___", state 2334, "((i<1))"
	line 414, "pan.___", state 2334, "((i>=1))"
	line 421, "pan.___", state 2340, "cache_dirty_rcu_ptr.bitfield = (cache_dirty_rcu_ptr.bitfield&~((1<<_pid)))"
	line 421, "pan.___", state 2342, "(1)"
	line 421, "pan.___", state 2343, "((cache_dirty_rcu_ptr.bitfield&(1<<_pid)))"
	line 421, "pan.___", state 2343, "else"
	line 421, "pan.___", state 2346, "(1)"
	line 421, "pan.___", state 2347, "(1)"
	line 421, "pan.___", state 2347, "(1)"
	line 425, "pan.___", state 2354, "cache_dirty_rcu_data[i].bitfield = (cache_dirty_rcu_data[i].bitfield&~((1<<_pid)))"
	line 425, "pan.___", state 2356, "(1)"
	line 425, "pan.___", state 2357, "((cache_dirty_rcu_data[i].bitfield&(1<<_pid)))"
	line 425, "pan.___", state 2357, "else"
	line 425, "pan.___", state 2360, "(1)"
	line 425, "pan.___", state 2361, "(1)"
	line 425, "pan.___", state 2361, "(1)"
	line 423, "pan.___", state 2366, "((i<2))"
	line 423, "pan.___", state 2366, "((i>=2))"
	line 430, "pan.___", state 2373, "(1)"
	line 430, "pan.___", state 2374, "(!((cache_dirty_urcu_gp_ctr.bitfield&(1<<_pid))))"
	line 430, "pan.___", state 2374, "else"
	line 430, "pan.___", state 2377, "(1)"
	line 430, "pan.___", state 2378, "(1)"
	line 430, "pan.___", state 2378, "(1)"
	line 434, "pan.___", state 2386, "(1)"
	line 434, "pan.___", state 2387, "(!((cache_dirty_urcu_active_readers.bitfield&(1<<_pid))))"
	line 434, "pan.___", state 2387, "else"
	line 434, "pan.___", state 2390, "(1)"
	line 434, "pan.___", state 2391, "(1)"
	line 434, "pan.___", state 2391, "(1)"
	line 432, "pan.___", state 2396, "((i<1))"
	line 432, "pan.___", state 2396, "((i>=1))"
	line 439, "pan.___", state 2403, "(1)"
	line 439, "pan.___", state 2404, "(!((cache_dirty_rcu_ptr.bitfield&(1<<_pid))))"
	line 439, "pan.___", state 2404, "else"
	line 439, "pan.___", state 2407, "(1)"
	line 439, "pan.___", state 2408, "(1)"
	line 439, "pan.___", state 2408, "(1)"
	line 443, "pan.___", state 2416, "(1)"
	line 443, "pan.___", state 2417, "(!((cache_dirty_rcu_data[i].bitfield&(1<<_pid))))"
	line 443, "pan.___", state 2417, "else"
	line 443, "pan.___", state 2420, "(1)"
	line 443, "pan.___", state 2421, "(1)"
	line 443, "pan.___", state 2421, "(1)"
	line 441, "pan.___", state 2426, "((i<2))"
	line 441, "pan.___", state 2426, "((i>=2))"
	line 451, "pan.___", state 2430, "(1)"
	line 451, "pan.___", state 2430, "(1)"
	line 645, "pan.___", state 2433, "cached_urcu_active_readers.val[_pid] = (tmp+1)"
	line 645, "pan.___", state 2434, "_proc_urcu_reader = (_proc_urcu_reader|(1<<23))"
	line 645, "pan.___", state 2435, "(1)"
	line 273, "pan.___", state 2439, "cache_dirty_urcu_gp_ctr.bitfield = (cache_dirty_urcu_gp_ctr.bitfield&~((1<<_pid)))"
	line 281, "pan.___", state 2461, "cache_dirty_rcu_ptr.bitfield = (cache_dirty_rcu_ptr.bitfield&~((1<<_pid)))"
	line 285, "pan.___", state 2470, "cache_dirty_rcu_data[i].bitfield = (cache_dirty_rcu_data[i].bitfield&~((1<<_pid)))"
	line 250, "pan.___", state 2486, "(1)"
	line 254, "pan.___", state 2494, "(1)"
	line 258, "pan.___", state 2506, "(1)"
	line 262, "pan.___", state 2514, "(1)"
	line 412, "pan.___", state 2532, "cache_dirty_urcu_gp_ctr.bitfield = (cache_dirty_urcu_gp_ctr.bitfield&~((1<<_pid)))"
	line 416, "pan.___", state 2546, "cache_dirty_urcu_active_readers.bitfield = (cache_dirty_urcu_active_readers.bitfield&~((1<<_pid)))"
	line 421, "pan.___", state 2564, "cache_dirty_rcu_ptr.bitfield = (cache_dirty_rcu_ptr.bitfield&~((1<<_pid)))"
	line 425, "pan.___", state 2578, "cache_dirty_rcu_data[i].bitfield = (cache_dirty_rcu_data[i].bitfield&~((1<<_pid)))"
	line 430, "pan.___", state 2597, "(1)"
	line 434, "pan.___", state 2610, "(1)"
	line 439, "pan.___", state 2627, "(1)"
	line 443, "pan.___", state 2640, "(1)"
	line 273, "pan.___", state 2664, "cache_dirty_urcu_gp_ctr.bitfield = (cache_dirty_urcu_gp_ctr.bitfield&~((1<<_pid)))"
	line 277, "pan.___", state 2673, "cache_dirty_urcu_active_readers.bitfield = (cache_dirty_urcu_active_readers.bitfield&~((1<<_pid)))"
	line 281, "pan.___", state 2686, "cache_dirty_rcu_ptr.bitfield = (cache_dirty_rcu_ptr.bitfield&~((1<<_pid)))"
	line 285, "pan.___", state 2695, "cache_dirty_rcu_data[i].bitfield = (cache_dirty_rcu_data[i].bitfield&~((1<<_pid)))"
	line 250, "pan.___", state 2711, "(1)"
	line 254, "pan.___", state 2719, "(1)"
	line 258, "pan.___", state 2731, "(1)"
	line 262, "pan.___", state 2739, "(1)"
	line 412, "pan.___", state 2757, "cache_dirty_urcu_gp_ctr.bitfield = (cache_dirty_urcu_gp_ctr.bitfield&~((1<<_pid)))"
	line 416, "pan.___", state 2771, "cache_dirty_urcu_active_readers.bitfield = (cache_dirty_urcu_active_readers.bitfield&~((1<<_pid)))"
	line 421, "pan.___", state 2789, "cache_dirty_rcu_ptr.bitfield = (cache_dirty_rcu_ptr.bitfield&~((1<<_pid)))"
	line 425, "pan.___", state 2803, "cache_dirty_rcu_data[i].bitfield = (cache_dirty_rcu_data[i].bitfield&~((1<<_pid)))"
	line 430, "pan.___", state 2822, "(1)"
	line 434, "pan.___", state 2835, "(1)"
	line 439, "pan.___", state 2852, "(1)"
	line 443, "pan.___", state 2865, "(1)"
	line 412, "pan.___", state 2886, "cache_dirty_urcu_gp_ctr.bitfield = (cache_dirty_urcu_gp_ctr.bitfield&~((1<<_pid)))"
	line 416, "pan.___", state 2900, "cache_dirty_urcu_active_readers.bitfield = (cache_dirty_urcu_active_readers.bitfield&~((1<<_pid)))"
	line 421, "pan.___", state 2918, "cache_dirty_rcu_ptr.bitfield = (cache_dirty_rcu_ptr.bitfield&~((1<<_pid)))"
	line 425, "pan.___", state 2932, "cache_dirty_rcu_data[i].bitfield = (cache_dirty_rcu_data[i].bitfield&~((1<<_pid)))"
	line 430, "pan.___", state 2951, "(1)"
	line 434, "pan.___", state 2964, "(1)"
	line 439, "pan.___", state 2981, "(1)"
	line 443, "pan.___", state 2994, "(1)"
	line 250, "pan.___", state 3027, "(1)"
	line 258, "pan.___", state 3047, "(1)"
	line 262, "pan.___", state 3055, "(1)"
	line 250, "pan.___", state 3070, "(1)"
	line 254, "pan.___", state 3078, "(1)"
	line 258, "pan.___", state 3090, "(1)"
	line 262, "pan.___", state 3098, "(1)"
	line 899, "pan.___", state 3115, "-end-"
	(283 of 3115 states)
unreached in proctype urcu_writer
	line 412, "pan.___", state 18, "cache_dirty_urcu_gp_ctr.bitfield = (cache_dirty_urcu_gp_ctr.bitfield&~((1<<_pid)))"
	line 412, "pan.___", state 24, "(1)"
	line 416, "pan.___", state 32, "cache_dirty_urcu_active_readers.bitfield = (cache_dirty_urcu_active_readers.bitfield&~((1<<_pid)))"
	line 416, "pan.___", state 38, "(1)"
	line 416, "pan.___", state 39, "(1)"
	line 416, "pan.___", state 39, "(1)"
	line 414, "pan.___", state 44, "((i<1))"
	line 414, "pan.___", state 44, "((i>=1))"
	line 421, "pan.___", state 50, "cache_dirty_rcu_ptr.bitfield = (cache_dirty_rcu_ptr.bitfield&~((1<<_pid)))"
	line 421, "pan.___", state 56, "(1)"
	line 421, "pan.___", state 57, "(1)"
	line 421, "pan.___", state 57, "(1)"
	line 425, "pan.___", state 64, "cache_dirty_rcu_data[i].bitfield = (cache_dirty_rcu_data[i].bitfield&~((1<<_pid)))"
	line 425, "pan.___", state 70, "(1)"
	line 425, "pan.___", state 71, "(1)"
	line 425, "pan.___", state 71, "(1)"
	line 423, "pan.___", state 76, "((i<2))"
	line 423, "pan.___", state 76, "((i>=2))"
	line 430, "pan.___", state 83, "(1)"
	line 430, "pan.___", state 84, "(!((cache_dirty_urcu_gp_ctr.bitfield&(1<<_pid))))"
	line 430, "pan.___", state 84, "else"
	line 430, "pan.___", state 87, "(1)"
	line 430, "pan.___", state 88, "(1)"
	line 430, "pan.___", state 88, "(1)"
	line 434, "pan.___", state 96, "(1)"
	line 434, "pan.___", state 97, "(!((cache_dirty_urcu_active_readers.bitfield&(1<<_pid))))"
	line 434, "pan.___", state 97, "else"
	line 434, "pan.___", state 100, "(1)"
	line 434, "pan.___", state 101, "(1)"
	line 434, "pan.___", state 101, "(1)"
	line 432, "pan.___", state 106, "((i<1))"
	line 432, "pan.___", state 106, "((i>=1))"
	line 439, "pan.___", state 113, "(1)"
	line 439, "pan.___", state 114, "(!((cache_dirty_rcu_ptr.bitfield&(1<<_pid))))"
	line 439, "pan.___", state 114, "else"
	line 439, "pan.___", state 117, "(1)"
	line 439, "pan.___", state 118, "(1)"
	line 439, "pan.___", state 118, "(1)"
	line 443, "pan.___", state 126, "(1)"
	line 443, "pan.___", state 127, "(!((cache_dirty_rcu_data[i].bitfield&(1<<_pid))))"
	line 443, "pan.___", state 127, "else"
	line 443, "pan.___", state 130, "(1)"
	line 443, "pan.___", state 131, "(1)"
	line 443, "pan.___", state 131, "(1)"
	line 441, "pan.___", state 136, "((i<2))"
	line 441, "pan.___", state 136, "((i>=2))"
	line 451, "pan.___", state 140, "(1)"
	line 451, "pan.___", state 140, "(1)"
	line 273, "pan.___", state 149, "cache_dirty_urcu_gp_ctr.bitfield = (cache_dirty_urcu_gp_ctr.bitfield&~((1<<_pid)))"
	line 277, "pan.___", state 158, "cache_dirty_urcu_active_readers.bitfield = (cache_dirty_urcu_active_readers.bitfield&~((1<<_pid)))"
	line 275, "pan.___", state 166, "((i<1))"
	line 275, "pan.___", state 166, "((i>=1))"
	line 281, "pan.___", state 171, "cache_dirty_rcu_ptr.bitfield = (cache_dirty_rcu_ptr.bitfield&~((1<<_pid)))"
	line 1022, "pan.___", state 199, "old_data = cached_rcu_ptr.val[_pid]"
	line 412, "pan.___", state 211, "cache_dirty_urcu_gp_ctr.bitfield = (cache_dirty_urcu_gp_ctr.bitfield&~((1<<_pid)))"
	line 412, "pan.___", state 217, "(1)"
	line 416, "pan.___", state 225, "cache_dirty_urcu_active_readers.bitfield = (cache_dirty_urcu_active_readers.bitfield&~((1<<_pid)))"
	line 416, "pan.___", state 231, "(1)"
	line 416, "pan.___", state 232, "(1)"
	line 416, "pan.___", state 232, "(1)"
	line 414, "pan.___", state 237, "((i<1))"
	line 414, "pan.___", state 237, "((i>=1))"
	line 421, "pan.___", state 243, "cache_dirty_rcu_ptr.bitfield = (cache_dirty_rcu_ptr.bitfield&~((1<<_pid)))"
	line 421, "pan.___", state 249, "(1)"
	line 421, "pan.___", state 250, "(1)"
	line 421, "pan.___", state 250, "(1)"
	line 425, "pan.___", state 257, "cache_dirty_rcu_data[i].bitfield = (cache_dirty_rcu_data[i].bitfield&~((1<<_pid)))"
	line 425, "pan.___", state 263, "(1)"
	line 425, "pan.___", state 264, "(1)"
	line 425, "pan.___", state 264, "(1)"
	line 423, "pan.___", state 269, "((i<2))"
	line 423, "pan.___", state 269, "((i>=2))"
	line 430, "pan.___", state 276, "(1)"
	line 430, "pan.___", state 277, "(!((cache_dirty_urcu_gp_ctr.bitfield&(1<<_pid))))"
	line 430, "pan.___", state 277, "else"
	line 430, "pan.___", state 280, "(1)"
	line 430, "pan.___", state 281, "(1)"
	line 430, "pan.___", state 281, "(1)"
	line 434, "pan.___", state 289, "(1)"
	line 434, "pan.___", state 290, "(!((cache_dirty_urcu_active_readers.bitfield&(1<<_pid))))"
	line 434, "pan.___", state 290, "else"
	line 434, "pan.___", state 293, "(1)"
	line 434, "pan.___", state 294, "(1)"
	line 434, "pan.___", state 294, "(1)"
	line 432, "pan.___", state 299, "((i<1))"
	line 432, "pan.___", state 299, "((i>=1))"
	line 439, "pan.___", state 306, "(1)"
	line 439, "pan.___", state 307, "(!((cache_dirty_rcu_ptr.bitfield&(1<<_pid))))"
	line 439, "pan.___", state 307, "else"
	line 439, "pan.___", state 310, "(1)"
	line 439, "pan.___", state 311, "(1)"
	line 439, "pan.___", state 311, "(1)"
	line 443, "pan.___", state 319, "(1)"
	line 443, "pan.___", state 320, "(!((cache_dirty_rcu_data[i].bitfield&(1<<_pid))))"
	line 443, "pan.___", state 320, "else"
	line 443, "pan.___", state 323, "(1)"
	line 443, "pan.___", state 324, "(1)"
	line 443, "pan.___", state 324, "(1)"
	line 441, "pan.___", state 329, "((i<2))"
	line 441, "pan.___", state 329, "((i>=2))"
	line 451, "pan.___", state 333, "(1)"
	line 451, "pan.___", state 333, "(1)"
	line 412, "pan.___", state 344, "(1)"
	line 412, "pan.___", state 345, "((cache_dirty_urcu_gp_ctr.bitfield&(1<<_pid)))"
	line 412, "pan.___", state 345, "else"
	line 412, "pan.___", state 348, "(1)"
	line 416, "pan.___", state 356, "cache_dirty_urcu_active_readers.bitfield = (cache_dirty_urcu_active_readers.bitfield&~((1<<_pid)))"
	line 416, "pan.___", state 362, "(1)"
	line 416, "pan.___", state 363, "(1)"
	line 416, "pan.___", state 363, "(1)"
	line 414, "pan.___", state 368, "((i<1))"
	line 414, "pan.___", state 368, "((i>=1))"
	line 421, "pan.___", state 374, "cache_dirty_rcu_ptr.bitfield = (cache_dirty_rcu_ptr.bitfield&~((1<<_pid)))"
	line 421, "pan.___", state 380, "(1)"
	line 421, "pan.___", state 381, "(1)"
	line 421, "pan.___", state 381, "(1)"
	line 425, "pan.___", state 388, "cache_dirty_rcu_data[i].bitfield = (cache_dirty_rcu_data[i].bitfield&~((1<<_pid)))"
	line 425, "pan.___", state 394, "(1)"
	line 425, "pan.___", state 395, "(1)"
	line 425, "pan.___", state 395, "(1)"
	line 423, "pan.___", state 400, "((i<2))"
	line 423, "pan.___", state 400, "((i>=2))"
	line 430, "pan.___", state 407, "(1)"
	line 430, "pan.___", state 408, "(!((cache_dirty_urcu_gp_ctr.bitfield&(1<<_pid))))"
	line 430, "pan.___", state 408, "else"
	line 430, "pan.___", state 411, "(1)"
	line 430, "pan.___", state 412, "(1)"
	line 430, "pan.___", state 412, "(1)"
	line 434, "pan.___", state 420, "(1)"
	line 434, "pan.___", state 421, "(!((cache_dirty_urcu_active_readers.bitfield&(1<<_pid))))"
	line 434, "pan.___", state 421, "else"
	line 434, "pan.___", state 424, "(1)"
	line 434, "pan.___", state 425, "(1)"
	line 434, "pan.___", state 425, "(1)"
	line 432, "pan.___", state 430, "((i<1))"
	line 432, "pan.___", state 430, "((i>=1))"
	line 439, "pan.___", state 437, "(1)"
	line 439, "pan.___", state 438, "(!((cache_dirty_rcu_ptr.bitfield&(1<<_pid))))"
	line 439, "pan.___", state 438, "else"
	line 439, "pan.___", state 441, "(1)"
	line 439, "pan.___", state 442, "(1)"
	line 439, "pan.___", state 442, "(1)"
	line 443, "pan.___", state 450, "(1)"
	line 443, "pan.___", state 451, "(!((cache_dirty_rcu_data[i].bitfield&(1<<_pid))))"
	line 443, "pan.___", state 451, "else"
	line 443, "pan.___", state 454, "(1)"
	line 443, "pan.___", state 455, "(1)"
	line 443, "pan.___", state 455, "(1)"
	line 441, "pan.___", state 460, "((i<2))"
	line 441, "pan.___", state 460, "((i>=2))"
	line 451, "pan.___", state 464, "(1)"
	line 451, "pan.___", state 464, "(1)"
	line 412, "pan.___", state 477, "cache_dirty_urcu_gp_ctr.bitfield = (cache_dirty_urcu_gp_ctr.bitfield&~((1<<_pid)))"
	line 412, "pan.___", state 479, "(1)"
	line 412, "pan.___", state 480, "((cache_dirty_urcu_gp_ctr.bitfield&(1<<_pid)))"
	line 412, "pan.___", state 480, "else"
	line 412, "pan.___", state 483, "(1)"
	line 416, "pan.___", state 491, "cache_dirty_urcu_active_readers.bitfield = (cache_dirty_urcu_active_readers.bitfield&~((1<<_pid)))"
	line 416, "pan.___", state 493, "(1)"
	line 416, "pan.___", state 494, "((cache_dirty_urcu_active_readers.bitfield&(1<<_pid)))"
	line 416, "pan.___", state 494, "else"
	line 416, "pan.___", state 497, "(1)"
	line 416, "pan.___", state 498, "(1)"
	line 416, "pan.___", state 498, "(1)"
	line 414, "pan.___", state 503, "((i<1))"
	line 414, "pan.___", state 503, "((i>=1))"
	line 421, "pan.___", state 509, "cache_dirty_rcu_ptr.bitfield = (cache_dirty_rcu_ptr.bitfield&~((1<<_pid)))"
	line 421, "pan.___", state 511, "(1)"
	line 421, "pan.___", state 512, "((cache_dirty_rcu_ptr.bitfield&(1<<_pid)))"
	line 421, "pan.___", state 512, "else"
	line 421, "pan.___", state 515, "(1)"
	line 421, "pan.___", state 516, "(1)"
	line 421, "pan.___", state 516, "(1)"
	line 425, "pan.___", state 523, "cache_dirty_rcu_data[i].bitfield = (cache_dirty_rcu_data[i].bitfield&~((1<<_pid)))"
	line 425, "pan.___", state 525, "(1)"
	line 425, "pan.___", state 526, "((cache_dirty_rcu_data[i].bitfield&(1<<_pid)))"
	line 425, "pan.___", state 526, "else"
	line 425, "pan.___", state 529, "(1)"
	line 425, "pan.___", state 530, "(1)"
	line 425, "pan.___", state 530, "(1)"
	line 423, "pan.___", state 535, "((i<2))"
	line 423, "pan.___", state 535, "((i>=2))"
	line 430, "pan.___", state 542, "(1)"
	line 430, "pan.___", state 543, "(!((cache_dirty_urcu_gp_ctr.bitfield&(1<<_pid))))"
	line 430, "pan.___", state 543, "else"
	line 430, "pan.___", state 546, "(1)"
	line 430, "pan.___", state 547, "(1)"
	line 430, "pan.___", state 547, "(1)"
	line 434, "pan.___", state 555, "(1)"
	line 434, "pan.___", state 556, "(!((cache_dirty_urcu_active_readers.bitfield&(1<<_pid))))"
	line 434, "pan.___", state 556, "else"
	line 434, "pan.___", state 559, "(1)"
	line 434, "pan.___", state 560, "(1)"
	line 434, "pan.___", state 560, "(1)"
	line 432, "pan.___", state 565, "((i<1))"
	line 432, "pan.___", state 565, "((i>=1))"
	line 439, "pan.___", state 572, "(1)"
	line 439, "pan.___", state 573, "(!((cache_dirty_rcu_ptr.bitfield&(1<<_pid))))"
	line 439, "pan.___", state 573, "else"
	line 439, "pan.___", state 576, "(1)"
	line 439, "pan.___", state 577, "(1)"
	line 439, "pan.___", state 577, "(1)"
	line 443, "pan.___", state 585, "(1)"
	line 443, "pan.___", state 586, "(!((cache_dirty_rcu_data[i].bitfield&(1<<_pid))))"
	line 443, "pan.___", state 586, "else"
	line 443, "pan.___", state 589, "(1)"
	line 443, "pan.___", state 590, "(1)"
	line 443, "pan.___", state 590, "(1)"
	line 451, "pan.___", state 599, "(1)"
	line 451, "pan.___", state 599, "(1)"
	line 412, "pan.___", state 605, "cache_dirty_urcu_gp_ctr.bitfield = (cache_dirty_urcu_gp_ctr.bitfield&~((1<<_pid)))"
	line 412, "pan.___", state 611, "(1)"
	line 416, "pan.___", state 619, "cache_dirty_urcu_active_readers.bitfield = (cache_dirty_urcu_active_readers.bitfield&~((1<<_pid)))"
	line 416, "pan.___", state 625, "(1)"
	line 416, "pan.___", state 626, "(1)"
	line 416, "pan.___", state 626, "(1)"
	line 414, "pan.___", state 631, "((i<1))"
	line 414, "pan.___", state 631, "((i>=1))"
	line 421, "pan.___", state 637, "cache_dirty_rcu_ptr.bitfield = (cache_dirty_rcu_ptr.bitfield&~((1<<_pid)))"
	line 421, "pan.___", state 643, "(1)"
	line 421, "pan.___", state 644, "(1)"
	line 421, "pan.___", state 644, "(1)"
	line 425, "pan.___", state 651, "cache_dirty_rcu_data[i].bitfield = (cache_dirty_rcu_data[i].bitfield&~((1<<_pid)))"
	line 425, "pan.___", state 657, "(1)"
	line 425, "pan.___", state 658, "(1)"
	line 425, "pan.___", state 658, "(1)"
	line 423, "pan.___", state 663, "((i<2))"
	line 423, "pan.___", state 663, "((i>=2))"
	line 430, "pan.___", state 670, "(1)"
	line 430, "pan.___", state 671, "(!((cache_dirty_urcu_gp_ctr.bitfield&(1<<_pid))))"
	line 430, "pan.___", state 671, "else"
	line 430, "pan.___", state 674, "(1)"
	line 430, "pan.___", state 675, "(1)"
	line 430, "pan.___", state 675, "(1)"
	line 434, "pan.___", state 683, "(1)"
	line 434, "pan.___", state 684, "(!((cache_dirty_urcu_active_readers.bitfield&(1<<_pid))))"
	line 434, "pan.___", state 684, "else"
	line 434, "pan.___", state 687, "(1)"
	line 434, "pan.___", state 688, "(1)"
	line 434, "pan.___", state 688, "(1)"
	line 432, "pan.___", state 693, "((i<1))"
	line 432, "pan.___", state 693, "((i>=1))"
	line 439, "pan.___", state 700, "(1)"
	line 439, "pan.___", state 701, "(!((cache_dirty_rcu_ptr.bitfield&(1<<_pid))))"
	line 439, "pan.___", state 701, "else"
	line 439, "pan.___", state 704, "(1)"
	line 439, "pan.___", state 705, "(1)"
	line 439, "pan.___", state 705, "(1)"
	line 443, "pan.___", state 713, "(1)"
	line 443, "pan.___", state 714, "(!((cache_dirty_rcu_data[i].bitfield&(1<<_pid))))"
	line 443, "pan.___", state 714, "else"
	line 443, "pan.___", state 717, "(1)"
	line 443, "pan.___", state 718, "(1)"
	line 443, "pan.___", state 718, "(1)"
	line 451, "pan.___", state 727, "(1)"
	line 451, "pan.___", state 727, "(1)"
	line 412, "pan.___", state 734, "cache_dirty_urcu_gp_ctr.bitfield = (cache_dirty_urcu_gp_ctr.bitfield&~((1<<_pid)))"
	line 412, "pan.___", state 740, "(1)"
	line 416, "pan.___", state 748, "cache_dirty_urcu_active_readers.bitfield = (cache_dirty_urcu_active_readers.bitfield&~((1<<_pid)))"
	line 416, "pan.___", state 754, "(1)"
	line 416, "pan.___", state 755, "(1)"
	line 416, "pan.___", state 755, "(1)"
	line 414, "pan.___", state 760, "((i<1))"
	line 414, "pan.___", state 760, "((i>=1))"
	line 421, "pan.___", state 766, "cache_dirty_rcu_ptr.bitfield = (cache_dirty_rcu_ptr.bitfield&~((1<<_pid)))"
	line 421, "pan.___", state 772, "(1)"
	line 421, "pan.___", state 773, "(1)"
	line 421, "pan.___", state 773, "(1)"
	line 425, "pan.___", state 780, "cache_dirty_rcu_data[i].bitfield = (cache_dirty_rcu_data[i].bitfield&~((1<<_pid)))"
	line 425, "pan.___", state 786, "(1)"
	line 425, "pan.___", state 787, "(1)"
	line 425, "pan.___", state 787, "(1)"
	line 423, "pan.___", state 792, "((i<2))"
	line 423, "pan.___", state 792, "((i>=2))"
	line 430, "pan.___", state 799, "(1)"
	line 430, "pan.___", state 800, "(!((cache_dirty_urcu_gp_ctr.bitfield&(1<<_pid))))"
	line 430, "pan.___", state 800, "else"
	line 430, "pan.___", state 803, "(1)"
	line 430, "pan.___", state 804, "(1)"
	line 430, "pan.___", state 804, "(1)"
	line 434, "pan.___", state 812, "(1)"
	line 434, "pan.___", state 813, "(!((cache_dirty_urcu_active_readers.bitfield&(1<<_pid))))"
	line 434, "pan.___", state 813, "else"
	line 434, "pan.___", state 816, "(1)"
	line 434, "pan.___", state 817, "(1)"
	line 434, "pan.___", state 817, "(1)"
	line 432, "pan.___", state 822, "((i<1))"
	line 432, "pan.___", state 822, "((i>=1))"
	line 439, "pan.___", state 829, "(1)"
	line 439, "pan.___", state 830, "(!((cache_dirty_rcu_ptr.bitfield&(1<<_pid))))"
	line 439, "pan.___", state 830, "else"
	line 439, "pan.___", state 833, "(1)"
	line 439, "pan.___", state 834, "(1)"
	line 439, "pan.___", state 834, "(1)"
	line 443, "pan.___", state 842, "(1)"
	line 443, "pan.___", state 843, "(!((cache_dirty_rcu_data[i].bitfield&(1<<_pid))))"
	line 443, "pan.___", state 843, "else"
	line 443, "pan.___", state 846, "(1)"
	line 443, "pan.___", state 847, "(1)"
	line 443, "pan.___", state 847, "(1)"
	line 441, "pan.___", state 852, "((i<2))"
	line 441, "pan.___", state 852, "((i>=2))"
	line 451, "pan.___", state 856, "(1)"
	line 451, "pan.___", state 856, "(1)"
	line 416, "pan.___", state 879, "cache_dirty_urcu_active_readers.bitfield = (cache_dirty_urcu_active_readers.bitfield&~((1<<_pid)))"
	line 421, "pan.___", state 897, "cache_dirty_rcu_ptr.bitfield = (cache_dirty_rcu_ptr.bitfield&~((1<<_pid)))"
	line 425, "pan.___", state 911, "cache_dirty_rcu_data[i].bitfield = (cache_dirty_rcu_data[i].bitfield&~((1<<_pid)))"
	line 434, "pan.___", state 943, "(1)"
	line 439, "pan.___", state 960, "(1)"
	line 443, "pan.___", state 973, "(1)"
	line 412, "pan.___", state 999, "cache_dirty_urcu_gp_ctr.bitfield = (cache_dirty_urcu_gp_ctr.bitfield&~((1<<_pid)))"
	line 416, "pan.___", state 1013, "cache_dirty_urcu_active_readers.bitfield = (cache_dirty_urcu_active_readers.bitfield&~((1<<_pid)))"
	line 421, "pan.___", state 1031, "cache_dirty_rcu_ptr.bitfield = (cache_dirty_rcu_ptr.bitfield&~((1<<_pid)))"
	line 425, "pan.___", state 1045, "cache_dirty_rcu_data[i].bitfield = (cache_dirty_rcu_data[i].bitfield&~((1<<_pid)))"
	line 430, "pan.___", state 1064, "(1)"
	line 434, "pan.___", state 1077, "(1)"
	line 439, "pan.___", state 1094, "(1)"
	line 443, "pan.___", state 1107, "(1)"
	line 273, "pan.___", state 1153, "cache_dirty_urcu_gp_ctr.bitfield = (cache_dirty_urcu_gp_ctr.bitfield&~((1<<_pid)))"
	line 277, "pan.___", state 1162, "cache_dirty_urcu_active_readers.bitfield = (cache_dirty_urcu_active_readers.bitfield&~((1<<_pid)))"
	line 275, "pan.___", state 1170, "((i<1))"
	line 275, "pan.___", state 1170, "((i>=1))"
	line 281, "pan.___", state 1177, "(1)"
	line 281, "pan.___", state 1178, "((cache_dirty_rcu_ptr.bitfield&(1<<_pid)))"
	line 281, "pan.___", state 1178, "else"
	line 285, "pan.___", state 1184, "cache_dirty_rcu_data[i].bitfield = (cache_dirty_rcu_data[i].bitfield&~((1<<_pid)))"
	line 283, "pan.___", state 1192, "((i<2))"
	line 283, "pan.___", state 1192, "((i>=2))"
	line 250, "pan.___", state 1200, "(1)"
	line 254, "pan.___", state 1208, "(1)"
	line 254, "pan.___", state 1209, "(!((cache_dirty_urcu_active_readers.bitfield&(1<<_pid))))"
	line 254, "pan.___", state 1209, "else"
	line 252, "pan.___", state 1214, "((i<1))"
	line 252, "pan.___", state 1214, "((i>=1))"
	line 258, "pan.___", state 1220, "(1)"
	line 258, "pan.___", state 1221, "(!((cache_dirty_rcu_ptr.bitfield&(1<<_pid))))"
	line 258, "pan.___", state 1221, "else"
	line 262, "pan.___", state 1228, "(1)"
	line 262, "pan.___", state 1229, "(!((cache_dirty_rcu_data[i].bitfield&(1<<_pid))))"
	line 262, "pan.___", state 1229, "else"
	line 267, "pan.___", state 1238, "(!((cache_dirty_urcu_gp_ctr.bitfield&(1<<_pid))))"
	line 267, "pan.___", state 1238, "else"
	line 277, "pan.___", state 1253, "cache_dirty_urcu_active_readers.bitfield = (cache_dirty_urcu_active_readers.bitfield&~((1<<_pid)))"
	line 281, "pan.___", state 1266, "cache_dirty_rcu_ptr.bitfield = (cache_dirty_rcu_ptr.bitfield&~((1<<_pid)))"
	line 285, "pan.___", state 1275, "cache_dirty_rcu_data[i].bitfield = (cache_dirty_rcu_data[i].bitfield&~((1<<_pid)))"
	line 250, "pan.___", state 1291, "(1)"
	line 254, "pan.___", state 1299, "(1)"
	line 258, "pan.___", state 1311, "(1)"
	line 262, "pan.___", state 1319, "(1)"
	line 1238, "pan.___", state 1334, "-end-"
	(242 of 1334 states)
unreached in proctype :init:
	(0 of 78 states)
unreached in proctype :never:
	line 1303, "pan.___", state 11, "-end-"
	(1 of 11 states)

pan: elapsed time 88.5 seconds
pan: rate 1954.1954 states/second
pan: avg transition delay 1.2701e-06 usec
cp .input.spin urcu_progress_writer_error.spin.input
cp .input.spin.trail urcu_progress_writer_error.spin.input.trail
make[1]: Leaving directory `/home/compudj/doc/userspace-rcu/formal-model/urcu-controldataflow-alpha-no-ipi'
