make[1]: Entering directory `/home/compudj/doc/userspace-rcu/formal-model/urcu-controldataflow'
rm -f pan* trail.out .input.spin* *.spin.trail .input.define
touch .input.define
cat .input.define >> pan.ltl
cat DEFINES >> pan.ltl
spin -f "!(`cat urcu_free.ltl | grep -v ^//`)" >> pan.ltl
cp urcu_free_single_flip.define .input.define
cat .input.define > .input.spin
cat DEFINES >> .input.spin
cat urcu.spin >> .input.spin
rm -f .input.spin.trail
spin -a -X -N pan.ltl .input.spin
Exit-Status 0
gcc -O2 -w -DHASH64 -o pan pan.c
./pan -a -v -c1 -X -m10000000 -w20
warning: for p.o. reduction to be valid the never claim must be stutter-invariant
(never claims generated from LTL formulae are stutter-invariant)
depth 0: Claim reached state 5 (line 1272)
Depth=    6479 States=    1e+06 Transitions= 6.49e+06 Memory=   550.432	t=     16 R=   6e+04
Depth=    6479 States=    2e+06 Transitions= 1.29e+07 Memory=   634.318	t=   32.2 R=   6e+04
Depth=    6479 States=    3e+06 Transitions= 2.07e+07 Memory=   718.303	t=     53 R=   6e+04
pan: resizing hashtable to -w22..  done
Depth=    6479 States=    4e+06 Transitions= 2.91e+07 Memory=   833.311	t=   75.3 R=   5e+04
Depth=    6479 States=    5e+06 Transitions= 3.67e+07 Memory=   917.295	t=   95.1 R=   5e+04
pan: claim violated! (at depth 1254)
pan: wrote .input.spin.trail

(Spin Version 5.1.7 -- 23 December 2008)
Warning: Search not completed
	+ Partial Order Reduction

Full statespace search for:
	never claim         	+
	assertion violations	+ (if within scope of claim)
	acceptance   cycles 	+ (fairness disabled)
	invalid end states	- (disabled by never claim)

State-vector 88 byte, depth reached 6479, errors: 1
  5383072 states, stored
 34108932 states, matched
 39492004 transitions (= stored+matched)
5.5430124e+08 atomic steps
hash conflicts:  29860557 (resolved)

Stats on memory usage (in Megabytes):
  595.509	equivalent memory usage for states (stored*(State-vector + overhead))
  460.005	actual memory usage for states (compression: 77.25%)
         	state-vector as stored = 62 byte + 28 byte overhead
   32.000	memory used for hash table (-w22)
  457.764	memory used for DFS stack (-m10000000)
  949.424	total actual memory usage

unreached in proctype urcu_reader
	line 262, "pan.___", state 30, "cache_dirty_urcu_gp_ctr.bitfield = (cache_dirty_urcu_gp_ctr.bitfield&~((1<<_pid)))"
	line 270, "pan.___", state 52, "cache_dirty_rcu_ptr.bitfield = (cache_dirty_rcu_ptr.bitfield&~((1<<_pid)))"
	line 274, "pan.___", state 61, "cache_dirty_rcu_data[i].bitfield = (cache_dirty_rcu_data[i].bitfield&~((1<<_pid)))"
	line 239, "pan.___", state 77, "(1)"
	line 243, "pan.___", state 85, "(1)"
	line 247, "pan.___", state 97, "(1)"
	line 251, "pan.___", state 105, "(1)"
	line 401, "pan.___", state 131, "cache_dirty_urcu_gp_ctr.bitfield = (cache_dirty_urcu_gp_ctr.bitfield&~((1<<_pid)))"
	line 410, "pan.___", state 163, "cache_dirty_rcu_ptr.bitfield = (cache_dirty_rcu_ptr.bitfield&~((1<<_pid)))"
	line 414, "pan.___", state 177, "cache_dirty_rcu_data[i].bitfield = (cache_dirty_rcu_data[i].bitfield&~((1<<_pid)))"
	line 239, "pan.___", state 195, "(1)"
	line 247, "pan.___", state 215, "(1)"
	line 251, "pan.___", state 223, "(1)"
	line 680, "pan.___", state 242, "_proc_urcu_reader = (_proc_urcu_reader|((1<<2)<<1))"
	line 401, "pan.___", state 249, "cache_dirty_urcu_gp_ctr.bitfield = (cache_dirty_urcu_gp_ctr.bitfield&~((1<<_pid)))"
	line 410, "pan.___", state 281, "cache_dirty_rcu_ptr.bitfield = (cache_dirty_rcu_ptr.bitfield&~((1<<_pid)))"
	line 414, "pan.___", state 295, "cache_dirty_rcu_data[i].bitfield = (cache_dirty_rcu_data[i].bitfield&~((1<<_pid)))"
	line 239, "pan.___", state 313, "(1)"
	line 247, "pan.___", state 333, "(1)"
	line 251, "pan.___", state 341, "(1)"
	line 401, "pan.___", state 360, "cache_dirty_urcu_gp_ctr.bitfield = (cache_dirty_urcu_gp_ctr.bitfield&~((1<<_pid)))"
	line 410, "pan.___", state 392, "cache_dirty_rcu_ptr.bitfield = (cache_dirty_rcu_ptr.bitfield&~((1<<_pid)))"
	line 414, "pan.___", state 406, "cache_dirty_rcu_data[i].bitfield = (cache_dirty_rcu_data[i].bitfield&~((1<<_pid)))"
	line 239, "pan.___", state 424, "(1)"
	line 247, "pan.___", state 444, "(1)"
	line 251, "pan.___", state 452, "(1)"
	line 401, "pan.___", state 473, "cache_dirty_urcu_gp_ctr.bitfield = (cache_dirty_urcu_gp_ctr.bitfield&~((1<<_pid)))"
	line 401, "pan.___", state 475, "(1)"
	line 401, "pan.___", state 476, "((cache_dirty_urcu_gp_ctr.bitfield&(1<<_pid)))"
	line 401, "pan.___", state 476, "else"
	line 401, "pan.___", state 479, "(1)"
	line 405, "pan.___", state 487, "cache_dirty_urcu_active_readers.bitfield = (cache_dirty_urcu_active_readers.bitfield&~((1<<_pid)))"
	line 405, "pan.___", state 489, "(1)"
	line 405, "pan.___", state 490, "((cache_dirty_urcu_active_readers.bitfield&(1<<_pid)))"
	line 405, "pan.___", state 490, "else"
	line 405, "pan.___", state 493, "(1)"
	line 405, "pan.___", state 494, "(1)"
	line 405, "pan.___", state 494, "(1)"
	line 403, "pan.___", state 499, "((i<1))"
	line 403, "pan.___", state 499, "((i>=1))"
	line 410, "pan.___", state 505, "cache_dirty_rcu_ptr.bitfield = (cache_dirty_rcu_ptr.bitfield&~((1<<_pid)))"
	line 410, "pan.___", state 507, "(1)"
	line 410, "pan.___", state 508, "((cache_dirty_rcu_ptr.bitfield&(1<<_pid)))"
	line 410, "pan.___", state 508, "else"
	line 410, "pan.___", state 511, "(1)"
	line 410, "pan.___", state 512, "(1)"
	line 410, "pan.___", state 512, "(1)"
	line 414, "pan.___", state 519, "cache_dirty_rcu_data[i].bitfield = (cache_dirty_rcu_data[i].bitfield&~((1<<_pid)))"
	line 414, "pan.___", state 521, "(1)"
	line 414, "pan.___", state 522, "((cache_dirty_rcu_data[i].bitfield&(1<<_pid)))"
	line 414, "pan.___", state 522, "else"
	line 414, "pan.___", state 525, "(1)"
	line 414, "pan.___", state 526, "(1)"
	line 414, "pan.___", state 526, "(1)"
	line 412, "pan.___", state 531, "((i<2))"
	line 412, "pan.___", state 531, "((i>=2))"
	line 239, "pan.___", state 537, "(1)"
	line 243, "pan.___", state 545, "(1)"
	line 243, "pan.___", state 546, "(!((cache_dirty_urcu_active_readers.bitfield&(1<<_pid))))"
	line 243, "pan.___", state 546, "else"
	line 241, "pan.___", state 551, "((i<1))"
	line 241, "pan.___", state 551, "((i>=1))"
	line 247, "pan.___", state 557, "(1)"
	line 247, "pan.___", state 558, "(!((cache_dirty_rcu_ptr.bitfield&(1<<_pid))))"
	line 247, "pan.___", state 558, "else"
	line 251, "pan.___", state 565, "(1)"
	line 251, "pan.___", state 566, "(!((cache_dirty_rcu_data[i].bitfield&(1<<_pid))))"
	line 251, "pan.___", state 566, "else"
	line 249, "pan.___", state 571, "((i<2))"
	line 249, "pan.___", state 571, "((i>=2))"
	line 256, "pan.___", state 575, "(!((cache_dirty_urcu_gp_ctr.bitfield&(1<<_pid))))"
	line 256, "pan.___", state 575, "else"
	line 421, "pan.___", state 577, "(1)"
	line 421, "pan.___", state 577, "(1)"
	line 680, "pan.___", state 580, "cached_urcu_active_readers.val[_pid] = (tmp+1)"
	line 680, "pan.___", state 581, "_proc_urcu_reader = (_proc_urcu_reader|(1<<5))"
	line 680, "pan.___", state 582, "(1)"
	line 401, "pan.___", state 589, "cache_dirty_urcu_gp_ctr.bitfield = (cache_dirty_urcu_gp_ctr.bitfield&~((1<<_pid)))"
	line 410, "pan.___", state 621, "cache_dirty_rcu_ptr.bitfield = (cache_dirty_rcu_ptr.bitfield&~((1<<_pid)))"
	line 414, "pan.___", state 635, "cache_dirty_rcu_data[i].bitfield = (cache_dirty_rcu_data[i].bitfield&~((1<<_pid)))"
	line 239, "pan.___", state 653, "(1)"
	line 247, "pan.___", state 673, "(1)"
	line 251, "pan.___", state 681, "(1)"
	line 401, "pan.___", state 707, "cache_dirty_urcu_gp_ctr.bitfield = (cache_dirty_urcu_gp_ctr.bitfield&~((1<<_pid)))"
	line 401, "pan.___", state 709, "(1)"
	line 401, "pan.___", state 710, "((cache_dirty_urcu_gp_ctr.bitfield&(1<<_pid)))"
	line 401, "pan.___", state 710, "else"
	line 401, "pan.___", state 713, "(1)"
	line 405, "pan.___", state 721, "cache_dirty_urcu_active_readers.bitfield = (cache_dirty_urcu_active_readers.bitfield&~((1<<_pid)))"
	line 405, "pan.___", state 723, "(1)"
	line 405, "pan.___", state 724, "((cache_dirty_urcu_active_readers.bitfield&(1<<_pid)))"
	line 405, "pan.___", state 724, "else"
	line 405, "pan.___", state 727, "(1)"
	line 405, "pan.___", state 728, "(1)"
	line 405, "pan.___", state 728, "(1)"
	line 403, "pan.___", state 733, "((i<1))"
	line 403, "pan.___", state 733, "((i>=1))"
	line 410, "pan.___", state 739, "cache_dirty_rcu_ptr.bitfield = (cache_dirty_rcu_ptr.bitfield&~((1<<_pid)))"
	line 410, "pan.___", state 741, "(1)"
	line 410, "pan.___", state 742, "((cache_dirty_rcu_ptr.bitfield&(1<<_pid)))"
	line 410, "pan.___", state 742, "else"
	line 410, "pan.___", state 745, "(1)"
	line 410, "pan.___", state 746, "(1)"
	line 410, "pan.___", state 746, "(1)"
	line 414, "pan.___", state 753, "cache_dirty_rcu_data[i].bitfield = (cache_dirty_rcu_data[i].bitfield&~((1<<_pid)))"
	line 414, "pan.___", state 755, "(1)"
	line 414, "pan.___", state 756, "((cache_dirty_rcu_data[i].bitfield&(1<<_pid)))"
	line 414, "pan.___", state 756, "else"
	line 414, "pan.___", state 759, "(1)"
	line 414, "pan.___", state 760, "(1)"
	line 414, "pan.___", state 760, "(1)"
	line 412, "pan.___", state 765, "((i<2))"
	line 412, "pan.___", state 765, "((i>=2))"
	line 239, "pan.___", state 771, "(1)"
	line 243, "pan.___", state 779, "(1)"
	line 243, "pan.___", state 780, "(!((cache_dirty_urcu_active_readers.bitfield&(1<<_pid))))"
	line 243, "pan.___", state 780, "else"
	line 241, "pan.___", state 785, "((i<1))"
	line 241, "pan.___", state 785, "((i>=1))"
	line 247, "pan.___", state 791, "(1)"
	line 247, "pan.___", state 792, "(!((cache_dirty_rcu_ptr.bitfield&(1<<_pid))))"
	line 247, "pan.___", state 792, "else"
	line 251, "pan.___", state 799, "(1)"
	line 251, "pan.___", state 800, "(!((cache_dirty_rcu_data[i].bitfield&(1<<_pid))))"
	line 251, "pan.___", state 800, "else"
	line 256, "pan.___", state 809, "(!((cache_dirty_urcu_gp_ctr.bitfield&(1<<_pid))))"
	line 256, "pan.___", state 809, "else"
	line 421, "pan.___", state 811, "(1)"
	line 421, "pan.___", state 811, "(1)"
	line 401, "pan.___", state 818, "cache_dirty_urcu_gp_ctr.bitfield = (cache_dirty_urcu_gp_ctr.bitfield&~((1<<_pid)))"
	line 401, "pan.___", state 820, "(1)"
	line 401, "pan.___", state 821, "((cache_dirty_urcu_gp_ctr.bitfield&(1<<_pid)))"
	line 401, "pan.___", state 821, "else"
	line 401, "pan.___", state 824, "(1)"
	line 405, "pan.___", state 832, "cache_dirty_urcu_active_readers.bitfield = (cache_dirty_urcu_active_readers.bitfield&~((1<<_pid)))"
	line 405, "pan.___", state 834, "(1)"
	line 405, "pan.___", state 835, "((cache_dirty_urcu_active_readers.bitfield&(1<<_pid)))"
	line 405, "pan.___", state 835, "else"
	line 405, "pan.___", state 838, "(1)"
	line 405, "pan.___", state 839, "(1)"
	line 405, "pan.___", state 839, "(1)"
	line 403, "pan.___", state 844, "((i<1))"
	line 403, "pan.___", state 844, "((i>=1))"
	line 410, "pan.___", state 850, "cache_dirty_rcu_ptr.bitfield = (cache_dirty_rcu_ptr.bitfield&~((1<<_pid)))"
	line 410, "pan.___", state 852, "(1)"
	line 410, "pan.___", state 853, "((cache_dirty_rcu_ptr.bitfield&(1<<_pid)))"
	line 410, "pan.___", state 853, "else"
	line 410, "pan.___", state 856, "(1)"
	line 410, "pan.___", state 857, "(1)"
	line 410, "pan.___", state 857, "(1)"
	line 414, "pan.___", state 864, "cache_dirty_rcu_data[i].bitfield = (cache_dirty_rcu_data[i].bitfield&~((1<<_pid)))"
	line 414, "pan.___", state 866, "(1)"
	line 414, "pan.___", state 867, "((cache_dirty_rcu_data[i].bitfield&(1<<_pid)))"
	line 414, "pan.___", state 867, "else"
	line 414, "pan.___", state 870, "(1)"
	line 414, "pan.___", state 871, "(1)"
	line 414, "pan.___", state 871, "(1)"
	line 412, "pan.___", state 876, "((i<2))"
	line 412, "pan.___", state 876, "((i>=2))"
	line 239, "pan.___", state 882, "(1)"
	line 243, "pan.___", state 890, "(1)"
	line 243, "pan.___", state 891, "(!((cache_dirty_urcu_active_readers.bitfield&(1<<_pid))))"
	line 243, "pan.___", state 891, "else"
	line 241, "pan.___", state 896, "((i<1))"
	line 241, "pan.___", state 896, "((i>=1))"
	line 247, "pan.___", state 902, "(1)"
	line 247, "pan.___", state 903, "(!((cache_dirty_rcu_ptr.bitfield&(1<<_pid))))"
	line 247, "pan.___", state 903, "else"
	line 251, "pan.___", state 910, "(1)"
	line 251, "pan.___", state 911, "(!((cache_dirty_rcu_data[i].bitfield&(1<<_pid))))"
	line 251, "pan.___", state 911, "else"
	line 249, "pan.___", state 916, "((i<2))"
	line 249, "pan.___", state 916, "((i>=2))"
	line 256, "pan.___", state 920, "(!((cache_dirty_urcu_gp_ctr.bitfield&(1<<_pid))))"
	line 256, "pan.___", state 920, "else"
	line 421, "pan.___", state 922, "(1)"
	line 421, "pan.___", state 922, "(1)"
	line 688, "pan.___", state 926, "_proc_urcu_reader = (_proc_urcu_reader|(1<<11))"
	line 401, "pan.___", state 931, "cache_dirty_urcu_gp_ctr.bitfield = (cache_dirty_urcu_gp_ctr.bitfield&~((1<<_pid)))"
	line 410, "pan.___", state 963, "cache_dirty_rcu_ptr.bitfield = (cache_dirty_rcu_ptr.bitfield&~((1<<_pid)))"
	line 414, "pan.___", state 977, "cache_dirty_rcu_data[i].bitfield = (cache_dirty_rcu_data[i].bitfield&~((1<<_pid)))"
	line 239, "pan.___", state 995, "(1)"
	line 247, "pan.___", state 1015, "(1)"
	line 251, "pan.___", state 1023, "(1)"
	line 401, "pan.___", state 1045, "cache_dirty_urcu_gp_ctr.bitfield = (cache_dirty_urcu_gp_ctr.bitfield&~((1<<_pid)))"
	line 410, "pan.___", state 1077, "cache_dirty_rcu_ptr.bitfield = (cache_dirty_rcu_ptr.bitfield&~((1<<_pid)))"
	line 414, "pan.___", state 1091, "cache_dirty_rcu_data[i].bitfield = (cache_dirty_rcu_data[i].bitfield&~((1<<_pid)))"
	line 239, "pan.___", state 1109, "(1)"
	line 247, "pan.___", state 1129, "(1)"
	line 251, "pan.___", state 1137, "(1)"
	line 401, "pan.___", state 1160, "cache_dirty_urcu_gp_ctr.bitfield = (cache_dirty_urcu_gp_ctr.bitfield&~((1<<_pid)))"
	line 410, "pan.___", state 1192, "cache_dirty_rcu_ptr.bitfield = (cache_dirty_rcu_ptr.bitfield&~((1<<_pid)))"
	line 414, "pan.___", state 1206, "cache_dirty_rcu_data[i].bitfield = (cache_dirty_rcu_data[i].bitfield&~((1<<_pid)))"
	line 239, "pan.___", state 1224, "(1)"
	line 247, "pan.___", state 1244, "(1)"
	line 251, "pan.___", state 1252, "(1)"
	line 401, "pan.___", state 1271, "cache_dirty_urcu_gp_ctr.bitfield = (cache_dirty_urcu_gp_ctr.bitfield&~((1<<_pid)))"
	line 410, "pan.___", state 1303, "cache_dirty_rcu_ptr.bitfield = (cache_dirty_rcu_ptr.bitfield&~((1<<_pid)))"
	line 414, "pan.___", state 1317, "cache_dirty_rcu_data[i].bitfield = (cache_dirty_rcu_data[i].bitfield&~((1<<_pid)))"
	line 239, "pan.___", state 1335, "(1)"
	line 247, "pan.___", state 1355, "(1)"
	line 251, "pan.___", state 1363, "(1)"
	line 401, "pan.___", state 1387, "cache_dirty_urcu_gp_ctr.bitfield = (cache_dirty_urcu_gp_ctr.bitfield&~((1<<_pid)))"
	line 410, "pan.___", state 1419, "cache_dirty_rcu_ptr.bitfield = (cache_dirty_rcu_ptr.bitfield&~((1<<_pid)))"
	line 414, "pan.___", state 1433, "cache_dirty_rcu_data[i].bitfield = (cache_dirty_rcu_data[i].bitfield&~((1<<_pid)))"
	line 239, "pan.___", state 1451, "(1)"
	line 247, "pan.___", state 1471, "(1)"
	line 251, "pan.___", state 1479, "(1)"
	line 401, "pan.___", state 1498, "cache_dirty_urcu_gp_ctr.bitfield = (cache_dirty_urcu_gp_ctr.bitfield&~((1<<_pid)))"
	line 410, "pan.___", state 1530, "cache_dirty_rcu_ptr.bitfield = (cache_dirty_rcu_ptr.bitfield&~((1<<_pid)))"
	line 414, "pan.___", state 1544, "cache_dirty_rcu_data[i].bitfield = (cache_dirty_rcu_data[i].bitfield&~((1<<_pid)))"
	line 239, "pan.___", state 1562, "(1)"
	line 247, "pan.___", state 1582, "(1)"
	line 251, "pan.___", state 1590, "(1)"
	line 401, "pan.___", state 1612, "cache_dirty_urcu_gp_ctr.bitfield = (cache_dirty_urcu_gp_ctr.bitfield&~((1<<_pid)))"
	line 410, "pan.___", state 1644, "cache_dirty_rcu_ptr.bitfield = (cache_dirty_rcu_ptr.bitfield&~((1<<_pid)))"
	line 414, "pan.___", state 1658, "cache_dirty_rcu_data[i].bitfield = (cache_dirty_rcu_data[i].bitfield&~((1<<_pid)))"
	line 239, "pan.___", state 1676, "(1)"
	line 247, "pan.___", state 1696, "(1)"
	line 251, "pan.___", state 1704, "(1)"
	line 727, "pan.___", state 1723, "_proc_urcu_reader = (_proc_urcu_reader|((1<<2)<<19))"
	line 401, "pan.___", state 1730, "cache_dirty_urcu_gp_ctr.bitfield = (cache_dirty_urcu_gp_ctr.bitfield&~((1<<_pid)))"
	line 410, "pan.___", state 1762, "cache_dirty_rcu_ptr.bitfield = (cache_dirty_rcu_ptr.bitfield&~((1<<_pid)))"
	line 414, "pan.___", state 1776, "cache_dirty_rcu_data[i].bitfield = (cache_dirty_rcu_data[i].bitfield&~((1<<_pid)))"
	line 239, "pan.___", state 1794, "(1)"
	line 247, "pan.___", state 1814, "(1)"
	line 251, "pan.___", state 1822, "(1)"
	line 401, "pan.___", state 1841, "cache_dirty_urcu_gp_ctr.bitfield = (cache_dirty_urcu_gp_ctr.bitfield&~((1<<_pid)))"
	line 410, "pan.___", state 1873, "cache_dirty_rcu_ptr.bitfield = (cache_dirty_rcu_ptr.bitfield&~((1<<_pid)))"
	line 414, "pan.___", state 1887, "cache_dirty_rcu_data[i].bitfield = (cache_dirty_rcu_data[i].bitfield&~((1<<_pid)))"
	line 239, "pan.___", state 1905, "(1)"
	line 247, "pan.___", state 1925, "(1)"
	line 251, "pan.___", state 1933, "(1)"
	line 401, "pan.___", state 1954, "cache_dirty_urcu_gp_ctr.bitfield = (cache_dirty_urcu_gp_ctr.bitfield&~((1<<_pid)))"
	line 401, "pan.___", state 1956, "(1)"
	line 401, "pan.___", state 1957, "((cache_dirty_urcu_gp_ctr.bitfield&(1<<_pid)))"
	line 401, "pan.___", state 1957, "else"
	line 401, "pan.___", state 1960, "(1)"
	line 405, "pan.___", state 1968, "cache_dirty_urcu_active_readers.bitfield = (cache_dirty_urcu_active_readers.bitfield&~((1<<_pid)))"
	line 405, "pan.___", state 1970, "(1)"
	line 405, "pan.___", state 1971, "((cache_dirty_urcu_active_readers.bitfield&(1<<_pid)))"
	line 405, "pan.___", state 1971, "else"
	line 405, "pan.___", state 1974, "(1)"
	line 405, "pan.___", state 1975, "(1)"
	line 405, "pan.___", state 1975, "(1)"
	line 403, "pan.___", state 1980, "((i<1))"
	line 403, "pan.___", state 1980, "((i>=1))"
	line 410, "pan.___", state 1986, "cache_dirty_rcu_ptr.bitfield = (cache_dirty_rcu_ptr.bitfield&~((1<<_pid)))"
	line 410, "pan.___", state 1988, "(1)"
	line 410, "pan.___", state 1989, "((cache_dirty_rcu_ptr.bitfield&(1<<_pid)))"
	line 410, "pan.___", state 1989, "else"
	line 410, "pan.___", state 1992, "(1)"
	line 410, "pan.___", state 1993, "(1)"
	line 410, "pan.___", state 1993, "(1)"
	line 414, "pan.___", state 2000, "cache_dirty_rcu_data[i].bitfield = (cache_dirty_rcu_data[i].bitfield&~((1<<_pid)))"
	line 414, "pan.___", state 2002, "(1)"
	line 414, "pan.___", state 2003, "((cache_dirty_rcu_data[i].bitfield&(1<<_pid)))"
	line 414, "pan.___", state 2003, "else"
	line 414, "pan.___", state 2006, "(1)"
	line 414, "pan.___", state 2007, "(1)"
	line 414, "pan.___", state 2007, "(1)"
	line 412, "pan.___", state 2012, "((i<2))"
	line 412, "pan.___", state 2012, "((i>=2))"
	line 239, "pan.___", state 2018, "(1)"
	line 243, "pan.___", state 2026, "(1)"
	line 243, "pan.___", state 2027, "(!((cache_dirty_urcu_active_readers.bitfield&(1<<_pid))))"
	line 243, "pan.___", state 2027, "else"
	line 241, "pan.___", state 2032, "((i<1))"
	line 241, "pan.___", state 2032, "((i>=1))"
	line 247, "pan.___", state 2038, "(1)"
	line 247, "pan.___", state 2039, "(!((cache_dirty_rcu_ptr.bitfield&(1<<_pid))))"
	line 247, "pan.___", state 2039, "else"
	line 251, "pan.___", state 2046, "(1)"
	line 251, "pan.___", state 2047, "(!((cache_dirty_rcu_data[i].bitfield&(1<<_pid))))"
	line 251, "pan.___", state 2047, "else"
	line 249, "pan.___", state 2052, "((i<2))"
	line 249, "pan.___", state 2052, "((i>=2))"
	line 256, "pan.___", state 2056, "(!((cache_dirty_urcu_gp_ctr.bitfield&(1<<_pid))))"
	line 256, "pan.___", state 2056, "else"
	line 421, "pan.___", state 2058, "(1)"
	line 421, "pan.___", state 2058, "(1)"
	line 727, "pan.___", state 2061, "cached_urcu_active_readers.val[_pid] = (tmp+1)"
	line 727, "pan.___", state 2062, "_proc_urcu_reader = (_proc_urcu_reader|(1<<23))"
	line 727, "pan.___", state 2063, "(1)"
	line 401, "pan.___", state 2070, "cache_dirty_urcu_gp_ctr.bitfield = (cache_dirty_urcu_gp_ctr.bitfield&~((1<<_pid)))"
	line 410, "pan.___", state 2102, "cache_dirty_rcu_ptr.bitfield = (cache_dirty_rcu_ptr.bitfield&~((1<<_pid)))"
	line 414, "pan.___", state 2116, "cache_dirty_rcu_data[i].bitfield = (cache_dirty_rcu_data[i].bitfield&~((1<<_pid)))"
	line 239, "pan.___", state 2134, "(1)"
	line 247, "pan.___", state 2154, "(1)"
	line 251, "pan.___", state 2162, "(1)"
	line 401, "pan.___", state 2187, "cache_dirty_urcu_gp_ctr.bitfield = (cache_dirty_urcu_gp_ctr.bitfield&~((1<<_pid)))"
	line 410, "pan.___", state 2219, "cache_dirty_rcu_ptr.bitfield = (cache_dirty_rcu_ptr.bitfield&~((1<<_pid)))"
	line 414, "pan.___", state 2233, "cache_dirty_rcu_data[i].bitfield = (cache_dirty_rcu_data[i].bitfield&~((1<<_pid)))"
	line 239, "pan.___", state 2251, "(1)"
	line 247, "pan.___", state 2271, "(1)"
	line 251, "pan.___", state 2279, "(1)"
	line 401, "pan.___", state 2298, "cache_dirty_urcu_gp_ctr.bitfield = (cache_dirty_urcu_gp_ctr.bitfield&~((1<<_pid)))"
	line 410, "pan.___", state 2330, "cache_dirty_rcu_ptr.bitfield = (cache_dirty_rcu_ptr.bitfield&~((1<<_pid)))"
	line 414, "pan.___", state 2344, "cache_dirty_rcu_data[i].bitfield = (cache_dirty_rcu_data[i].bitfield&~((1<<_pid)))"
	line 239, "pan.___", state 2362, "(1)"
	line 247, "pan.___", state 2382, "(1)"
	line 251, "pan.___", state 2390, "(1)"
	line 239, "pan.___", state 2421, "(1)"
	line 247, "pan.___", state 2441, "(1)"
	line 251, "pan.___", state 2449, "(1)"
	line 239, "pan.___", state 2464, "(1)"
	line 247, "pan.___", state 2484, "(1)"
	line 251, "pan.___", state 2492, "(1)"
	line 887, "pan.___", state 2509, "-end-"
	(246 of 2509 states)
unreached in proctype urcu_writer
	line 401, "pan.___", state 22, "cache_dirty_urcu_gp_ctr.bitfield = (cache_dirty_urcu_gp_ctr.bitfield&~((1<<_pid)))"
	line 405, "pan.___", state 36, "cache_dirty_urcu_active_readers.bitfield = (cache_dirty_urcu_active_readers.bitfield&~((1<<_pid)))"
	line 410, "pan.___", state 54, "cache_dirty_rcu_ptr.bitfield = (cache_dirty_rcu_ptr.bitfield&~((1<<_pid)))"
	line 239, "pan.___", state 86, "(1)"
	line 243, "pan.___", state 94, "(1)"
	line 247, "pan.___", state 106, "(1)"
	line 262, "pan.___", state 135, "cache_dirty_urcu_gp_ctr.bitfield = (cache_dirty_urcu_gp_ctr.bitfield&~((1<<_pid)))"
	line 266, "pan.___", state 144, "cache_dirty_urcu_active_readers.bitfield = (cache_dirty_urcu_active_readers.bitfield&~((1<<_pid)))"
	line 270, "pan.___", state 157, "cache_dirty_rcu_ptr.bitfield = (cache_dirty_rcu_ptr.bitfield&~((1<<_pid)))"
	line 401, "pan.___", state 197, "cache_dirty_urcu_gp_ctr.bitfield = (cache_dirty_urcu_gp_ctr.bitfield&~((1<<_pid)))"
	line 405, "pan.___", state 211, "cache_dirty_urcu_active_readers.bitfield = (cache_dirty_urcu_active_readers.bitfield&~((1<<_pid)))"
	line 410, "pan.___", state 229, "cache_dirty_rcu_ptr.bitfield = (cache_dirty_rcu_ptr.bitfield&~((1<<_pid)))"
	line 414, "pan.___", state 243, "cache_dirty_rcu_data[i].bitfield = (cache_dirty_rcu_data[i].bitfield&~((1<<_pid)))"
	line 239, "pan.___", state 261, "(1)"
	line 243, "pan.___", state 269, "(1)"
	line 247, "pan.___", state 281, "(1)"
	line 251, "pan.___", state 289, "(1)"
	line 405, "pan.___", state 324, "cache_dirty_urcu_active_readers.bitfield = (cache_dirty_urcu_active_readers.bitfield&~((1<<_pid)))"
	line 410, "pan.___", state 342, "cache_dirty_rcu_ptr.bitfield = (cache_dirty_rcu_ptr.bitfield&~((1<<_pid)))"
	line 414, "pan.___", state 356, "cache_dirty_rcu_data[i].bitfield = (cache_dirty_rcu_data[i].bitfield&~((1<<_pid)))"
	line 243, "pan.___", state 382, "(1)"
	line 247, "pan.___", state 394, "(1)"
	line 251, "pan.___", state 402, "(1)"
	line 401, "pan.___", state 429, "cache_dirty_urcu_gp_ctr.bitfield = (cache_dirty_urcu_gp_ctr.bitfield&~((1<<_pid)))"
	line 401, "pan.___", state 431, "(1)"
	line 401, "pan.___", state 432, "((cache_dirty_urcu_gp_ctr.bitfield&(1<<_pid)))"
	line 401, "pan.___", state 432, "else"
	line 401, "pan.___", state 435, "(1)"
	line 405, "pan.___", state 443, "cache_dirty_urcu_active_readers.bitfield = (cache_dirty_urcu_active_readers.bitfield&~((1<<_pid)))"
	line 405, "pan.___", state 445, "(1)"
	line 405, "pan.___", state 446, "((cache_dirty_urcu_active_readers.bitfield&(1<<_pid)))"
	line 405, "pan.___", state 446, "else"
	line 405, "pan.___", state 449, "(1)"
	line 405, "pan.___", state 450, "(1)"
	line 405, "pan.___", state 450, "(1)"
	line 403, "pan.___", state 455, "((i<1))"
	line 403, "pan.___", state 455, "((i>=1))"
	line 410, "pan.___", state 461, "cache_dirty_rcu_ptr.bitfield = (cache_dirty_rcu_ptr.bitfield&~((1<<_pid)))"
	line 410, "pan.___", state 463, "(1)"
	line 410, "pan.___", state 464, "((cache_dirty_rcu_ptr.bitfield&(1<<_pid)))"
	line 410, "pan.___", state 464, "else"
	line 410, "pan.___", state 467, "(1)"
	line 410, "pan.___", state 468, "(1)"
	line 410, "pan.___", state 468, "(1)"
	line 414, "pan.___", state 475, "cache_dirty_rcu_data[i].bitfield = (cache_dirty_rcu_data[i].bitfield&~((1<<_pid)))"
	line 414, "pan.___", state 477, "(1)"
	line 414, "pan.___", state 478, "((cache_dirty_rcu_data[i].bitfield&(1<<_pid)))"
	line 414, "pan.___", state 478, "else"
	line 414, "pan.___", state 481, "(1)"
	line 414, "pan.___", state 482, "(1)"
	line 414, "pan.___", state 482, "(1)"
	line 412, "pan.___", state 487, "((i<2))"
	line 412, "pan.___", state 487, "((i>=2))"
	line 239, "pan.___", state 493, "(1)"
	line 243, "pan.___", state 501, "(1)"
	line 243, "pan.___", state 502, "(!((cache_dirty_urcu_active_readers.bitfield&(1<<_pid))))"
	line 243, "pan.___", state 502, "else"
	line 241, "pan.___", state 507, "((i<1))"
	line 241, "pan.___", state 507, "((i>=1))"
	line 247, "pan.___", state 513, "(1)"
	line 247, "pan.___", state 514, "(!((cache_dirty_rcu_ptr.bitfield&(1<<_pid))))"
	line 247, "pan.___", state 514, "else"
	line 251, "pan.___", state 521, "(1)"
	line 251, "pan.___", state 522, "(!((cache_dirty_rcu_data[i].bitfield&(1<<_pid))))"
	line 251, "pan.___", state 522, "else"
	line 256, "pan.___", state 531, "(!((cache_dirty_urcu_gp_ctr.bitfield&(1<<_pid))))"
	line 256, "pan.___", state 531, "else"
	line 421, "pan.___", state 533, "(1)"
	line 421, "pan.___", state 533, "(1)"
	line 401, "pan.___", state 540, "cache_dirty_urcu_gp_ctr.bitfield = (cache_dirty_urcu_gp_ctr.bitfield&~((1<<_pid)))"
	line 401, "pan.___", state 542, "(1)"
	line 401, "pan.___", state 543, "((cache_dirty_urcu_gp_ctr.bitfield&(1<<_pid)))"
	line 401, "pan.___", state 543, "else"
	line 401, "pan.___", state 546, "(1)"
	line 405, "pan.___", state 554, "cache_dirty_urcu_active_readers.bitfield = (cache_dirty_urcu_active_readers.bitfield&~((1<<_pid)))"
	line 405, "pan.___", state 556, "(1)"
	line 405, "pan.___", state 557, "((cache_dirty_urcu_active_readers.bitfield&(1<<_pid)))"
	line 405, "pan.___", state 557, "else"
	line 405, "pan.___", state 560, "(1)"
	line 405, "pan.___", state 561, "(1)"
	line 405, "pan.___", state 561, "(1)"
	line 403, "pan.___", state 566, "((i<1))"
	line 403, "pan.___", state 566, "((i>=1))"
	line 410, "pan.___", state 572, "cache_dirty_rcu_ptr.bitfield = (cache_dirty_rcu_ptr.bitfield&~((1<<_pid)))"
	line 410, "pan.___", state 574, "(1)"
	line 410, "pan.___", state 575, "((cache_dirty_rcu_ptr.bitfield&(1<<_pid)))"
	line 410, "pan.___", state 575, "else"
	line 410, "pan.___", state 578, "(1)"
	line 410, "pan.___", state 579, "(1)"
	line 410, "pan.___", state 579, "(1)"
	line 414, "pan.___", state 586, "cache_dirty_rcu_data[i].bitfield = (cache_dirty_rcu_data[i].bitfield&~((1<<_pid)))"
	line 414, "pan.___", state 588, "(1)"
	line 414, "pan.___", state 589, "((cache_dirty_rcu_data[i].bitfield&(1<<_pid)))"
	line 414, "pan.___", state 589, "else"
	line 414, "pan.___", state 592, "(1)"
	line 414, "pan.___", state 593, "(1)"
	line 414, "pan.___", state 593, "(1)"
	line 412, "pan.___", state 598, "((i<2))"
	line 412, "pan.___", state 598, "((i>=2))"
	line 239, "pan.___", state 604, "(1)"
	line 243, "pan.___", state 612, "(1)"
	line 243, "pan.___", state 613, "(!((cache_dirty_urcu_active_readers.bitfield&(1<<_pid))))"
	line 243, "pan.___", state 613, "else"
	line 241, "pan.___", state 618, "((i<1))"
	line 241, "pan.___", state 618, "((i>=1))"
	line 247, "pan.___", state 624, "(1)"
	line 247, "pan.___", state 625, "(!((cache_dirty_rcu_ptr.bitfield&(1<<_pid))))"
	line 247, "pan.___", state 625, "else"
	line 251, "pan.___", state 632, "(1)"
	line 251, "pan.___", state 633, "(!((cache_dirty_rcu_data[i].bitfield&(1<<_pid))))"
	line 251, "pan.___", state 633, "else"
	line 249, "pan.___", state 638, "((i<2))"
	line 249, "pan.___", state 638, "((i>=2))"
	line 256, "pan.___", state 642, "(!((cache_dirty_urcu_gp_ctr.bitfield&(1<<_pid))))"
	line 256, "pan.___", state 642, "else"
	line 421, "pan.___", state 644, "(1)"
	line 421, "pan.___", state 644, "(1)"
	line 1095, "pan.___", state 648, "_proc_urcu_writer = (_proc_urcu_writer|(1<<10))"
	line 401, "pan.___", state 653, "cache_dirty_urcu_gp_ctr.bitfield = (cache_dirty_urcu_gp_ctr.bitfield&~((1<<_pid)))"
	line 401, "pan.___", state 655, "(1)"
	line 401, "pan.___", state 656, "((cache_dirty_urcu_gp_ctr.bitfield&(1<<_pid)))"
	line 401, "pan.___", state 656, "else"
	line 401, "pan.___", state 659, "(1)"
	line 405, "pan.___", state 667, "cache_dirty_urcu_active_readers.bitfield = (cache_dirty_urcu_active_readers.bitfield&~((1<<_pid)))"
	line 405, "pan.___", state 669, "(1)"
	line 405, "pan.___", state 670, "((cache_dirty_urcu_active_readers.bitfield&(1<<_pid)))"
	line 405, "pan.___", state 670, "else"
	line 405, "pan.___", state 673, "(1)"
	line 405, "pan.___", state 674, "(1)"
	line 405, "pan.___", state 674, "(1)"
	line 403, "pan.___", state 679, "((i<1))"
	line 403, "pan.___", state 679, "((i>=1))"
	line 410, "pan.___", state 685, "cache_dirty_rcu_ptr.bitfield = (cache_dirty_rcu_ptr.bitfield&~((1<<_pid)))"
	line 410, "pan.___", state 687, "(1)"
	line 410, "pan.___", state 688, "((cache_dirty_rcu_ptr.bitfield&(1<<_pid)))"
	line 410, "pan.___", state 688, "else"
	line 410, "pan.___", state 691, "(1)"
	line 410, "pan.___", state 692, "(1)"
	line 410, "pan.___", state 692, "(1)"
	line 414, "pan.___", state 699, "cache_dirty_rcu_data[i].bitfield = (cache_dirty_rcu_data[i].bitfield&~((1<<_pid)))"
	line 414, "pan.___", state 701, "(1)"
	line 414, "pan.___", state 702, "((cache_dirty_rcu_data[i].bitfield&(1<<_pid)))"
	line 414, "pan.___", state 702, "else"
	line 414, "pan.___", state 705, "(1)"
	line 414, "pan.___", state 706, "(1)"
	line 414, "pan.___", state 706, "(1)"
	line 412, "pan.___", state 711, "((i<2))"
	line 412, "pan.___", state 711, "((i>=2))"
	line 239, "pan.___", state 717, "(1)"
	line 243, "pan.___", state 725, "(1)"
	line 243, "pan.___", state 726, "(!((cache_dirty_urcu_active_readers.bitfield&(1<<_pid))))"
	line 243, "pan.___", state 726, "else"
	line 241, "pan.___", state 731, "((i<1))"
	line 241, "pan.___", state 731, "((i>=1))"
	line 247, "pan.___", state 737, "(1)"
	line 247, "pan.___", state 738, "(!((cache_dirty_rcu_ptr.bitfield&(1<<_pid))))"
	line 247, "pan.___", state 738, "else"
	line 251, "pan.___", state 745, "(1)"
	line 251, "pan.___", state 746, "(!((cache_dirty_rcu_data[i].bitfield&(1<<_pid))))"
	line 251, "pan.___", state 746, "else"
	line 249, "pan.___", state 751, "((i<2))"
	line 249, "pan.___", state 751, "((i>=2))"
	line 256, "pan.___", state 755, "(!((cache_dirty_urcu_gp_ctr.bitfield&(1<<_pid))))"
	line 256, "pan.___", state 755, "else"
	line 421, "pan.___", state 757, "(1)"
	line 421, "pan.___", state 757, "(1)"
	line 1110, "pan.___", state 762, "_proc_urcu_writer = (_proc_urcu_writer|(1<<11))"
	line 1105, "pan.___", state 763, "(((tmp2&((1<<7)-1))&&((tmp2^0)&(1<<7))))"
	line 1105, "pan.___", state 763, "else"
	line 1130, "pan.___", state 767, "_proc_urcu_writer = (_proc_urcu_writer&~(((1<<12)|(1<<11))))"
	line 262, "pan.___", state 798, "cache_dirty_urcu_gp_ctr.bitfield = (cache_dirty_urcu_gp_ctr.bitfield&~((1<<_pid)))"
	line 266, "pan.___", state 807, "cache_dirty_urcu_active_readers.bitfield = (cache_dirty_urcu_active_readers.bitfield&~((1<<_pid)))"
	line 270, "pan.___", state 822, "(1)"
	line 274, "pan.___", state 829, "cache_dirty_rcu_data[i].bitfield = (cache_dirty_rcu_data[i].bitfield&~((1<<_pid)))"
	line 239, "pan.___", state 845, "(1)"
	line 243, "pan.___", state 853, "(1)"
	line 247, "pan.___", state 865, "(1)"
	line 251, "pan.___", state 873, "(1)"
	line 262, "pan.___", state 904, "cache_dirty_urcu_gp_ctr.bitfield = (cache_dirty_urcu_gp_ctr.bitfield&~((1<<_pid)))"
	line 266, "pan.___", state 913, "cache_dirty_urcu_active_readers.bitfield = (cache_dirty_urcu_active_readers.bitfield&~((1<<_pid)))"
	line 270, "pan.___", state 926, "cache_dirty_rcu_ptr.bitfield = (cache_dirty_rcu_ptr.bitfield&~((1<<_pid)))"
	line 274, "pan.___", state 935, "cache_dirty_rcu_data[i].bitfield = (cache_dirty_rcu_data[i].bitfield&~((1<<_pid)))"
	line 239, "pan.___", state 951, "(1)"
	line 243, "pan.___", state 959, "(1)"
	line 247, "pan.___", state 971, "(1)"
	line 251, "pan.___", state 979, "(1)"
	line 266, "pan.___", state 1005, "cache_dirty_urcu_active_readers.bitfield = (cache_dirty_urcu_active_readers.bitfield&~((1<<_pid)))"
	line 270, "pan.___", state 1018, "cache_dirty_rcu_ptr.bitfield = (cache_dirty_rcu_ptr.bitfield&~((1<<_pid)))"
	line 274, "pan.___", state 1027, "cache_dirty_rcu_data[i].bitfield = (cache_dirty_rcu_data[i].bitfield&~((1<<_pid)))"
	line 239, "pan.___", state 1043, "(1)"
	line 243, "pan.___", state 1051, "(1)"
	line 247, "pan.___", state 1063, "(1)"
	line 251, "pan.___", state 1071, "(1)"
	line 262, "pan.___", state 1102, "cache_dirty_urcu_gp_ctr.bitfield = (cache_dirty_urcu_gp_ctr.bitfield&~((1<<_pid)))"
	line 266, "pan.___", state 1111, "cache_dirty_urcu_active_readers.bitfield = (cache_dirty_urcu_active_readers.bitfield&~((1<<_pid)))"
	line 270, "pan.___", state 1124, "cache_dirty_rcu_ptr.bitfield = (cache_dirty_rcu_ptr.bitfield&~((1<<_pid)))"
	line 274, "pan.___", state 1133, "cache_dirty_rcu_data[i].bitfield = (cache_dirty_rcu_data[i].bitfield&~((1<<_pid)))"
	line 239, "pan.___", state 1149, "(1)"
	line 243, "pan.___", state 1157, "(1)"
	line 247, "pan.___", state 1169, "(1)"
	line 251, "pan.___", state 1177, "(1)"
	line 262, "pan.___", state 1194, "cache_dirty_urcu_gp_ctr.bitfield = (cache_dirty_urcu_gp_ctr.bitfield&~((1<<_pid)))"
	line 262, "pan.___", state 1196, "(1)"
	line 266, "pan.___", state 1203, "cache_dirty_urcu_active_readers.bitfield = (cache_dirty_urcu_active_readers.bitfield&~((1<<_pid)))"
	line 266, "pan.___", state 1205, "(1)"
	line 266, "pan.___", state 1206, "((cache_dirty_urcu_active_readers.bitfield&(1<<_pid)))"
	line 266, "pan.___", state 1206, "else"
	line 264, "pan.___", state 1211, "((i<1))"
	line 264, "pan.___", state 1211, "((i>=1))"
	line 270, "pan.___", state 1216, "cache_dirty_rcu_ptr.bitfield = (cache_dirty_rcu_ptr.bitfield&~((1<<_pid)))"
	line 270, "pan.___", state 1218, "(1)"
	line 270, "pan.___", state 1219, "((cache_dirty_rcu_ptr.bitfield&(1<<_pid)))"
	line 270, "pan.___", state 1219, "else"
	line 274, "pan.___", state 1225, "cache_dirty_rcu_data[i].bitfield = (cache_dirty_rcu_data[i].bitfield&~((1<<_pid)))"
	line 274, "pan.___", state 1227, "(1)"
	line 274, "pan.___", state 1228, "((cache_dirty_rcu_data[i].bitfield&(1<<_pid)))"
	line 274, "pan.___", state 1228, "else"
	line 272, "pan.___", state 1233, "((i<2))"
	line 272, "pan.___", state 1233, "((i>=2))"
	line 239, "pan.___", state 1241, "(1)"
	line 243, "pan.___", state 1249, "(1)"
	line 243, "pan.___", state 1250, "(!((cache_dirty_urcu_active_readers.bitfield&(1<<_pid))))"
	line 243, "pan.___", state 1250, "else"
	line 241, "pan.___", state 1255, "((i<1))"
	line 241, "pan.___", state 1255, "((i>=1))"
	line 247, "pan.___", state 1261, "(1)"
	line 247, "pan.___", state 1262, "(!((cache_dirty_rcu_ptr.bitfield&(1<<_pid))))"
	line 247, "pan.___", state 1262, "else"
	line 251, "pan.___", state 1269, "(1)"
	line 251, "pan.___", state 1270, "(!((cache_dirty_rcu_data[i].bitfield&(1<<_pid))))"
	line 251, "pan.___", state 1270, "else"
	line 256, "pan.___", state 1279, "(!((cache_dirty_urcu_gp_ctr.bitfield&(1<<_pid))))"
	line 256, "pan.___", state 1279, "else"
	line 1206, "pan.___", state 1282, "i = 0"
	line 1206, "pan.___", state 1284, "reader_barrier = 1"
	line 1206, "pan.___", state 1295, "((i<1))"
	line 1206, "pan.___", state 1295, "((i>=1))"
	line 262, "pan.___", state 1300, "cache_dirty_urcu_gp_ctr.bitfield = (cache_dirty_urcu_gp_ctr.bitfield&~((1<<_pid)))"
	line 262, "pan.___", state 1302, "(1)"
	line 266, "pan.___", state 1309, "cache_dirty_urcu_active_readers.bitfield = (cache_dirty_urcu_active_readers.bitfield&~((1<<_pid)))"
	line 266, "pan.___", state 1311, "(1)"
	line 266, "pan.___", state 1312, "((cache_dirty_urcu_active_readers.bitfield&(1<<_pid)))"
	line 266, "pan.___", state 1312, "else"
	line 264, "pan.___", state 1317, "((i<1))"
	line 264, "pan.___", state 1317, "((i>=1))"
	line 270, "pan.___", state 1322, "cache_dirty_rcu_ptr.bitfield = (cache_dirty_rcu_ptr.bitfield&~((1<<_pid)))"
	line 270, "pan.___", state 1324, "(1)"
	line 270, "pan.___", state 1325, "((cache_dirty_rcu_ptr.bitfield&(1<<_pid)))"
	line 270, "pan.___", state 1325, "else"
	line 274, "pan.___", state 1331, "cache_dirty_rcu_data[i].bitfield = (cache_dirty_rcu_data[i].bitfield&~((1<<_pid)))"
	line 274, "pan.___", state 1333, "(1)"
	line 274, "pan.___", state 1334, "((cache_dirty_rcu_data[i].bitfield&(1<<_pid)))"
	line 274, "pan.___", state 1334, "else"
	line 272, "pan.___", state 1339, "((i<2))"
	line 272, "pan.___", state 1339, "((i>=2))"
	line 239, "pan.___", state 1347, "(1)"
	line 243, "pan.___", state 1355, "(1)"
	line 243, "pan.___", state 1356, "(!((cache_dirty_urcu_active_readers.bitfield&(1<<_pid))))"
	line 243, "pan.___", state 1356, "else"
	line 241, "pan.___", state 1361, "((i<1))"
	line 241, "pan.___", state 1361, "((i>=1))"
	line 247, "pan.___", state 1367, "(1)"
	line 247, "pan.___", state 1368, "(!((cache_dirty_rcu_ptr.bitfield&(1<<_pid))))"
	line 247, "pan.___", state 1368, "else"
	line 251, "pan.___", state 1375, "(1)"
	line 251, "pan.___", state 1376, "(!((cache_dirty_rcu_data[i].bitfield&(1<<_pid))))"
	line 251, "pan.___", state 1376, "else"
	line 256, "pan.___", state 1385, "(!((cache_dirty_urcu_gp_ctr.bitfield&(1<<_pid))))"
	line 256, "pan.___", state 1385, "else"
	line 289, "pan.___", state 1387, "((cache_dirty_urcu_gp_ctr.bitfield&(1<<_pid)))"
	line 289, "pan.___", state 1387, "else"
	line 1206, "pan.___", state 1388, "((cache_dirty_urcu_gp_ctr.bitfield&(1<<_pid)))"
	line 1206, "pan.___", state 1388, "else"
	line 266, "pan.___", state 1401, "cache_dirty_urcu_active_readers.bitfield = (cache_dirty_urcu_active_readers.bitfield&~((1<<_pid)))"
	line 270, "pan.___", state 1414, "cache_dirty_rcu_ptr.bitfield = (cache_dirty_rcu_ptr.bitfield&~((1<<_pid)))"
	line 274, "pan.___", state 1423, "cache_dirty_rcu_data[i].bitfield = (cache_dirty_rcu_data[i].bitfield&~((1<<_pid)))"
	line 239, "pan.___", state 1439, "(1)"
	line 243, "pan.___", state 1447, "(1)"
	line 247, "pan.___", state 1459, "(1)"
	line 251, "pan.___", state 1467, "(1)"
	line 262, "pan.___", state 1498, "cache_dirty_urcu_gp_ctr.bitfield = (cache_dirty_urcu_gp_ctr.bitfield&~((1<<_pid)))"
	line 266, "pan.___", state 1507, "cache_dirty_urcu_active_readers.bitfield = (cache_dirty_urcu_active_readers.bitfield&~((1<<_pid)))"
	line 270, "pan.___", state 1520, "cache_dirty_rcu_ptr.bitfield = (cache_dirty_rcu_ptr.bitfield&~((1<<_pid)))"
	line 274, "pan.___", state 1529, "cache_dirty_rcu_data[i].bitfield = (cache_dirty_rcu_data[i].bitfield&~((1<<_pid)))"
	line 239, "pan.___", state 1545, "(1)"
	line 243, "pan.___", state 1553, "(1)"
	line 247, "pan.___", state 1565, "(1)"
	line 251, "pan.___", state 1573, "(1)"
	line 1214, "pan.___", state 1589, "-end-"
	(218 of 1589 states)
unreached in proctype :init:
	line 1225, "pan.___", state 9, "((j<2))"
	line 1225, "pan.___", state 9, "((j>=2))"
	line 1226, "pan.___", state 20, "((j<2))"
	line 1226, "pan.___", state 20, "((j>=2))"
	line 1231, "pan.___", state 33, "((j<2))"
	line 1231, "pan.___", state 33, "((j>=2))"
	line 1229, "pan.___", state 43, "((i<1))"
	line 1229, "pan.___", state 43, "((i>=1))"
	line 1239, "pan.___", state 54, "((j<2))"
	line 1239, "pan.___", state 54, "((j>=2))"
	line 1243, "pan.___", state 67, "((j<2))"
	line 1243, "pan.___", state 67, "((j>=2))"
	(6 of 78 states)
unreached in proctype :never:
	line 1277, "pan.___", state 8, "-end-"
	(1 of 8 states)

pan: elapsed time 102 seconds
pan: rate 52558.797 states/second
pan: avg transition delay 2.5934e-06 usec
cp .input.spin urcu_free_single_flip.spin.input
cp .input.spin.trail urcu_free_single_flip.spin.input.trail
make[1]: Leaving directory `/home/compudj/doc/userspace-rcu/formal-model/urcu-controldataflow'
