make[1]: Entering directory `/home/compudj/doc/userspace-rcu/formal-model/urcu-controldataflow'
rm -f pan* trail.out .input.spin* *.spin.trail .input.define
touch .input.define
cat .input.define > pan.ltl
cat DEFINES >> pan.ltl
spin -f "!(`cat urcu_progress.ltl | grep -v ^//`)" >> pan.ltl
cp urcu_progress_reader.define .input.define
cat .input.define > .input.spin
cat DEFINES >> .input.spin
cat urcu.spin >> .input.spin
rm -f .input.spin.trail
spin -a -X -N pan.ltl .input.spin
Exit-Status 0
gcc -O2 -w -DHASH64 -o pan pan.c
./pan -a -f -v -c1 -X -m10000000 -w20
warning: for p.o. reduction to be valid the never claim must be stutter-invariant
(never claims generated from LTL formulae are stutter-invariant)
depth 0: Claim reached state 5 (line 1272)
depth 23: Claim reached state 9 (line 1277)
depth 132: Claim reached state 9 (line 1276)
Depth=   29926 States=    1e+06 Transitions= 7.64e+06 Memory=   520.256	t=   19.9 R=   5e+04
Depth=   33506 States=    2e+06 Transitions= 1.57e+07 Memory=   571.818	t=   41.2 R=   5e+04
Depth=   33506 States=    3e+06 Transitions= 2.45e+07 Memory=   624.943	t=   65.4 R=   5e+04
pan: resizing hashtable to -w22..  done
Depth=   33506 States=    4e+06 Transitions= 3.46e+07 Memory=   709.873	t=   93.2 R=   4e+04
Depth=   33506 States=    5e+06 Transitions= 4.22e+07 Memory=   764.756	t=    113 R=   4e+04
Depth=   33506 States=    6e+06 Transitions= 6.02e+07 Memory=   815.830	t=    165 R=   4e+04
Depth=   33506 States=    7e+06 Transitions= 7.41e+07 Memory=   867.002	t=    205 R=   3e+04
Depth=   33506 States=    8e+06 Transitions= 9.02e+07 Memory=   917.197	t=    251 R=   3e+04
Depth=   33506 States=    9e+06 Transitions= 1.01e+08 Memory=   967.881	t=    283 R=   3e+04
pan: resizing hashtable to -w24..  done
Depth=   33506 States=    1e+07 Transitions= 1.17e+08 Memory=  1146.467	t=    327 R=   3e+04
Depth=   33506 States=  1.1e+07 Transitions= 1.53e+08 Memory=  1201.154	t=    438 R=   3e+04
Depth=   33506 States=  1.2e+07 Transitions= 1.72e+08 Memory=  1252.717	t=    492 R=   2e+04
Depth=   33506 States=  1.3e+07 Transitions= 1.84e+08 Memory=  1303.401	t=    525 R=   2e+04
Depth=   33506 States=  1.4e+07 Transitions= 2.05e+08 Memory=  1354.377	t=    586 R=   2e+04
Depth=   33506 States=  1.5e+07 Transitions= 2.19e+08 Memory=  1404.572	t=    627 R=   2e+04
Depth=   33506 States=  1.6e+07 Transitions= 2.33e+08 Memory=  1455.451	t=    666 R=   2e+04
Depth=   33506 States=  1.7e+07 Transitions= 2.45e+08 Memory=  1506.428	t=    700 R=   2e+04
Depth=   33506 States=  1.8e+07 Transitions= 2.57e+08 Memory=  1557.502	t=    733 R=   2e+04
Depth=   33506 States=  1.9e+07 Transitions= 2.74e+08 Memory=  1607.697	t=    784 R=   2e+04
Depth=   33506 States=    2e+07 Transitions= 2.86e+08 Memory=  1659.358	t=    818 R=   2e+04
Depth=   33506 States=  2.1e+07 Transitions= 2.98e+08 Memory=  1710.920	t=    850 R=   2e+04
Depth=   33506 States=  2.2e+07 Transitions=  3.1e+08 Memory=  1763.166	t=    883 R=   2e+04
Depth=   33506 States=  2.3e+07 Transitions= 3.25e+08 Memory=  1814.143	t=    926 R=   2e+04
Depth=   33506 States=  2.4e+07 Transitions= 3.44e+08 Memory=  1864.631	t=    983 R=   2e+04
Depth=   33506 States=  2.5e+07 Transitions= 3.62e+08 Memory=  1913.264	t= 1.03e+03 R=   2e+04
Depth=   33506 States=  2.6e+07 Transitions= 3.75e+08 Memory=  1964.045	t= 1.07e+03 R=   2e+04
Depth=   33506 States=  2.7e+07 Transitions= 3.86e+08 Memory=  2016.291	t= 1.1e+03 R=   2e+04
Depth=   33506 States=  2.8e+07 Transitions= 4.23e+08 Memory=  2074.592	t= 1.21e+03 R=   2e+04
Depth=   33506 States=  2.9e+07 Transitions= 4.42e+08 Memory=  2123.225	t= 1.27e+03 R=   2e+04
Depth=   33506 States=    3e+07 Transitions= 4.58e+08 Memory=  2173.029	t= 1.32e+03 R=   2e+04
Depth=   33506 States=  3.1e+07 Transitions= 4.74e+08 Memory=  2224.397	t= 1.36e+03 R=   2e+04
Depth=   33506 States=  3.2e+07 Transitions= 4.94e+08 Memory=  2276.252	t= 1.42e+03 R=   2e+04
Depth=   33506 States=  3.3e+07 Transitions= 5.06e+08 Memory=  2325.276	t= 1.46e+03 R=   2e+04
Depth=   33506 States=  3.4e+07 Transitions= 5.18e+08 Memory=  2376.838	t= 1.49e+03 R=   2e+04
pan: resizing hashtable to -w26..  done
Depth=   33506 States=  3.5e+07 Transitions= 5.31e+08 Memory=  2923.408	t= 1.53e+03 R=   2e+04
Depth=   33506 States=  3.6e+07 Transitions= 5.46e+08 Memory=  2976.143	t= 1.58e+03 R=   2e+04
Depth=   33506 States=  3.7e+07 Transitions= 5.58e+08 Memory=  3026.338	t= 1.61e+03 R=   2e+04
Depth=   33506 States=  3.8e+07 Transitions=  5.7e+08 Memory=  3079.170	t= 1.64e+03 R=   2e+04
Depth=   33506 States=  3.9e+07 Transitions= 5.81e+08 Memory=  3130.537	t= 1.67e+03 R=   2e+04
Depth=   33506 States=    4e+07 Transitions=    6e+08 Memory=  3181.318	t= 1.73e+03 R=   2e+04
Depth=   33506 States=  4.1e+07 Transitions= 6.17e+08 Memory=  3231.611	t= 1.78e+03 R=   2e+04
Depth=   33506 States=  4.2e+07 Transitions= 6.34e+08 Memory=  3280.244	t= 1.83e+03 R=   2e+04
Depth=   33506 States=  4.3e+07 Transitions= 6.52e+08 Memory=  3329.268	t= 1.88e+03 R=   2e+04

(Spin Version 5.1.7 -- 23 December 2008)
	+ Partial Order Reduction

Full statespace search for:
	never claim         	+
	assertion violations	+ (if within scope of claim)
	acceptance   cycles 	+ (fairness enabled)
	invalid end states	- (disabled by never claim)

State-vector 88 byte, depth reached 33506, errors: 0
 26582171 states, stored (4.34241e+07 visited)
6.159304e+08 states, matched
6.5935446e+08 transitions (= visited+matched)
1.0143566e+10 atomic steps
hash conflicts: 2.9064765e+08 (resolved)

Stats on memory usage (in Megabytes):
 2940.685	equivalent memory usage for states (stored*(State-vector + overhead))
 2381.281	actual memory usage for states (compression: 80.98%)
         	state-vector as stored = 66 byte + 28 byte overhead
  512.000	memory used for hash table (-w26)
  457.764	memory used for DFS stack (-m10000000)
    1.367	memory lost to fragmentation
 3349.678	total actual memory usage

unreached in proctype urcu_reader
	line 262, "pan.___", state 30, "cache_dirty_urcu_gp_ctr.bitfield = (cache_dirty_urcu_gp_ctr.bitfield&~((1<<_pid)))"
	line 270, "pan.___", state 52, "cache_dirty_rcu_ptr.bitfield = (cache_dirty_rcu_ptr.bitfield&~((1<<_pid)))"
	line 274, "pan.___", state 61, "cache_dirty_rcu_data[i].bitfield = (cache_dirty_rcu_data[i].bitfield&~((1<<_pid)))"
	line 239, "pan.___", state 77, "(1)"
	line 243, "pan.___", state 85, "(1)"
	line 247, "pan.___", state 97, "(1)"
	line 251, "pan.___", state 105, "(1)"
	line 401, "pan.___", state 131, "cache_dirty_urcu_gp_ctr.bitfield = (cache_dirty_urcu_gp_ctr.bitfield&~((1<<_pid)))"
	line 410, "pan.___", state 163, "cache_dirty_rcu_ptr.bitfield = (cache_dirty_rcu_ptr.bitfield&~((1<<_pid)))"
	line 414, "pan.___", state 177, "cache_dirty_rcu_data[i].bitfield = (cache_dirty_rcu_data[i].bitfield&~((1<<_pid)))"
	line 239, "pan.___", state 195, "(1)"
	line 247, "pan.___", state 215, "(1)"
	line 251, "pan.___", state 223, "(1)"
	line 680, "pan.___", state 242, "_proc_urcu_reader = (_proc_urcu_reader|((1<<2)<<1))"
	line 401, "pan.___", state 249, "cache_dirty_urcu_gp_ctr.bitfield = (cache_dirty_urcu_gp_ctr.bitfield&~((1<<_pid)))"
	line 410, "pan.___", state 281, "cache_dirty_rcu_ptr.bitfield = (cache_dirty_rcu_ptr.bitfield&~((1<<_pid)))"
	line 414, "pan.___", state 295, "cache_dirty_rcu_data[i].bitfield = (cache_dirty_rcu_data[i].bitfield&~((1<<_pid)))"
	line 239, "pan.___", state 313, "(1)"
	line 247, "pan.___", state 333, "(1)"
	line 251, "pan.___", state 341, "(1)"
	line 401, "pan.___", state 360, "cache_dirty_urcu_gp_ctr.bitfield = (cache_dirty_urcu_gp_ctr.bitfield&~((1<<_pid)))"
	line 410, "pan.___", state 392, "cache_dirty_rcu_ptr.bitfield = (cache_dirty_rcu_ptr.bitfield&~((1<<_pid)))"
	line 414, "pan.___", state 406, "cache_dirty_rcu_data[i].bitfield = (cache_dirty_rcu_data[i].bitfield&~((1<<_pid)))"
	line 239, "pan.___", state 424, "(1)"
	line 247, "pan.___", state 444, "(1)"
	line 251, "pan.___", state 452, "(1)"
	line 401, "pan.___", state 473, "cache_dirty_urcu_gp_ctr.bitfield = (cache_dirty_urcu_gp_ctr.bitfield&~((1<<_pid)))"
	line 401, "pan.___", state 475, "(1)"
	line 401, "pan.___", state 476, "((cache_dirty_urcu_gp_ctr.bitfield&(1<<_pid)))"
	line 401, "pan.___", state 476, "else"
	line 401, "pan.___", state 479, "(1)"
	line 405, "pan.___", state 487, "cache_dirty_urcu_active_readers.bitfield = (cache_dirty_urcu_active_readers.bitfield&~((1<<_pid)))"
	line 405, "pan.___", state 489, "(1)"
	line 405, "pan.___", state 490, "((cache_dirty_urcu_active_readers.bitfield&(1<<_pid)))"
	line 405, "pan.___", state 490, "else"
	line 405, "pan.___", state 493, "(1)"
	line 405, "pan.___", state 494, "(1)"
	line 405, "pan.___", state 494, "(1)"
	line 403, "pan.___", state 499, "((i<1))"
	line 403, "pan.___", state 499, "((i>=1))"
	line 410, "pan.___", state 505, "cache_dirty_rcu_ptr.bitfield = (cache_dirty_rcu_ptr.bitfield&~((1<<_pid)))"
	line 410, "pan.___", state 507, "(1)"
	line 410, "pan.___", state 508, "((cache_dirty_rcu_ptr.bitfield&(1<<_pid)))"
	line 410, "pan.___", state 508, "else"
	line 410, "pan.___", state 511, "(1)"
	line 410, "pan.___", state 512, "(1)"
	line 410, "pan.___", state 512, "(1)"
	line 414, "pan.___", state 519, "cache_dirty_rcu_data[i].bitfield = (cache_dirty_rcu_data[i].bitfield&~((1<<_pid)))"
	line 414, "pan.___", state 521, "(1)"
	line 414, "pan.___", state 522, "((cache_dirty_rcu_data[i].bitfield&(1<<_pid)))"
	line 414, "pan.___", state 522, "else"
	line 414, "pan.___", state 525, "(1)"
	line 414, "pan.___", state 526, "(1)"
	line 414, "pan.___", state 526, "(1)"
	line 412, "pan.___", state 531, "((i<2))"
	line 412, "pan.___", state 531, "((i>=2))"
	line 239, "pan.___", state 537, "(1)"
	line 243, "pan.___", state 545, "(1)"
	line 243, "pan.___", state 546, "(!((cache_dirty_urcu_active_readers.bitfield&(1<<_pid))))"
	line 243, "pan.___", state 546, "else"
	line 241, "pan.___", state 551, "((i<1))"
	line 241, "pan.___", state 551, "((i>=1))"
	line 247, "pan.___", state 557, "(1)"
	line 247, "pan.___", state 558, "(!((cache_dirty_rcu_ptr.bitfield&(1<<_pid))))"
	line 247, "pan.___", state 558, "else"
	line 251, "pan.___", state 565, "(1)"
	line 251, "pan.___", state 566, "(!((cache_dirty_rcu_data[i].bitfield&(1<<_pid))))"
	line 251, "pan.___", state 566, "else"
	line 249, "pan.___", state 571, "((i<2))"
	line 249, "pan.___", state 571, "((i>=2))"
	line 256, "pan.___", state 575, "(!((cache_dirty_urcu_gp_ctr.bitfield&(1<<_pid))))"
	line 256, "pan.___", state 575, "else"
	line 421, "pan.___", state 577, "(1)"
	line 421, "pan.___", state 577, "(1)"
	line 680, "pan.___", state 580, "cached_urcu_active_readers.val[_pid] = (tmp+1)"
	line 680, "pan.___", state 581, "_proc_urcu_reader = (_proc_urcu_reader|(1<<5))"
	line 680, "pan.___", state 582, "(1)"
	line 401, "pan.___", state 589, "cache_dirty_urcu_gp_ctr.bitfield = (cache_dirty_urcu_gp_ctr.bitfield&~((1<<_pid)))"
	line 410, "pan.___", state 621, "cache_dirty_rcu_ptr.bitfield = (cache_dirty_rcu_ptr.bitfield&~((1<<_pid)))"
	line 414, "pan.___", state 635, "cache_dirty_rcu_data[i].bitfield = (cache_dirty_rcu_data[i].bitfield&~((1<<_pid)))"
	line 239, "pan.___", state 653, "(1)"
	line 247, "pan.___", state 673, "(1)"
	line 251, "pan.___", state 681, "(1)"
	line 401, "pan.___", state 707, "cache_dirty_urcu_gp_ctr.bitfield = (cache_dirty_urcu_gp_ctr.bitfield&~((1<<_pid)))"
	line 401, "pan.___", state 709, "(1)"
	line 401, "pan.___", state 710, "((cache_dirty_urcu_gp_ctr.bitfield&(1<<_pid)))"
	line 401, "pan.___", state 710, "else"
	line 401, "pan.___", state 713, "(1)"
	line 405, "pan.___", state 721, "cache_dirty_urcu_active_readers.bitfield = (cache_dirty_urcu_active_readers.bitfield&~((1<<_pid)))"
	line 405, "pan.___", state 723, "(1)"
	line 405, "pan.___", state 724, "((cache_dirty_urcu_active_readers.bitfield&(1<<_pid)))"
	line 405, "pan.___", state 724, "else"
	line 405, "pan.___", state 727, "(1)"
	line 405, "pan.___", state 728, "(1)"
	line 405, "pan.___", state 728, "(1)"
	line 403, "pan.___", state 733, "((i<1))"
	line 403, "pan.___", state 733, "((i>=1))"
	line 410, "pan.___", state 739, "cache_dirty_rcu_ptr.bitfield = (cache_dirty_rcu_ptr.bitfield&~((1<<_pid)))"
	line 410, "pan.___", state 741, "(1)"
	line 410, "pan.___", state 742, "((cache_dirty_rcu_ptr.bitfield&(1<<_pid)))"
	line 410, "pan.___", state 742, "else"
	line 410, "pan.___", state 745, "(1)"
	line 410, "pan.___", state 746, "(1)"
	line 410, "pan.___", state 746, "(1)"
	line 414, "pan.___", state 753, "cache_dirty_rcu_data[i].bitfield = (cache_dirty_rcu_data[i].bitfield&~((1<<_pid)))"
	line 414, "pan.___", state 755, "(1)"
	line 414, "pan.___", state 756, "((cache_dirty_rcu_data[i].bitfield&(1<<_pid)))"
	line 414, "pan.___", state 756, "else"
	line 414, "pan.___", state 759, "(1)"
	line 414, "pan.___", state 760, "(1)"
	line 414, "pan.___", state 760, "(1)"
	line 412, "pan.___", state 765, "((i<2))"
	line 412, "pan.___", state 765, "((i>=2))"
	line 239, "pan.___", state 771, "(1)"
	line 243, "pan.___", state 779, "(1)"
	line 243, "pan.___", state 780, "(!((cache_dirty_urcu_active_readers.bitfield&(1<<_pid))))"
	line 243, "pan.___", state 780, "else"
	line 241, "pan.___", state 785, "((i<1))"
	line 241, "pan.___", state 785, "((i>=1))"
	line 247, "pan.___", state 791, "(1)"
	line 247, "pan.___", state 792, "(!((cache_dirty_rcu_ptr.bitfield&(1<<_pid))))"
	line 247, "pan.___", state 792, "else"
	line 251, "pan.___", state 799, "(1)"
	line 251, "pan.___", state 800, "(!((cache_dirty_rcu_data[i].bitfield&(1<<_pid))))"
	line 251, "pan.___", state 800, "else"
	line 256, "pan.___", state 809, "(!((cache_dirty_urcu_gp_ctr.bitfield&(1<<_pid))))"
	line 256, "pan.___", state 809, "else"
	line 421, "pan.___", state 811, "(1)"
	line 421, "pan.___", state 811, "(1)"
	line 401, "pan.___", state 818, "cache_dirty_urcu_gp_ctr.bitfield = (cache_dirty_urcu_gp_ctr.bitfield&~((1<<_pid)))"
	line 401, "pan.___", state 820, "(1)"
	line 401, "pan.___", state 821, "((cache_dirty_urcu_gp_ctr.bitfield&(1<<_pid)))"
	line 401, "pan.___", state 821, "else"
	line 401, "pan.___", state 824, "(1)"
	line 405, "pan.___", state 832, "cache_dirty_urcu_active_readers.bitfield = (cache_dirty_urcu_active_readers.bitfield&~((1<<_pid)))"
	line 405, "pan.___", state 834, "(1)"
	line 405, "pan.___", state 835, "((cache_dirty_urcu_active_readers.bitfield&(1<<_pid)))"
	line 405, "pan.___", state 835, "else"
	line 405, "pan.___", state 838, "(1)"
	line 405, "pan.___", state 839, "(1)"
	line 405, "pan.___", state 839, "(1)"
	line 403, "pan.___", state 844, "((i<1))"
	line 403, "pan.___", state 844, "((i>=1))"
	line 410, "pan.___", state 850, "cache_dirty_rcu_ptr.bitfield = (cache_dirty_rcu_ptr.bitfield&~((1<<_pid)))"
	line 410, "pan.___", state 852, "(1)"
	line 410, "pan.___", state 853, "((cache_dirty_rcu_ptr.bitfield&(1<<_pid)))"
	line 410, "pan.___", state 853, "else"
	line 410, "pan.___", state 856, "(1)"
	line 410, "pan.___", state 857, "(1)"
	line 410, "pan.___", state 857, "(1)"
	line 414, "pan.___", state 864, "cache_dirty_rcu_data[i].bitfield = (cache_dirty_rcu_data[i].bitfield&~((1<<_pid)))"
	line 414, "pan.___", state 866, "(1)"
	line 414, "pan.___", state 867, "((cache_dirty_rcu_data[i].bitfield&(1<<_pid)))"
	line 414, "pan.___", state 867, "else"
	line 414, "pan.___", state 870, "(1)"
	line 414, "pan.___", state 871, "(1)"
	line 414, "pan.___", state 871, "(1)"
	line 412, "pan.___", state 876, "((i<2))"
	line 412, "pan.___", state 876, "((i>=2))"
	line 239, "pan.___", state 882, "(1)"
	line 243, "pan.___", state 890, "(1)"
	line 243, "pan.___", state 891, "(!((cache_dirty_urcu_active_readers.bitfield&(1<<_pid))))"
	line 243, "pan.___", state 891, "else"
	line 241, "pan.___", state 896, "((i<1))"
	line 241, "pan.___", state 896, "((i>=1))"
	line 247, "pan.___", state 902, "(1)"
	line 247, "pan.___", state 903, "(!((cache_dirty_rcu_ptr.bitfield&(1<<_pid))))"
	line 247, "pan.___", state 903, "else"
	line 251, "pan.___", state 910, "(1)"
	line 251, "pan.___", state 911, "(!((cache_dirty_rcu_data[i].bitfield&(1<<_pid))))"
	line 251, "pan.___", state 911, "else"
	line 249, "pan.___", state 916, "((i<2))"
	line 249, "pan.___", state 916, "((i>=2))"
	line 256, "pan.___", state 920, "(!((cache_dirty_urcu_gp_ctr.bitfield&(1<<_pid))))"
	line 256, "pan.___", state 920, "else"
	line 421, "pan.___", state 922, "(1)"
	line 421, "pan.___", state 922, "(1)"
	line 688, "pan.___", state 926, "_proc_urcu_reader = (_proc_urcu_reader|(1<<11))"
	line 401, "pan.___", state 931, "cache_dirty_urcu_gp_ctr.bitfield = (cache_dirty_urcu_gp_ctr.bitfield&~((1<<_pid)))"
	line 410, "pan.___", state 963, "cache_dirty_rcu_ptr.bitfield = (cache_dirty_rcu_ptr.bitfield&~((1<<_pid)))"
	line 414, "pan.___", state 977, "cache_dirty_rcu_data[i].bitfield = (cache_dirty_rcu_data[i].bitfield&~((1<<_pid)))"
	line 239, "pan.___", state 995, "(1)"
	line 247, "pan.___", state 1015, "(1)"
	line 251, "pan.___", state 1023, "(1)"
	line 401, "pan.___", state 1045, "cache_dirty_urcu_gp_ctr.bitfield = (cache_dirty_urcu_gp_ctr.bitfield&~((1<<_pid)))"
	line 410, "pan.___", state 1077, "cache_dirty_rcu_ptr.bitfield = (cache_dirty_rcu_ptr.bitfield&~((1<<_pid)))"
	line 414, "pan.___", state 1091, "cache_dirty_rcu_data[i].bitfield = (cache_dirty_rcu_data[i].bitfield&~((1<<_pid)))"
	line 239, "pan.___", state 1109, "(1)"
	line 247, "pan.___", state 1129, "(1)"
	line 251, "pan.___", state 1137, "(1)"
	line 401, "pan.___", state 1160, "cache_dirty_urcu_gp_ctr.bitfield = (cache_dirty_urcu_gp_ctr.bitfield&~((1<<_pid)))"
	line 410, "pan.___", state 1192, "cache_dirty_rcu_ptr.bitfield = (cache_dirty_rcu_ptr.bitfield&~((1<<_pid)))"
	line 414, "pan.___", state 1206, "cache_dirty_rcu_data[i].bitfield = (cache_dirty_rcu_data[i].bitfield&~((1<<_pid)))"
	line 239, "pan.___", state 1224, "(1)"
	line 247, "pan.___", state 1244, "(1)"
	line 251, "pan.___", state 1252, "(1)"
	line 401, "pan.___", state 1271, "cache_dirty_urcu_gp_ctr.bitfield = (cache_dirty_urcu_gp_ctr.bitfield&~((1<<_pid)))"
	line 410, "pan.___", state 1303, "cache_dirty_rcu_ptr.bitfield = (cache_dirty_rcu_ptr.bitfield&~((1<<_pid)))"
	line 414, "pan.___", state 1317, "cache_dirty_rcu_data[i].bitfield = (cache_dirty_rcu_data[i].bitfield&~((1<<_pid)))"
	line 239, "pan.___", state 1335, "(1)"
	line 247, "pan.___", state 1355, "(1)"
	line 251, "pan.___", state 1363, "(1)"
	line 401, "pan.___", state 1387, "cache_dirty_urcu_gp_ctr.bitfield = (cache_dirty_urcu_gp_ctr.bitfield&~((1<<_pid)))"
	line 410, "pan.___", state 1419, "cache_dirty_rcu_ptr.bitfield = (cache_dirty_rcu_ptr.bitfield&~((1<<_pid)))"
	line 414, "pan.___", state 1433, "cache_dirty_rcu_data[i].bitfield = (cache_dirty_rcu_data[i].bitfield&~((1<<_pid)))"
	line 239, "pan.___", state 1451, "(1)"
	line 247, "pan.___", state 1471, "(1)"
	line 251, "pan.___", state 1479, "(1)"
	line 401, "pan.___", state 1498, "cache_dirty_urcu_gp_ctr.bitfield = (cache_dirty_urcu_gp_ctr.bitfield&~((1<<_pid)))"
	line 410, "pan.___", state 1530, "cache_dirty_rcu_ptr.bitfield = (cache_dirty_rcu_ptr.bitfield&~((1<<_pid)))"
	line 414, "pan.___", state 1544, "cache_dirty_rcu_data[i].bitfield = (cache_dirty_rcu_data[i].bitfield&~((1<<_pid)))"
	line 239, "pan.___", state 1562, "(1)"
	line 247, "pan.___", state 1582, "(1)"
	line 251, "pan.___", state 1590, "(1)"
	line 401, "pan.___", state 1612, "cache_dirty_urcu_gp_ctr.bitfield = (cache_dirty_urcu_gp_ctr.bitfield&~((1<<_pid)))"
	line 410, "pan.___", state 1644, "cache_dirty_rcu_ptr.bitfield = (cache_dirty_rcu_ptr.bitfield&~((1<<_pid)))"
	line 414, "pan.___", state 1658, "cache_dirty_rcu_data[i].bitfield = (cache_dirty_rcu_data[i].bitfield&~((1<<_pid)))"
	line 239, "pan.___", state 1676, "(1)"
	line 247, "pan.___", state 1696, "(1)"
	line 251, "pan.___", state 1704, "(1)"
	line 727, "pan.___", state 1723, "_proc_urcu_reader = (_proc_urcu_reader|((1<<2)<<19))"
	line 401, "pan.___", state 1730, "cache_dirty_urcu_gp_ctr.bitfield = (cache_dirty_urcu_gp_ctr.bitfield&~((1<<_pid)))"
	line 410, "pan.___", state 1762, "cache_dirty_rcu_ptr.bitfield = (cache_dirty_rcu_ptr.bitfield&~((1<<_pid)))"
	line 414, "pan.___", state 1776, "cache_dirty_rcu_data[i].bitfield = (cache_dirty_rcu_data[i].bitfield&~((1<<_pid)))"
	line 239, "pan.___", state 1794, "(1)"
	line 247, "pan.___", state 1814, "(1)"
	line 251, "pan.___", state 1822, "(1)"
	line 401, "pan.___", state 1841, "cache_dirty_urcu_gp_ctr.bitfield = (cache_dirty_urcu_gp_ctr.bitfield&~((1<<_pid)))"
	line 410, "pan.___", state 1873, "cache_dirty_rcu_ptr.bitfield = (cache_dirty_rcu_ptr.bitfield&~((1<<_pid)))"
	line 414, "pan.___", state 1887, "cache_dirty_rcu_data[i].bitfield = (cache_dirty_rcu_data[i].bitfield&~((1<<_pid)))"
	line 239, "pan.___", state 1905, "(1)"
	line 247, "pan.___", state 1925, "(1)"
	line 251, "pan.___", state 1933, "(1)"
	line 401, "pan.___", state 1954, "cache_dirty_urcu_gp_ctr.bitfield = (cache_dirty_urcu_gp_ctr.bitfield&~((1<<_pid)))"
	line 401, "pan.___", state 1956, "(1)"
	line 401, "pan.___", state 1957, "((cache_dirty_urcu_gp_ctr.bitfield&(1<<_pid)))"
	line 401, "pan.___", state 1957, "else"
	line 401, "pan.___", state 1960, "(1)"
	line 405, "pan.___", state 1968, "cache_dirty_urcu_active_readers.bitfield = (cache_dirty_urcu_active_readers.bitfield&~((1<<_pid)))"
	line 405, "pan.___", state 1970, "(1)"
	line 405, "pan.___", state 1971, "((cache_dirty_urcu_active_readers.bitfield&(1<<_pid)))"
	line 405, "pan.___", state 1971, "else"
	line 405, "pan.___", state 1974, "(1)"
	line 405, "pan.___", state 1975, "(1)"
	line 405, "pan.___", state 1975, "(1)"
	line 403, "pan.___", state 1980, "((i<1))"
	line 403, "pan.___", state 1980, "((i>=1))"
	line 410, "pan.___", state 1986, "cache_dirty_rcu_ptr.bitfield = (cache_dirty_rcu_ptr.bitfield&~((1<<_pid)))"
	line 410, "pan.___", state 1988, "(1)"
	line 410, "pan.___", state 1989, "((cache_dirty_rcu_ptr.bitfield&(1<<_pid)))"
	line 410, "pan.___", state 1989, "else"
	line 410, "pan.___", state 1992, "(1)"
	line 410, "pan.___", state 1993, "(1)"
	line 410, "pan.___", state 1993, "(1)"
	line 414, "pan.___", state 2000, "cache_dirty_rcu_data[i].bitfield = (cache_dirty_rcu_data[i].bitfield&~((1<<_pid)))"
	line 414, "pan.___", state 2002, "(1)"
	line 414, "pan.___", state 2003, "((cache_dirty_rcu_data[i].bitfield&(1<<_pid)))"
	line 414, "pan.___", state 2003, "else"
	line 414, "pan.___", state 2006, "(1)"
	line 414, "pan.___", state 2007, "(1)"
	line 414, "pan.___", state 2007, "(1)"
	line 412, "pan.___", state 2012, "((i<2))"
	line 412, "pan.___", state 2012, "((i>=2))"
	line 239, "pan.___", state 2018, "(1)"
	line 243, "pan.___", state 2026, "(1)"
	line 243, "pan.___", state 2027, "(!((cache_dirty_urcu_active_readers.bitfield&(1<<_pid))))"
	line 243, "pan.___", state 2027, "else"
	line 241, "pan.___", state 2032, "((i<1))"
	line 241, "pan.___", state 2032, "((i>=1))"
	line 247, "pan.___", state 2038, "(1)"
	line 247, "pan.___", state 2039, "(!((cache_dirty_rcu_ptr.bitfield&(1<<_pid))))"
	line 247, "pan.___", state 2039, "else"
	line 251, "pan.___", state 2046, "(1)"
	line 251, "pan.___", state 2047, "(!((cache_dirty_rcu_data[i].bitfield&(1<<_pid))))"
	line 251, "pan.___", state 2047, "else"
	line 249, "pan.___", state 2052, "((i<2))"
	line 249, "pan.___", state 2052, "((i>=2))"
	line 256, "pan.___", state 2056, "(!((cache_dirty_urcu_gp_ctr.bitfield&(1<<_pid))))"
	line 256, "pan.___", state 2056, "else"
	line 421, "pan.___", state 2058, "(1)"
	line 421, "pan.___", state 2058, "(1)"
	line 727, "pan.___", state 2061, "cached_urcu_active_readers.val[_pid] = (tmp+1)"
	line 727, "pan.___", state 2062, "_proc_urcu_reader = (_proc_urcu_reader|(1<<23))"
	line 727, "pan.___", state 2063, "(1)"
	line 401, "pan.___", state 2070, "cache_dirty_urcu_gp_ctr.bitfield = (cache_dirty_urcu_gp_ctr.bitfield&~((1<<_pid)))"
	line 410, "pan.___", state 2102, "cache_dirty_rcu_ptr.bitfield = (cache_dirty_rcu_ptr.bitfield&~((1<<_pid)))"
	line 414, "pan.___", state 2116, "cache_dirty_rcu_data[i].bitfield = (cache_dirty_rcu_data[i].bitfield&~((1<<_pid)))"
	line 239, "pan.___", state 2134, "(1)"
	line 247, "pan.___", state 2154, "(1)"
	line 251, "pan.___", state 2162, "(1)"
	line 401, "pan.___", state 2187, "cache_dirty_urcu_gp_ctr.bitfield = (cache_dirty_urcu_gp_ctr.bitfield&~((1<<_pid)))"
	line 410, "pan.___", state 2219, "cache_dirty_rcu_ptr.bitfield = (cache_dirty_rcu_ptr.bitfield&~((1<<_pid)))"
	line 414, "pan.___", state 2233, "cache_dirty_rcu_data[i].bitfield = (cache_dirty_rcu_data[i].bitfield&~((1<<_pid)))"
	line 239, "pan.___", state 2251, "(1)"
	line 247, "pan.___", state 2271, "(1)"
	line 251, "pan.___", state 2279, "(1)"
	line 401, "pan.___", state 2298, "cache_dirty_urcu_gp_ctr.bitfield = (cache_dirty_urcu_gp_ctr.bitfield&~((1<<_pid)))"
	line 410, "pan.___", state 2330, "cache_dirty_rcu_ptr.bitfield = (cache_dirty_rcu_ptr.bitfield&~((1<<_pid)))"
	line 414, "pan.___", state 2344, "cache_dirty_rcu_data[i].bitfield = (cache_dirty_rcu_data[i].bitfield&~((1<<_pid)))"
	line 239, "pan.___", state 2362, "(1)"
	line 247, "pan.___", state 2382, "(1)"
	line 251, "pan.___", state 2390, "(1)"
	line 239, "pan.___", state 2421, "(1)"
	line 247, "pan.___", state 2441, "(1)"
	line 251, "pan.___", state 2449, "(1)"
	line 239, "pan.___", state 2464, "(1)"
	line 247, "pan.___", state 2484, "(1)"
	line 251, "pan.___", state 2492, "(1)"
	line 887, "pan.___", state 2509, "-end-"
	(246 of 2509 states)
unreached in proctype urcu_writer
	line 401, "pan.___", state 18, "cache_dirty_urcu_gp_ctr.bitfield = (cache_dirty_urcu_gp_ctr.bitfield&~((1<<_pid)))"
	line 405, "pan.___", state 32, "cache_dirty_urcu_active_readers.bitfield = (cache_dirty_urcu_active_readers.bitfield&~((1<<_pid)))"
	line 410, "pan.___", state 50, "cache_dirty_rcu_ptr.bitfield = (cache_dirty_rcu_ptr.bitfield&~((1<<_pid)))"
	line 239, "pan.___", state 82, "(1)"
	line 243, "pan.___", state 90, "(1)"
	line 247, "pan.___", state 102, "(1)"
	line 262, "pan.___", state 131, "cache_dirty_urcu_gp_ctr.bitfield = (cache_dirty_urcu_gp_ctr.bitfield&~((1<<_pid)))"
	line 266, "pan.___", state 140, "cache_dirty_urcu_active_readers.bitfield = (cache_dirty_urcu_active_readers.bitfield&~((1<<_pid)))"
	line 270, "pan.___", state 153, "cache_dirty_rcu_ptr.bitfield = (cache_dirty_rcu_ptr.bitfield&~((1<<_pid)))"
	line 401, "pan.___", state 193, "cache_dirty_urcu_gp_ctr.bitfield = (cache_dirty_urcu_gp_ctr.bitfield&~((1<<_pid)))"
	line 405, "pan.___", state 207, "cache_dirty_urcu_active_readers.bitfield = (cache_dirty_urcu_active_readers.bitfield&~((1<<_pid)))"
	line 410, "pan.___", state 225, "cache_dirty_rcu_ptr.bitfield = (cache_dirty_rcu_ptr.bitfield&~((1<<_pid)))"
	line 414, "pan.___", state 239, "cache_dirty_rcu_data[i].bitfield = (cache_dirty_rcu_data[i].bitfield&~((1<<_pid)))"
	line 239, "pan.___", state 257, "(1)"
	line 243, "pan.___", state 265, "(1)"
	line 247, "pan.___", state 277, "(1)"
	line 251, "pan.___", state 285, "(1)"
	line 405, "pan.___", state 320, "cache_dirty_urcu_active_readers.bitfield = (cache_dirty_urcu_active_readers.bitfield&~((1<<_pid)))"
	line 410, "pan.___", state 338, "cache_dirty_rcu_ptr.bitfield = (cache_dirty_rcu_ptr.bitfield&~((1<<_pid)))"
	line 414, "pan.___", state 352, "cache_dirty_rcu_data[i].bitfield = (cache_dirty_rcu_data[i].bitfield&~((1<<_pid)))"
	line 243, "pan.___", state 378, "(1)"
	line 247, "pan.___", state 390, "(1)"
	line 251, "pan.___", state 398, "(1)"
	line 405, "pan.___", state 440, "cache_dirty_urcu_active_readers.bitfield = (cache_dirty_urcu_active_readers.bitfield&~((1<<_pid)))"
	line 410, "pan.___", state 458, "cache_dirty_rcu_ptr.bitfield = (cache_dirty_rcu_ptr.bitfield&~((1<<_pid)))"
	line 414, "pan.___", state 472, "cache_dirty_rcu_data[i].bitfield = (cache_dirty_rcu_data[i].bitfield&~((1<<_pid)))"
	line 243, "pan.___", state 498, "(1)"
	line 247, "pan.___", state 510, "(1)"
	line 251, "pan.___", state 518, "(1)"
	line 405, "pan.___", state 551, "cache_dirty_urcu_active_readers.bitfield = (cache_dirty_urcu_active_readers.bitfield&~((1<<_pid)))"
	line 410, "pan.___", state 569, "cache_dirty_rcu_ptr.bitfield = (cache_dirty_rcu_ptr.bitfield&~((1<<_pid)))"
	line 414, "pan.___", state 583, "cache_dirty_rcu_data[i].bitfield = (cache_dirty_rcu_data[i].bitfield&~((1<<_pid)))"
	line 243, "pan.___", state 609, "(1)"
	line 247, "pan.___", state 621, "(1)"
	line 251, "pan.___", state 629, "(1)"
	line 405, "pan.___", state 664, "cache_dirty_urcu_active_readers.bitfield = (cache_dirty_urcu_active_readers.bitfield&~((1<<_pid)))"
	line 410, "pan.___", state 682, "cache_dirty_rcu_ptr.bitfield = (cache_dirty_rcu_ptr.bitfield&~((1<<_pid)))"
	line 414, "pan.___", state 696, "cache_dirty_rcu_data[i].bitfield = (cache_dirty_rcu_data[i].bitfield&~((1<<_pid)))"
	line 243, "pan.___", state 722, "(1)"
	line 247, "pan.___", state 734, "(1)"
	line 251, "pan.___", state 742, "(1)"
	line 262, "pan.___", state 790, "cache_dirty_urcu_gp_ctr.bitfield = (cache_dirty_urcu_gp_ctr.bitfield&~((1<<_pid)))"
	line 266, "pan.___", state 799, "cache_dirty_urcu_active_readers.bitfield = (cache_dirty_urcu_active_readers.bitfield&~((1<<_pid)))"
	line 270, "pan.___", state 812, "cache_dirty_rcu_ptr.bitfield = (cache_dirty_rcu_ptr.bitfield&~((1<<_pid)))"
	line 239, "pan.___", state 837, "(1)"
	line 243, "pan.___", state 845, "(1)"
	line 247, "pan.___", state 857, "(1)"
	line 251, "pan.___", state 865, "(1)"
	line 262, "pan.___", state 896, "cache_dirty_urcu_gp_ctr.bitfield = (cache_dirty_urcu_gp_ctr.bitfield&~((1<<_pid)))"
	line 266, "pan.___", state 905, "cache_dirty_urcu_active_readers.bitfield = (cache_dirty_urcu_active_readers.bitfield&~((1<<_pid)))"
	line 270, "pan.___", state 918, "cache_dirty_rcu_ptr.bitfield = (cache_dirty_rcu_ptr.bitfield&~((1<<_pid)))"
	line 274, "pan.___", state 927, "cache_dirty_rcu_data[i].bitfield = (cache_dirty_rcu_data[i].bitfield&~((1<<_pid)))"
	line 239, "pan.___", state 943, "(1)"
	line 243, "pan.___", state 951, "(1)"
	line 247, "pan.___", state 963, "(1)"
	line 251, "pan.___", state 971, "(1)"
	line 262, "pan.___", state 992, "cache_dirty_urcu_gp_ctr.bitfield = (cache_dirty_urcu_gp_ctr.bitfield&~((1<<_pid)))"
	line 266, "pan.___", state 1001, "cache_dirty_urcu_active_readers.bitfield = (cache_dirty_urcu_active_readers.bitfield&~((1<<_pid)))"
	line 270, "pan.___", state 1016, "(1)"
	line 274, "pan.___", state 1023, "cache_dirty_rcu_data[i].bitfield = (cache_dirty_rcu_data[i].bitfield&~((1<<_pid)))"
	line 239, "pan.___", state 1039, "(1)"
	line 243, "pan.___", state 1047, "(1)"
	line 247, "pan.___", state 1059, "(1)"
	line 251, "pan.___", state 1067, "(1)"
	line 262, "pan.___", state 1098, "cache_dirty_urcu_gp_ctr.bitfield = (cache_dirty_urcu_gp_ctr.bitfield&~((1<<_pid)))"
	line 266, "pan.___", state 1107, "cache_dirty_urcu_active_readers.bitfield = (cache_dirty_urcu_active_readers.bitfield&~((1<<_pid)))"
	line 270, "pan.___", state 1120, "cache_dirty_rcu_ptr.bitfield = (cache_dirty_rcu_ptr.bitfield&~((1<<_pid)))"
	line 274, "pan.___", state 1129, "cache_dirty_rcu_data[i].bitfield = (cache_dirty_rcu_data[i].bitfield&~((1<<_pid)))"
	line 239, "pan.___", state 1145, "(1)"
	line 243, "pan.___", state 1153, "(1)"
	line 247, "pan.___", state 1165, "(1)"
	line 251, "pan.___", state 1173, "(1)"
	line 266, "pan.___", state 1199, "cache_dirty_urcu_active_readers.bitfield = (cache_dirty_urcu_active_readers.bitfield&~((1<<_pid)))"
	line 270, "pan.___", state 1212, "cache_dirty_rcu_ptr.bitfield = (cache_dirty_rcu_ptr.bitfield&~((1<<_pid)))"
	line 274, "pan.___", state 1221, "cache_dirty_rcu_data[i].bitfield = (cache_dirty_rcu_data[i].bitfield&~((1<<_pid)))"
	line 239, "pan.___", state 1237, "(1)"
	line 243, "pan.___", state 1245, "(1)"
	line 247, "pan.___", state 1257, "(1)"
	line 251, "pan.___", state 1265, "(1)"
	line 262, "pan.___", state 1296, "cache_dirty_urcu_gp_ctr.bitfield = (cache_dirty_urcu_gp_ctr.bitfield&~((1<<_pid)))"
	line 266, "pan.___", state 1305, "cache_dirty_urcu_active_readers.bitfield = (cache_dirty_urcu_active_readers.bitfield&~((1<<_pid)))"
	line 270, "pan.___", state 1318, "cache_dirty_rcu_ptr.bitfield = (cache_dirty_rcu_ptr.bitfield&~((1<<_pid)))"
	line 274, "pan.___", state 1327, "cache_dirty_rcu_data[i].bitfield = (cache_dirty_rcu_data[i].bitfield&~((1<<_pid)))"
	line 239, "pan.___", state 1343, "(1)"
	line 243, "pan.___", state 1351, "(1)"
	line 247, "pan.___", state 1363, "(1)"
	line 251, "pan.___", state 1371, "(1)"
	line 266, "pan.___", state 1397, "cache_dirty_urcu_active_readers.bitfield = (cache_dirty_urcu_active_readers.bitfield&~((1<<_pid)))"
	line 270, "pan.___", state 1410, "cache_dirty_rcu_ptr.bitfield = (cache_dirty_rcu_ptr.bitfield&~((1<<_pid)))"
	line 274, "pan.___", state 1419, "cache_dirty_rcu_data[i].bitfield = (cache_dirty_rcu_data[i].bitfield&~((1<<_pid)))"
	line 239, "pan.___", state 1435, "(1)"
	line 243, "pan.___", state 1443, "(1)"
	line 247, "pan.___", state 1455, "(1)"
	line 251, "pan.___", state 1463, "(1)"
	line 262, "pan.___", state 1494, "cache_dirty_urcu_gp_ctr.bitfield = (cache_dirty_urcu_gp_ctr.bitfield&~((1<<_pid)))"
	line 266, "pan.___", state 1503, "cache_dirty_urcu_active_readers.bitfield = (cache_dirty_urcu_active_readers.bitfield&~((1<<_pid)))"
	line 270, "pan.___", state 1516, "cache_dirty_rcu_ptr.bitfield = (cache_dirty_rcu_ptr.bitfield&~((1<<_pid)))"
	line 274, "pan.___", state 1525, "cache_dirty_rcu_data[i].bitfield = (cache_dirty_rcu_data[i].bitfield&~((1<<_pid)))"
	line 239, "pan.___", state 1541, "(1)"
	line 243, "pan.___", state 1549, "(1)"
	line 247, "pan.___", state 1561, "(1)"
	line 251, "pan.___", state 1569, "(1)"
	line 266, "pan.___", state 1595, "cache_dirty_urcu_active_readers.bitfield = (cache_dirty_urcu_active_readers.bitfield&~((1<<_pid)))"
	line 270, "pan.___", state 1608, "cache_dirty_rcu_ptr.bitfield = (cache_dirty_rcu_ptr.bitfield&~((1<<_pid)))"
	line 274, "pan.___", state 1617, "cache_dirty_rcu_data[i].bitfield = (cache_dirty_rcu_data[i].bitfield&~((1<<_pid)))"
	line 239, "pan.___", state 1633, "(1)"
	line 243, "pan.___", state 1641, "(1)"
	line 247, "pan.___", state 1653, "(1)"
	line 251, "pan.___", state 1661, "(1)"
	line 262, "pan.___", state 1692, "cache_dirty_urcu_gp_ctr.bitfield = (cache_dirty_urcu_gp_ctr.bitfield&~((1<<_pid)))"
	line 266, "pan.___", state 1701, "cache_dirty_urcu_active_readers.bitfield = (cache_dirty_urcu_active_readers.bitfield&~((1<<_pid)))"
	line 270, "pan.___", state 1714, "cache_dirty_rcu_ptr.bitfield = (cache_dirty_rcu_ptr.bitfield&~((1<<_pid)))"
	line 274, "pan.___", state 1723, "cache_dirty_rcu_data[i].bitfield = (cache_dirty_rcu_data[i].bitfield&~((1<<_pid)))"
	line 239, "pan.___", state 1739, "(1)"
	line 243, "pan.___", state 1747, "(1)"
	line 247, "pan.___", state 1759, "(1)"
	line 251, "pan.___", state 1767, "(1)"
	line 1214, "pan.___", state 1783, "-end-"
	(118 of 1783 states)
unreached in proctype :init:
	(0 of 78 states)
unreached in proctype :never:
	line 1279, "pan.___", state 11, "-end-"
	(1 of 11 states)

pan: elapsed time 1.9e+03 seconds
pan: rate 22877.047 states/second
pan: avg transition delay 2.8788e-06 usec
cp .input.spin urcu_progress_reader.spin.input
cp .input.spin.trail urcu_progress_reader.spin.input.trail
make[1]: Leaving directory `/home/compudj/doc/userspace-rcu/formal-model/urcu-controldataflow'
