make[1]: Entering directory `/home/compudj/doc/userspace-rcu/formal-model/urcu-controldataflow'
rm -f pan* trail.out .input.spin* *.spin.trail .input.define
touch .input.define
cat .input.define > pan.ltl
cat DEFINES >> pan.ltl
spin -f "!(`cat urcu_progress.ltl | grep -v ^//`)" >> pan.ltl
cp urcu_progress_writer_error.define .input.define
cat .input.define > .input.spin
cat DEFINES >> .input.spin
cat urcu.spin >> .input.spin
rm -f .input.spin.trail
spin -a -X -N pan.ltl .input.spin
Exit-Status 0
gcc -O2 -w -DHASH64 -o pan pan.c
./pan -a -f -v -c1 -X -m10000000 -w20
warning: for p.o. reduction to be valid the never claim must be stutter-invariant
(never claims generated from LTL formulae are stutter-invariant)
depth 0: Claim reached state 5 (line 1246)
depth 23: Claim reached state 9 (line 1251)
depth 51: Claim reached state 9 (line 1250)
pan: acceptance cycle (at depth 1200)
pan: wrote .input.spin.trail

(Spin Version 5.1.7 -- 23 December 2008)
Warning: Search not completed
	+ Partial Order Reduction

Full statespace search for:
	never claim         	+
	assertion violations	+ (if within scope of claim)
	acceptance   cycles 	+ (fairness enabled)
	invalid end states	- (disabled by never claim)

State-vector 88 byte, depth reached 3997, errors: 1
    26291 states, stored (59381 visited)
 11000989 states, matched
 11060370 transitions (= visited+matched)
 60052117 atomic steps
hash conflicts:     84608 (resolved)

Stats on memory usage (in Megabytes):
    2.908	equivalent memory usage for states (stored*(State-vector + overhead))
    2.889	actual memory usage for states (compression: 99.33%)
         	state-vector as stored = 87 byte + 28 byte overhead
    8.000	memory used for hash table (-w20)
  457.764	memory used for DFS stack (-m10000000)
  468.596	total actual memory usage

unreached in proctype urcu_reader
	line 648, "pan.___", state 20, "(1)"
	line 251, "pan.___", state 32, "cache_dirty_urcu_gp_ctr.bitfield = (cache_dirty_urcu_gp_ctr.bitfield&~((1<<_pid)))"
	line 259, "pan.___", state 54, "cache_dirty_rcu_ptr.bitfield = (cache_dirty_rcu_ptr.bitfield&~((1<<_pid)))"
	line 263, "pan.___", state 63, "cache_dirty_rcu_data[i].bitfield = (cache_dirty_rcu_data[i].bitfield&~((1<<_pid)))"
	line 228, "pan.___", state 79, "(1)"
	line 232, "pan.___", state 87, "(1)"
	line 236, "pan.___", state 99, "(1)"
	line 240, "pan.___", state 107, "(1)"
	line 388, "pan.___", state 133, "cache_dirty_urcu_gp_ctr.bitfield = (cache_dirty_urcu_gp_ctr.bitfield&~((1<<_pid)))"
	line 397, "pan.___", state 165, "cache_dirty_rcu_ptr.bitfield = (cache_dirty_rcu_ptr.bitfield&~((1<<_pid)))"
	line 401, "pan.___", state 179, "cache_dirty_rcu_data[i].bitfield = (cache_dirty_rcu_data[i].bitfield&~((1<<_pid)))"
	line 405, "pan.___", state 198, "(1)"
	line 414, "pan.___", state 228, "(1)"
	line 418, "pan.___", state 241, "(1)"
	line 664, "pan.___", state 262, "_proc_urcu_reader = (_proc_urcu_reader|((1<<2)<<1))"
	line 388, "pan.___", state 269, "cache_dirty_urcu_gp_ctr.bitfield = (cache_dirty_urcu_gp_ctr.bitfield&~((1<<_pid)))"
	line 397, "pan.___", state 301, "cache_dirty_rcu_ptr.bitfield = (cache_dirty_rcu_ptr.bitfield&~((1<<_pid)))"
	line 401, "pan.___", state 315, "cache_dirty_rcu_data[i].bitfield = (cache_dirty_rcu_data[i].bitfield&~((1<<_pid)))"
	line 405, "pan.___", state 334, "(1)"
	line 414, "pan.___", state 364, "(1)"
	line 418, "pan.___", state 377, "(1)"
	line 388, "pan.___", state 398, "cache_dirty_urcu_gp_ctr.bitfield = (cache_dirty_urcu_gp_ctr.bitfield&~((1<<_pid)))"
	line 397, "pan.___", state 430, "cache_dirty_rcu_ptr.bitfield = (cache_dirty_rcu_ptr.bitfield&~((1<<_pid)))"
	line 401, "pan.___", state 444, "cache_dirty_rcu_data[i].bitfield = (cache_dirty_rcu_data[i].bitfield&~((1<<_pid)))"
	line 405, "pan.___", state 463, "(1)"
	line 414, "pan.___", state 493, "(1)"
	line 418, "pan.___", state 506, "(1)"
	line 388, "pan.___", state 529, "cache_dirty_urcu_gp_ctr.bitfield = (cache_dirty_urcu_gp_ctr.bitfield&~((1<<_pid)))"
	line 388, "pan.___", state 531, "(1)"
	line 388, "pan.___", state 532, "((cache_dirty_urcu_gp_ctr.bitfield&(1<<_pid)))"
	line 388, "pan.___", state 532, "else"
	line 388, "pan.___", state 535, "(1)"
	line 392, "pan.___", state 543, "cache_dirty_urcu_active_readers.bitfield = (cache_dirty_urcu_active_readers.bitfield&~((1<<_pid)))"
	line 392, "pan.___", state 545, "(1)"
	line 392, "pan.___", state 546, "((cache_dirty_urcu_active_readers.bitfield&(1<<_pid)))"
	line 392, "pan.___", state 546, "else"
	line 392, "pan.___", state 549, "(1)"
	line 392, "pan.___", state 550, "(1)"
	line 392, "pan.___", state 550, "(1)"
	line 390, "pan.___", state 555, "((i<1))"
	line 390, "pan.___", state 555, "((i>=1))"
	line 397, "pan.___", state 561, "cache_dirty_rcu_ptr.bitfield = (cache_dirty_rcu_ptr.bitfield&~((1<<_pid)))"
	line 397, "pan.___", state 563, "(1)"
	line 397, "pan.___", state 564, "((cache_dirty_rcu_ptr.bitfield&(1<<_pid)))"
	line 397, "pan.___", state 564, "else"
	line 397, "pan.___", state 567, "(1)"
	line 397, "pan.___", state 568, "(1)"
	line 397, "pan.___", state 568, "(1)"
	line 401, "pan.___", state 575, "cache_dirty_rcu_data[i].bitfield = (cache_dirty_rcu_data[i].bitfield&~((1<<_pid)))"
	line 401, "pan.___", state 577, "(1)"
	line 401, "pan.___", state 578, "((cache_dirty_rcu_data[i].bitfield&(1<<_pid)))"
	line 401, "pan.___", state 578, "else"
	line 401, "pan.___", state 581, "(1)"
	line 401, "pan.___", state 582, "(1)"
	line 401, "pan.___", state 582, "(1)"
	line 399, "pan.___", state 587, "((i<2))"
	line 399, "pan.___", state 587, "((i>=2))"
	line 405, "pan.___", state 594, "(1)"
	line 405, "pan.___", state 595, "(!((cache_dirty_urcu_gp_ctr.bitfield&(1<<_pid))))"
	line 405, "pan.___", state 595, "else"
	line 405, "pan.___", state 598, "(1)"
	line 405, "pan.___", state 599, "(1)"
	line 405, "pan.___", state 599, "(1)"
	line 409, "pan.___", state 607, "(1)"
	line 409, "pan.___", state 608, "(!((cache_dirty_urcu_active_readers.bitfield&(1<<_pid))))"
	line 409, "pan.___", state 608, "else"
	line 409, "pan.___", state 611, "(1)"
	line 409, "pan.___", state 612, "(1)"
	line 409, "pan.___", state 612, "(1)"
	line 407, "pan.___", state 617, "((i<1))"
	line 407, "pan.___", state 617, "((i>=1))"
	line 414, "pan.___", state 624, "(1)"
	line 414, "pan.___", state 625, "(!((cache_dirty_rcu_ptr.bitfield&(1<<_pid))))"
	line 414, "pan.___", state 625, "else"
	line 414, "pan.___", state 628, "(1)"
	line 414, "pan.___", state 629, "(1)"
	line 414, "pan.___", state 629, "(1)"
	line 418, "pan.___", state 637, "(1)"
	line 418, "pan.___", state 638, "(!((cache_dirty_rcu_data[i].bitfield&(1<<_pid))))"
	line 418, "pan.___", state 638, "else"
	line 418, "pan.___", state 641, "(1)"
	line 418, "pan.___", state 642, "(1)"
	line 418, "pan.___", state 642, "(1)"
	line 416, "pan.___", state 647, "((i<2))"
	line 416, "pan.___", state 647, "((i>=2))"
	line 423, "pan.___", state 651, "(1)"
	line 423, "pan.___", state 651, "(1)"
	line 664, "pan.___", state 654, "cached_urcu_active_readers.val[_pid] = (tmp+1)"
	line 664, "pan.___", state 655, "_proc_urcu_reader = (_proc_urcu_reader|(1<<5))"
	line 664, "pan.___", state 656, "(1)"
	line 388, "pan.___", state 663, "cache_dirty_urcu_gp_ctr.bitfield = (cache_dirty_urcu_gp_ctr.bitfield&~((1<<_pid)))"
	line 397, "pan.___", state 695, "cache_dirty_rcu_ptr.bitfield = (cache_dirty_rcu_ptr.bitfield&~((1<<_pid)))"
	line 401, "pan.___", state 709, "cache_dirty_rcu_data[i].bitfield = (cache_dirty_rcu_data[i].bitfield&~((1<<_pid)))"
	line 405, "pan.___", state 728, "(1)"
	line 414, "pan.___", state 758, "(1)"
	line 418, "pan.___", state 771, "(1)"
	line 388, "pan.___", state 799, "cache_dirty_urcu_gp_ctr.bitfield = (cache_dirty_urcu_gp_ctr.bitfield&~((1<<_pid)))"
	line 388, "pan.___", state 801, "(1)"
	line 388, "pan.___", state 802, "((cache_dirty_urcu_gp_ctr.bitfield&(1<<_pid)))"
	line 388, "pan.___", state 802, "else"
	line 388, "pan.___", state 805, "(1)"
	line 392, "pan.___", state 813, "cache_dirty_urcu_active_readers.bitfield = (cache_dirty_urcu_active_readers.bitfield&~((1<<_pid)))"
	line 392, "pan.___", state 815, "(1)"
	line 392, "pan.___", state 816, "((cache_dirty_urcu_active_readers.bitfield&(1<<_pid)))"
	line 392, "pan.___", state 816, "else"
	line 392, "pan.___", state 819, "(1)"
	line 392, "pan.___", state 820, "(1)"
	line 392, "pan.___", state 820, "(1)"
	line 390, "pan.___", state 825, "((i<1))"
	line 390, "pan.___", state 825, "((i>=1))"
	line 397, "pan.___", state 831, "cache_dirty_rcu_ptr.bitfield = (cache_dirty_rcu_ptr.bitfield&~((1<<_pid)))"
	line 397, "pan.___", state 833, "(1)"
	line 397, "pan.___", state 834, "((cache_dirty_rcu_ptr.bitfield&(1<<_pid)))"
	line 397, "pan.___", state 834, "else"
	line 397, "pan.___", state 837, "(1)"
	line 397, "pan.___", state 838, "(1)"
	line 397, "pan.___", state 838, "(1)"
	line 401, "pan.___", state 845, "cache_dirty_rcu_data[i].bitfield = (cache_dirty_rcu_data[i].bitfield&~((1<<_pid)))"
	line 401, "pan.___", state 847, "(1)"
	line 401, "pan.___", state 848, "((cache_dirty_rcu_data[i].bitfield&(1<<_pid)))"
	line 401, "pan.___", state 848, "else"
	line 401, "pan.___", state 851, "(1)"
	line 401, "pan.___", state 852, "(1)"
	line 401, "pan.___", state 852, "(1)"
	line 399, "pan.___", state 857, "((i<2))"
	line 399, "pan.___", state 857, "((i>=2))"
	line 405, "pan.___", state 864, "(1)"
	line 405, "pan.___", state 865, "(!((cache_dirty_urcu_gp_ctr.bitfield&(1<<_pid))))"
	line 405, "pan.___", state 865, "else"
	line 405, "pan.___", state 868, "(1)"
	line 405, "pan.___", state 869, "(1)"
	line 405, "pan.___", state 869, "(1)"
	line 409, "pan.___", state 877, "(1)"
	line 409, "pan.___", state 878, "(!((cache_dirty_urcu_active_readers.bitfield&(1<<_pid))))"
	line 409, "pan.___", state 878, "else"
	line 409, "pan.___", state 881, "(1)"
	line 409, "pan.___", state 882, "(1)"
	line 409, "pan.___", state 882, "(1)"
	line 407, "pan.___", state 887, "((i<1))"
	line 407, "pan.___", state 887, "((i>=1))"
	line 414, "pan.___", state 894, "(1)"
	line 414, "pan.___", state 895, "(!((cache_dirty_rcu_ptr.bitfield&(1<<_pid))))"
	line 414, "pan.___", state 895, "else"
	line 414, "pan.___", state 898, "(1)"
	line 414, "pan.___", state 899, "(1)"
	line 414, "pan.___", state 899, "(1)"
	line 418, "pan.___", state 907, "(1)"
	line 418, "pan.___", state 908, "(!((cache_dirty_rcu_data[i].bitfield&(1<<_pid))))"
	line 418, "pan.___", state 908, "else"
	line 418, "pan.___", state 911, "(1)"
	line 418, "pan.___", state 912, "(1)"
	line 418, "pan.___", state 912, "(1)"
	line 423, "pan.___", state 921, "(1)"
	line 423, "pan.___", state 921, "(1)"
	line 388, "pan.___", state 928, "cache_dirty_urcu_gp_ctr.bitfield = (cache_dirty_urcu_gp_ctr.bitfield&~((1<<_pid)))"
	line 388, "pan.___", state 930, "(1)"
	line 388, "pan.___", state 931, "((cache_dirty_urcu_gp_ctr.bitfield&(1<<_pid)))"
	line 388, "pan.___", state 931, "else"
	line 388, "pan.___", state 934, "(1)"
	line 392, "pan.___", state 942, "cache_dirty_urcu_active_readers.bitfield = (cache_dirty_urcu_active_readers.bitfield&~((1<<_pid)))"
	line 392, "pan.___", state 944, "(1)"
	line 392, "pan.___", state 945, "((cache_dirty_urcu_active_readers.bitfield&(1<<_pid)))"
	line 392, "pan.___", state 945, "else"
	line 392, "pan.___", state 948, "(1)"
	line 392, "pan.___", state 949, "(1)"
	line 392, "pan.___", state 949, "(1)"
	line 390, "pan.___", state 954, "((i<1))"
	line 390, "pan.___", state 954, "((i>=1))"
	line 397, "pan.___", state 960, "cache_dirty_rcu_ptr.bitfield = (cache_dirty_rcu_ptr.bitfield&~((1<<_pid)))"
	line 397, "pan.___", state 962, "(1)"
	line 397, "pan.___", state 963, "((cache_dirty_rcu_ptr.bitfield&(1<<_pid)))"
	line 397, "pan.___", state 963, "else"
	line 397, "pan.___", state 966, "(1)"
	line 397, "pan.___", state 967, "(1)"
	line 397, "pan.___", state 967, "(1)"
	line 401, "pan.___", state 974, "cache_dirty_rcu_data[i].bitfield = (cache_dirty_rcu_data[i].bitfield&~((1<<_pid)))"
	line 401, "pan.___", state 976, "(1)"
	line 401, "pan.___", state 977, "((cache_dirty_rcu_data[i].bitfield&(1<<_pid)))"
	line 401, "pan.___", state 977, "else"
	line 401, "pan.___", state 980, "(1)"
	line 401, "pan.___", state 981, "(1)"
	line 401, "pan.___", state 981, "(1)"
	line 399, "pan.___", state 986, "((i<2))"
	line 399, "pan.___", state 986, "((i>=2))"
	line 405, "pan.___", state 993, "(1)"
	line 405, "pan.___", state 994, "(!((cache_dirty_urcu_gp_ctr.bitfield&(1<<_pid))))"
	line 405, "pan.___", state 994, "else"
	line 405, "pan.___", state 997, "(1)"
	line 405, "pan.___", state 998, "(1)"
	line 405, "pan.___", state 998, "(1)"
	line 409, "pan.___", state 1006, "(1)"
	line 409, "pan.___", state 1007, "(!((cache_dirty_urcu_active_readers.bitfield&(1<<_pid))))"
	line 409, "pan.___", state 1007, "else"
	line 409, "pan.___", state 1010, "(1)"
	line 409, "pan.___", state 1011, "(1)"
	line 409, "pan.___", state 1011, "(1)"
	line 407, "pan.___", state 1016, "((i<1))"
	line 407, "pan.___", state 1016, "((i>=1))"
	line 414, "pan.___", state 1023, "(1)"
	line 414, "pan.___", state 1024, "(!((cache_dirty_rcu_ptr.bitfield&(1<<_pid))))"
	line 414, "pan.___", state 1024, "else"
	line 414, "pan.___", state 1027, "(1)"
	line 414, "pan.___", state 1028, "(1)"
	line 414, "pan.___", state 1028, "(1)"
	line 418, "pan.___", state 1036, "(1)"
	line 418, "pan.___", state 1037, "(!((cache_dirty_rcu_data[i].bitfield&(1<<_pid))))"
	line 418, "pan.___", state 1037, "else"
	line 418, "pan.___", state 1040, "(1)"
	line 418, "pan.___", state 1041, "(1)"
	line 418, "pan.___", state 1041, "(1)"
	line 416, "pan.___", state 1046, "((i<2))"
	line 416, "pan.___", state 1046, "((i>=2))"
	line 423, "pan.___", state 1050, "(1)"
	line 423, "pan.___", state 1050, "(1)"
	line 672, "pan.___", state 1054, "_proc_urcu_reader = (_proc_urcu_reader|(1<<11))"
	line 388, "pan.___", state 1059, "cache_dirty_urcu_gp_ctr.bitfield = (cache_dirty_urcu_gp_ctr.bitfield&~((1<<_pid)))"
	line 397, "pan.___", state 1091, "cache_dirty_rcu_ptr.bitfield = (cache_dirty_rcu_ptr.bitfield&~((1<<_pid)))"
	line 401, "pan.___", state 1105, "cache_dirty_rcu_data[i].bitfield = (cache_dirty_rcu_data[i].bitfield&~((1<<_pid)))"
	line 405, "pan.___", state 1124, "(1)"
	line 414, "pan.___", state 1154, "(1)"
	line 418, "pan.___", state 1167, "(1)"
	line 388, "pan.___", state 1191, "cache_dirty_urcu_gp_ctr.bitfield = (cache_dirty_urcu_gp_ctr.bitfield&~((1<<_pid)))"
	line 397, "pan.___", state 1223, "cache_dirty_rcu_ptr.bitfield = (cache_dirty_rcu_ptr.bitfield&~((1<<_pid)))"
	line 401, "pan.___", state 1237, "cache_dirty_rcu_data[i].bitfield = (cache_dirty_rcu_data[i].bitfield&~((1<<_pid)))"
	line 405, "pan.___", state 1256, "(1)"
	line 414, "pan.___", state 1286, "(1)"
	line 418, "pan.___", state 1299, "(1)"
	line 388, "pan.___", state 1324, "cache_dirty_urcu_gp_ctr.bitfield = (cache_dirty_urcu_gp_ctr.bitfield&~((1<<_pid)))"
	line 397, "pan.___", state 1356, "cache_dirty_rcu_ptr.bitfield = (cache_dirty_rcu_ptr.bitfield&~((1<<_pid)))"
	line 401, "pan.___", state 1370, "cache_dirty_rcu_data[i].bitfield = (cache_dirty_rcu_data[i].bitfield&~((1<<_pid)))"
	line 405, "pan.___", state 1389, "(1)"
	line 414, "pan.___", state 1419, "(1)"
	line 418, "pan.___", state 1432, "(1)"
	line 388, "pan.___", state 1453, "cache_dirty_urcu_gp_ctr.bitfield = (cache_dirty_urcu_gp_ctr.bitfield&~((1<<_pid)))"
	line 397, "pan.___", state 1485, "cache_dirty_rcu_ptr.bitfield = (cache_dirty_rcu_ptr.bitfield&~((1<<_pid)))"
	line 401, "pan.___", state 1499, "cache_dirty_rcu_data[i].bitfield = (cache_dirty_rcu_data[i].bitfield&~((1<<_pid)))"
	line 405, "pan.___", state 1518, "(1)"
	line 414, "pan.___", state 1548, "(1)"
	line 418, "pan.___", state 1561, "(1)"
	line 388, "pan.___", state 1587, "cache_dirty_urcu_gp_ctr.bitfield = (cache_dirty_urcu_gp_ctr.bitfield&~((1<<_pid)))"
	line 397, "pan.___", state 1619, "cache_dirty_rcu_ptr.bitfield = (cache_dirty_rcu_ptr.bitfield&~((1<<_pid)))"
	line 401, "pan.___", state 1633, "cache_dirty_rcu_data[i].bitfield = (cache_dirty_rcu_data[i].bitfield&~((1<<_pid)))"
	line 405, "pan.___", state 1652, "(1)"
	line 414, "pan.___", state 1682, "(1)"
	line 418, "pan.___", state 1695, "(1)"
	line 388, "pan.___", state 1716, "cache_dirty_urcu_gp_ctr.bitfield = (cache_dirty_urcu_gp_ctr.bitfield&~((1<<_pid)))"
	line 397, "pan.___", state 1748, "cache_dirty_rcu_ptr.bitfield = (cache_dirty_rcu_ptr.bitfield&~((1<<_pid)))"
	line 401, "pan.___", state 1762, "cache_dirty_rcu_data[i].bitfield = (cache_dirty_rcu_data[i].bitfield&~((1<<_pid)))"
	line 405, "pan.___", state 1781, "(1)"
	line 414, "pan.___", state 1811, "(1)"
	line 418, "pan.___", state 1824, "(1)"
	line 388, "pan.___", state 1848, "cache_dirty_urcu_gp_ctr.bitfield = (cache_dirty_urcu_gp_ctr.bitfield&~((1<<_pid)))"
	line 397, "pan.___", state 1880, "cache_dirty_rcu_ptr.bitfield = (cache_dirty_rcu_ptr.bitfield&~((1<<_pid)))"
	line 401, "pan.___", state 1894, "cache_dirty_rcu_data[i].bitfield = (cache_dirty_rcu_data[i].bitfield&~((1<<_pid)))"
	line 405, "pan.___", state 1913, "(1)"
	line 414, "pan.___", state 1943, "(1)"
	line 418, "pan.___", state 1956, "(1)"
	line 711, "pan.___", state 1977, "_proc_urcu_reader = (_proc_urcu_reader|((1<<2)<<19))"
	line 388, "pan.___", state 1984, "cache_dirty_urcu_gp_ctr.bitfield = (cache_dirty_urcu_gp_ctr.bitfield&~((1<<_pid)))"
	line 397, "pan.___", state 2016, "cache_dirty_rcu_ptr.bitfield = (cache_dirty_rcu_ptr.bitfield&~((1<<_pid)))"
	line 401, "pan.___", state 2030, "cache_dirty_rcu_data[i].bitfield = (cache_dirty_rcu_data[i].bitfield&~((1<<_pid)))"
	line 405, "pan.___", state 2049, "(1)"
	line 414, "pan.___", state 2079, "(1)"
	line 418, "pan.___", state 2092, "(1)"
	line 388, "pan.___", state 2113, "cache_dirty_urcu_gp_ctr.bitfield = (cache_dirty_urcu_gp_ctr.bitfield&~((1<<_pid)))"
	line 397, "pan.___", state 2145, "cache_dirty_rcu_ptr.bitfield = (cache_dirty_rcu_ptr.bitfield&~((1<<_pid)))"
	line 401, "pan.___", state 2159, "cache_dirty_rcu_data[i].bitfield = (cache_dirty_rcu_data[i].bitfield&~((1<<_pid)))"
	line 405, "pan.___", state 2178, "(1)"
	line 414, "pan.___", state 2208, "(1)"
	line 418, "pan.___", state 2221, "(1)"
	line 388, "pan.___", state 2244, "cache_dirty_urcu_gp_ctr.bitfield = (cache_dirty_urcu_gp_ctr.bitfield&~((1<<_pid)))"
	line 388, "pan.___", state 2246, "(1)"
	line 388, "pan.___", state 2247, "((cache_dirty_urcu_gp_ctr.bitfield&(1<<_pid)))"
	line 388, "pan.___", state 2247, "else"
	line 388, "pan.___", state 2250, "(1)"
	line 392, "pan.___", state 2258, "cache_dirty_urcu_active_readers.bitfield = (cache_dirty_urcu_active_readers.bitfield&~((1<<_pid)))"
	line 392, "pan.___", state 2260, "(1)"
	line 392, "pan.___", state 2261, "((cache_dirty_urcu_active_readers.bitfield&(1<<_pid)))"
	line 392, "pan.___", state 2261, "else"
	line 392, "pan.___", state 2264, "(1)"
	line 392, "pan.___", state 2265, "(1)"
	line 392, "pan.___", state 2265, "(1)"
	line 390, "pan.___", state 2270, "((i<1))"
	line 390, "pan.___", state 2270, "((i>=1))"
	line 397, "pan.___", state 2276, "cache_dirty_rcu_ptr.bitfield = (cache_dirty_rcu_ptr.bitfield&~((1<<_pid)))"
	line 397, "pan.___", state 2278, "(1)"
	line 397, "pan.___", state 2279, "((cache_dirty_rcu_ptr.bitfield&(1<<_pid)))"
	line 397, "pan.___", state 2279, "else"
	line 397, "pan.___", state 2282, "(1)"
	line 397, "pan.___", state 2283, "(1)"
	line 397, "pan.___", state 2283, "(1)"
	line 401, "pan.___", state 2290, "cache_dirty_rcu_data[i].bitfield = (cache_dirty_rcu_data[i].bitfield&~((1<<_pid)))"
	line 401, "pan.___", state 2292, "(1)"
	line 401, "pan.___", state 2293, "((cache_dirty_rcu_data[i].bitfield&(1<<_pid)))"
	line 401, "pan.___", state 2293, "else"
	line 401, "pan.___", state 2296, "(1)"
	line 401, "pan.___", state 2297, "(1)"
	line 401, "pan.___", state 2297, "(1)"
	line 399, "pan.___", state 2302, "((i<2))"
	line 399, "pan.___", state 2302, "((i>=2))"
	line 405, "pan.___", state 2309, "(1)"
	line 405, "pan.___", state 2310, "(!((cache_dirty_urcu_gp_ctr.bitfield&(1<<_pid))))"
	line 405, "pan.___", state 2310, "else"
	line 405, "pan.___", state 2313, "(1)"
	line 405, "pan.___", state 2314, "(1)"
	line 405, "pan.___", state 2314, "(1)"
	line 409, "pan.___", state 2322, "(1)"
	line 409, "pan.___", state 2323, "(!((cache_dirty_urcu_active_readers.bitfield&(1<<_pid))))"
	line 409, "pan.___", state 2323, "else"
	line 409, "pan.___", state 2326, "(1)"
	line 409, "pan.___", state 2327, "(1)"
	line 409, "pan.___", state 2327, "(1)"
	line 407, "pan.___", state 2332, "((i<1))"
	line 407, "pan.___", state 2332, "((i>=1))"
	line 414, "pan.___", state 2339, "(1)"
	line 414, "pan.___", state 2340, "(!((cache_dirty_rcu_ptr.bitfield&(1<<_pid))))"
	line 414, "pan.___", state 2340, "else"
	line 414, "pan.___", state 2343, "(1)"
	line 414, "pan.___", state 2344, "(1)"
	line 414, "pan.___", state 2344, "(1)"
	line 418, "pan.___", state 2352, "(1)"
	line 418, "pan.___", state 2353, "(!((cache_dirty_rcu_data[i].bitfield&(1<<_pid))))"
	line 418, "pan.___", state 2353, "else"
	line 418, "pan.___", state 2356, "(1)"
	line 418, "pan.___", state 2357, "(1)"
	line 418, "pan.___", state 2357, "(1)"
	line 416, "pan.___", state 2362, "((i<2))"
	line 416, "pan.___", state 2362, "((i>=2))"
	line 423, "pan.___", state 2366, "(1)"
	line 423, "pan.___", state 2366, "(1)"
	line 711, "pan.___", state 2369, "cached_urcu_active_readers.val[_pid] = (tmp+1)"
	line 711, "pan.___", state 2370, "_proc_urcu_reader = (_proc_urcu_reader|(1<<23))"
	line 711, "pan.___", state 2371, "(1)"
	line 388, "pan.___", state 2378, "cache_dirty_urcu_gp_ctr.bitfield = (cache_dirty_urcu_gp_ctr.bitfield&~((1<<_pid)))"
	line 397, "pan.___", state 2410, "cache_dirty_rcu_ptr.bitfield = (cache_dirty_rcu_ptr.bitfield&~((1<<_pid)))"
	line 401, "pan.___", state 2424, "cache_dirty_rcu_data[i].bitfield = (cache_dirty_rcu_data[i].bitfield&~((1<<_pid)))"
	line 405, "pan.___", state 2443, "(1)"
	line 414, "pan.___", state 2473, "(1)"
	line 418, "pan.___", state 2486, "(1)"
	line 388, "pan.___", state 2513, "cache_dirty_urcu_gp_ctr.bitfield = (cache_dirty_urcu_gp_ctr.bitfield&~((1<<_pid)))"
	line 397, "pan.___", state 2545, "cache_dirty_rcu_ptr.bitfield = (cache_dirty_rcu_ptr.bitfield&~((1<<_pid)))"
	line 401, "pan.___", state 2559, "cache_dirty_rcu_data[i].bitfield = (cache_dirty_rcu_data[i].bitfield&~((1<<_pid)))"
	line 405, "pan.___", state 2578, "(1)"
	line 414, "pan.___", state 2608, "(1)"
	line 418, "pan.___", state 2621, "(1)"
	line 388, "pan.___", state 2642, "cache_dirty_urcu_gp_ctr.bitfield = (cache_dirty_urcu_gp_ctr.bitfield&~((1<<_pid)))"
	line 397, "pan.___", state 2674, "cache_dirty_rcu_ptr.bitfield = (cache_dirty_rcu_ptr.bitfield&~((1<<_pid)))"
	line 401, "pan.___", state 2688, "cache_dirty_rcu_data[i].bitfield = (cache_dirty_rcu_data[i].bitfield&~((1<<_pid)))"
	line 405, "pan.___", state 2707, "(1)"
	line 414, "pan.___", state 2737, "(1)"
	line 418, "pan.___", state 2750, "(1)"
	line 228, "pan.___", state 2783, "(1)"
	line 236, "pan.___", state 2803, "(1)"
	line 240, "pan.___", state 2811, "(1)"
	line 228, "pan.___", state 2826, "(1)"
	line 236, "pan.___", state 2846, "(1)"
	line 240, "pan.___", state 2854, "(1)"
	line 871, "pan.___", state 2871, "-end-"
	(279 of 2871 states)
unreached in proctype urcu_writer
	line 388, "pan.___", state 18, "cache_dirty_urcu_gp_ctr.bitfield = (cache_dirty_urcu_gp_ctr.bitfield&~((1<<_pid)))"
	line 388, "pan.___", state 24, "(1)"
	line 392, "pan.___", state 32, "cache_dirty_urcu_active_readers.bitfield = (cache_dirty_urcu_active_readers.bitfield&~((1<<_pid)))"
	line 392, "pan.___", state 38, "(1)"
	line 392, "pan.___", state 39, "(1)"
	line 392, "pan.___", state 39, "(1)"
	line 390, "pan.___", state 44, "((i<1))"
	line 390, "pan.___", state 44, "((i>=1))"
	line 397, "pan.___", state 50, "cache_dirty_rcu_ptr.bitfield = (cache_dirty_rcu_ptr.bitfield&~((1<<_pid)))"
	line 397, "pan.___", state 56, "(1)"
	line 397, "pan.___", state 57, "(1)"
	line 397, "pan.___", state 57, "(1)"
	line 401, "pan.___", state 64, "cache_dirty_rcu_data[i].bitfield = (cache_dirty_rcu_data[i].bitfield&~((1<<_pid)))"
	line 401, "pan.___", state 70, "(1)"
	line 401, "pan.___", state 71, "(1)"
	line 401, "pan.___", state 71, "(1)"
	line 399, "pan.___", state 76, "((i<2))"
	line 399, "pan.___", state 76, "((i>=2))"
	line 405, "pan.___", state 83, "(1)"
	line 405, "pan.___", state 84, "(!((cache_dirty_urcu_gp_ctr.bitfield&(1<<_pid))))"
	line 405, "pan.___", state 84, "else"
	line 405, "pan.___", state 87, "(1)"
	line 405, "pan.___", state 88, "(1)"
	line 405, "pan.___", state 88, "(1)"
	line 409, "pan.___", state 96, "(1)"
	line 409, "pan.___", state 97, "(!((cache_dirty_urcu_active_readers.bitfield&(1<<_pid))))"
	line 409, "pan.___", state 97, "else"
	line 409, "pan.___", state 100, "(1)"
	line 409, "pan.___", state 101, "(1)"
	line 409, "pan.___", state 101, "(1)"
	line 407, "pan.___", state 106, "((i<1))"
	line 407, "pan.___", state 106, "((i>=1))"
	line 414, "pan.___", state 113, "(1)"
	line 414, "pan.___", state 114, "(!((cache_dirty_rcu_ptr.bitfield&(1<<_pid))))"
	line 414, "pan.___", state 114, "else"
	line 414, "pan.___", state 117, "(1)"
	line 414, "pan.___", state 118, "(1)"
	line 414, "pan.___", state 118, "(1)"
	line 418, "pan.___", state 126, "(1)"
	line 418, "pan.___", state 127, "(!((cache_dirty_rcu_data[i].bitfield&(1<<_pid))))"
	line 418, "pan.___", state 127, "else"
	line 418, "pan.___", state 130, "(1)"
	line 418, "pan.___", state 131, "(1)"
	line 418, "pan.___", state 131, "(1)"
	line 416, "pan.___", state 136, "((i<2))"
	line 416, "pan.___", state 136, "((i>=2))"
	line 423, "pan.___", state 140, "(1)"
	line 423, "pan.___", state 140, "(1)"
	line 251, "pan.___", state 149, "cache_dirty_urcu_gp_ctr.bitfield = (cache_dirty_urcu_gp_ctr.bitfield&~((1<<_pid)))"
	line 255, "pan.___", state 158, "cache_dirty_urcu_active_readers.bitfield = (cache_dirty_urcu_active_readers.bitfield&~((1<<_pid)))"
	line 253, "pan.___", state 166, "((i<1))"
	line 253, "pan.___", state 166, "((i>=1))"
	line 259, "pan.___", state 171, "cache_dirty_rcu_ptr.bitfield = (cache_dirty_rcu_ptr.bitfield&~((1<<_pid)))"
	line 994, "pan.___", state 199, "old_data = cached_rcu_ptr.val[_pid]"
	line 388, "pan.___", state 211, "cache_dirty_urcu_gp_ctr.bitfield = (cache_dirty_urcu_gp_ctr.bitfield&~((1<<_pid)))"
	line 392, "pan.___", state 225, "cache_dirty_urcu_active_readers.bitfield = (cache_dirty_urcu_active_readers.bitfield&~((1<<_pid)))"
	line 397, "pan.___", state 243, "cache_dirty_rcu_ptr.bitfield = (cache_dirty_rcu_ptr.bitfield&~((1<<_pid)))"
	line 401, "pan.___", state 257, "cache_dirty_rcu_data[i].bitfield = (cache_dirty_rcu_data[i].bitfield&~((1<<_pid)))"
	line 405, "pan.___", state 276, "(1)"
	line 409, "pan.___", state 289, "(1)"
	line 414, "pan.___", state 306, "(1)"
	line 418, "pan.___", state 319, "(1)"
	line 392, "pan.___", state 356, "cache_dirty_urcu_active_readers.bitfield = (cache_dirty_urcu_active_readers.bitfield&~((1<<_pid)))"
	line 397, "pan.___", state 374, "cache_dirty_rcu_ptr.bitfield = (cache_dirty_rcu_ptr.bitfield&~((1<<_pid)))"
	line 401, "pan.___", state 388, "cache_dirty_rcu_data[i].bitfield = (cache_dirty_rcu_data[i].bitfield&~((1<<_pid)))"
	line 409, "pan.___", state 420, "(1)"
	line 414, "pan.___", state 437, "(1)"
	line 418, "pan.___", state 450, "(1)"
	line 392, "pan.___", state 491, "cache_dirty_urcu_active_readers.bitfield = (cache_dirty_urcu_active_readers.bitfield&~((1<<_pid)))"
	line 397, "pan.___", state 509, "cache_dirty_rcu_ptr.bitfield = (cache_dirty_rcu_ptr.bitfield&~((1<<_pid)))"
	line 401, "pan.___", state 523, "cache_dirty_rcu_data[i].bitfield = (cache_dirty_rcu_data[i].bitfield&~((1<<_pid)))"
	line 409, "pan.___", state 555, "(1)"
	line 414, "pan.___", state 572, "(1)"
	line 418, "pan.___", state 585, "(1)"
	line 392, "pan.___", state 619, "cache_dirty_urcu_active_readers.bitfield = (cache_dirty_urcu_active_readers.bitfield&~((1<<_pid)))"
	line 397, "pan.___", state 637, "cache_dirty_rcu_ptr.bitfield = (cache_dirty_rcu_ptr.bitfield&~((1<<_pid)))"
	line 401, "pan.___", state 651, "cache_dirty_rcu_data[i].bitfield = (cache_dirty_rcu_data[i].bitfield&~((1<<_pid)))"
	line 409, "pan.___", state 683, "(1)"
	line 414, "pan.___", state 700, "(1)"
	line 418, "pan.___", state 713, "(1)"
	line 392, "pan.___", state 748, "cache_dirty_urcu_active_readers.bitfield = (cache_dirty_urcu_active_readers.bitfield&~((1<<_pid)))"
	line 397, "pan.___", state 766, "cache_dirty_rcu_ptr.bitfield = (cache_dirty_rcu_ptr.bitfield&~((1<<_pid)))"
	line 401, "pan.___", state 780, "cache_dirty_rcu_data[i].bitfield = (cache_dirty_rcu_data[i].bitfield&~((1<<_pid)))"
	line 409, "pan.___", state 812, "(1)"
	line 414, "pan.___", state 829, "(1)"
	line 418, "pan.___", state 842, "(1)"
	line 392, "pan.___", state 879, "cache_dirty_urcu_active_readers.bitfield = (cache_dirty_urcu_active_readers.bitfield&~((1<<_pid)))"
	line 397, "pan.___", state 897, "cache_dirty_rcu_ptr.bitfield = (cache_dirty_rcu_ptr.bitfield&~((1<<_pid)))"
	line 401, "pan.___", state 911, "cache_dirty_rcu_data[i].bitfield = (cache_dirty_rcu_data[i].bitfield&~((1<<_pid)))"
	line 409, "pan.___", state 943, "(1)"
	line 414, "pan.___", state 960, "(1)"
	line 418, "pan.___", state 973, "(1)"
	line 388, "pan.___", state 999, "cache_dirty_urcu_gp_ctr.bitfield = (cache_dirty_urcu_gp_ctr.bitfield&~((1<<_pid)))"
	line 388, "pan.___", state 1001, "(1)"
	line 388, "pan.___", state 1002, "((cache_dirty_urcu_gp_ctr.bitfield&(1<<_pid)))"
	line 388, "pan.___", state 1002, "else"
	line 388, "pan.___", state 1005, "(1)"
	line 392, "pan.___", state 1013, "cache_dirty_urcu_active_readers.bitfield = (cache_dirty_urcu_active_readers.bitfield&~((1<<_pid)))"
	line 392, "pan.___", state 1015, "(1)"
	line 392, "pan.___", state 1016, "((cache_dirty_urcu_active_readers.bitfield&(1<<_pid)))"
	line 392, "pan.___", state 1016, "else"
	line 392, "pan.___", state 1019, "(1)"
	line 392, "pan.___", state 1020, "(1)"
	line 392, "pan.___", state 1020, "(1)"
	line 390, "pan.___", state 1025, "((i<1))"
	line 390, "pan.___", state 1025, "((i>=1))"
	line 397, "pan.___", state 1031, "cache_dirty_rcu_ptr.bitfield = (cache_dirty_rcu_ptr.bitfield&~((1<<_pid)))"
	line 397, "pan.___", state 1033, "(1)"
	line 397, "pan.___", state 1034, "((cache_dirty_rcu_ptr.bitfield&(1<<_pid)))"
	line 397, "pan.___", state 1034, "else"
	line 397, "pan.___", state 1037, "(1)"
	line 397, "pan.___", state 1038, "(1)"
	line 397, "pan.___", state 1038, "(1)"
	line 401, "pan.___", state 1045, "cache_dirty_rcu_data[i].bitfield = (cache_dirty_rcu_data[i].bitfield&~((1<<_pid)))"
	line 401, "pan.___", state 1047, "(1)"
	line 401, "pan.___", state 1048, "((cache_dirty_rcu_data[i].bitfield&(1<<_pid)))"
	line 401, "pan.___", state 1048, "else"
	line 401, "pan.___", state 1051, "(1)"
	line 401, "pan.___", state 1052, "(1)"
	line 401, "pan.___", state 1052, "(1)"
	line 399, "pan.___", state 1057, "((i<2))"
	line 399, "pan.___", state 1057, "((i>=2))"
	line 405, "pan.___", state 1064, "(1)"
	line 405, "pan.___", state 1065, "(!((cache_dirty_urcu_gp_ctr.bitfield&(1<<_pid))))"
	line 405, "pan.___", state 1065, "else"
	line 405, "pan.___", state 1068, "(1)"
	line 405, "pan.___", state 1069, "(1)"
	line 405, "pan.___", state 1069, "(1)"
	line 409, "pan.___", state 1077, "(1)"
	line 409, "pan.___", state 1078, "(!((cache_dirty_urcu_active_readers.bitfield&(1<<_pid))))"
	line 409, "pan.___", state 1078, "else"
	line 409, "pan.___", state 1081, "(1)"
	line 409, "pan.___", state 1082, "(1)"
	line 409, "pan.___", state 1082, "(1)"
	line 407, "pan.___", state 1087, "((i<1))"
	line 407, "pan.___", state 1087, "((i>=1))"
	line 414, "pan.___", state 1094, "(1)"
	line 414, "pan.___", state 1095, "(!((cache_dirty_rcu_ptr.bitfield&(1<<_pid))))"
	line 414, "pan.___", state 1095, "else"
	line 414, "pan.___", state 1098, "(1)"
	line 414, "pan.___", state 1099, "(1)"
	line 414, "pan.___", state 1099, "(1)"
	line 418, "pan.___", state 1107, "(1)"
	line 418, "pan.___", state 1108, "(!((cache_dirty_rcu_data[i].bitfield&(1<<_pid))))"
	line 418, "pan.___", state 1108, "else"
	line 418, "pan.___", state 1111, "(1)"
	line 418, "pan.___", state 1112, "(1)"
	line 418, "pan.___", state 1112, "(1)"
	line 423, "pan.___", state 1121, "(1)"
	line 423, "pan.___", state 1121, "(1)"
	line 251, "pan.___", state 1153, "cache_dirty_urcu_gp_ctr.bitfield = (cache_dirty_urcu_gp_ctr.bitfield&~((1<<_pid)))"
	line 255, "pan.___", state 1162, "cache_dirty_urcu_active_readers.bitfield = (cache_dirty_urcu_active_readers.bitfield&~((1<<_pid)))"
	line 253, "pan.___", state 1170, "((i<1))"
	line 253, "pan.___", state 1170, "((i>=1))"
	line 259, "pan.___", state 1177, "(1)"
	line 259, "pan.___", state 1178, "((cache_dirty_rcu_ptr.bitfield&(1<<_pid)))"
	line 259, "pan.___", state 1178, "else"
	line 263, "pan.___", state 1184, "cache_dirty_rcu_data[i].bitfield = (cache_dirty_rcu_data[i].bitfield&~((1<<_pid)))"
	line 261, "pan.___", state 1192, "((i<2))"
	line 261, "pan.___", state 1192, "((i>=2))"
	line 228, "pan.___", state 1200, "(1)"
	line 232, "pan.___", state 1208, "(1)"
	line 232, "pan.___", state 1209, "(!((cache_dirty_urcu_active_readers.bitfield&(1<<_pid))))"
	line 232, "pan.___", state 1209, "else"
	line 230, "pan.___", state 1214, "((i<1))"
	line 230, "pan.___", state 1214, "((i>=1))"
	line 236, "pan.___", state 1220, "(1)"
	line 236, "pan.___", state 1221, "(!((cache_dirty_rcu_ptr.bitfield&(1<<_pid))))"
	line 236, "pan.___", state 1221, "else"
	line 240, "pan.___", state 1228, "(1)"
	line 240, "pan.___", state 1229, "(!((cache_dirty_rcu_data[i].bitfield&(1<<_pid))))"
	line 240, "pan.___", state 1229, "else"
	line 245, "pan.___", state 1238, "(!((cache_dirty_urcu_gp_ctr.bitfield&(1<<_pid))))"
	line 245, "pan.___", state 1238, "else"
	line 251, "pan.___", state 1259, "cache_dirty_urcu_gp_ctr.bitfield = (cache_dirty_urcu_gp_ctr.bitfield&~((1<<_pid)))"
	line 255, "pan.___", state 1268, "cache_dirty_urcu_active_readers.bitfield = (cache_dirty_urcu_active_readers.bitfield&~((1<<_pid)))"
	line 259, "pan.___", state 1281, "cache_dirty_rcu_ptr.bitfield = (cache_dirty_rcu_ptr.bitfield&~((1<<_pid)))"
	line 263, "pan.___", state 1290, "cache_dirty_rcu_data[i].bitfield = (cache_dirty_rcu_data[i].bitfield&~((1<<_pid)))"
	line 228, "pan.___", state 1306, "(1)"
	line 232, "pan.___", state 1314, "(1)"
	line 236, "pan.___", state 1326, "(1)"
	line 240, "pan.___", state 1334, "(1)"
	line 255, "pan.___", state 1360, "cache_dirty_urcu_active_readers.bitfield = (cache_dirty_urcu_active_readers.bitfield&~((1<<_pid)))"
	line 259, "pan.___", state 1373, "cache_dirty_rcu_ptr.bitfield = (cache_dirty_rcu_ptr.bitfield&~((1<<_pid)))"
	line 263, "pan.___", state 1382, "cache_dirty_rcu_data[i].bitfield = (cache_dirty_rcu_data[i].bitfield&~((1<<_pid)))"
	line 228, "pan.___", state 1398, "(1)"
	line 232, "pan.___", state 1406, "(1)"
	line 236, "pan.___", state 1418, "(1)"
	line 240, "pan.___", state 1426, "(1)"
	line 251, "pan.___", state 1457, "cache_dirty_urcu_gp_ctr.bitfield = (cache_dirty_urcu_gp_ctr.bitfield&~((1<<_pid)))"
	line 255, "pan.___", state 1466, "cache_dirty_urcu_active_readers.bitfield = (cache_dirty_urcu_active_readers.bitfield&~((1<<_pid)))"
	line 259, "pan.___", state 1479, "cache_dirty_rcu_ptr.bitfield = (cache_dirty_rcu_ptr.bitfield&~((1<<_pid)))"
	line 263, "pan.___", state 1488, "cache_dirty_rcu_data[i].bitfield = (cache_dirty_rcu_data[i].bitfield&~((1<<_pid)))"
	line 228, "pan.___", state 1504, "(1)"
	line 232, "pan.___", state 1512, "(1)"
	line 236, "pan.___", state 1524, "(1)"
	line 240, "pan.___", state 1532, "(1)"
	line 1192, "pan.___", state 1548, "-end-"
	(154 of 1548 states)
unreached in proctype :init:
	(0 of 78 states)
unreached in proctype :never:
	line 1253, "pan.___", state 11, "-end-"
	(1 of 11 states)

pan: elapsed time 14 seconds
pan: rate 4238.4725 states/second
pan: avg transition delay 1.2667e-06 usec
cp .input.spin urcu_progress_writer_error.spin.input
cp .input.spin.trail urcu_progress_writer_error.spin.input.trail
make[1]: Leaving directory `/home/compudj/doc/userspace-rcu/formal-model/urcu-controldataflow'
