make[1]: Entering directory `/home/compudj/doc/userspace-rcu/formal-model/urcu-controldataflow'
rm -f pan* trail.out .input.spin* *.spin.trail .input.define
touch .input.define
cat .input.define >> pan.ltl
cat DEFINES >> pan.ltl
spin -f "!(`cat urcu_free.ltl | grep -v ^//`)" >> pan.ltl
cp urcu_free_no_wmb.define .input.define
cat .input.define > .input.spin
cat DEFINES >> .input.spin
cat urcu.spin >> .input.spin
rm -f .input.spin.trail
spin -a -X -N pan.ltl .input.spin
Exit-Status 0
gcc -O2 -w -DHASH64 -o pan pan.c
./pan -a -v -c1 -X -m10000000 -w20
warning: for p.o. reduction to be valid the never claim must be stutter-invariant
(never claims generated from LTL formulae are stutter-invariant)
depth 0: Claim reached state 5 (line 1245)
Depth=    8041 States=    1e+06 Transitions= 1.63e+08 Memory=   550.432	t=    203 R=   5e+03
Depth=    9655 States=    2e+06 Transitions= 3.34e+08 Memory=   634.318	t=    424 R=   5e+03
Depth=    9655 States=    3e+06 Transitions= 5.11e+08 Memory=   718.303	t=    654 R=   5e+03
pan: resizing hashtable to -w22..  done
Depth=    9655 States=    4e+06 Transitions= 6.76e+08 Memory=   833.311	t=    861 R=   5e+03
Depth=    9655 States=    5e+06 Transitions=    9e+08 Memory=   917.295	t= 1.15e+03 R=   4e+03
Depth=    9655 States=    6e+06 Transitions= 1.34e+09 Memory=  1001.279	t= 1.71e+03 R=   3e+03
Depth=    9655 States=    7e+06 Transitions= 1.71e+09 Memory=  1085.264	t= 2.2e+03 R=   3e+03
Depth=    9655 States=    8e+06 Transitions= 2.07e+09 Memory=  1169.151	t= 2.68e+03 R=   3e+03
Depth=    9655 States=    9e+06 Transitions= 2.39e+09 Memory=  1253.135	t= 3.11e+03 R=   3e+03
pan: resizing hashtable to -w24..  done
Depth=    9655 States=    1e+07 Transitions= 2.56e+09 Memory=  1461.115	t= 3.32e+03 R=   3e+03
Depth=    9655 States=  1.1e+07 Transitions= 2.73e+09 Memory=  1545.100	t= 3.53e+03 R=   3e+03
Depth=    9655 States=  1.2e+07 Transitions= 2.93e+09 Memory=  1629.084	t= 3.78e+03 R=   3e+03
Depth=    9655 States=  1.3e+07 Transitions= 3.09e+09 Memory=  1713.068	t= 3.99e+03 R=   3e+03
Depth=    9655 States=  1.4e+07 Transitions= 3.27e+09 Memory=  1797.053	t= 4.22e+03 R=   3e+03
Depth=    9655 States=  1.5e+07 Transitions=  3.7e+09 Memory=  1881.037	t= 4.77e+03 R=   3e+03
Depth=    9655 States=  1.6e+07 Transitions= 4.11e+09 Memory=  1964.924	t= 5.32e+03 R=   3e+03
Depth=    9655 States=  1.7e+07 Transitions= 4.42e+09 Memory=  2048.908	t= 5.72e+03 R=   3e+03
Depth=    9655 States=  1.8e+07 Transitions= 4.62e+09 Memory=  2132.893	t= 5.98e+03 R=   3e+03
Depth=    9655 States=  1.9e+07 Transitions= 4.92e+09 Memory=  2216.877	t= 6.35e+03 R=   3e+03
Depth=    9655 States=    2e+07 Transitions= 5.24e+09 Memory=  2300.861	t= 6.77e+03 R=   3e+03
Depth=    9655 States=  2.1e+07 Transitions= 5.94e+09 Memory=  2384.846	t= 7.68e+03 R=   3e+03
Depth=    9655 States=  2.2e+07 Transitions= 6.65e+09 Memory=  2468.830	t= 8.63e+03 R=   3e+03
Depth=    9655 States=  2.3e+07 Transitions=  7.1e+09 Memory=  2552.717	t= 9.22e+03 R=   2e+03
Depth=    9655 States=  2.4e+07 Transitions= 7.54e+09 Memory=  2636.701	t= 9.8e+03 R=   2e+03
Depth=    9655 States=  2.5e+07 Transitions= 7.74e+09 Memory=  2720.686	t= 1.01e+04 R=   2e+03
Depth=    9655 States=  2.6e+07 Transitions= 8.03e+09 Memory=  2804.670	t= 1.04e+04 R=   2e+03
Depth=    9655 States=  2.7e+07 Transitions=  8.4e+09 Memory=  2888.654	t= 1.09e+04 R=   2e+03
Depth=    9655 States=  2.8e+07 Transitions= 9.12e+09 Memory=  2972.639	t= 1.19e+04 R=   2e+03
Depth=    9655 States=  2.9e+07 Transitions= 9.83e+09 Memory=  3056.526	t= 1.29e+04 R=   2e+03
Depth=    9655 States=    3e+07 Transitions= 1.02e+10 Memory=  3140.510	t= 1.33e+04 R=   2e+03
Depth=    9655 States=  3.1e+07 Transitions= 1.04e+10 Memory=  3224.494	t= 1.36e+04 R=   2e+03
Depth=    9655 States=  3.2e+07 Transitions= 1.08e+10 Memory=  3308.479	t= 1.42e+04 R=   2e+03
Depth=    9655 States=  3.3e+07 Transitions= 1.12e+10 Memory=  3392.463	t= 1.48e+04 R=   2e+03
Depth=    9655 States=  3.4e+07 Transitions= 1.17e+10 Memory=  3476.447	t= 1.54e+04 R=   2e+03
pan: resizing hashtable to -w26..  done
Depth=    9655 States=  3.5e+07 Transitions=  1.2e+10 Memory=  4056.416	t= 1.58e+04 R=   2e+03
Depth=    9693 States=  3.6e+07 Transitions= 1.24e+10 Memory=  4140.401	t= 1.62e+04 R=   2e+03
Depth=    9693 States=  3.7e+07 Transitions= 1.26e+10 Memory=  4224.385	t= 1.65e+04 R=   2e+03
Depth=    9693 States=  3.8e+07 Transitions= 1.29e+10 Memory=  4308.369	t= 1.69e+04 R=   2e+03
Depth=    9693 States=  3.9e+07 Transitions= 1.31e+10 Memory=  4392.354	t= 1.72e+04 R=   2e+03
Depth=    9693 States=    4e+07 Transitions= 1.34e+10 Memory=  4476.338	t= 1.75e+04 R=   2e+03
Depth=    9693 States=  4.1e+07 Transitions= 1.36e+10 Memory=  4560.225	t= 1.79e+04 R=   2e+03
Depth=    9693 States=  4.2e+07 Transitions= 1.39e+10 Memory=  4644.209	t= 1.82e+04 R=   2e+03
Depth=    9693 States=  4.3e+07 Transitions= 1.41e+10 Memory=  4728.193	t= 1.85e+04 R=   2e+03
Depth=    9693 States=  4.4e+07 Transitions= 1.44e+10 Memory=  4812.178	t= 1.88e+04 R=   2e+03
Depth=    9693 States=  4.5e+07 Transitions= 1.47e+10 Memory=  4896.162	t= 1.92e+04 R=   2e+03
Depth=    9693 States=  4.6e+07 Transitions= 1.49e+10 Memory=  4980.147	t= 1.95e+04 R=   2e+03
Depth=    9693 States=  4.7e+07 Transitions= 1.51e+10 Memory=  5064.131	t= 1.98e+04 R=   2e+03
Depth=    9693 States=  4.8e+07 Transitions= 1.54e+10 Memory=  5148.018	t= 2.02e+04 R=   2e+03
Depth=    9693 States=  4.9e+07 Transitions= 1.56e+10 Memory=  5232.002	t= 2.05e+04 R=   2e+03
Depth=    9693 States=    5e+07 Transitions= 1.59e+10 Memory=  5315.986	t= 2.07e+04 R=   2e+03
Depth=    9693 States=  5.1e+07 Transitions= 1.61e+10 Memory=  5399.971	t= 2.11e+04 R=   2e+03
Depth=    9693 States=  5.2e+07 Transitions= 1.65e+10 Memory=  5483.955	t= 2.16e+04 R=   2e+03
Depth=    9693 States=  5.3e+07 Transitions= 1.69e+10 Memory=  5567.940	t= 2.22e+04 R=   2e+03
Depth=    9693 States=  5.4e+07 Transitions= 1.73e+10 Memory=  5651.826	t= 2.26e+04 R=   2e+03
Depth=    9693 States=  5.5e+07 Transitions= 1.78e+10 Memory=  5735.811	t= 2.33e+04 R=   2e+03
Depth=    9693 States=  5.6e+07 Transitions= 1.82e+10 Memory=  5819.795	t= 2.37e+04 R=   2e+03
Depth=    9693 States=  5.7e+07 Transitions= 1.86e+10 Memory=  5903.779	t= 2.42e+04 R=   2e+03
Depth=    9693 States=  5.8e+07 Transitions= 1.87e+10 Memory=  5987.764	t= 2.44e+04 R=   2e+03
Depth=    9693 States=  5.9e+07 Transitions= 1.89e+10 Memory=  6071.748	t= 2.46e+04 R=   2e+03
Depth=    9693 States=    6e+07 Transitions= 1.91e+10 Memory=  6155.733	t= 2.49e+04 R=   2e+03
Depth=    9693 States=  6.1e+07 Transitions= 1.92e+10 Memory=  6239.619	t= 2.51e+04 R=   2e+03
Depth=    9693 States=  6.2e+07 Transitions= 1.95e+10 Memory=  6323.604	t= 2.54e+04 R=   2e+03
Depth=    9693 States=  6.3e+07 Transitions= 1.99e+10 Memory=  6407.588	t= 2.6e+04 R=   2e+03
Depth=    9693 States=  6.4e+07 Transitions= 2.03e+10 Memory=  6491.572	t= 2.64e+04 R=   2e+03
pan: claim violated! (at depth 1464)
pan: wrote .input.spin.trail

(Spin Version 5.1.7 -- 23 December 2008)
Warning: Search not completed
	+ Partial Order Reduction

Full statespace search for:
	never claim         	+
	assertion violations	+ (if within scope of claim)
	acceptance   cycles 	+ (fairness disabled)
	invalid end states	- (disabled by never claim)

State-vector 88 byte, depth reached 9693, errors: 1
 64034146 states, stored
2.0218243e+10 states, matched
2.0282277e+10 transitions (= stored+matched)
1.1654922e+11 atomic steps
hash conflicts: 1.2215901e+10 (resolved)

Stats on memory usage (in Megabytes):
 7083.856	equivalent memory usage for states (stored*(State-vector + overhead))
 5527.722	actual memory usage for states (compression: 78.03%)
         	state-vector as stored = 63 byte + 28 byte overhead
  512.000	memory used for hash table (-w26)
  457.764	memory used for DFS stack (-m10000000)
    3.082	memory lost to fragmentation
 6494.404	total actual memory usage

unreached in proctype urcu_reader
	line 250, "pan.___", state 32, "cache_dirty_urcu_gp_ctr.bitfield = (cache_dirty_urcu_gp_ctr.bitfield&~((1<<_pid)))"
	line 258, "pan.___", state 54, "cache_dirty_rcu_ptr.bitfield = (cache_dirty_rcu_ptr.bitfield&~((1<<_pid)))"
	line 262, "pan.___", state 63, "cache_dirty_rcu_data[i].bitfield = (cache_dirty_rcu_data[i].bitfield&~((1<<_pid)))"
	line 227, "pan.___", state 79, "(1)"
	line 231, "pan.___", state 87, "(1)"
	line 235, "pan.___", state 99, "(1)"
	line 239, "pan.___", state 107, "(1)"
	line 387, "pan.___", state 132, "cache_dirty_urcu_gp_ctr.bitfield = (cache_dirty_urcu_gp_ctr.bitfield&~((1<<_pid)))"
	line 396, "pan.___", state 164, "cache_dirty_rcu_ptr.bitfield = (cache_dirty_rcu_ptr.bitfield&~((1<<_pid)))"
	line 400, "pan.___", state 178, "cache_dirty_rcu_data[i].bitfield = (cache_dirty_rcu_data[i].bitfield&~((1<<_pid)))"
	line 404, "pan.___", state 197, "(1)"
	line 413, "pan.___", state 227, "(1)"
	line 417, "pan.___", state 240, "(1)"
	line 663, "pan.___", state 261, "_proc_urcu_reader = (_proc_urcu_reader|((1<<2)<<1))"
	line 387, "pan.___", state 268, "cache_dirty_urcu_gp_ctr.bitfield = (cache_dirty_urcu_gp_ctr.bitfield&~((1<<_pid)))"
	line 396, "pan.___", state 300, "cache_dirty_rcu_ptr.bitfield = (cache_dirty_rcu_ptr.bitfield&~((1<<_pid)))"
	line 400, "pan.___", state 314, "cache_dirty_rcu_data[i].bitfield = (cache_dirty_rcu_data[i].bitfield&~((1<<_pid)))"
	line 404, "pan.___", state 333, "(1)"
	line 413, "pan.___", state 363, "(1)"
	line 417, "pan.___", state 376, "(1)"
	line 387, "pan.___", state 397, "cache_dirty_urcu_gp_ctr.bitfield = (cache_dirty_urcu_gp_ctr.bitfield&~((1<<_pid)))"
	line 396, "pan.___", state 429, "cache_dirty_rcu_ptr.bitfield = (cache_dirty_rcu_ptr.bitfield&~((1<<_pid)))"
	line 400, "pan.___", state 443, "cache_dirty_rcu_data[i].bitfield = (cache_dirty_rcu_data[i].bitfield&~((1<<_pid)))"
	line 404, "pan.___", state 462, "(1)"
	line 413, "pan.___", state 492, "(1)"
	line 417, "pan.___", state 505, "(1)"
	line 387, "pan.___", state 528, "cache_dirty_urcu_gp_ctr.bitfield = (cache_dirty_urcu_gp_ctr.bitfield&~((1<<_pid)))"
	line 387, "pan.___", state 530, "(1)"
	line 387, "pan.___", state 531, "((cache_dirty_urcu_gp_ctr.bitfield&(1<<_pid)))"
	line 387, "pan.___", state 531, "else"
	line 387, "pan.___", state 534, "(1)"
	line 391, "pan.___", state 542, "cache_dirty_urcu_active_readers.bitfield = (cache_dirty_urcu_active_readers.bitfield&~((1<<_pid)))"
	line 391, "pan.___", state 544, "(1)"
	line 391, "pan.___", state 545, "((cache_dirty_urcu_active_readers.bitfield&(1<<_pid)))"
	line 391, "pan.___", state 545, "else"
	line 391, "pan.___", state 548, "(1)"
	line 391, "pan.___", state 549, "(1)"
	line 391, "pan.___", state 549, "(1)"
	line 389, "pan.___", state 554, "((i<1))"
	line 389, "pan.___", state 554, "((i>=1))"
	line 396, "pan.___", state 560, "cache_dirty_rcu_ptr.bitfield = (cache_dirty_rcu_ptr.bitfield&~((1<<_pid)))"
	line 396, "pan.___", state 562, "(1)"
	line 396, "pan.___", state 563, "((cache_dirty_rcu_ptr.bitfield&(1<<_pid)))"
	line 396, "pan.___", state 563, "else"
	line 396, "pan.___", state 566, "(1)"
	line 396, "pan.___", state 567, "(1)"
	line 396, "pan.___", state 567, "(1)"
	line 400, "pan.___", state 574, "cache_dirty_rcu_data[i].bitfield = (cache_dirty_rcu_data[i].bitfield&~((1<<_pid)))"
	line 400, "pan.___", state 576, "(1)"
	line 400, "pan.___", state 577, "((cache_dirty_rcu_data[i].bitfield&(1<<_pid)))"
	line 400, "pan.___", state 577, "else"
	line 400, "pan.___", state 580, "(1)"
	line 400, "pan.___", state 581, "(1)"
	line 400, "pan.___", state 581, "(1)"
	line 398, "pan.___", state 586, "((i<2))"
	line 398, "pan.___", state 586, "((i>=2))"
	line 404, "pan.___", state 593, "(1)"
	line 404, "pan.___", state 594, "(!((cache_dirty_urcu_gp_ctr.bitfield&(1<<_pid))))"
	line 404, "pan.___", state 594, "else"
	line 404, "pan.___", state 597, "(1)"
	line 404, "pan.___", state 598, "(1)"
	line 404, "pan.___", state 598, "(1)"
	line 408, "pan.___", state 606, "(1)"
	line 408, "pan.___", state 607, "(!((cache_dirty_urcu_active_readers.bitfield&(1<<_pid))))"
	line 408, "pan.___", state 607, "else"
	line 408, "pan.___", state 610, "(1)"
	line 408, "pan.___", state 611, "(1)"
	line 408, "pan.___", state 611, "(1)"
	line 406, "pan.___", state 616, "((i<1))"
	line 406, "pan.___", state 616, "((i>=1))"
	line 413, "pan.___", state 623, "(1)"
	line 413, "pan.___", state 624, "(!((cache_dirty_rcu_ptr.bitfield&(1<<_pid))))"
	line 413, "pan.___", state 624, "else"
	line 413, "pan.___", state 627, "(1)"
	line 413, "pan.___", state 628, "(1)"
	line 413, "pan.___", state 628, "(1)"
	line 417, "pan.___", state 636, "(1)"
	line 417, "pan.___", state 637, "(!((cache_dirty_rcu_data[i].bitfield&(1<<_pid))))"
	line 417, "pan.___", state 637, "else"
	line 417, "pan.___", state 640, "(1)"
	line 417, "pan.___", state 641, "(1)"
	line 417, "pan.___", state 641, "(1)"
	line 415, "pan.___", state 646, "((i<2))"
	line 415, "pan.___", state 646, "((i>=2))"
	line 422, "pan.___", state 650, "(1)"
	line 422, "pan.___", state 650, "(1)"
	line 663, "pan.___", state 653, "cached_urcu_active_readers.val[_pid] = (tmp+1)"
	line 663, "pan.___", state 654, "_proc_urcu_reader = (_proc_urcu_reader|(1<<5))"
	line 663, "pan.___", state 655, "(1)"
	line 387, "pan.___", state 662, "cache_dirty_urcu_gp_ctr.bitfield = (cache_dirty_urcu_gp_ctr.bitfield&~((1<<_pid)))"
	line 396, "pan.___", state 694, "cache_dirty_rcu_ptr.bitfield = (cache_dirty_rcu_ptr.bitfield&~((1<<_pid)))"
	line 400, "pan.___", state 708, "cache_dirty_rcu_data[i].bitfield = (cache_dirty_rcu_data[i].bitfield&~((1<<_pid)))"
	line 404, "pan.___", state 727, "(1)"
	line 413, "pan.___", state 757, "(1)"
	line 417, "pan.___", state 770, "(1)"
	line 387, "pan.___", state 798, "cache_dirty_urcu_gp_ctr.bitfield = (cache_dirty_urcu_gp_ctr.bitfield&~((1<<_pid)))"
	line 387, "pan.___", state 800, "(1)"
	line 387, "pan.___", state 801, "((cache_dirty_urcu_gp_ctr.bitfield&(1<<_pid)))"
	line 387, "pan.___", state 801, "else"
	line 387, "pan.___", state 804, "(1)"
	line 391, "pan.___", state 812, "cache_dirty_urcu_active_readers.bitfield = (cache_dirty_urcu_active_readers.bitfield&~((1<<_pid)))"
	line 391, "pan.___", state 814, "(1)"
	line 391, "pan.___", state 815, "((cache_dirty_urcu_active_readers.bitfield&(1<<_pid)))"
	line 391, "pan.___", state 815, "else"
	line 391, "pan.___", state 818, "(1)"
	line 391, "pan.___", state 819, "(1)"
	line 391, "pan.___", state 819, "(1)"
	line 389, "pan.___", state 824, "((i<1))"
	line 389, "pan.___", state 824, "((i>=1))"
	line 396, "pan.___", state 830, "cache_dirty_rcu_ptr.bitfield = (cache_dirty_rcu_ptr.bitfield&~((1<<_pid)))"
	line 396, "pan.___", state 832, "(1)"
	line 396, "pan.___", state 833, "((cache_dirty_rcu_ptr.bitfield&(1<<_pid)))"
	line 396, "pan.___", state 833, "else"
	line 396, "pan.___", state 836, "(1)"
	line 396, "pan.___", state 837, "(1)"
	line 396, "pan.___", state 837, "(1)"
	line 400, "pan.___", state 844, "cache_dirty_rcu_data[i].bitfield = (cache_dirty_rcu_data[i].bitfield&~((1<<_pid)))"
	line 400, "pan.___", state 846, "(1)"
	line 400, "pan.___", state 847, "((cache_dirty_rcu_data[i].bitfield&(1<<_pid)))"
	line 400, "pan.___", state 847, "else"
	line 400, "pan.___", state 850, "(1)"
	line 400, "pan.___", state 851, "(1)"
	line 400, "pan.___", state 851, "(1)"
	line 398, "pan.___", state 856, "((i<2))"
	line 398, "pan.___", state 856, "((i>=2))"
	line 404, "pan.___", state 863, "(1)"
	line 404, "pan.___", state 864, "(!((cache_dirty_urcu_gp_ctr.bitfield&(1<<_pid))))"
	line 404, "pan.___", state 864, "else"
	line 404, "pan.___", state 867, "(1)"
	line 404, "pan.___", state 868, "(1)"
	line 404, "pan.___", state 868, "(1)"
	line 408, "pan.___", state 876, "(1)"
	line 408, "pan.___", state 877, "(!((cache_dirty_urcu_active_readers.bitfield&(1<<_pid))))"
	line 408, "pan.___", state 877, "else"
	line 408, "pan.___", state 880, "(1)"
	line 408, "pan.___", state 881, "(1)"
	line 408, "pan.___", state 881, "(1)"
	line 406, "pan.___", state 886, "((i<1))"
	line 406, "pan.___", state 886, "((i>=1))"
	line 413, "pan.___", state 893, "(1)"
	line 413, "pan.___", state 894, "(!((cache_dirty_rcu_ptr.bitfield&(1<<_pid))))"
	line 413, "pan.___", state 894, "else"
	line 413, "pan.___", state 897, "(1)"
	line 413, "pan.___", state 898, "(1)"
	line 413, "pan.___", state 898, "(1)"
	line 417, "pan.___", state 906, "(1)"
	line 417, "pan.___", state 907, "(!((cache_dirty_rcu_data[i].bitfield&(1<<_pid))))"
	line 417, "pan.___", state 907, "else"
	line 417, "pan.___", state 910, "(1)"
	line 417, "pan.___", state 911, "(1)"
	line 417, "pan.___", state 911, "(1)"
	line 422, "pan.___", state 920, "(1)"
	line 422, "pan.___", state 920, "(1)"
	line 387, "pan.___", state 927, "cache_dirty_urcu_gp_ctr.bitfield = (cache_dirty_urcu_gp_ctr.bitfield&~((1<<_pid)))"
	line 387, "pan.___", state 929, "(1)"
	line 387, "pan.___", state 930, "((cache_dirty_urcu_gp_ctr.bitfield&(1<<_pid)))"
	line 387, "pan.___", state 930, "else"
	line 387, "pan.___", state 933, "(1)"
	line 391, "pan.___", state 941, "cache_dirty_urcu_active_readers.bitfield = (cache_dirty_urcu_active_readers.bitfield&~((1<<_pid)))"
	line 391, "pan.___", state 943, "(1)"
	line 391, "pan.___", state 944, "((cache_dirty_urcu_active_readers.bitfield&(1<<_pid)))"
	line 391, "pan.___", state 944, "else"
	line 391, "pan.___", state 947, "(1)"
	line 391, "pan.___", state 948, "(1)"
	line 391, "pan.___", state 948, "(1)"
	line 389, "pan.___", state 953, "((i<1))"
	line 389, "pan.___", state 953, "((i>=1))"
	line 396, "pan.___", state 959, "cache_dirty_rcu_ptr.bitfield = (cache_dirty_rcu_ptr.bitfield&~((1<<_pid)))"
	line 396, "pan.___", state 961, "(1)"
	line 396, "pan.___", state 962, "((cache_dirty_rcu_ptr.bitfield&(1<<_pid)))"
	line 396, "pan.___", state 962, "else"
	line 396, "pan.___", state 965, "(1)"
	line 396, "pan.___", state 966, "(1)"
	line 396, "pan.___", state 966, "(1)"
	line 400, "pan.___", state 973, "cache_dirty_rcu_data[i].bitfield = (cache_dirty_rcu_data[i].bitfield&~((1<<_pid)))"
	line 400, "pan.___", state 975, "(1)"
	line 400, "pan.___", state 976, "((cache_dirty_rcu_data[i].bitfield&(1<<_pid)))"
	line 400, "pan.___", state 976, "else"
	line 400, "pan.___", state 979, "(1)"
	line 400, "pan.___", state 980, "(1)"
	line 400, "pan.___", state 980, "(1)"
	line 398, "pan.___", state 985, "((i<2))"
	line 398, "pan.___", state 985, "((i>=2))"
	line 404, "pan.___", state 992, "(1)"
	line 404, "pan.___", state 993, "(!((cache_dirty_urcu_gp_ctr.bitfield&(1<<_pid))))"
	line 404, "pan.___", state 993, "else"
	line 404, "pan.___", state 996, "(1)"
	line 404, "pan.___", state 997, "(1)"
	line 404, "pan.___", state 997, "(1)"
	line 408, "pan.___", state 1005, "(1)"
	line 408, "pan.___", state 1006, "(!((cache_dirty_urcu_active_readers.bitfield&(1<<_pid))))"
	line 408, "pan.___", state 1006, "else"
	line 408, "pan.___", state 1009, "(1)"
	line 408, "pan.___", state 1010, "(1)"
	line 408, "pan.___", state 1010, "(1)"
	line 406, "pan.___", state 1015, "((i<1))"
	line 406, "pan.___", state 1015, "((i>=1))"
	line 413, "pan.___", state 1022, "(1)"
	line 413, "pan.___", state 1023, "(!((cache_dirty_rcu_ptr.bitfield&(1<<_pid))))"
	line 413, "pan.___", state 1023, "else"
	line 413, "pan.___", state 1026, "(1)"
	line 413, "pan.___", state 1027, "(1)"
	line 413, "pan.___", state 1027, "(1)"
	line 417, "pan.___", state 1035, "(1)"
	line 417, "pan.___", state 1036, "(!((cache_dirty_rcu_data[i].bitfield&(1<<_pid))))"
	line 417, "pan.___", state 1036, "else"
	line 417, "pan.___", state 1039, "(1)"
	line 417, "pan.___", state 1040, "(1)"
	line 417, "pan.___", state 1040, "(1)"
	line 415, "pan.___", state 1045, "((i<2))"
	line 415, "pan.___", state 1045, "((i>=2))"
	line 422, "pan.___", state 1049, "(1)"
	line 422, "pan.___", state 1049, "(1)"
	line 671, "pan.___", state 1053, "_proc_urcu_reader = (_proc_urcu_reader|(1<<11))"
	line 387, "pan.___", state 1058, "cache_dirty_urcu_gp_ctr.bitfield = (cache_dirty_urcu_gp_ctr.bitfield&~((1<<_pid)))"
	line 396, "pan.___", state 1090, "cache_dirty_rcu_ptr.bitfield = (cache_dirty_rcu_ptr.bitfield&~((1<<_pid)))"
	line 400, "pan.___", state 1104, "cache_dirty_rcu_data[i].bitfield = (cache_dirty_rcu_data[i].bitfield&~((1<<_pid)))"
	line 404, "pan.___", state 1123, "(1)"
	line 413, "pan.___", state 1153, "(1)"
	line 417, "pan.___", state 1166, "(1)"
	line 387, "pan.___", state 1190, "cache_dirty_urcu_gp_ctr.bitfield = (cache_dirty_urcu_gp_ctr.bitfield&~((1<<_pid)))"
	line 396, "pan.___", state 1222, "cache_dirty_rcu_ptr.bitfield = (cache_dirty_rcu_ptr.bitfield&~((1<<_pid)))"
	line 400, "pan.___", state 1236, "cache_dirty_rcu_data[i].bitfield = (cache_dirty_rcu_data[i].bitfield&~((1<<_pid)))"
	line 404, "pan.___", state 1255, "(1)"
	line 413, "pan.___", state 1285, "(1)"
	line 417, "pan.___", state 1298, "(1)"
	line 387, "pan.___", state 1323, "cache_dirty_urcu_gp_ctr.bitfield = (cache_dirty_urcu_gp_ctr.bitfield&~((1<<_pid)))"
	line 396, "pan.___", state 1355, "cache_dirty_rcu_ptr.bitfield = (cache_dirty_rcu_ptr.bitfield&~((1<<_pid)))"
	line 400, "pan.___", state 1369, "cache_dirty_rcu_data[i].bitfield = (cache_dirty_rcu_data[i].bitfield&~((1<<_pid)))"
	line 404, "pan.___", state 1388, "(1)"
	line 413, "pan.___", state 1418, "(1)"
	line 417, "pan.___", state 1431, "(1)"
	line 387, "pan.___", state 1452, "cache_dirty_urcu_gp_ctr.bitfield = (cache_dirty_urcu_gp_ctr.bitfield&~((1<<_pid)))"
	line 396, "pan.___", state 1484, "cache_dirty_rcu_ptr.bitfield = (cache_dirty_rcu_ptr.bitfield&~((1<<_pid)))"
	line 400, "pan.___", state 1498, "cache_dirty_rcu_data[i].bitfield = (cache_dirty_rcu_data[i].bitfield&~((1<<_pid)))"
	line 404, "pan.___", state 1517, "(1)"
	line 413, "pan.___", state 1547, "(1)"
	line 417, "pan.___", state 1560, "(1)"
	line 387, "pan.___", state 1586, "cache_dirty_urcu_gp_ctr.bitfield = (cache_dirty_urcu_gp_ctr.bitfield&~((1<<_pid)))"
	line 396, "pan.___", state 1618, "cache_dirty_rcu_ptr.bitfield = (cache_dirty_rcu_ptr.bitfield&~((1<<_pid)))"
	line 400, "pan.___", state 1632, "cache_dirty_rcu_data[i].bitfield = (cache_dirty_rcu_data[i].bitfield&~((1<<_pid)))"
	line 404, "pan.___", state 1651, "(1)"
	line 413, "pan.___", state 1681, "(1)"
	line 417, "pan.___", state 1694, "(1)"
	line 387, "pan.___", state 1715, "cache_dirty_urcu_gp_ctr.bitfield = (cache_dirty_urcu_gp_ctr.bitfield&~((1<<_pid)))"
	line 396, "pan.___", state 1747, "cache_dirty_rcu_ptr.bitfield = (cache_dirty_rcu_ptr.bitfield&~((1<<_pid)))"
	line 400, "pan.___", state 1761, "cache_dirty_rcu_data[i].bitfield = (cache_dirty_rcu_data[i].bitfield&~((1<<_pid)))"
	line 404, "pan.___", state 1780, "(1)"
	line 413, "pan.___", state 1810, "(1)"
	line 417, "pan.___", state 1823, "(1)"
	line 387, "pan.___", state 1847, "cache_dirty_urcu_gp_ctr.bitfield = (cache_dirty_urcu_gp_ctr.bitfield&~((1<<_pid)))"
	line 396, "pan.___", state 1879, "cache_dirty_rcu_ptr.bitfield = (cache_dirty_rcu_ptr.bitfield&~((1<<_pid)))"
	line 400, "pan.___", state 1893, "cache_dirty_rcu_data[i].bitfield = (cache_dirty_rcu_data[i].bitfield&~((1<<_pid)))"
	line 404, "pan.___", state 1912, "(1)"
	line 413, "pan.___", state 1942, "(1)"
	line 417, "pan.___", state 1955, "(1)"
	line 710, "pan.___", state 1976, "_proc_urcu_reader = (_proc_urcu_reader|((1<<2)<<19))"
	line 387, "pan.___", state 1983, "cache_dirty_urcu_gp_ctr.bitfield = (cache_dirty_urcu_gp_ctr.bitfield&~((1<<_pid)))"
	line 396, "pan.___", state 2015, "cache_dirty_rcu_ptr.bitfield = (cache_dirty_rcu_ptr.bitfield&~((1<<_pid)))"
	line 400, "pan.___", state 2029, "cache_dirty_rcu_data[i].bitfield = (cache_dirty_rcu_data[i].bitfield&~((1<<_pid)))"
	line 404, "pan.___", state 2048, "(1)"
	line 413, "pan.___", state 2078, "(1)"
	line 417, "pan.___", state 2091, "(1)"
	line 387, "pan.___", state 2112, "cache_dirty_urcu_gp_ctr.bitfield = (cache_dirty_urcu_gp_ctr.bitfield&~((1<<_pid)))"
	line 396, "pan.___", state 2144, "cache_dirty_rcu_ptr.bitfield = (cache_dirty_rcu_ptr.bitfield&~((1<<_pid)))"
	line 400, "pan.___", state 2158, "cache_dirty_rcu_data[i].bitfield = (cache_dirty_rcu_data[i].bitfield&~((1<<_pid)))"
	line 404, "pan.___", state 2177, "(1)"
	line 413, "pan.___", state 2207, "(1)"
	line 417, "pan.___", state 2220, "(1)"
	line 387, "pan.___", state 2243, "cache_dirty_urcu_gp_ctr.bitfield = (cache_dirty_urcu_gp_ctr.bitfield&~((1<<_pid)))"
	line 387, "pan.___", state 2245, "(1)"
	line 387, "pan.___", state 2246, "((cache_dirty_urcu_gp_ctr.bitfield&(1<<_pid)))"
	line 387, "pan.___", state 2246, "else"
	line 387, "pan.___", state 2249, "(1)"
	line 391, "pan.___", state 2257, "cache_dirty_urcu_active_readers.bitfield = (cache_dirty_urcu_active_readers.bitfield&~((1<<_pid)))"
	line 391, "pan.___", state 2259, "(1)"
	line 391, "pan.___", state 2260, "((cache_dirty_urcu_active_readers.bitfield&(1<<_pid)))"
	line 391, "pan.___", state 2260, "else"
	line 391, "pan.___", state 2263, "(1)"
	line 391, "pan.___", state 2264, "(1)"
	line 391, "pan.___", state 2264, "(1)"
	line 389, "pan.___", state 2269, "((i<1))"
	line 389, "pan.___", state 2269, "((i>=1))"
	line 396, "pan.___", state 2275, "cache_dirty_rcu_ptr.bitfield = (cache_dirty_rcu_ptr.bitfield&~((1<<_pid)))"
	line 396, "pan.___", state 2277, "(1)"
	line 396, "pan.___", state 2278, "((cache_dirty_rcu_ptr.bitfield&(1<<_pid)))"
	line 396, "pan.___", state 2278, "else"
	line 396, "pan.___", state 2281, "(1)"
	line 396, "pan.___", state 2282, "(1)"
	line 396, "pan.___", state 2282, "(1)"
	line 400, "pan.___", state 2289, "cache_dirty_rcu_data[i].bitfield = (cache_dirty_rcu_data[i].bitfield&~((1<<_pid)))"
	line 400, "pan.___", state 2291, "(1)"
	line 400, "pan.___", state 2292, "((cache_dirty_rcu_data[i].bitfield&(1<<_pid)))"
	line 400, "pan.___", state 2292, "else"
	line 400, "pan.___", state 2295, "(1)"
	line 400, "pan.___", state 2296, "(1)"
	line 400, "pan.___", state 2296, "(1)"
	line 398, "pan.___", state 2301, "((i<2))"
	line 398, "pan.___", state 2301, "((i>=2))"
	line 404, "pan.___", state 2308, "(1)"
	line 404, "pan.___", state 2309, "(!((cache_dirty_urcu_gp_ctr.bitfield&(1<<_pid))))"
	line 404, "pan.___", state 2309, "else"
	line 404, "pan.___", state 2312, "(1)"
	line 404, "pan.___", state 2313, "(1)"
	line 404, "pan.___", state 2313, "(1)"
	line 408, "pan.___", state 2321, "(1)"
	line 408, "pan.___", state 2322, "(!((cache_dirty_urcu_active_readers.bitfield&(1<<_pid))))"
	line 408, "pan.___", state 2322, "else"
	line 408, "pan.___", state 2325, "(1)"
	line 408, "pan.___", state 2326, "(1)"
	line 408, "pan.___", state 2326, "(1)"
	line 406, "pan.___", state 2331, "((i<1))"
	line 406, "pan.___", state 2331, "((i>=1))"
	line 413, "pan.___", state 2338, "(1)"
	line 413, "pan.___", state 2339, "(!((cache_dirty_rcu_ptr.bitfield&(1<<_pid))))"
	line 413, "pan.___", state 2339, "else"
	line 413, "pan.___", state 2342, "(1)"
	line 413, "pan.___", state 2343, "(1)"
	line 413, "pan.___", state 2343, "(1)"
	line 417, "pan.___", state 2351, "(1)"
	line 417, "pan.___", state 2352, "(!((cache_dirty_rcu_data[i].bitfield&(1<<_pid))))"
	line 417, "pan.___", state 2352, "else"
	line 417, "pan.___", state 2355, "(1)"
	line 417, "pan.___", state 2356, "(1)"
	line 417, "pan.___", state 2356, "(1)"
	line 415, "pan.___", state 2361, "((i<2))"
	line 415, "pan.___", state 2361, "((i>=2))"
	line 422, "pan.___", state 2365, "(1)"
	line 422, "pan.___", state 2365, "(1)"
	line 710, "pan.___", state 2368, "cached_urcu_active_readers.val[_pid] = (tmp+1)"
	line 710, "pan.___", state 2369, "_proc_urcu_reader = (_proc_urcu_reader|(1<<23))"
	line 710, "pan.___", state 2370, "(1)"
	line 387, "pan.___", state 2377, "cache_dirty_urcu_gp_ctr.bitfield = (cache_dirty_urcu_gp_ctr.bitfield&~((1<<_pid)))"
	line 396, "pan.___", state 2409, "cache_dirty_rcu_ptr.bitfield = (cache_dirty_rcu_ptr.bitfield&~((1<<_pid)))"
	line 400, "pan.___", state 2423, "cache_dirty_rcu_data[i].bitfield = (cache_dirty_rcu_data[i].bitfield&~((1<<_pid)))"
	line 404, "pan.___", state 2442, "(1)"
	line 413, "pan.___", state 2472, "(1)"
	line 417, "pan.___", state 2485, "(1)"
	line 387, "pan.___", state 2512, "cache_dirty_urcu_gp_ctr.bitfield = (cache_dirty_urcu_gp_ctr.bitfield&~((1<<_pid)))"
	line 396, "pan.___", state 2544, "cache_dirty_rcu_ptr.bitfield = (cache_dirty_rcu_ptr.bitfield&~((1<<_pid)))"
	line 400, "pan.___", state 2558, "cache_dirty_rcu_data[i].bitfield = (cache_dirty_rcu_data[i].bitfield&~((1<<_pid)))"
	line 404, "pan.___", state 2577, "(1)"
	line 413, "pan.___", state 2607, "(1)"
	line 417, "pan.___", state 2620, "(1)"
	line 387, "pan.___", state 2641, "cache_dirty_urcu_gp_ctr.bitfield = (cache_dirty_urcu_gp_ctr.bitfield&~((1<<_pid)))"
	line 396, "pan.___", state 2673, "cache_dirty_rcu_ptr.bitfield = (cache_dirty_rcu_ptr.bitfield&~((1<<_pid)))"
	line 400, "pan.___", state 2687, "cache_dirty_rcu_data[i].bitfield = (cache_dirty_rcu_data[i].bitfield&~((1<<_pid)))"
	line 404, "pan.___", state 2706, "(1)"
	line 413, "pan.___", state 2736, "(1)"
	line 417, "pan.___", state 2749, "(1)"
	line 227, "pan.___", state 2782, "(1)"
	line 235, "pan.___", state 2802, "(1)"
	line 239, "pan.___", state 2810, "(1)"
	line 227, "pan.___", state 2825, "(1)"
	line 235, "pan.___", state 2845, "(1)"
	line 239, "pan.___", state 2853, "(1)"
	line 870, "pan.___", state 2870, "-end-"
	(278 of 2870 states)
unreached in proctype urcu_writer
	line 387, "pan.___", state 19, "cache_dirty_urcu_gp_ctr.bitfield = (cache_dirty_urcu_gp_ctr.bitfield&~((1<<_pid)))"
	line 391, "pan.___", state 33, "cache_dirty_urcu_active_readers.bitfield = (cache_dirty_urcu_active_readers.bitfield&~((1<<_pid)))"
	line 404, "pan.___", state 84, "(1)"
	line 408, "pan.___", state 97, "(1)"
	line 250, "pan.___", state 150, "cache_dirty_urcu_gp_ctr.bitfield = (cache_dirty_urcu_gp_ctr.bitfield&~((1<<_pid)))"
	line 250, "pan.___", state 152, "(1)"
	line 254, "pan.___", state 159, "cache_dirty_urcu_active_readers.bitfield = (cache_dirty_urcu_active_readers.bitfield&~((1<<_pid)))"
	line 254, "pan.___", state 161, "(1)"
	line 254, "pan.___", state 162, "((cache_dirty_urcu_active_readers.bitfield&(1<<_pid)))"
	line 254, "pan.___", state 162, "else"
	line 252, "pan.___", state 167, "((i<1))"
	line 252, "pan.___", state 167, "((i>=1))"
	line 258, "pan.___", state 172, "cache_dirty_rcu_ptr.bitfield = (cache_dirty_rcu_ptr.bitfield&~((1<<_pid)))"
	line 258, "pan.___", state 174, "(1)"
	line 258, "pan.___", state 175, "((cache_dirty_rcu_ptr.bitfield&(1<<_pid)))"
	line 258, "pan.___", state 175, "else"
	line 262, "pan.___", state 181, "cache_dirty_rcu_data[i].bitfield = (cache_dirty_rcu_data[i].bitfield&~((1<<_pid)))"
	line 262, "pan.___", state 183, "(1)"
	line 262, "pan.___", state 184, "((cache_dirty_rcu_data[i].bitfield&(1<<_pid)))"
	line 262, "pan.___", state 184, "else"
	line 267, "pan.___", state 193, "((cache_dirty_urcu_gp_ctr.bitfield&(1<<_pid)))"
	line 267, "pan.___", state 193, "else"
	line 387, "pan.___", state 212, "cache_dirty_urcu_gp_ctr.bitfield = (cache_dirty_urcu_gp_ctr.bitfield&~((1<<_pid)))"
	line 391, "pan.___", state 226, "cache_dirty_urcu_active_readers.bitfield = (cache_dirty_urcu_active_readers.bitfield&~((1<<_pid)))"
	line 396, "pan.___", state 244, "cache_dirty_rcu_ptr.bitfield = (cache_dirty_rcu_ptr.bitfield&~((1<<_pid)))"
	line 400, "pan.___", state 258, "cache_dirty_rcu_data[i].bitfield = (cache_dirty_rcu_data[i].bitfield&~((1<<_pid)))"
	line 404, "pan.___", state 277, "(1)"
	line 408, "pan.___", state 290, "(1)"
	line 413, "pan.___", state 307, "(1)"
	line 417, "pan.___", state 320, "(1)"
	line 391, "pan.___", state 357, "cache_dirty_urcu_active_readers.bitfield = (cache_dirty_urcu_active_readers.bitfield&~((1<<_pid)))"
	line 396, "pan.___", state 375, "cache_dirty_rcu_ptr.bitfield = (cache_dirty_rcu_ptr.bitfield&~((1<<_pid)))"
	line 400, "pan.___", state 389, "cache_dirty_rcu_data[i].bitfield = (cache_dirty_rcu_data[i].bitfield&~((1<<_pid)))"
	line 408, "pan.___", state 421, "(1)"
	line 413, "pan.___", state 438, "(1)"
	line 417, "pan.___", state 451, "(1)"
	line 391, "pan.___", state 495, "cache_dirty_urcu_active_readers.bitfield = (cache_dirty_urcu_active_readers.bitfield&~((1<<_pid)))"
	line 396, "pan.___", state 513, "cache_dirty_rcu_ptr.bitfield = (cache_dirty_rcu_ptr.bitfield&~((1<<_pid)))"
	line 400, "pan.___", state 527, "cache_dirty_rcu_data[i].bitfield = (cache_dirty_rcu_data[i].bitfield&~((1<<_pid)))"
	line 408, "pan.___", state 559, "(1)"
	line 413, "pan.___", state 576, "(1)"
	line 417, "pan.___", state 589, "(1)"
	line 391, "pan.___", state 624, "cache_dirty_urcu_active_readers.bitfield = (cache_dirty_urcu_active_readers.bitfield&~((1<<_pid)))"
	line 396, "pan.___", state 642, "cache_dirty_rcu_ptr.bitfield = (cache_dirty_rcu_ptr.bitfield&~((1<<_pid)))"
	line 400, "pan.___", state 656, "cache_dirty_rcu_data[i].bitfield = (cache_dirty_rcu_data[i].bitfield&~((1<<_pid)))"
	line 408, "pan.___", state 688, "(1)"
	line 413, "pan.___", state 705, "(1)"
	line 417, "pan.___", state 718, "(1)"
	line 391, "pan.___", state 755, "cache_dirty_urcu_active_readers.bitfield = (cache_dirty_urcu_active_readers.bitfield&~((1<<_pid)))"
	line 396, "pan.___", state 773, "cache_dirty_rcu_ptr.bitfield = (cache_dirty_rcu_ptr.bitfield&~((1<<_pid)))"
	line 400, "pan.___", state 787, "cache_dirty_rcu_data[i].bitfield = (cache_dirty_rcu_data[i].bitfield&~((1<<_pid)))"
	line 408, "pan.___", state 819, "(1)"
	line 413, "pan.___", state 836, "(1)"
	line 417, "pan.___", state 849, "(1)"
	line 250, "pan.___", state 904, "cache_dirty_urcu_gp_ctr.bitfield = (cache_dirty_urcu_gp_ctr.bitfield&~((1<<_pid)))"
	line 254, "pan.___", state 913, "cache_dirty_urcu_active_readers.bitfield = (cache_dirty_urcu_active_readers.bitfield&~((1<<_pid)))"
	line 227, "pan.___", state 951, "(1)"
	line 231, "pan.___", state 959, "(1)"
	line 235, "pan.___", state 971, "(1)"
	line 239, "pan.___", state 979, "(1)"
	line 250, "pan.___", state 1010, "cache_dirty_urcu_gp_ctr.bitfield = (cache_dirty_urcu_gp_ctr.bitfield&~((1<<_pid)))"
	line 254, "pan.___", state 1019, "cache_dirty_urcu_active_readers.bitfield = (cache_dirty_urcu_active_readers.bitfield&~((1<<_pid)))"
	line 258, "pan.___", state 1032, "cache_dirty_rcu_ptr.bitfield = (cache_dirty_rcu_ptr.bitfield&~((1<<_pid)))"
	line 262, "pan.___", state 1041, "cache_dirty_rcu_data[i].bitfield = (cache_dirty_rcu_data[i].bitfield&~((1<<_pid)))"
	line 227, "pan.___", state 1057, "(1)"
	line 231, "pan.___", state 1065, "(1)"
	line 235, "pan.___", state 1077, "(1)"
	line 239, "pan.___", state 1085, "(1)"
	line 254, "pan.___", state 1111, "cache_dirty_urcu_active_readers.bitfield = (cache_dirty_urcu_active_readers.bitfield&~((1<<_pid)))"
	line 258, "pan.___", state 1124, "cache_dirty_rcu_ptr.bitfield = (cache_dirty_rcu_ptr.bitfield&~((1<<_pid)))"
	line 262, "pan.___", state 1133, "cache_dirty_rcu_data[i].bitfield = (cache_dirty_rcu_data[i].bitfield&~((1<<_pid)))"
	line 227, "pan.___", state 1149, "(1)"
	line 231, "pan.___", state 1157, "(1)"
	line 235, "pan.___", state 1169, "(1)"
	line 239, "pan.___", state 1177, "(1)"
	line 250, "pan.___", state 1208, "cache_dirty_urcu_gp_ctr.bitfield = (cache_dirty_urcu_gp_ctr.bitfield&~((1<<_pid)))"
	line 254, "pan.___", state 1217, "cache_dirty_urcu_active_readers.bitfield = (cache_dirty_urcu_active_readers.bitfield&~((1<<_pid)))"
	line 258, "pan.___", state 1230, "cache_dirty_rcu_ptr.bitfield = (cache_dirty_rcu_ptr.bitfield&~((1<<_pid)))"
	line 262, "pan.___", state 1239, "cache_dirty_rcu_data[i].bitfield = (cache_dirty_rcu_data[i].bitfield&~((1<<_pid)))"
	line 227, "pan.___", state 1255, "(1)"
	line 231, "pan.___", state 1263, "(1)"
	line 235, "pan.___", state 1275, "(1)"
	line 239, "pan.___", state 1283, "(1)"
	line 254, "pan.___", state 1309, "cache_dirty_urcu_active_readers.bitfield = (cache_dirty_urcu_active_readers.bitfield&~((1<<_pid)))"
	line 258, "pan.___", state 1322, "cache_dirty_rcu_ptr.bitfield = (cache_dirty_rcu_ptr.bitfield&~((1<<_pid)))"
	line 262, "pan.___", state 1331, "cache_dirty_rcu_data[i].bitfield = (cache_dirty_rcu_data[i].bitfield&~((1<<_pid)))"
	line 227, "pan.___", state 1347, "(1)"
	line 231, "pan.___", state 1355, "(1)"
	line 235, "pan.___", state 1367, "(1)"
	line 239, "pan.___", state 1375, "(1)"
	line 250, "pan.___", state 1406, "cache_dirty_urcu_gp_ctr.bitfield = (cache_dirty_urcu_gp_ctr.bitfield&~((1<<_pid)))"
	line 254, "pan.___", state 1415, "cache_dirty_urcu_active_readers.bitfield = (cache_dirty_urcu_active_readers.bitfield&~((1<<_pid)))"
	line 258, "pan.___", state 1428, "cache_dirty_rcu_ptr.bitfield = (cache_dirty_rcu_ptr.bitfield&~((1<<_pid)))"
	line 262, "pan.___", state 1437, "cache_dirty_rcu_data[i].bitfield = (cache_dirty_rcu_data[i].bitfield&~((1<<_pid)))"
	line 227, "pan.___", state 1453, "(1)"
	line 231, "pan.___", state 1461, "(1)"
	line 235, "pan.___", state 1473, "(1)"
	line 239, "pan.___", state 1481, "(1)"
	line 254, "pan.___", state 1507, "cache_dirty_urcu_active_readers.bitfield = (cache_dirty_urcu_active_readers.bitfield&~((1<<_pid)))"
	line 258, "pan.___", state 1520, "cache_dirty_rcu_ptr.bitfield = (cache_dirty_rcu_ptr.bitfield&~((1<<_pid)))"
	line 262, "pan.___", state 1529, "cache_dirty_rcu_data[i].bitfield = (cache_dirty_rcu_data[i].bitfield&~((1<<_pid)))"
	line 227, "pan.___", state 1545, "(1)"
	line 231, "pan.___", state 1553, "(1)"
	line 235, "pan.___", state 1565, "(1)"
	line 239, "pan.___", state 1573, "(1)"
	line 250, "pan.___", state 1604, "cache_dirty_urcu_gp_ctr.bitfield = (cache_dirty_urcu_gp_ctr.bitfield&~((1<<_pid)))"
	line 254, "pan.___", state 1613, "cache_dirty_urcu_active_readers.bitfield = (cache_dirty_urcu_active_readers.bitfield&~((1<<_pid)))"
	line 258, "pan.___", state 1626, "cache_dirty_rcu_ptr.bitfield = (cache_dirty_rcu_ptr.bitfield&~((1<<_pid)))"
	line 262, "pan.___", state 1635, "cache_dirty_rcu_data[i].bitfield = (cache_dirty_rcu_data[i].bitfield&~((1<<_pid)))"
	line 227, "pan.___", state 1651, "(1)"
	line 231, "pan.___", state 1659, "(1)"
	line 235, "pan.___", state 1671, "(1)"
	line 239, "pan.___", state 1679, "(1)"
	line 1191, "pan.___", state 1695, "-end-"
	(109 of 1695 states)
unreached in proctype :init:
	line 1202, "pan.___", state 9, "((j<2))"
	line 1202, "pan.___", state 9, "((j>=2))"
	line 1203, "pan.___", state 20, "((j<2))"
	line 1203, "pan.___", state 20, "((j>=2))"
	line 1208, "pan.___", state 33, "((j<2))"
	line 1208, "pan.___", state 33, "((j>=2))"
	line 1206, "pan.___", state 43, "((i<1))"
	line 1206, "pan.___", state 43, "((i>=1))"
	line 1216, "pan.___", state 54, "((j<2))"
	line 1216, "pan.___", state 54, "((j>=2))"
	line 1220, "pan.___", state 67, "((j<2))"
	line 1220, "pan.___", state 67, "((j>=2))"
	(6 of 78 states)
unreached in proctype :never:
	line 1250, "pan.___", state 8, "-end-"
	(1 of 8 states)

pan: elapsed time 2.64e+04 seconds
pan: rate 2423.5502 states/second
pan: avg transition delay 1.3027e-06 usec
cp .input.spin urcu_free_no_wmb.spin.input
cp .input.spin.trail urcu_free_no_wmb.spin.input.trail
make[1]: Leaving directory `/home/compudj/doc/userspace-rcu/formal-model/urcu-controldataflow'
