make[1]: Entering directory `/home/compudj/doc/userspace-rcu/formal-model/urcu-controldataflow'
rm -f pan* trail.out .input.spin* *.spin.trail .input.define
touch .input.define
cat .input.define >> pan.ltl
cat DEFINES >> pan.ltl
spin -f "!(`cat urcu_free.ltl | grep -v ^//`)" >> pan.ltl
cat .input.define > .input.spin
cat DEFINES >> .input.spin
cat urcu.spin >> .input.spin
rm -f .input.spin.trail
spin -a -X -N pan.ltl .input.spin
Exit-Status 0
gcc -O2 -w -DHASH64 -o pan pan.c
./pan -a -v -c1 -X -m10000000 -w20
warning: for p.o. reduction to be valid the never claim must be stutter-invariant
(never claims generated from LTL formulae are stutter-invariant)
depth 0: Claim reached state 5 (line 1244)
Depth=    8092 States=    1e+06 Transitions= 1.63e+08 Memory=   550.432	t=    202 R=   5e+03
Depth=    9706 States=    2e+06 Transitions= 3.34e+08 Memory=   634.318	t=    421 R=   5e+03
Depth=    9706 States=    3e+06 Transitions= 5.11e+08 Memory=   718.303	t=    649 R=   5e+03
pan: resizing hashtable to -w22..  done
Depth=    9706 States=    4e+06 Transitions= 6.76e+08 Memory=   833.311	t=    855 R=   5e+03
Depth=    9706 States=    5e+06 Transitions=    9e+08 Memory=   917.295	t= 1.14e+03 R=   4e+03
Depth=    9706 States=    6e+06 Transitions= 1.34e+09 Memory=  1001.279	t= 1.7e+03 R=   4e+03
Depth=    9706 States=    7e+06 Transitions= 1.71e+09 Memory=  1085.264	t= 2.18e+03 R=   3e+03
Depth=    9706 States=    8e+06 Transitions= 2.07e+09 Memory=  1169.151	t= 2.65e+03 R=   3e+03
Depth=    9706 States=    9e+06 Transitions= 2.39e+09 Memory=  1253.135	t= 3.08e+03 R=   3e+03
pan: resizing hashtable to -w24..  done
Depth=    9706 States=    1e+07 Transitions= 2.59e+09 Memory=  1461.115	t= 3.33e+03 R=   3e+03
Depth=    9706 States=  1.1e+07 Transitions= 2.89e+09 Memory=  1545.100	t= 3.7e+03 R=   3e+03
Depth=    9706 States=  1.2e+07 Transitions= 3.23e+09 Memory=  1629.084	t= 4.14e+03 R=   3e+03
Depth=    9706 States=  1.3e+07 Transitions= 3.94e+09 Memory=  1713.068	t= 5.07e+03 R=   3e+03
Depth=    9706 States=  1.4e+07 Transitions= 4.65e+09 Memory=  1797.053	t= 5.99e+03 R=   2e+03
Depth=    9706 States=  1.5e+07 Transitions= 5.08e+09 Memory=  1881.037	t= 6.56e+03 R=   2e+03
Depth=    9706 States=  1.6e+07 Transitions=  5.5e+09 Memory=  1964.924	t= 7.11e+03 R=   2e+03
Depth=    9706 States=  1.7e+07 Transitions=  5.7e+09 Memory=  2048.908	t= 7.35e+03 R=   2e+03
Depth=    9706 States=  1.8e+07 Transitions= 6.12e+09 Memory=  2132.893	t= 7.9e+03 R=   2e+03
Depth=    9706 States=  1.9e+07 Transitions= 6.54e+09 Memory=  2216.877	t= 8.45e+03 R=   2e+03
Depth=    9706 States=    2e+07 Transitions= 6.89e+09 Memory=  2300.861	t= 8.91e+03 R=   2e+03
Depth=    9744 States=  2.1e+07 Transitions= 7.11e+09 Memory=  2384.846	t= 9.18e+03 R=   2e+03
Depth=    9744 States=  2.2e+07 Transitions= 7.39e+09 Memory=  2468.830	t= 9.54e+03 R=   2e+03
Depth=    9744 States=  2.3e+07 Transitions= 7.59e+09 Memory=  2552.717	t= 9.81e+03 R=   2e+03
Depth=    9744 States=  2.4e+07 Transitions= 7.86e+09 Memory=  2636.701	t= 1.02e+04 R=   2e+03
Depth=    9744 States=  2.5e+07 Transitions= 8.07e+09 Memory=  2720.686	t= 1.04e+04 R=   2e+03
Depth=    9744 States=  2.6e+07 Transitions= 8.31e+09 Memory=  2804.670	t= 1.07e+04 R=   2e+03
Depth=    9744 States=  2.7e+07 Transitions= 8.55e+09 Memory=  2888.654	t= 1.11e+04 R=   2e+03
Depth=    9744 States=  2.8e+07 Transitions= 8.79e+09 Memory=  2972.639	t= 1.14e+04 R=   2e+03
Depth=    9744 States=  2.9e+07 Transitions= 9.03e+09 Memory=  3056.526	t= 1.17e+04 R=   2e+03
Depth=    9744 States=    3e+07 Transitions= 9.24e+09 Memory=  3140.510	t= 1.2e+04 R=   3e+03
Depth=    9744 States=  3.1e+07 Transitions= 9.55e+09 Memory=  3224.494	t= 1.24e+04 R=   3e+03
Depth=    9744 States=  3.2e+07 Transitions=    1e+10 Memory=  3308.479	t= 1.3e+04 R=   2e+03
Depth=    9744 States=  3.3e+07 Transitions= 1.04e+10 Memory=  3392.463	t= 1.35e+04 R=   2e+03
Depth=    9744 States=  3.4e+07 Transitions= 1.08e+10 Memory=  3476.447	t= 1.4e+04 R=   2e+03
pan: resizing hashtable to -w26..  done
Depth=    9744 States=  3.5e+07 Transitions= 1.11e+10 Memory=  4056.416	t= 1.45e+04 R=   2e+03
Depth=    9744 States=  3.6e+07 Transitions= 1.14e+10 Memory=  4140.401	t= 1.47e+04 R=   2e+03
Depth=    9744 States=  3.7e+07 Transitions= 1.16e+10 Memory=  4224.385	t= 1.51e+04 R=   2e+03
Depth=    9744 States=  3.8e+07 Transitions= 1.19e+10 Memory=  4308.369	t= 1.54e+04 R=   2e+03
Depth=    9744 States=  3.9e+07 Transitions= 1.25e+10 Memory=  4392.354	t= 1.62e+04 R=   2e+03
Depth=    9744 States=    4e+07 Transitions= 1.33e+10 Memory=  4476.338	t= 1.72e+04 R=   2e+03
Depth=    9744 States=  4.1e+07 Transitions= 1.38e+10 Memory=  4560.225	t= 1.79e+04 R=   2e+03
Depth=    9744 States=  4.2e+07 Transitions= 1.43e+10 Memory=  4644.209	t= 1.86e+04 R=   2e+03
Depth=    9744 States=  4.3e+07 Transitions= 1.45e+10 Memory=  4728.193	t= 1.88e+04 R=   2e+03
Depth=    9744 States=  4.4e+07 Transitions= 1.48e+10 Memory=  4812.178	t= 1.92e+04 R=   2e+03
Depth=    9744 States=  4.5e+07 Transitions= 1.52e+10 Memory=  4896.162	t= 1.97e+04 R=   2e+03
Depth=    9744 States=  4.6e+07 Transitions= 1.55e+10 Memory=  4980.147	t= 2.02e+04 R=   2e+03
Depth=    9744 States=  4.7e+07 Transitions= 1.58e+10 Memory=  5064.131	t= 2.05e+04 R=   2e+03
Depth=    9744 States=  4.8e+07 Transitions= 1.61e+10 Memory=  5148.018	t= 2.08e+04 R=   2e+03
Depth=    9744 States=  4.9e+07 Transitions= 1.63e+10 Memory=  5232.002	t= 2.11e+04 R=   2e+03
Depth=    9744 States=    5e+07 Transitions= 1.66e+10 Memory=  5315.986	t= 2.15e+04 R=   2e+03
Depth=    9744 States=  5.1e+07 Transitions= 1.68e+10 Memory=  5399.971	t= 2.17e+04 R=   2e+03
Depth=    9744 States=  5.2e+07 Transitions=  1.7e+10 Memory=  5483.955	t= 2.2e+04 R=   2e+03
Depth=    9744 States=  5.3e+07 Transitions= 1.72e+10 Memory=  5567.940	t= 2.23e+04 R=   2e+03
Depth=    9744 States=  5.4e+07 Transitions= 1.75e+10 Memory=  5651.826	t= 2.26e+04 R=   2e+03
Depth=    9744 States=  5.5e+07 Transitions= 1.77e+10 Memory=  5735.811	t= 2.29e+04 R=   2e+03
Depth=    9744 States=  5.6e+07 Transitions= 1.79e+10 Memory=  5819.795	t= 2.32e+04 R=   2e+03
Depth=    9744 States=  5.7e+07 Transitions= 1.83e+10 Memory=  5903.779	t= 2.36e+04 R=   2e+03
Depth=    9744 States=  5.8e+07 Transitions= 1.87e+10 Memory=  5987.764	t= 2.42e+04 R=   2e+03
Depth=    9744 States=  5.9e+07 Transitions= 1.91e+10 Memory=  6071.748	t= 2.46e+04 R=   2e+03
Depth=    9744 States=    6e+07 Transitions= 1.94e+10 Memory=  6155.733	t= 2.51e+04 R=   2e+03
Depth=    9744 States=  6.1e+07 Transitions= 1.98e+10 Memory=  6239.619	t= 2.56e+04 R=   2e+03
Depth=    9744 States=  6.2e+07 Transitions= 2.02e+10 Memory=  6323.604	t= 2.61e+04 R=   2e+03

(Spin Version 5.1.7 -- 23 December 2008)
	+ Partial Order Reduction

Full statespace search for:
	never claim         	+
	assertion violations	+ (if within scope of claim)
	acceptance   cycles 	+ (fairness disabled)
	invalid end states	- (disabled by never claim)

State-vector 88 byte, depth reached 9744, errors: 0
 62203844 states, stored
2.0186786e+10 states, matched
2.024899e+10 transitions (= stored+matched)
1.1642436e+11 atomic steps
hash conflicts: 1.1759978e+10 (resolved)

Stats on memory usage (in Megabytes):
 6881.376	equivalent memory usage for states (stored*(State-vector + overhead))
 5374.024	actual memory usage for states (compression: 78.10%)
         	state-vector as stored = 63 byte + 28 byte overhead
  512.000	memory used for hash table (-w26)
  457.764	memory used for DFS stack (-m10000000)
    2.996	memory lost to fragmentation
 6340.791	total actual memory usage

unreached in proctype urcu_reader
	line 249, "pan.___", state 32, "cache_dirty_urcu_gp_ctr.bitfield = (cache_dirty_urcu_gp_ctr.bitfield&~((1<<_pid)))"
	line 257, "pan.___", state 54, "cache_dirty_rcu_ptr.bitfield = (cache_dirty_rcu_ptr.bitfield&~((1<<_pid)))"
	line 261, "pan.___", state 63, "cache_dirty_rcu_data[i].bitfield = (cache_dirty_rcu_data[i].bitfield&~((1<<_pid)))"
	line 226, "pan.___", state 79, "(1)"
	line 230, "pan.___", state 87, "(1)"
	line 234, "pan.___", state 99, "(1)"
	line 238, "pan.___", state 107, "(1)"
	line 386, "pan.___", state 132, "cache_dirty_urcu_gp_ctr.bitfield = (cache_dirty_urcu_gp_ctr.bitfield&~((1<<_pid)))"
	line 395, "pan.___", state 164, "cache_dirty_rcu_ptr.bitfield = (cache_dirty_rcu_ptr.bitfield&~((1<<_pid)))"
	line 399, "pan.___", state 178, "cache_dirty_rcu_data[i].bitfield = (cache_dirty_rcu_data[i].bitfield&~((1<<_pid)))"
	line 403, "pan.___", state 197, "(1)"
	line 412, "pan.___", state 227, "(1)"
	line 416, "pan.___", state 240, "(1)"
	line 662, "pan.___", state 261, "_proc_urcu_reader = (_proc_urcu_reader|((1<<2)<<1))"
	line 386, "pan.___", state 268, "cache_dirty_urcu_gp_ctr.bitfield = (cache_dirty_urcu_gp_ctr.bitfield&~((1<<_pid)))"
	line 395, "pan.___", state 300, "cache_dirty_rcu_ptr.bitfield = (cache_dirty_rcu_ptr.bitfield&~((1<<_pid)))"
	line 399, "pan.___", state 314, "cache_dirty_rcu_data[i].bitfield = (cache_dirty_rcu_data[i].bitfield&~((1<<_pid)))"
	line 403, "pan.___", state 333, "(1)"
	line 412, "pan.___", state 363, "(1)"
	line 416, "pan.___", state 376, "(1)"
	line 386, "pan.___", state 397, "cache_dirty_urcu_gp_ctr.bitfield = (cache_dirty_urcu_gp_ctr.bitfield&~((1<<_pid)))"
	line 395, "pan.___", state 429, "cache_dirty_rcu_ptr.bitfield = (cache_dirty_rcu_ptr.bitfield&~((1<<_pid)))"
	line 399, "pan.___", state 443, "cache_dirty_rcu_data[i].bitfield = (cache_dirty_rcu_data[i].bitfield&~((1<<_pid)))"
	line 403, "pan.___", state 462, "(1)"
	line 412, "pan.___", state 492, "(1)"
	line 416, "pan.___", state 505, "(1)"
	line 386, "pan.___", state 528, "cache_dirty_urcu_gp_ctr.bitfield = (cache_dirty_urcu_gp_ctr.bitfield&~((1<<_pid)))"
	line 386, "pan.___", state 530, "(1)"
	line 386, "pan.___", state 531, "((cache_dirty_urcu_gp_ctr.bitfield&(1<<_pid)))"
	line 386, "pan.___", state 531, "else"
	line 386, "pan.___", state 534, "(1)"
	line 390, "pan.___", state 542, "cache_dirty_urcu_active_readers.bitfield = (cache_dirty_urcu_active_readers.bitfield&~((1<<_pid)))"
	line 390, "pan.___", state 544, "(1)"
	line 390, "pan.___", state 545, "((cache_dirty_urcu_active_readers.bitfield&(1<<_pid)))"
	line 390, "pan.___", state 545, "else"
	line 390, "pan.___", state 548, "(1)"
	line 390, "pan.___", state 549, "(1)"
	line 390, "pan.___", state 549, "(1)"
	line 388, "pan.___", state 554, "((i<1))"
	line 388, "pan.___", state 554, "((i>=1))"
	line 395, "pan.___", state 560, "cache_dirty_rcu_ptr.bitfield = (cache_dirty_rcu_ptr.bitfield&~((1<<_pid)))"
	line 395, "pan.___", state 562, "(1)"
	line 395, "pan.___", state 563, "((cache_dirty_rcu_ptr.bitfield&(1<<_pid)))"
	line 395, "pan.___", state 563, "else"
	line 395, "pan.___", state 566, "(1)"
	line 395, "pan.___", state 567, "(1)"
	line 395, "pan.___", state 567, "(1)"
	line 399, "pan.___", state 574, "cache_dirty_rcu_data[i].bitfield = (cache_dirty_rcu_data[i].bitfield&~((1<<_pid)))"
	line 399, "pan.___", state 576, "(1)"
	line 399, "pan.___", state 577, "((cache_dirty_rcu_data[i].bitfield&(1<<_pid)))"
	line 399, "pan.___", state 577, "else"
	line 399, "pan.___", state 580, "(1)"
	line 399, "pan.___", state 581, "(1)"
	line 399, "pan.___", state 581, "(1)"
	line 397, "pan.___", state 586, "((i<2))"
	line 397, "pan.___", state 586, "((i>=2))"
	line 403, "pan.___", state 593, "(1)"
	line 403, "pan.___", state 594, "(!((cache_dirty_urcu_gp_ctr.bitfield&(1<<_pid))))"
	line 403, "pan.___", state 594, "else"
	line 403, "pan.___", state 597, "(1)"
	line 403, "pan.___", state 598, "(1)"
	line 403, "pan.___", state 598, "(1)"
	line 407, "pan.___", state 606, "(1)"
	line 407, "pan.___", state 607, "(!((cache_dirty_urcu_active_readers.bitfield&(1<<_pid))))"
	line 407, "pan.___", state 607, "else"
	line 407, "pan.___", state 610, "(1)"
	line 407, "pan.___", state 611, "(1)"
	line 407, "pan.___", state 611, "(1)"
	line 405, "pan.___", state 616, "((i<1))"
	line 405, "pan.___", state 616, "((i>=1))"
	line 412, "pan.___", state 623, "(1)"
	line 412, "pan.___", state 624, "(!((cache_dirty_rcu_ptr.bitfield&(1<<_pid))))"
	line 412, "pan.___", state 624, "else"
	line 412, "pan.___", state 627, "(1)"
	line 412, "pan.___", state 628, "(1)"
	line 412, "pan.___", state 628, "(1)"
	line 416, "pan.___", state 636, "(1)"
	line 416, "pan.___", state 637, "(!((cache_dirty_rcu_data[i].bitfield&(1<<_pid))))"
	line 416, "pan.___", state 637, "else"
	line 416, "pan.___", state 640, "(1)"
	line 416, "pan.___", state 641, "(1)"
	line 416, "pan.___", state 641, "(1)"
	line 414, "pan.___", state 646, "((i<2))"
	line 414, "pan.___", state 646, "((i>=2))"
	line 421, "pan.___", state 650, "(1)"
	line 421, "pan.___", state 650, "(1)"
	line 662, "pan.___", state 653, "cached_urcu_active_readers.val[_pid] = (tmp+1)"
	line 662, "pan.___", state 654, "_proc_urcu_reader = (_proc_urcu_reader|(1<<5))"
	line 662, "pan.___", state 655, "(1)"
	line 386, "pan.___", state 662, "cache_dirty_urcu_gp_ctr.bitfield = (cache_dirty_urcu_gp_ctr.bitfield&~((1<<_pid)))"
	line 395, "pan.___", state 694, "cache_dirty_rcu_ptr.bitfield = (cache_dirty_rcu_ptr.bitfield&~((1<<_pid)))"
	line 399, "pan.___", state 708, "cache_dirty_rcu_data[i].bitfield = (cache_dirty_rcu_data[i].bitfield&~((1<<_pid)))"
	line 403, "pan.___", state 727, "(1)"
	line 412, "pan.___", state 757, "(1)"
	line 416, "pan.___", state 770, "(1)"
	line 386, "pan.___", state 798, "cache_dirty_urcu_gp_ctr.bitfield = (cache_dirty_urcu_gp_ctr.bitfield&~((1<<_pid)))"
	line 386, "pan.___", state 800, "(1)"
	line 386, "pan.___", state 801, "((cache_dirty_urcu_gp_ctr.bitfield&(1<<_pid)))"
	line 386, "pan.___", state 801, "else"
	line 386, "pan.___", state 804, "(1)"
	line 390, "pan.___", state 812, "cache_dirty_urcu_active_readers.bitfield = (cache_dirty_urcu_active_readers.bitfield&~((1<<_pid)))"
	line 390, "pan.___", state 814, "(1)"
	line 390, "pan.___", state 815, "((cache_dirty_urcu_active_readers.bitfield&(1<<_pid)))"
	line 390, "pan.___", state 815, "else"
	line 390, "pan.___", state 818, "(1)"
	line 390, "pan.___", state 819, "(1)"
	line 390, "pan.___", state 819, "(1)"
	line 388, "pan.___", state 824, "((i<1))"
	line 388, "pan.___", state 824, "((i>=1))"
	line 395, "pan.___", state 830, "cache_dirty_rcu_ptr.bitfield = (cache_dirty_rcu_ptr.bitfield&~((1<<_pid)))"
	line 395, "pan.___", state 832, "(1)"
	line 395, "pan.___", state 833, "((cache_dirty_rcu_ptr.bitfield&(1<<_pid)))"
	line 395, "pan.___", state 833, "else"
	line 395, "pan.___", state 836, "(1)"
	line 395, "pan.___", state 837, "(1)"
	line 395, "pan.___", state 837, "(1)"
	line 399, "pan.___", state 844, "cache_dirty_rcu_data[i].bitfield = (cache_dirty_rcu_data[i].bitfield&~((1<<_pid)))"
	line 399, "pan.___", state 846, "(1)"
	line 399, "pan.___", state 847, "((cache_dirty_rcu_data[i].bitfield&(1<<_pid)))"
	line 399, "pan.___", state 847, "else"
	line 399, "pan.___", state 850, "(1)"
	line 399, "pan.___", state 851, "(1)"
	line 399, "pan.___", state 851, "(1)"
	line 397, "pan.___", state 856, "((i<2))"
	line 397, "pan.___", state 856, "((i>=2))"
	line 403, "pan.___", state 863, "(1)"
	line 403, "pan.___", state 864, "(!((cache_dirty_urcu_gp_ctr.bitfield&(1<<_pid))))"
	line 403, "pan.___", state 864, "else"
	line 403, "pan.___", state 867, "(1)"
	line 403, "pan.___", state 868, "(1)"
	line 403, "pan.___", state 868, "(1)"
	line 407, "pan.___", state 876, "(1)"
	line 407, "pan.___", state 877, "(!((cache_dirty_urcu_active_readers.bitfield&(1<<_pid))))"
	line 407, "pan.___", state 877, "else"
	line 407, "pan.___", state 880, "(1)"
	line 407, "pan.___", state 881, "(1)"
	line 407, "pan.___", state 881, "(1)"
	line 405, "pan.___", state 886, "((i<1))"
	line 405, "pan.___", state 886, "((i>=1))"
	line 412, "pan.___", state 893, "(1)"
	line 412, "pan.___", state 894, "(!((cache_dirty_rcu_ptr.bitfield&(1<<_pid))))"
	line 412, "pan.___", state 894, "else"
	line 412, "pan.___", state 897, "(1)"
	line 412, "pan.___", state 898, "(1)"
	line 412, "pan.___", state 898, "(1)"
	line 416, "pan.___", state 906, "(1)"
	line 416, "pan.___", state 907, "(!((cache_dirty_rcu_data[i].bitfield&(1<<_pid))))"
	line 416, "pan.___", state 907, "else"
	line 416, "pan.___", state 910, "(1)"
	line 416, "pan.___", state 911, "(1)"
	line 416, "pan.___", state 911, "(1)"
	line 421, "pan.___", state 920, "(1)"
	line 421, "pan.___", state 920, "(1)"
	line 386, "pan.___", state 927, "cache_dirty_urcu_gp_ctr.bitfield = (cache_dirty_urcu_gp_ctr.bitfield&~((1<<_pid)))"
	line 386, "pan.___", state 929, "(1)"
	line 386, "pan.___", state 930, "((cache_dirty_urcu_gp_ctr.bitfield&(1<<_pid)))"
	line 386, "pan.___", state 930, "else"
	line 386, "pan.___", state 933, "(1)"
	line 390, "pan.___", state 941, "cache_dirty_urcu_active_readers.bitfield = (cache_dirty_urcu_active_readers.bitfield&~((1<<_pid)))"
	line 390, "pan.___", state 943, "(1)"
	line 390, "pan.___", state 944, "((cache_dirty_urcu_active_readers.bitfield&(1<<_pid)))"
	line 390, "pan.___", state 944, "else"
	line 390, "pan.___", state 947, "(1)"
	line 390, "pan.___", state 948, "(1)"
	line 390, "pan.___", state 948, "(1)"
	line 388, "pan.___", state 953, "((i<1))"
	line 388, "pan.___", state 953, "((i>=1))"
	line 395, "pan.___", state 959, "cache_dirty_rcu_ptr.bitfield = (cache_dirty_rcu_ptr.bitfield&~((1<<_pid)))"
	line 395, "pan.___", state 961, "(1)"
	line 395, "pan.___", state 962, "((cache_dirty_rcu_ptr.bitfield&(1<<_pid)))"
	line 395, "pan.___", state 962, "else"
	line 395, "pan.___", state 965, "(1)"
	line 395, "pan.___", state 966, "(1)"
	line 395, "pan.___", state 966, "(1)"
	line 399, "pan.___", state 973, "cache_dirty_rcu_data[i].bitfield = (cache_dirty_rcu_data[i].bitfield&~((1<<_pid)))"
	line 399, "pan.___", state 975, "(1)"
	line 399, "pan.___", state 976, "((cache_dirty_rcu_data[i].bitfield&(1<<_pid)))"
	line 399, "pan.___", state 976, "else"
	line 399, "pan.___", state 979, "(1)"
	line 399, "pan.___", state 980, "(1)"
	line 399, "pan.___", state 980, "(1)"
	line 397, "pan.___", state 985, "((i<2))"
	line 397, "pan.___", state 985, "((i>=2))"
	line 403, "pan.___", state 992, "(1)"
	line 403, "pan.___", state 993, "(!((cache_dirty_urcu_gp_ctr.bitfield&(1<<_pid))))"
	line 403, "pan.___", state 993, "else"
	line 403, "pan.___", state 996, "(1)"
	line 403, "pan.___", state 997, "(1)"
	line 403, "pan.___", state 997, "(1)"
	line 407, "pan.___", state 1005, "(1)"
	line 407, "pan.___", state 1006, "(!((cache_dirty_urcu_active_readers.bitfield&(1<<_pid))))"
	line 407, "pan.___", state 1006, "else"
	line 407, "pan.___", state 1009, "(1)"
	line 407, "pan.___", state 1010, "(1)"
	line 407, "pan.___", state 1010, "(1)"
	line 405, "pan.___", state 1015, "((i<1))"
	line 405, "pan.___", state 1015, "((i>=1))"
	line 412, "pan.___", state 1022, "(1)"
	line 412, "pan.___", state 1023, "(!((cache_dirty_rcu_ptr.bitfield&(1<<_pid))))"
	line 412, "pan.___", state 1023, "else"
	line 412, "pan.___", state 1026, "(1)"
	line 412, "pan.___", state 1027, "(1)"
	line 412, "pan.___", state 1027, "(1)"
	line 416, "pan.___", state 1035, "(1)"
	line 416, "pan.___", state 1036, "(!((cache_dirty_rcu_data[i].bitfield&(1<<_pid))))"
	line 416, "pan.___", state 1036, "else"
	line 416, "pan.___", state 1039, "(1)"
	line 416, "pan.___", state 1040, "(1)"
	line 416, "pan.___", state 1040, "(1)"
	line 414, "pan.___", state 1045, "((i<2))"
	line 414, "pan.___", state 1045, "((i>=2))"
	line 421, "pan.___", state 1049, "(1)"
	line 421, "pan.___", state 1049, "(1)"
	line 670, "pan.___", state 1053, "_proc_urcu_reader = (_proc_urcu_reader|(1<<11))"
	line 386, "pan.___", state 1058, "cache_dirty_urcu_gp_ctr.bitfield = (cache_dirty_urcu_gp_ctr.bitfield&~((1<<_pid)))"
	line 395, "pan.___", state 1090, "cache_dirty_rcu_ptr.bitfield = (cache_dirty_rcu_ptr.bitfield&~((1<<_pid)))"
	line 399, "pan.___", state 1104, "cache_dirty_rcu_data[i].bitfield = (cache_dirty_rcu_data[i].bitfield&~((1<<_pid)))"
	line 403, "pan.___", state 1123, "(1)"
	line 412, "pan.___", state 1153, "(1)"
	line 416, "pan.___", state 1166, "(1)"
	line 386, "pan.___", state 1190, "cache_dirty_urcu_gp_ctr.bitfield = (cache_dirty_urcu_gp_ctr.bitfield&~((1<<_pid)))"
	line 395, "pan.___", state 1222, "cache_dirty_rcu_ptr.bitfield = (cache_dirty_rcu_ptr.bitfield&~((1<<_pid)))"
	line 399, "pan.___", state 1236, "cache_dirty_rcu_data[i].bitfield = (cache_dirty_rcu_data[i].bitfield&~((1<<_pid)))"
	line 403, "pan.___", state 1255, "(1)"
	line 412, "pan.___", state 1285, "(1)"
	line 416, "pan.___", state 1298, "(1)"
	line 386, "pan.___", state 1323, "cache_dirty_urcu_gp_ctr.bitfield = (cache_dirty_urcu_gp_ctr.bitfield&~((1<<_pid)))"
	line 395, "pan.___", state 1355, "cache_dirty_rcu_ptr.bitfield = (cache_dirty_rcu_ptr.bitfield&~((1<<_pid)))"
	line 399, "pan.___", state 1369, "cache_dirty_rcu_data[i].bitfield = (cache_dirty_rcu_data[i].bitfield&~((1<<_pid)))"
	line 403, "pan.___", state 1388, "(1)"
	line 412, "pan.___", state 1418, "(1)"
	line 416, "pan.___", state 1431, "(1)"
	line 386, "pan.___", state 1452, "cache_dirty_urcu_gp_ctr.bitfield = (cache_dirty_urcu_gp_ctr.bitfield&~((1<<_pid)))"
	line 395, "pan.___", state 1484, "cache_dirty_rcu_ptr.bitfield = (cache_dirty_rcu_ptr.bitfield&~((1<<_pid)))"
	line 399, "pan.___", state 1498, "cache_dirty_rcu_data[i].bitfield = (cache_dirty_rcu_data[i].bitfield&~((1<<_pid)))"
	line 403, "pan.___", state 1517, "(1)"
	line 412, "pan.___", state 1547, "(1)"
	line 416, "pan.___", state 1560, "(1)"
	line 386, "pan.___", state 1586, "cache_dirty_urcu_gp_ctr.bitfield = (cache_dirty_urcu_gp_ctr.bitfield&~((1<<_pid)))"
	line 395, "pan.___", state 1618, "cache_dirty_rcu_ptr.bitfield = (cache_dirty_rcu_ptr.bitfield&~((1<<_pid)))"
	line 399, "pan.___", state 1632, "cache_dirty_rcu_data[i].bitfield = (cache_dirty_rcu_data[i].bitfield&~((1<<_pid)))"
	line 403, "pan.___", state 1651, "(1)"
	line 412, "pan.___", state 1681, "(1)"
	line 416, "pan.___", state 1694, "(1)"
	line 386, "pan.___", state 1715, "cache_dirty_urcu_gp_ctr.bitfield = (cache_dirty_urcu_gp_ctr.bitfield&~((1<<_pid)))"
	line 395, "pan.___", state 1747, "cache_dirty_rcu_ptr.bitfield = (cache_dirty_rcu_ptr.bitfield&~((1<<_pid)))"
	line 399, "pan.___", state 1761, "cache_dirty_rcu_data[i].bitfield = (cache_dirty_rcu_data[i].bitfield&~((1<<_pid)))"
	line 403, "pan.___", state 1780, "(1)"
	line 412, "pan.___", state 1810, "(1)"
	line 416, "pan.___", state 1823, "(1)"
	line 386, "pan.___", state 1847, "cache_dirty_urcu_gp_ctr.bitfield = (cache_dirty_urcu_gp_ctr.bitfield&~((1<<_pid)))"
	line 395, "pan.___", state 1879, "cache_dirty_rcu_ptr.bitfield = (cache_dirty_rcu_ptr.bitfield&~((1<<_pid)))"
	line 399, "pan.___", state 1893, "cache_dirty_rcu_data[i].bitfield = (cache_dirty_rcu_data[i].bitfield&~((1<<_pid)))"
	line 403, "pan.___", state 1912, "(1)"
	line 412, "pan.___", state 1942, "(1)"
	line 416, "pan.___", state 1955, "(1)"
	line 709, "pan.___", state 1976, "_proc_urcu_reader = (_proc_urcu_reader|((1<<2)<<19))"
	line 386, "pan.___", state 1983, "cache_dirty_urcu_gp_ctr.bitfield = (cache_dirty_urcu_gp_ctr.bitfield&~((1<<_pid)))"
	line 395, "pan.___", state 2015, "cache_dirty_rcu_ptr.bitfield = (cache_dirty_rcu_ptr.bitfield&~((1<<_pid)))"
	line 399, "pan.___", state 2029, "cache_dirty_rcu_data[i].bitfield = (cache_dirty_rcu_data[i].bitfield&~((1<<_pid)))"
	line 403, "pan.___", state 2048, "(1)"
	line 412, "pan.___", state 2078, "(1)"
	line 416, "pan.___", state 2091, "(1)"
	line 386, "pan.___", state 2112, "cache_dirty_urcu_gp_ctr.bitfield = (cache_dirty_urcu_gp_ctr.bitfield&~((1<<_pid)))"
	line 395, "pan.___", state 2144, "cache_dirty_rcu_ptr.bitfield = (cache_dirty_rcu_ptr.bitfield&~((1<<_pid)))"
	line 399, "pan.___", state 2158, "cache_dirty_rcu_data[i].bitfield = (cache_dirty_rcu_data[i].bitfield&~((1<<_pid)))"
	line 403, "pan.___", state 2177, "(1)"
	line 412, "pan.___", state 2207, "(1)"
	line 416, "pan.___", state 2220, "(1)"
	line 386, "pan.___", state 2243, "cache_dirty_urcu_gp_ctr.bitfield = (cache_dirty_urcu_gp_ctr.bitfield&~((1<<_pid)))"
	line 386, "pan.___", state 2245, "(1)"
	line 386, "pan.___", state 2246, "((cache_dirty_urcu_gp_ctr.bitfield&(1<<_pid)))"
	line 386, "pan.___", state 2246, "else"
	line 386, "pan.___", state 2249, "(1)"
	line 390, "pan.___", state 2257, "cache_dirty_urcu_active_readers.bitfield = (cache_dirty_urcu_active_readers.bitfield&~((1<<_pid)))"
	line 390, "pan.___", state 2259, "(1)"
	line 390, "pan.___", state 2260, "((cache_dirty_urcu_active_readers.bitfield&(1<<_pid)))"
	line 390, "pan.___", state 2260, "else"
	line 390, "pan.___", state 2263, "(1)"
	line 390, "pan.___", state 2264, "(1)"
	line 390, "pan.___", state 2264, "(1)"
	line 388, "pan.___", state 2269, "((i<1))"
	line 388, "pan.___", state 2269, "((i>=1))"
	line 395, "pan.___", state 2275, "cache_dirty_rcu_ptr.bitfield = (cache_dirty_rcu_ptr.bitfield&~((1<<_pid)))"
	line 395, "pan.___", state 2277, "(1)"
	line 395, "pan.___", state 2278, "((cache_dirty_rcu_ptr.bitfield&(1<<_pid)))"
	line 395, "pan.___", state 2278, "else"
	line 395, "pan.___", state 2281, "(1)"
	line 395, "pan.___", state 2282, "(1)"
	line 395, "pan.___", state 2282, "(1)"
	line 399, "pan.___", state 2289, "cache_dirty_rcu_data[i].bitfield = (cache_dirty_rcu_data[i].bitfield&~((1<<_pid)))"
	line 399, "pan.___", state 2291, "(1)"
	line 399, "pan.___", state 2292, "((cache_dirty_rcu_data[i].bitfield&(1<<_pid)))"
	line 399, "pan.___", state 2292, "else"
	line 399, "pan.___", state 2295, "(1)"
	line 399, "pan.___", state 2296, "(1)"
	line 399, "pan.___", state 2296, "(1)"
	line 397, "pan.___", state 2301, "((i<2))"
	line 397, "pan.___", state 2301, "((i>=2))"
	line 403, "pan.___", state 2308, "(1)"
	line 403, "pan.___", state 2309, "(!((cache_dirty_urcu_gp_ctr.bitfield&(1<<_pid))))"
	line 403, "pan.___", state 2309, "else"
	line 403, "pan.___", state 2312, "(1)"
	line 403, "pan.___", state 2313, "(1)"
	line 403, "pan.___", state 2313, "(1)"
	line 407, "pan.___", state 2321, "(1)"
	line 407, "pan.___", state 2322, "(!((cache_dirty_urcu_active_readers.bitfield&(1<<_pid))))"
	line 407, "pan.___", state 2322, "else"
	line 407, "pan.___", state 2325, "(1)"
	line 407, "pan.___", state 2326, "(1)"
	line 407, "pan.___", state 2326, "(1)"
	line 405, "pan.___", state 2331, "((i<1))"
	line 405, "pan.___", state 2331, "((i>=1))"
	line 412, "pan.___", state 2338, "(1)"
	line 412, "pan.___", state 2339, "(!((cache_dirty_rcu_ptr.bitfield&(1<<_pid))))"
	line 412, "pan.___", state 2339, "else"
	line 412, "pan.___", state 2342, "(1)"
	line 412, "pan.___", state 2343, "(1)"
	line 412, "pan.___", state 2343, "(1)"
	line 416, "pan.___", state 2351, "(1)"
	line 416, "pan.___", state 2352, "(!((cache_dirty_rcu_data[i].bitfield&(1<<_pid))))"
	line 416, "pan.___", state 2352, "else"
	line 416, "pan.___", state 2355, "(1)"
	line 416, "pan.___", state 2356, "(1)"
	line 416, "pan.___", state 2356, "(1)"
	line 414, "pan.___", state 2361, "((i<2))"
	line 414, "pan.___", state 2361, "((i>=2))"
	line 421, "pan.___", state 2365, "(1)"
	line 421, "pan.___", state 2365, "(1)"
	line 709, "pan.___", state 2368, "cached_urcu_active_readers.val[_pid] = (tmp+1)"
	line 709, "pan.___", state 2369, "_proc_urcu_reader = (_proc_urcu_reader|(1<<23))"
	line 709, "pan.___", state 2370, "(1)"
	line 386, "pan.___", state 2377, "cache_dirty_urcu_gp_ctr.bitfield = (cache_dirty_urcu_gp_ctr.bitfield&~((1<<_pid)))"
	line 395, "pan.___", state 2409, "cache_dirty_rcu_ptr.bitfield = (cache_dirty_rcu_ptr.bitfield&~((1<<_pid)))"
	line 399, "pan.___", state 2423, "cache_dirty_rcu_data[i].bitfield = (cache_dirty_rcu_data[i].bitfield&~((1<<_pid)))"
	line 403, "pan.___", state 2442, "(1)"
	line 412, "pan.___", state 2472, "(1)"
	line 416, "pan.___", state 2485, "(1)"
	line 386, "pan.___", state 2512, "cache_dirty_urcu_gp_ctr.bitfield = (cache_dirty_urcu_gp_ctr.bitfield&~((1<<_pid)))"
	line 395, "pan.___", state 2544, "cache_dirty_rcu_ptr.bitfield = (cache_dirty_rcu_ptr.bitfield&~((1<<_pid)))"
	line 399, "pan.___", state 2558, "cache_dirty_rcu_data[i].bitfield = (cache_dirty_rcu_data[i].bitfield&~((1<<_pid)))"
	line 403, "pan.___", state 2577, "(1)"
	line 412, "pan.___", state 2607, "(1)"
	line 416, "pan.___", state 2620, "(1)"
	line 386, "pan.___", state 2641, "cache_dirty_urcu_gp_ctr.bitfield = (cache_dirty_urcu_gp_ctr.bitfield&~((1<<_pid)))"
	line 395, "pan.___", state 2673, "cache_dirty_rcu_ptr.bitfield = (cache_dirty_rcu_ptr.bitfield&~((1<<_pid)))"
	line 399, "pan.___", state 2687, "cache_dirty_rcu_data[i].bitfield = (cache_dirty_rcu_data[i].bitfield&~((1<<_pid)))"
	line 403, "pan.___", state 2706, "(1)"
	line 412, "pan.___", state 2736, "(1)"
	line 416, "pan.___", state 2749, "(1)"
	line 226, "pan.___", state 2782, "(1)"
	line 234, "pan.___", state 2802, "(1)"
	line 238, "pan.___", state 2810, "(1)"
	line 226, "pan.___", state 2825, "(1)"
	line 234, "pan.___", state 2845, "(1)"
	line 238, "pan.___", state 2853, "(1)"
	line 869, "pan.___", state 2870, "-end-"
	(278 of 2870 states)
unreached in proctype urcu_writer
	line 386, "pan.___", state 18, "cache_dirty_urcu_gp_ctr.bitfield = (cache_dirty_urcu_gp_ctr.bitfield&~((1<<_pid)))"
	line 390, "pan.___", state 32, "cache_dirty_urcu_active_readers.bitfield = (cache_dirty_urcu_active_readers.bitfield&~((1<<_pid)))"
	line 395, "pan.___", state 50, "cache_dirty_rcu_ptr.bitfield = (cache_dirty_rcu_ptr.bitfield&~((1<<_pid)))"
	line 403, "pan.___", state 83, "(1)"
	line 407, "pan.___", state 96, "(1)"
	line 412, "pan.___", state 113, "(1)"
	line 249, "pan.___", state 149, "cache_dirty_urcu_gp_ctr.bitfield = (cache_dirty_urcu_gp_ctr.bitfield&~((1<<_pid)))"
	line 253, "pan.___", state 158, "cache_dirty_urcu_active_readers.bitfield = (cache_dirty_urcu_active_readers.bitfield&~((1<<_pid)))"
	line 257, "pan.___", state 171, "cache_dirty_rcu_ptr.bitfield = (cache_dirty_rcu_ptr.bitfield&~((1<<_pid)))"
	line 386, "pan.___", state 211, "cache_dirty_urcu_gp_ctr.bitfield = (cache_dirty_urcu_gp_ctr.bitfield&~((1<<_pid)))"
	line 390, "pan.___", state 225, "cache_dirty_urcu_active_readers.bitfield = (cache_dirty_urcu_active_readers.bitfield&~((1<<_pid)))"
	line 395, "pan.___", state 243, "cache_dirty_rcu_ptr.bitfield = (cache_dirty_rcu_ptr.bitfield&~((1<<_pid)))"
	line 399, "pan.___", state 257, "cache_dirty_rcu_data[i].bitfield = (cache_dirty_rcu_data[i].bitfield&~((1<<_pid)))"
	line 403, "pan.___", state 276, "(1)"
	line 407, "pan.___", state 289, "(1)"
	line 412, "pan.___", state 306, "(1)"
	line 416, "pan.___", state 319, "(1)"
	line 390, "pan.___", state 356, "cache_dirty_urcu_active_readers.bitfield = (cache_dirty_urcu_active_readers.bitfield&~((1<<_pid)))"
	line 395, "pan.___", state 374, "cache_dirty_rcu_ptr.bitfield = (cache_dirty_rcu_ptr.bitfield&~((1<<_pid)))"
	line 399, "pan.___", state 388, "cache_dirty_rcu_data[i].bitfield = (cache_dirty_rcu_data[i].bitfield&~((1<<_pid)))"
	line 407, "pan.___", state 420, "(1)"
	line 412, "pan.___", state 437, "(1)"
	line 416, "pan.___", state 450, "(1)"
	line 390, "pan.___", state 494, "cache_dirty_urcu_active_readers.bitfield = (cache_dirty_urcu_active_readers.bitfield&~((1<<_pid)))"
	line 395, "pan.___", state 512, "cache_dirty_rcu_ptr.bitfield = (cache_dirty_rcu_ptr.bitfield&~((1<<_pid)))"
	line 399, "pan.___", state 526, "cache_dirty_rcu_data[i].bitfield = (cache_dirty_rcu_data[i].bitfield&~((1<<_pid)))"
	line 407, "pan.___", state 558, "(1)"
	line 412, "pan.___", state 575, "(1)"
	line 416, "pan.___", state 588, "(1)"
	line 390, "pan.___", state 623, "cache_dirty_urcu_active_readers.bitfield = (cache_dirty_urcu_active_readers.bitfield&~((1<<_pid)))"
	line 395, "pan.___", state 641, "cache_dirty_rcu_ptr.bitfield = (cache_dirty_rcu_ptr.bitfield&~((1<<_pid)))"
	line 399, "pan.___", state 655, "cache_dirty_rcu_data[i].bitfield = (cache_dirty_rcu_data[i].bitfield&~((1<<_pid)))"
	line 407, "pan.___", state 687, "(1)"
	line 412, "pan.___", state 704, "(1)"
	line 416, "pan.___", state 717, "(1)"
	line 390, "pan.___", state 754, "cache_dirty_urcu_active_readers.bitfield = (cache_dirty_urcu_active_readers.bitfield&~((1<<_pid)))"
	line 395, "pan.___", state 772, "cache_dirty_rcu_ptr.bitfield = (cache_dirty_rcu_ptr.bitfield&~((1<<_pid)))"
	line 399, "pan.___", state 786, "cache_dirty_rcu_data[i].bitfield = (cache_dirty_rcu_data[i].bitfield&~((1<<_pid)))"
	line 407, "pan.___", state 818, "(1)"
	line 412, "pan.___", state 835, "(1)"
	line 416, "pan.___", state 848, "(1)"
	line 249, "pan.___", state 903, "cache_dirty_urcu_gp_ctr.bitfield = (cache_dirty_urcu_gp_ctr.bitfield&~((1<<_pid)))"
	line 253, "pan.___", state 912, "cache_dirty_urcu_active_readers.bitfield = (cache_dirty_urcu_active_readers.bitfield&~((1<<_pid)))"
	line 257, "pan.___", state 927, "(1)"
	line 261, "pan.___", state 934, "cache_dirty_rcu_data[i].bitfield = (cache_dirty_rcu_data[i].bitfield&~((1<<_pid)))"
	line 226, "pan.___", state 950, "(1)"
	line 230, "pan.___", state 958, "(1)"
	line 234, "pan.___", state 970, "(1)"
	line 238, "pan.___", state 978, "(1)"
	line 249, "pan.___", state 1009, "cache_dirty_urcu_gp_ctr.bitfield = (cache_dirty_urcu_gp_ctr.bitfield&~((1<<_pid)))"
	line 253, "pan.___", state 1018, "cache_dirty_urcu_active_readers.bitfield = (cache_dirty_urcu_active_readers.bitfield&~((1<<_pid)))"
	line 257, "pan.___", state 1031, "cache_dirty_rcu_ptr.bitfield = (cache_dirty_rcu_ptr.bitfield&~((1<<_pid)))"
	line 261, "pan.___", state 1040, "cache_dirty_rcu_data[i].bitfield = (cache_dirty_rcu_data[i].bitfield&~((1<<_pid)))"
	line 226, "pan.___", state 1056, "(1)"
	line 230, "pan.___", state 1064, "(1)"
	line 234, "pan.___", state 1076, "(1)"
	line 238, "pan.___", state 1084, "(1)"
	line 253, "pan.___", state 1110, "cache_dirty_urcu_active_readers.bitfield = (cache_dirty_urcu_active_readers.bitfield&~((1<<_pid)))"
	line 257, "pan.___", state 1123, "cache_dirty_rcu_ptr.bitfield = (cache_dirty_rcu_ptr.bitfield&~((1<<_pid)))"
	line 261, "pan.___", state 1132, "cache_dirty_rcu_data[i].bitfield = (cache_dirty_rcu_data[i].bitfield&~((1<<_pid)))"
	line 226, "pan.___", state 1148, "(1)"
	line 230, "pan.___", state 1156, "(1)"
	line 234, "pan.___", state 1168, "(1)"
	line 238, "pan.___", state 1176, "(1)"
	line 249, "pan.___", state 1207, "cache_dirty_urcu_gp_ctr.bitfield = (cache_dirty_urcu_gp_ctr.bitfield&~((1<<_pid)))"
	line 253, "pan.___", state 1216, "cache_dirty_urcu_active_readers.bitfield = (cache_dirty_urcu_active_readers.bitfield&~((1<<_pid)))"
	line 257, "pan.___", state 1229, "cache_dirty_rcu_ptr.bitfield = (cache_dirty_rcu_ptr.bitfield&~((1<<_pid)))"
	line 261, "pan.___", state 1238, "cache_dirty_rcu_data[i].bitfield = (cache_dirty_rcu_data[i].bitfield&~((1<<_pid)))"
	line 226, "pan.___", state 1254, "(1)"
	line 230, "pan.___", state 1262, "(1)"
	line 234, "pan.___", state 1274, "(1)"
	line 238, "pan.___", state 1282, "(1)"
	line 253, "pan.___", state 1308, "cache_dirty_urcu_active_readers.bitfield = (cache_dirty_urcu_active_readers.bitfield&~((1<<_pid)))"
	line 257, "pan.___", state 1321, "cache_dirty_rcu_ptr.bitfield = (cache_dirty_rcu_ptr.bitfield&~((1<<_pid)))"
	line 261, "pan.___", state 1330, "cache_dirty_rcu_data[i].bitfield = (cache_dirty_rcu_data[i].bitfield&~((1<<_pid)))"
	line 226, "pan.___", state 1346, "(1)"
	line 230, "pan.___", state 1354, "(1)"
	line 234, "pan.___", state 1366, "(1)"
	line 238, "pan.___", state 1374, "(1)"
	line 249, "pan.___", state 1405, "cache_dirty_urcu_gp_ctr.bitfield = (cache_dirty_urcu_gp_ctr.bitfield&~((1<<_pid)))"
	line 253, "pan.___", state 1414, "cache_dirty_urcu_active_readers.bitfield = (cache_dirty_urcu_active_readers.bitfield&~((1<<_pid)))"
	line 257, "pan.___", state 1427, "cache_dirty_rcu_ptr.bitfield = (cache_dirty_rcu_ptr.bitfield&~((1<<_pid)))"
	line 261, "pan.___", state 1436, "cache_dirty_rcu_data[i].bitfield = (cache_dirty_rcu_data[i].bitfield&~((1<<_pid)))"
	line 226, "pan.___", state 1452, "(1)"
	line 230, "pan.___", state 1460, "(1)"
	line 234, "pan.___", state 1472, "(1)"
	line 238, "pan.___", state 1480, "(1)"
	line 253, "pan.___", state 1506, "cache_dirty_urcu_active_readers.bitfield = (cache_dirty_urcu_active_readers.bitfield&~((1<<_pid)))"
	line 257, "pan.___", state 1519, "cache_dirty_rcu_ptr.bitfield = (cache_dirty_rcu_ptr.bitfield&~((1<<_pid)))"
	line 261, "pan.___", state 1528, "cache_dirty_rcu_data[i].bitfield = (cache_dirty_rcu_data[i].bitfield&~((1<<_pid)))"
	line 226, "pan.___", state 1544, "(1)"
	line 230, "pan.___", state 1552, "(1)"
	line 234, "pan.___", state 1564, "(1)"
	line 238, "pan.___", state 1572, "(1)"
	line 249, "pan.___", state 1603, "cache_dirty_urcu_gp_ctr.bitfield = (cache_dirty_urcu_gp_ctr.bitfield&~((1<<_pid)))"
	line 253, "pan.___", state 1612, "cache_dirty_urcu_active_readers.bitfield = (cache_dirty_urcu_active_readers.bitfield&~((1<<_pid)))"
	line 257, "pan.___", state 1625, "cache_dirty_rcu_ptr.bitfield = (cache_dirty_rcu_ptr.bitfield&~((1<<_pid)))"
	line 261, "pan.___", state 1634, "cache_dirty_rcu_data[i].bitfield = (cache_dirty_rcu_data[i].bitfield&~((1<<_pid)))"
	line 226, "pan.___", state 1650, "(1)"
	line 230, "pan.___", state 1658, "(1)"
	line 234, "pan.___", state 1670, "(1)"
	line 238, "pan.___", state 1678, "(1)"
	line 1190, "pan.___", state 1694, "-end-"
	(103 of 1694 states)
unreached in proctype :init:
	(0 of 78 states)
unreached in proctype :never:
	line 1249, "pan.___", state 8, "-end-"
	(1 of 8 states)

pan: elapsed time 2.62e+04 seconds
pan: rate 2378.2573 states/second
pan: avg transition delay 1.2917e-06 usec
cp .input.spin urcu_free.spin.input
cp .input.spin.trail urcu_free.spin.input.trail
make[1]: Leaving directory `/home/compudj/doc/userspace-rcu/formal-model/urcu-controldataflow'
