make[1]: Entering directory `/home/compudj/doc/userspace-rcu/formal-model/urcu-controldataflow-alpha-ipi-compress'
rm -f pan* trail.out .input.spin* *.spin.trail .input.define
touch .input.define
cat .input.define > pan.ltl
cat DEFINES >> pan.ltl
spin -f "!(`cat urcu_progress.ltl | grep -v ^//`)" >> pan.ltl
cp urcu_progress_reader.define .input.define
cat .input.define > .input.spin
cat DEFINES >> .input.spin
cat urcu.spin >> .input.spin
rm -f .input.spin.trail
spin -a -X -N pan.ltl .input.spin
Exit-Status 0
gcc -O2 -w -DHASH64 -DCOLLAPSE -o pan pan.c
./pan -a -f -v -c1 -X -m10000000 -w20
warning: for p.o. reduction to be valid the never claim must be stutter-invariant
(never claims generated from LTL formulae are stutter-invariant)
depth 0: Claim reached state 5 (line 1362)
depth 7: Claim reached state 9 (line 1367)
depth 136: Claim reached state 9 (line 1366)
Depth=  115766 States=    1e+06 Transitions= 2.97e+08 Memory=   495.647	t=    461 R=   2e+03
Depth=  115766 States=    2e+06 Transitions= 5.97e+08 Memory=   525.529	t=    939 R=   2e+03
Depth=  115766 States=    3e+06 Transitions= 8.86e+08 Memory=   553.264	t= 1.41e+03 R=   2e+03
pan: resizing hashtable to -w22..  done
Depth=  115766 States=    4e+06 Transitions= 1.18e+09 Memory=   614.463	t= 1.87e+03 R=   2e+03
Depth=  115766 States=    5e+06 Transitions= 1.48e+09 Memory=   644.541	t= 2.34e+03 R=   2e+03
Depth=  115766 States=    6e+06 Transitions= 1.77e+09 Memory=   674.424	t= 2.8e+03 R=   2e+03
Depth=  115766 States=    7e+06 Transitions= 2.07e+09 Memory=   701.865	t= 3.27e+03 R=   2e+03
Depth=  115766 States=    8e+06 Transitions= 2.36e+09 Memory=   729.404	t= 3.75e+03 R=   2e+03
Depth=  115766 States=    9e+06 Transitions= 2.66e+09 Memory=   757.920	t= 4.23e+03 R=   2e+03
pan: resizing hashtable to -w24..  done
Depth=  117893 States=    1e+07 Transitions= 2.95e+09 Memory=   909.846	t= 4.69e+03 R=   2e+03
Depth=  117893 States=  1.1e+07 Transitions= 3.35e+09 Memory=   937.190	t= 5.31e+03 R=   2e+03
Depth=  117893 States=  1.2e+07 Transitions= 3.69e+09 Memory=   964.826	t= 5.85e+03 R=   2e+03
Depth=  117893 States=  1.3e+07 Transitions= 4.02e+09 Memory=   994.026	t= 6.37e+03 R=   2e+03
Depth=  117893 States=  1.4e+07 Transitions= 4.32e+09 Memory=  1021.858	t= 6.84e+03 R=   2e+03
Depth=  117893 States=  1.5e+07 Transitions= 4.63e+09 Memory=  1050.080	t= 7.33e+03 R=   2e+03
Depth=  117893 States=  1.6e+07 Transitions= 4.95e+09 Memory=  1078.693	t= 7.83e+03 R=   2e+03
Depth=  117893 States=  1.7e+07 Transitions= 5.24e+09 Memory=  1106.135	t= 8.28e+03 R=   2e+03
Depth=  117893 States=  1.8e+07 Transitions= 5.54e+09 Memory=  1135.920	t= 8.74e+03 R=   2e+03
Depth=  117893 States=  1.9e+07 Transitions= 5.82e+09 Memory=  1164.338	t= 9.19e+03 R=   2e+03
Depth=  117893 States=    2e+07 Transitions= 6.12e+09 Memory=  1194.514	t= 9.66e+03 R=   2e+03
Depth=  117893 States=  2.1e+07 Transitions= 6.42e+09 Memory=  1223.713	t= 1.01e+04 R=   2e+03
Depth=  117893 States=  2.2e+07 Transitions= 6.72e+09 Memory=  1252.912	t= 1.06e+04 R=   2e+03
Depth=  117893 States=  2.3e+07 Transitions= 7.01e+09 Memory=  1280.744	t= 1.11e+04 R=   2e+03
Depth=  117893 States=  2.4e+07 Transitions=  7.3e+09 Memory=  1311.408	t= 1.15e+04 R=   2e+03
Depth=  117893 States=  2.5e+07 Transitions= 7.61e+09 Memory=  1336.994	t= 1.2e+04 R=   2e+03
Depth=  117893 States=  2.6e+07 Transitions= 7.89e+09 Memory=  1365.315	t= 1.24e+04 R=   2e+03
Depth=  117893 States=  2.7e+07 Transitions= 8.35e+09 Memory=  1390.315	t= 1.32e+04 R=   2e+03
Depth=  117893 States=  2.8e+07 Transitions= 8.84e+09 Memory=  1414.143	t= 1.4e+04 R=   2e+03
Depth=  117893 States=  2.9e+07 Transitions= 9.64e+09 Memory=  1438.166	t= 1.53e+04 R=   2e+03
Depth=  117893 States=    3e+07 Transitions= 1.02e+10 Memory=  1462.971	t= 1.62e+04 R=   2e+03
Depth=  117893 States=  3.1e+07 Transitions= 1.06e+10 Memory=  1488.068	t= 1.69e+04 R=   2e+03
Depth=  117893 States=  3.2e+07 Transitions= 1.14e+10 Memory=  1512.287	t= 1.82e+04 R=   2e+03
Depth=  117893 States=  3.3e+07 Transitions= 1.24e+10 Memory=  1536.799	t= 1.99e+04 R=   2e+03
Depth=  117893 States=  3.4e+07 Transitions= 1.27e+10 Memory=  1567.658	t= 2.04e+04 R=   2e+03
pan: resizing hashtable to -w26..  done
Depth=  117893 States=  3.5e+07 Transitions= 1.32e+10 Memory=  2089.424	t= 2.13e+04 R=   2e+03
Depth=  117893 States=  3.6e+07 Transitions= 1.38e+10 Memory=  2116.768	t= 2.22e+04 R=   2e+03
Depth=  117893 States=  3.7e+07 Transitions= 1.45e+10 Memory=  2142.158	t= 2.33e+04 R=   2e+03
Depth=  117893 States=  3.8e+07 Transitions= 1.49e+10 Memory=  2170.674	t= 2.41e+04 R=   2e+03
Depth=  117893 States=  3.9e+07 Transitions= 1.55e+10 Memory=  2197.725	t= 2.49e+04 R=   2e+03
Depth=  117893 States=    4e+07 Transitions= 1.63e+10 Memory=  2219.014	t= 2.63e+04 R=   2e+03
Depth=  117893 States=  4.1e+07 Transitions= 1.69e+10 Memory=  2242.061	t= 2.75e+04 R=   1e+03
Depth=  117893 States=  4.2e+07 Transitions= 1.73e+10 Memory=  2269.600	t= 2.81e+04 R=   1e+03
Depth=  117893 States=  4.3e+07 Transitions=  1.8e+10 Memory=  2295.967	t= 2.92e+04 R=   1e+03
Depth=  117893 States=  4.4e+07 Transitions= 1.85e+10 Memory=  2323.213	t=  3e+04 R=   1e+03
Depth=  117893 States=  4.5e+07 Transitions= 1.91e+10 Memory=  2348.994	t= 3.09e+04 R=   1e+03
Depth=  117893 States=  4.6e+07 Transitions= 1.97e+10 Memory=  2374.190	t= 3.2e+04 R=   1e+03
Depth=  117893 States=  4.7e+07 Transitions= 2.03e+10 Memory=  2399.483	t= 3.3e+04 R=   1e+03
Depth=  117893 States=  4.8e+07 Transitions= 2.07e+10 Memory=  2428.486	t= 3.36e+04 R=   1e+03
Depth=  117893 States=  4.9e+07 Transitions= 2.13e+10 Memory=  2454.951	t= 3.45e+04 R=   1e+03
Depth=  117893 States=    5e+07 Transitions= 2.18e+10 Memory=  2482.686	t= 3.54e+04 R=   1e+03
Depth=  117893 States=  5.1e+07 Transitions= 2.24e+10 Memory=  2509.151	t= 3.62e+04 R=   1e+03
Depth=  117893 States=  5.2e+07 Transitions=  2.3e+10 Memory=  2535.420	t= 3.72e+04 R=   1e+03
Depth=  117893 States=  5.3e+07 Transitions= 2.38e+10 Memory=  2560.518	t= 3.86e+04 R=   1e+03
Depth=  117893 States=  5.4e+07 Transitions= 2.42e+10 Memory=  2586.592	t= 3.94e+04 R=   1e+03
Depth=  117893 States=  5.5e+07 Transitions= 2.46e+10 Memory=  2610.713	t=  4e+04 R=   1e+03
Depth=  117893 States=  5.6e+07 Transitions= 2.49e+10 Memory=  2638.545	t= 4.06e+04 R=   1e+03
Depth=  117893 States=  5.7e+07 Transitions= 2.53e+10 Memory=  2668.135	t= 4.11e+04 R=   1e+03
Depth=  117893 States=  5.8e+07 Transitions= 2.56e+10 Memory=  2698.213	t= 4.16e+04 R=   1e+03
Depth=  117893 States=  5.9e+07 Transitions= 2.59e+10 Memory=  2723.897	t= 4.22e+04 R=   1e+03
Depth=  117893 States=    6e+07 Transitions= 2.66e+10 Memory=  2747.627	t= 4.33e+04 R=   1e+03
Depth=  117893 States=  6.1e+07 Transitions=  2.7e+10 Memory=  2774.678	t= 4.39e+04 R=   1e+03
Depth=  117893 States=  6.2e+07 Transitions= 2.73e+10 Memory=  2803.584	t= 4.45e+04 R=   1e+03
Depth=  117893 States=  6.3e+07 Transitions= 2.77e+10 Memory=  2831.221	t= 4.51e+04 R=   1e+03
Depth=  117893 States=  6.4e+07 Transitions=  2.8e+10 Memory=  2860.225	t= 4.56e+04 R=   1e+03
Depth=  117893 States=  6.5e+07 Transitions= 2.84e+10 Memory=  2885.225	t= 4.62e+04 R=   1e+03
Depth=  117893 States=  6.6e+07 Transitions= 2.89e+10 Memory=  2908.760	t= 4.71e+04 R=   1e+03
Depth=  117893 States=  6.7e+07 Transitions= 2.96e+10 Memory=  2932.686	t= 4.82e+04 R=   1e+03
Depth=  117893 States=  6.8e+07 Transitions= 3.03e+10 Memory=  2956.123	t= 4.96e+04 R=   1e+03
Depth=  117893 States=  6.9e+07 Transitions= 3.14e+10 Memory=  2985.908	t= 5.13e+04 R=   1e+03
Depth=  117893 States=    7e+07 Transitions= 3.24e+10 Memory=  3015.303	t= 5.31e+04 R=   1e+03
Depth=  117893 States=  7.1e+07 Transitions= 3.36e+10 Memory=  3039.912	t= 5.5e+04 R=   1e+03
Depth=  117893 States=  7.2e+07 Transitions= 3.47e+10 Memory=  3065.401	t= 5.69e+04 R=   1e+03
Depth=  117893 States=  7.3e+07 Transitions= 3.58e+10 Memory=  3086.690	t= 5.87e+04 R=   1e+03
Depth=  117893 States=  7.4e+07 Transitions= 3.67e+10 Memory=  3108.272	t= 6.02e+04 R=   1e+03
Depth=  117893 States=  7.5e+07 Transitions= 3.78e+10 Memory=  3127.608	t= 6.21e+04 R=   1e+03
Depth=  117893 States=  7.6e+07 Transitions= 3.89e+10 Memory=  3147.627	t= 6.39e+04 R=   1e+03
Depth=  117893 States=  7.7e+07 Transitions= 3.97e+10 Memory=  3167.647	t= 6.53e+04 R=   1e+03
Depth=  117893 States=  7.8e+07 Transitions= 4.01e+10 Memory=  3195.772	t= 6.6e+04 R=   1e+03
Depth=  117893 States=  7.9e+07 Transitions= 4.07e+10 Memory=  3221.065	t= 6.69e+04 R=   1e+03
Depth=  117893 States=    8e+07 Transitions= 4.14e+10 Memory=  3245.869	t= 6.8e+04 R=   1e+03
Depth=  117893 States=  8.1e+07 Transitions= 4.26e+10 Memory=  3270.186	t=  7e+04 R=   1e+03
Depth=  117893 States=  8.2e+07 Transitions= 4.33e+10 Memory=  3293.135	t= 7.12e+04 R=   1e+03
Depth=  117893 States=  8.3e+07 Transitions= 4.38e+10 Memory=  3323.701	t= 7.21e+04 R=   1e+03
Depth=  117893 States=  8.4e+07 Transitions= 4.41e+10 Memory=  3350.752	t= 7.26e+04 R=   1e+03
Depth=  117893 States=  8.5e+07 Transitions= 4.45e+10 Memory=  3375.166	t= 7.31e+04 R=   1e+03
Depth=  117893 States=  8.6e+07 Transitions= 4.49e+10 Memory=  3397.432	t= 7.37e+04 R=   1e+03
Depth=  117893 States=  8.7e+07 Transitions= 4.53e+10 Memory=  3424.287	t= 7.44e+04 R=   1e+03
Depth=  117893 States=  8.8e+07 Transitions= 4.61e+10 Memory=  3449.385	t= 7.58e+04 R=   1e+03
Depth=  117893 States=  8.9e+07 Transitions= 4.71e+10 Memory=  3469.795	t= 7.74e+04 R=   1e+03
Depth=  117893 States=    9e+07 Transitions= 4.75e+10 Memory=  3498.018	t= 7.81e+04 R=   1e+03
Depth=  117893 States=  9.1e+07 Transitions=  4.8e+10 Memory=  3524.678	t= 7.88e+04 R=   1e+03
Depth=  117893 States=  9.2e+07 Transitions= 4.88e+10 Memory=  3549.776	t= 8.02e+04 R=   1e+03
Depth=  117893 States=  9.3e+07 Transitions= 4.97e+10 Memory=  3573.897	t= 8.16e+04 R=   1e+03
Depth=  117893 States=  9.4e+07 Transitions= 5.03e+10 Memory=  3598.311	t= 8.26e+04 R=   1e+03
Depth=  117893 States=  9.5e+07 Transitions= 5.12e+10 Memory=  3621.358	t= 8.41e+04 R=   1e+03
Depth=  117893 States=  9.6e+07 Transitions= 5.19e+10 Memory=  3645.381	t= 8.52e+04 R=   1e+03
Depth=  117893 States=  9.7e+07 Transitions= 5.26e+10 Memory=  3669.502	t= 8.64e+04 R=   1e+03
Depth=  117893 States=  9.8e+07 Transitions= 5.32e+10 Memory=  3693.233	t= 8.75e+04 R=   1e+03
Depth=  117893 States=  9.9e+07 Transitions= 5.36e+10 Memory=  3723.115	t= 8.8e+04 R=   1e+03
Depth=  117893 States=    1e+08 Transitions= 5.41e+10 Memory=  3748.799	t= 8.89e+04 R=   1e+03
Depth=  117893 States= 1.01e+08 Transitions= 5.51e+10 Memory=  3771.943	t= 9.05e+04 R=   1e+03
Depth=  117893 States= 1.02e+08 Transitions= 5.59e+10 Memory=  3796.651	t= 9.18e+04 R=   1e+03
Depth=  117893 States= 1.03e+08 Transitions= 5.64e+10 Memory=  3820.967	t= 9.28e+04 R=   1e+03
Depth=  117893 States= 1.04e+08 Transitions= 5.71e+10 Memory=  3845.283	t= 9.39e+04 R=   1e+03
Depth=  117893 States= 1.05e+08 Transitions= 5.76e+10 Memory=  3872.041	t= 9.46e+04 R=   1e+03
Depth=  117893 States= 1.06e+08 Transitions=  5.8e+10 Memory=  3901.436	t= 9.54e+04 R=   1e+03
Depth=  117893 States= 1.07e+08 Transitions= 5.85e+10 Memory=  3931.026	t= 9.61e+04 R=   1e+03
Depth=  117893 States= 1.08e+08 Transitions= 5.89e+10 Memory=  3956.318	t= 9.68e+04 R=   1e+03
Depth=  117893 States= 1.09e+08 Transitions= 5.96e+10 Memory=  3978.486	t= 9.79e+04 R=   1e+03
Depth=  117893 States=  1.1e+08 Transitions= 6.02e+10 Memory=  4002.901	t= 9.89e+04 R=   1e+03
Depth=  117893 States= 1.11e+08 Transitions= 6.06e+10 Memory=  4027.803	t= 9.96e+04 R=   1e+03
Depth=  117893 States= 1.12e+08 Transitions= 6.12e+10 Memory=  4051.924	t= 1.01e+05 R=   1e+03
Depth=  117893 States= 1.13e+08 Transitions= 6.16e+10 Memory=  4079.365	t= 1.01e+05 R=   1e+03
Depth=  117893 States= 1.14e+08 Transitions= 6.22e+10 Memory=  4104.756	t= 1.02e+05 R=   1e+03
Depth=  117893 States= 1.15e+08 Transitions= 6.28e+10 Memory=  4129.268	t= 1.03e+05 R=   1e+03
Depth=  117893 States= 1.16e+08 Transitions= 6.38e+10 Memory=  4155.537	t= 1.05e+05 R=   1e+03
Depth=  117893 States= 1.17e+08 Transitions= 6.44e+10 Memory=  4184.443	t= 1.06e+05 R=   1e+03
Depth=  117893 States= 1.18e+08 Transitions= 6.48e+10 Memory=  4211.397	t= 1.07e+05 R=   1e+03
Depth=  117893 States= 1.19e+08 Transitions= 6.51e+10 Memory=  4234.248	t= 1.07e+05 R=   1e+03
Depth=  117893 States=  1.2e+08 Transitions= 6.58e+10 Memory=  4262.471	t= 1.08e+05 R=   1e+03
Depth=  117893 States= 1.21e+08 Transitions= 6.65e+10 Memory=  4289.912	t= 1.17e+05 R=   1e+03
Depth=  117893 States= 1.22e+08 Transitions= 6.69e+10 Memory=  4315.791	t= 1.17e+05 R=   1e+03
Depth=  117893 States= 1.23e+08 Transitions= 6.74e+10 Memory=  4343.330	t= 1.18e+05 R=   1e+03
Depth=  117893 States= 1.24e+08 Transitions= 6.83e+10 Memory=  4368.623	t= 1.19e+05 R=   1e+03
Depth=  117893 States= 1.25e+08 Transitions= 6.86e+10 Memory=  4395.674	t= 1.2e+05 R=   1e+03
Depth=  117893 States= 1.26e+08 Transitions=  6.9e+10 Memory=  4419.990	t= 1.21e+05 R=   1e+03
Depth=  117893 States= 1.27e+08 Transitions= 6.94e+10 Memory=  4448.115	t= 1.21e+05 R=   1e+03
Depth=  117893 States= 1.28e+08 Transitions= 7.02e+10 Memory=  4473.994	t= 1.23e+05 R=   1e+03
Depth=  117893 States= 1.29e+08 Transitions= 7.05e+10 Memory=  4500.947	t= 1.23e+05 R=   1e+03
Depth=  117893 States=  1.3e+08 Transitions= 7.09e+10 Memory=  4526.826	t= 1.24e+05 R=   1e+03
Depth=  117893 States= 1.31e+08 Transitions= 7.18e+10 Memory=  4553.291	t= 1.25e+05 R=   1e+03
Depth=  117893 States= 1.32e+08 Transitions= 7.21e+10 Memory=  4581.221	t= 1.26e+05 R=   1e+03
Depth=  117893 States= 1.33e+08 Transitions= 7.25e+10 Memory=  4605.830	t= 1.26e+05 R=   1e+03
Depth=  117893 States= 1.34e+08 Transitions=  7.3e+10 Memory=  4632.197	t= 1.27e+05 R=   1e+03
Depth=  117893 States= 1.35e+08 Transitions= 7.35e+10 Memory=  4657.588	t= 1.33e+05 R=   1e+03
pan: resizing hashtable to -w28..  done
Depth=  117893 States= 1.36e+08 Transitions= 7.38e+10 Memory=  6705.588	t= 1.33e+05 R=   1e+03
Depth=  117893 States= 1.37e+08 Transitions= 7.46e+10 Memory=  6705.588	t= 1.35e+05 R=   1e+03
Depth=  117893 States= 1.38e+08 Transitions= 7.54e+10 Memory=  6720.627	t= 1.36e+05 R=   1e+03
Depth=  117893 States= 1.39e+08 Transitions= 7.57e+10 Memory=  6750.217	t= 1.37e+05 R=   1e+03
Depth=  117893 States=  1.4e+08 Transitions= 7.61e+10 Memory=  6775.803	t= 1.37e+05 R=   1e+03
Depth=  117893 States= 1.41e+08 Transitions= 7.65e+10 Memory=  6797.190	t= 1.38e+05 R=   1e+03
Depth=  117893 States= 1.42e+08 Transitions= 7.71e+10 Memory=  6823.068	t= 1.39e+05 R=   1e+03
Depth=  117893 States= 1.43e+08 Transitions= 7.76e+10 Memory=  6851.682	t= 1.4e+05 R=   1e+03
Depth=  117893 States= 1.44e+08 Transitions= 7.83e+10 Memory=  6879.611	t= 1.41e+05 R=   1e+03
Depth=  117893 States= 1.45e+08 Transitions= 7.87e+10 Memory=  6905.100	t= 1.41e+05 R=   1e+03
Depth=  117893 States= 1.46e+08 Transitions= 7.91e+10 Memory=  6929.318	t= 1.42e+05 R=   1e+03
Depth=  117893 States= 1.47e+08 Transitions= 7.96e+10 Memory=  6954.709	t= 1.43e+05 R=   1e+03
Depth=  117893 States= 1.48e+08 Transitions=    8e+10 Memory=  6983.225	t= 1.44e+05 R=   1e+03
Depth=  117893 States= 1.49e+08 Transitions= 8.05e+10 Memory=  7013.791	t= 1.44e+05 R=   1e+03
Depth=  117893 States=  1.5e+08 Transitions= 8.15e+10 Memory=  7037.033	t= 1.46e+05 R=   1e+03
Depth=  117893 States= 1.51e+08 Transitions= 8.19e+10 Memory=  7068.381	t= 1.47e+05 R=   1e+03
Depth=  117893 States= 1.52e+08 Transitions= 8.22e+10 Memory=  7093.576	t= 1.47e+05 R=   1e+03
Depth=  117893 States= 1.53e+08 Transitions= 8.26e+10 Memory=  7115.842	t= 1.48e+05 R=   1e+03
Depth=  117893 States= 1.54e+08 Transitions=  8.3e+10 Memory=  7144.358	t= 1.48e+05 R=   1e+03
Depth=  117893 States= 1.55e+08 Transitions= 8.39e+10 Memory=  7170.432	t= 1.5e+05 R=   1e+03
Depth=  117893 States= 1.56e+08 Transitions= 8.42e+10 Memory=  7197.483	t= 1.5e+05 R=   1e+03
Depth=  117893 States= 1.57e+08 Transitions= 8.46e+10 Memory=  7220.725	t= 1.51e+05 R=   1e+03
Depth=  117893 States= 1.58e+08 Transitions= 8.51e+10 Memory=  7246.701	t= 1.52e+05 R=   1e+03
Depth=  117893 States= 1.59e+08 Transitions= 8.55e+10 Memory=  7273.752	t= 1.52e+05 R=   1e+03
Depth=  117893 States=  1.6e+08 Transitions= 8.58e+10 Memory=  7302.951	t= 1.53e+05 R=   1e+03
Depth=  117893 States= 1.61e+08 Transitions= 8.64e+10 Memory=  7327.365	t= 1.54e+05 R=   1e+03
Depth=  117893 States= 1.62e+08 Transitions= 8.69e+10 Memory=  7353.049	t= 1.55e+05 R=   1e+03
Depth=  117893 States= 1.63e+08 Transitions= 8.73e+10 Memory=  7379.318	t= 1.55e+05 R=   1e+03
Depth=  117893 States= 1.64e+08 Transitions= 8.77e+10 Memory=  7404.904	t= 1.56e+05 R=   1e+03
Depth=  117893 States= 1.65e+08 Transitions= 8.82e+10 Memory=  7429.514	t= 1.57e+05 R=   1e+03
Depth=  117893 States= 1.66e+08 Transitions= 8.87e+10 Memory=  7453.733	t= 1.58e+05 R=   1e+03
Depth=  117893 States= 1.67e+08 Transitions= 8.95e+10 Memory=  7477.561	t= 1.59e+05 R=   1e+03
Depth=  117893 States= 1.68e+08 Transitions= 9.02e+10 Memory=  7501.096	t= 1.6e+05 R=   1e+03
Depth=  117893 States= 1.69e+08 Transitions= 9.07e+10 Memory=  7527.365	t= 1.61e+05 R=   1e+03
Depth=  117893 States=  1.7e+08 Transitions= 9.11e+10 Memory=  7553.830	t= 1.61e+05 R=   1e+03
Depth=  117893 States= 1.71e+08 Transitions= 9.16e+10 Memory=  7577.951	t= 1.62e+05 R=   1e+03
Depth=  117893 States= 1.72e+08 Transitions= 9.24e+10 Memory=  7602.658	t= 1.63e+05 R=   1e+03
Depth=  117893 States= 1.73e+08 Transitions= 9.35e+10 Memory=  7626.096	t= 1.65e+05 R=   1e+03
Depth=  117893 States= 1.74e+08 Transitions= 9.39e+10 Memory=  7656.369	t= 1.66e+05 R=   1e+03
Depth=  117893 States= 1.75e+08 Transitions= 9.43e+10 Memory=  7682.834	t= 1.67e+05 R=   1e+03
Depth=  117893 States= 1.76e+08 Transitions= 9.49e+10 Memory=  7709.201	t= 1.67e+05 R=   1e+03
Depth=  117893 States= 1.77e+08 Transitions= 9.55e+10 Memory=  7736.447	t= 1.68e+05 R=   1e+03
Depth=  117893 States= 1.78e+08 Transitions= 9.61e+10 Memory=  7763.791	t= 1.69e+05 R=   1e+03
Depth=  117893 States= 1.79e+08 Transitions= 9.66e+10 Memory=  7790.061	t= 1.7e+05 R=   1e+03
Depth=  117893 States=  1.8e+08 Transitions= 9.72e+10 Memory=  7817.600	t= 1.71e+05 R=   1e+03
Depth=  117893 States= 1.81e+08 Transitions=  9.8e+10 Memory=  7837.912	t= 1.73e+05 R=   1e+03
Depth=  117893 States= 1.82e+08 Transitions= 9.88e+10 Memory=  7858.127	t= 1.74e+05 R=   1e+03
Depth=  117893 States= 1.83e+08 Transitions= 9.95e+10 Memory=  7886.154	t= 1.75e+05 R=   1e+03
Depth=  117893 States= 1.84e+08 Transitions=    1e+11 Memory=  7912.522	t= 1.76e+05 R=   1e+03
Depth=  117893 States= 1.85e+08 Transitions= 1.01e+11 Memory=  7937.717	t= 1.77e+05 R=   1e+03
Depth=  117893 States= 1.86e+08 Transitions= 1.02e+11 Memory=  7962.815	t= 1.78e+05 R=   1e+03
Depth=  117893 States= 1.87e+08 Transitions= 1.02e+11 Memory=  7988.010	t= 1.79e+05 R=   1e+03
Depth=  117893 States= 1.88e+08 Transitions= 1.03e+11 Memory=  8014.768	t= 1.8e+05 R=   1e+03
Depth=  117893 States= 1.89e+08 Transitions= 1.03e+11 Memory=  8040.061	t= 1.81e+05 R=   1e+03
Depth=  117893 States=  1.9e+08 Transitions= 1.04e+11 Memory=  8066.818	t= 1.82e+05 R=   1e+03
Depth=  117893 States= 1.91e+08 Transitions= 1.05e+11 Memory=  8090.451	t= 1.83e+05 R=   1e+03
Depth=  117893 States= 1.92e+08 Transitions= 1.05e+11 Memory=  8116.330	t= 1.84e+05 R=   1e+03
Depth=  117893 States= 1.93e+08 Transitions= 1.06e+11 Memory=  8144.748	t= 1.85e+05 R=   1e+03
Depth=  117893 States= 1.94e+08 Transitions= 1.07e+11 Memory=  8170.822	t= 1.86e+05 R=   1e+03
Depth=  117893 States= 1.95e+08 Transitions= 1.07e+11 Memory=  8196.604	t= 1.87e+05 R=   1e+03
Depth=  117893 States= 1.96e+08 Transitions= 1.07e+11 Memory=  8222.873	t= 1.87e+05 R=   1e+03
Depth=  117893 States= 1.97e+08 Transitions= 1.08e+11 Memory=  8252.658	t= 1.88e+05 R=   1e+03
Depth=  117893 States= 1.98e+08 Transitions= 1.08e+11 Memory=  8278.147	t= 1.89e+05 R=   1e+03
Depth=  117893 States= 1.99e+08 Transitions= 1.08e+11 Memory=  8305.490	t= 1.89e+05 R=   1e+03
Depth=  117893 States=    2e+08 Transitions= 1.09e+11 Memory=  8332.151	t= 1.9e+05 R=   1e+03
Depth=  117893 States= 2.01e+08 Transitions= 1.09e+11 Memory=  8355.979	t= 1.91e+05 R=   1e+03
Depth=  117893 States= 2.02e+08 Transitions=  1.1e+11 Memory=  8383.225	t= 1.91e+05 R=   1e+03
Depth=  117893 States= 2.03e+08 Transitions=  1.1e+11 Memory=  8410.959	t= 1.92e+05 R=   1e+03
Depth=  117893 States= 2.04e+08 Transitions= 1.11e+11 Memory=  8437.912	t= 1.93e+05 R=   1e+03
Depth=  117893 States= 2.05e+08 Transitions= 1.11e+11 Memory=  8465.256	t= 1.94e+05 R=   1e+03
Depth=  117893 States= 2.06e+08 Transitions= 1.12e+11 Memory=  8489.670	t= 1.94e+05 R=   1e+03
Depth=  117893 States= 2.07e+08 Transitions= 1.12e+11 Memory=  8517.600	t= 1.95e+05 R=   1e+03
Depth=  117893 States= 2.08e+08 Transitions= 1.12e+11 Memory=  8543.088	t= 1.96e+05 R=   1e+03
Depth=  117893 States= 2.09e+08 Transitions= 1.13e+11 Memory=  8566.233	t= 1.97e+05 R=   1e+03
Depth=  117893 States=  2.1e+08 Transitions= 1.14e+11 Memory=  8590.744	t= 1.98e+05 R=   1e+03
Depth=  117893 States= 2.11e+08 Transitions= 1.14e+11 Memory=  8613.693	t= 1.99e+05 R=   1e+03
Depth=  117893 States= 2.12e+08 Transitions= 1.15e+11 Memory=  8642.502	t= 2.01e+05 R=   1e+03
Depth=  117893 States= 2.13e+08 Transitions= 1.16e+11 Memory=  8672.873	t= 2.02e+05 R=   1e+03
Depth=  117893 States= 2.14e+08 Transitions= 1.18e+11 Memory=  8697.483	t= 2.04e+05 R=   1e+03
Depth=  117893 States= 2.15e+08 Transitions= 1.19e+11 Memory=  8722.190	t= 2.06e+05 R=   1e+03
Depth=  117893 States= 2.16e+08 Transitions=  1.2e+11 Memory=  8744.455	t= 2.08e+05 R=   1e+03
Depth=  117893 States= 2.17e+08 Transitions= 1.21e+11 Memory=  8765.842	t= 2.09e+05 R=   1e+03
Depth=  117893 States= 2.18e+08 Transitions= 1.22e+11 Memory=  8785.861	t= 2.11e+05 R=   1e+03
Depth=  117893 States= 2.19e+08 Transitions= 1.23e+11 Memory=  8804.904	t= 2.13e+05 R=   1e+03
Depth=  117893 States=  2.2e+08 Transitions= 1.24e+11 Memory=  8823.850	t= 2.15e+05 R=   1e+03
Depth=  117893 States= 2.21e+08 Transitions= 1.24e+11 Memory=  8850.705	t= 2.15e+05 R=   1e+03
Depth=  117893 States= 2.22e+08 Transitions= 1.25e+11 Memory=  8877.365	t= 2.16e+05 R=   1e+03
Depth=  117893 States= 2.23e+08 Transitions= 1.25e+11 Memory=  8902.268	t= 2.17e+05 R=   1e+03
Depth=  117893 States= 2.24e+08 Transitions= 1.26e+11 Memory=  8927.268	t= 2.19e+05 R=   1e+03
Depth=  117893 States= 2.25e+08 Transitions= 1.27e+11 Memory=  8949.143	t= 2.2e+05 R=   1e+03
Depth=  117893 States= 2.26e+08 Transitions= 1.28e+11 Memory=  8973.459	t= 2.22e+05 R=   1e+03
Depth=  117893 States= 2.27e+08 Transitions= 1.29e+11 Memory=  9004.807	t= 2.22e+05 R=   1e+03
Depth=  117893 States= 2.28e+08 Transitions= 1.29e+11 Memory=  9031.174	t= 2.23e+05 R=   1e+03
Depth=  117893 States= 2.29e+08 Transitions= 1.29e+11 Memory=  9054.709	t= 2.23e+05 R=   1e+03
Depth=  117893 States=  2.3e+08 Transitions=  1.3e+11 Memory=  9077.756	t= 2.24e+05 R=   1e+03
Depth=  117893 States= 2.31e+08 Transitions=  1.3e+11 Memory=  9103.830	t= 2.25e+05 R=   1e+03
Depth=  117893 States= 2.32e+08 Transitions= 1.31e+11 Memory=  9128.830	t= 2.26e+05 R=   1e+03
Depth=  117893 States= 2.33e+08 Transitions= 1.32e+11 Memory=  9150.315	t= 2.28e+05 R=   1e+03
Depth=  117893 States= 2.34e+08 Transitions= 1.32e+11 Memory=  9175.705	t= 2.29e+05 R=   1e+03
Depth=  117893 States= 2.35e+08 Transitions= 1.33e+11 Memory=  9201.096	t= 2.3e+05 R=   1e+03
Depth=  117893 States= 2.36e+08 Transitions= 1.34e+11 Memory=  9226.682	t= 2.31e+05 R=   1e+03
Depth=  117893 States= 2.37e+08 Transitions= 1.34e+11 Memory=  9253.049	t= 2.31e+05 R=   1e+03
Depth=  117893 States= 2.38e+08 Transitions= 1.35e+11 Memory=  9276.291	t= 2.33e+05 R=   1e+03
Depth=  117893 States= 2.39e+08 Transitions= 1.36e+11 Memory=  9300.608	t= 2.34e+05 R=   1e+03
Depth=  117893 States=  2.4e+08 Transitions= 1.37e+11 Memory=  9324.240	t= 2.35e+05 R=   1e+03
Depth=  117893 States= 2.41e+08 Transitions= 1.37e+11 Memory=  9348.361	t= 2.37e+05 R=   1e+03
Depth=  117893 States= 2.42e+08 Transitions= 1.38e+11 Memory=  9372.873	t= 2.38e+05 R=   1e+03
Depth=  117893 States= 2.43e+08 Transitions= 1.39e+11 Memory=  9396.604	t= 2.39e+05 R=   1e+03
Depth=  117893 States= 2.44e+08 Transitions= 1.39e+11 Memory=  9421.994	t= 2.4e+05 R=   1e+03
Depth=  117893 States= 2.45e+08 Transitions=  1.4e+11 Memory=  9450.998	t= 2.41e+05 R=   1e+03
Depth=  117893 States= 2.46e+08 Transitions= 1.41e+11 Memory=  9475.217	t= 2.42e+05 R=   1e+03
Depth=  117893 States= 2.47e+08 Transitions= 1.41e+11 Memory=  9498.264	t= 2.43e+05 R=   1e+03
Depth=  117893 States= 2.48e+08 Transitions= 1.42e+11 Memory=  9522.580	t= 2.44e+05 R=   1e+03
Depth=  117893 States= 2.49e+08 Transitions= 1.42e+11 Memory=  9549.924	t= 2.45e+05 R=   1e+03
Depth=  117893 States=  2.5e+08 Transitions= 1.43e+11 Memory=  9579.807	t= 2.45e+05 R=   1e+03
Depth=  117893 States= 2.51e+08 Transitions= 1.43e+11 Memory=  9609.104	t= 2.46e+05 R=   1e+03
Depth=  117893 States= 2.52e+08 Transitions= 1.44e+11 Memory=  9631.858	t= 2.47e+05 R=   1e+03
Depth=  117893 States= 2.53e+08 Transitions= 1.45e+11 Memory=  9652.756	t= 2.48e+05 R=   1e+03
Depth=  117893 States= 2.54e+08 Transitions= 1.45e+11 Memory=  9678.733	t= 2.49e+05 R=   1e+03
Depth=  117893 States= 2.55e+08 Transitions= 1.45e+11 Memory=  9703.733	t= 2.5e+05 R=   1e+03
Depth=  117893 States= 2.56e+08 Transitions= 1.46e+11 Memory=  9728.440	t= 2.5e+05 R=   1e+03
Depth=  117893 States= 2.57e+08 Transitions= 1.46e+11 Memory=  9757.834	t= 2.51e+05 R=   1e+03
Depth=  117893 States= 2.58e+08 Transitions= 1.47e+11 Memory=  9784.006	t= 2.52e+05 R=   1e+03
Depth=  117893 States= 2.59e+08 Transitions= 1.48e+11 Memory=  9810.959	t= 2.54e+05 R=   1e+03
Depth=  117893 States=  2.6e+08 Transitions= 1.48e+11 Memory=  9839.475	t= 2.54e+05 R=   1e+03
Depth=  117893 States= 2.61e+08 Transitions= 1.49e+11 Memory=  9862.717	t= 2.55e+05 R=   1e+03
Depth=  117893 States= 2.62e+08 Transitions= 1.49e+11 Memory=  9891.428	t= 2.56e+05 R=   1e+03
Depth=  117893 States= 2.63e+08 Transitions=  1.5e+11 Memory=  9916.623	t= 2.57e+05 R=   1e+03
Depth=  117893 States= 2.64e+08 Transitions=  1.5e+11 Memory=  9944.162	t= 2.58e+05 R=   1e+03
Depth=  117893 States= 2.65e+08 Transitions= 1.51e+11 Memory=  9969.358	t= 2.58e+05 R=   1e+03
Depth=  117893 States= 2.66e+08 Transitions= 1.52e+11 Memory=  9995.432	t= 2.6e+05 R=   1e+03
Depth=  117893 States= 2.67e+08 Transitions= 1.52e+11 Memory= 10023.654	t= 2.6e+05 R=   1e+03
Depth=  117893 States= 2.68e+08 Transitions= 1.52e+11 Memory= 10047.580	t= 2.61e+05 R=   1e+03
Depth=  117893 States= 2.69e+08 Transitions= 1.53e+11 Memory= 10075.022	t= 2.62e+05 R=   1e+03
Depth=  117893 States=  2.7e+08 Transitions= 1.54e+11 Memory= 10101.779	t= 2.63e+05 R=   1e+03
Depth=  117893 States= 2.71e+08 Transitions= 1.54e+11 Memory= 10129.221	t= 2.64e+05 R=   1e+03
Depth=  117893 States= 2.72e+08 Transitions= 1.54e+11 Memory= 10154.416	t= 2.64e+05 R=   1e+03
Depth=  117893 States= 2.73e+08 Transitions= 1.55e+11 Memory= 10180.393	t= 2.66e+05 R=   1e+03
Depth=  117893 States= 2.74e+08 Transitions= 1.56e+11 Memory= 10209.104	t= 2.66e+05 R=   1e+03
Depth=  117893 States= 2.75e+08 Transitions= 1.56e+11 Memory= 10232.541	t= 2.67e+05 R=   1e+03
Depth=  117893 States= 2.76e+08 Transitions= 1.57e+11 Memory= 10259.690	t= 2.68e+05 R=   1e+03
Depth=  117893 States= 2.77e+08 Transitions= 1.57e+11 Memory= 10285.080	t= 2.68e+05 R=   1e+03
Depth=  117893 States= 2.78e+08 Transitions= 1.57e+11 Memory= 10311.154	t= 2.69e+05 R=   1e+03
Depth=  117893 States= 2.79e+08 Transitions= 1.58e+11 Memory= 10337.033	t= 2.71e+05 R=   1e+03
