make[1]: Entering directory `/home/compudj/doc/userspace-rcu/formal-model/urcu-controldataflow-alpha-ipi-compress'
rm -f pan* trail.out .input.spin* *.spin.trail .input.define
touch .input.define
cat .input.define > pan.ltl
cat DEFINES >> pan.ltl
spin -f "!(`cat urcu_progress.ltl | grep -v ^//`)" >> pan.ltl
cp urcu_progress_writer.define .input.define
cat .input.define > .input.spin
cat DEFINES >> .input.spin
cat urcu.spin >> .input.spin
rm -f .input.spin.trail
spin -a -X -N pan.ltl .input.spin
Exit-Status 0
gcc -O2 -w -DHASH64 -DCOLLAPSE -o pan pan.c
./pan -a -f -v -c1 -X -m10000000 -w20
warning: for p.o. reduction to be valid the never claim must be stutter-invariant
(never claims generated from LTL formulae are stutter-invariant)
depth 0: Claim reached state 5 (line 1362)
depth 7: Claim reached state 9 (line 1367)
depth 50: Claim reached state 9 (line 1366)
Depth=    7605 States=    1e+06 Transitions= 3.21e+08 Memory=   493.010	t=    500 R=   2e+03
Depth=    7605 States=    2e+06 Transitions= 6.35e+08 Memory=   518.401	t=    996 R=   2e+03
Depth=    7605 States=    3e+06 Transitions= 9.46e+08 Memory=   549.455	t= 1.5e+03 R=   2e+03
pan: resizing hashtable to -w22..  done
Depth=    7605 States=    4e+06 Transitions= 1.25e+09 Memory=   609.776	t= 1.97e+03 R=   2e+03
Depth=    9389 States=    5e+06 Transitions= 1.56e+09 Memory=   634.873	t= 2.46e+03 R=   2e+03
Depth=    9389 States=    6e+06 Transitions= 1.88e+09 Memory=   662.315	t= 2.97e+03 R=   2e+03
Depth=    9389 States=    7e+06 Transitions= 2.25e+09 Memory=   688.193	t= 3.58e+03 R=   2e+03
Depth=    9389 States=    8e+06 Transitions= 2.61e+09 Memory=   716.611	t= 4.18e+03 R=   2e+03
Depth=    9389 States=    9e+06 Transitions= 2.96e+09 Memory=   743.662	t= 4.75e+03 R=   2e+03
pan: resizing hashtable to -w24..  done
Depth=    9389 States=    1e+07 Transitions= 3.29e+09 Memory=   894.611	t= 5.26e+03 R=   2e+03
Depth=    9389 States=  1.1e+07 Transitions= 3.62e+09 Memory=   921.076	t= 5.77e+03 R=   2e+03
Depth=    9389 States=  1.2e+07 Transitions= 3.93e+09 Memory=   947.053	t= 6.27e+03 R=   2e+03
Depth=    9389 States=  1.3e+07 Transitions= 4.25e+09 Memory=   974.299	t= 6.76e+03 R=   2e+03
Depth=    9389 States=  1.4e+07 Transitions= 4.55e+09 Memory=  1004.963	t= 7.23e+03 R=   2e+03
Depth=    9389 States=  1.5e+07 Transitions= 4.87e+09 Memory=  1029.963	t= 7.73e+03 R=   2e+03
Depth=    9389 States=  1.6e+07 Transitions= 5.18e+09 Memory=  1058.088	t= 8.23e+03 R=   2e+03
Depth=    9389 States=  1.7e+07 Transitions= 5.48e+09 Memory=  1087.580	t= 8.71e+03 R=   2e+03
Depth=    9389 States=  1.8e+07 Transitions= 5.79e+09 Memory=  1113.166	t= 9.19e+03 R=   2e+03
Depth=    9389 States=  1.9e+07 Transitions=  6.1e+09 Memory=  1139.143	t= 9.68e+03 R=   2e+03
Depth=    9389 States=    2e+07 Transitions= 6.59e+09 Memory=  1164.436	t= 1.05e+04 R=   2e+03
Depth=    9389 States=  2.1e+07 Transitions= 7.19e+09 Memory=  1188.557	t= 1.15e+04 R=   2e+03
Depth=    9389 States=  2.2e+07 Transitions= 8.02e+09 Memory=  1210.236	t= 1.28e+04 R=   2e+03
Depth=    9389 States=  2.3e+07 Transitions= 8.41e+09 Memory=  1237.385	t= 1.35e+04 R=   2e+03
Depth=    9389 States=  2.4e+07 Transitions= 8.96e+09 Memory=  1261.604	t= 1.44e+04 R=   2e+03
Depth=    9389 States=  2.5e+07 Transitions= 9.91e+09 Memory=  1287.287	t= 1.6e+04 R=   2e+03
Depth=    9389 States=  2.6e+07 Transitions= 1.06e+10 Memory=  1312.971	t= 1.71e+04 R=   2e+03
Depth=    9600 States=  2.7e+07 Transitions=  1.1e+10 Memory=  1340.510	t= 1.78e+04 R=   2e+03
Depth=    9600 States=  2.8e+07 Transitions= 1.15e+10 Memory=  1367.756	t= 1.86e+04 R=   2e+03
Depth=    9600 States=  2.9e+07 Transitions= 1.21e+10 Memory=  1395.100	t= 1.96e+04 R=   1e+03
Depth=    9600 States=    3e+07 Transitions= 1.27e+10 Memory=  1422.639	t= 2.05e+04 R=   1e+03
Depth=    9600 States=  3.1e+07 Transitions= 1.32e+10 Memory=  1448.908	t= 2.15e+04 R=   1e+03
Depth=    9600 States=  3.2e+07 Transitions= 1.39e+10 Memory=  1474.494	t= 2.25e+04 R=   1e+03
Depth=    9600 States=  3.3e+07 Transitions= 1.46e+10 Memory=  1494.807	t= 2.38e+04 R=   1e+03
Depth=    9600 States=  3.4e+07 Transitions= 1.52e+10 Memory=  1519.709	t= 2.47e+04 R=   1e+03
pan: resizing hashtable to -w26..  done
Depth=    9600 States=  3.5e+07 Transitions= 1.58e+10 Memory=  2042.061	t= 2.57e+04 R=   1e+03
Depth=    9600 States=  3.6e+07 Transitions= 1.63e+10 Memory=  2068.916	t= 2.66e+04 R=   1e+03
Depth=    9600 States=  3.7e+07 Transitions=  1.7e+10 Memory=  2094.404	t= 2.75e+04 R=   1e+03
Depth=    9600 States=  3.8e+07 Transitions= 1.76e+10 Memory=  2119.893	t= 2.86e+04 R=   1e+03
Depth=    9600 States=  3.9e+07 Transitions= 1.82e+10 Memory=  2144.697	t= 2.96e+04 R=   1e+03
Depth=    9600 States=    4e+07 Transitions= 1.87e+10 Memory=  2173.018	t= 3.03e+04 R=   1e+03
Depth=    9600 States=  4.1e+07 Transitions= 1.93e+10 Memory=  2200.068	t= 3.13e+04 R=   1e+03
Depth=    9600 States=  4.2e+07 Transitions= 1.98e+10 Memory=  2225.459	t= 3.22e+04 R=   1e+03
Depth=    9600 States=  4.3e+07 Transitions= 2.05e+10 Memory=  2252.217	t= 3.32e+04 R=   1e+03
Depth=    9600 States=  4.4e+07 Transitions= 2.13e+10 Memory=  2275.557	t= 3.45e+04 R=   1e+03
Depth=    9600 States=  4.5e+07 Transitions= 2.18e+10 Memory=  2303.096	t= 3.53e+04 R=   1e+03
Depth=    9600 States=  4.6e+07 Transitions= 2.22e+10 Memory=  2327.608	t= 3.59e+04 R=   1e+03
Depth=    9600 States=  4.7e+07 Transitions= 2.25e+10 Memory=  2355.342	t= 3.65e+04 R=   1e+03
Depth=    9600 States=  4.8e+07 Transitions= 2.28e+10 Memory=  2385.029	t= 3.7e+04 R=   1e+03
Depth=    9600 States=  4.9e+07 Transitions= 2.32e+10 Memory=  2413.643	t= 3.75e+04 R=   1e+03
Depth=    9600 States=    5e+07 Transitions= 2.35e+10 Memory=  2439.522	t= 3.81e+04 R=   1e+03
Depth=    9600 States=  5.1e+07 Transitions= 2.42e+10 Memory=  2462.959	t= 3.91e+04 R=   1e+03
Depth=    9600 States=  5.2e+07 Transitions= 2.46e+10 Memory=  2490.498	t= 3.97e+04 R=   1e+03
Depth=    9600 States=  5.3e+07 Transitions= 2.49e+10 Memory=  2519.600	t= 4.03e+04 R=   1e+03
Depth=    9600 States=  5.4e+07 Transitions= 2.53e+10 Memory=  2545.674	t= 4.09e+04 R=   1e+03
Depth=    9600 States=  5.5e+07 Transitions= 2.56e+10 Memory=  2574.190	t= 4.13e+04 R=   1e+03
Depth=    9600 States=  5.6e+07 Transitions=  2.6e+10 Memory=  2598.604	t= 4.2e+04 R=   1e+03
Depth=    9600 States=  5.7e+07 Transitions= 2.66e+10 Memory=  2622.334	t= 4.3e+04 R=   1e+03
Depth=    9600 States=  5.8e+07 Transitions= 2.73e+10 Memory=  2645.869	t= 4.41e+04 R=   1e+03
Depth=    9600 States=  5.9e+07 Transitions= 2.81e+10 Memory=  2668.623	t= 4.54e+04 R=   1e+03
Depth=    9600 States=    6e+07 Transitions= 2.91e+10 Memory=  2701.631	t= 4.72e+04 R=   1e+03
Depth=    9600 States=  6.1e+07 Transitions= 3.02e+10 Memory=  2729.170	t= 4.9e+04 R=   1e+03
Depth=    9600 States=  6.2e+07 Transitions= 3.14e+10 Memory=  2754.072	t= 5.09e+04 R=   1e+03
Depth=    9600 States=  6.3e+07 Transitions= 3.25e+10 Memory=  2778.682	t= 5.29e+04 R=   1e+03
Depth=    9600 States=  6.4e+07 Transitions= 3.35e+10 Memory=  2799.190	t= 5.46e+04 R=   1e+03
Depth=    9600 States=  6.5e+07 Transitions= 3.45e+10 Memory=  2820.869	t= 5.61e+04 R=   1e+03
Depth=    9600 States=  6.6e+07 Transitions= 3.56e+10 Memory=  2840.401	t= 5.81e+04 R=   1e+03
Depth=    9600 States=  6.7e+07 Transitions= 3.66e+10 Memory=  2859.443	t= 5.98e+04 R=   1e+03
Depth=    9600 States=  6.8e+07 Transitions= 3.74e+10 Memory=  2881.807	t= 6.1e+04 R=   1e+03
Depth=    9600 States=  6.9e+07 Transitions= 3.78e+10 Memory=  2909.053	t= 6.17e+04 R=   1e+03
Depth=    9600 States=    7e+07 Transitions= 3.84e+10 Memory=  2934.151	t= 6.27e+04 R=   1e+03
Depth=    9600 States=  7.1e+07 Transitions= 3.94e+10 Memory=  2959.053	t= 6.43e+04 R=   1e+03
Depth=    9600 States=  7.2e+07 Transitions= 4.05e+10 Memory=  2980.049	t= 6.62e+04 R=   1e+03
Depth=    9600 States=  7.3e+07 Transitions= 4.11e+10 Memory=  3007.197	t= 6.72e+04 R=   1e+03
Depth=    9600 States=  7.4e+07 Transitions= 4.14e+10 Memory=  3037.276	t= 6.78e+04 R=   1e+03
Depth=    9600 States=  7.5e+07 Transitions= 4.18e+10 Memory=  3063.252	t= 6.83e+04 R=   1e+03
Depth=    9600 States=  7.6e+07 Transitions= 4.21e+10 Memory=  3087.276	t= 6.89e+04 R=   1e+03
Depth=    9600 States=  7.7e+07 Transitions= 4.26e+10 Memory=  3112.178	t= 6.95e+04 R=   1e+03
Depth=    9600 States=  7.8e+07 Transitions=  4.3e+10 Memory=  3137.764	t= 7.03e+04 R=   1e+03
Depth=    9600 States=  7.9e+07 Transitions=  4.4e+10 Memory=  3162.178	t= 7.2e+04 R=   1e+03
Depth=    9600 States=    8e+07 Transitions= 4.48e+10 Memory=  3185.420	t= 7.32e+04 R=   1e+03
Depth=    9600 States=  8.1e+07 Transitions= 4.53e+10 Memory=  3212.276	t= 7.4e+04 R=   1e+03
Depth=    9600 States=  8.2e+07 Transitions=  4.6e+10 Memory=  3237.178	t= 7.52e+04 R=   1e+03
Depth=    9600 States=  8.3e+07 Transitions=  4.7e+10 Memory=  3261.299	t= 7.69e+04 R=   1e+03
Depth=    9600 States=  8.4e+07 Transitions= 4.75e+10 Memory=  3286.104	t= 7.76e+04 R=   1e+03
Depth=    9600 States=  8.5e+07 Transitions= 4.84e+10 Memory=  3309.639	t= 7.91e+04 R=   1e+03
Depth=    9600 States=  8.6e+07 Transitions= 4.91e+10 Memory=  3333.272	t= 8.04e+04 R=   1e+03
Depth=    9600 States=  8.7e+07 Transitions= 4.98e+10 Memory=  3358.272	t= 8.15e+04 R=   1e+03
Depth=    9600 States=  8.8e+07 Transitions= 5.04e+10 Memory=  3382.490	t= 8.25e+04 R=   1e+03
Depth=    9600 States=  8.9e+07 Transitions= 5.09e+10 Memory=  3410.908	t= 8.32e+04 R=   1e+03
Depth=    9600 States=    9e+07 Transitions= 5.14e+10 Memory=  3437.959	t= 8.41e+04 R=   1e+03
Depth=    9600 States=  9.1e+07 Transitions= 5.23e+10 Memory=  3460.908	t= 8.56e+04 R=   1e+03
Depth=    9600 States=  9.2e+07 Transitions= 5.32e+10 Memory=  3484.639	t= 8.71e+04 R=   1e+03
Depth=    9600 States=  9.3e+07 Transitions= 5.37e+10 Memory=  3509.932	t= 8.79e+04 R=   1e+03
Depth=    9600 States=  9.4e+07 Transitions= 5.44e+10 Memory=  3534.346	t= 8.91e+04 R=   1e+03
Depth=    9600 States=  9.5e+07 Transitions= 5.49e+10 Memory=  3561.299	t= 8.98e+04 R=   1e+03
Depth=    9600 States=  9.6e+07 Transitions= 5.53e+10 Memory=  3589.522	t= 9.06e+04 R=   1e+03
Depth=    9600 States=  9.7e+07 Transitions= 5.58e+10 Memory=  3619.209	t= 9.14e+04 R=   1e+03
Depth=    9600 States=  9.8e+07 Transitions= 5.62e+10 Memory=  3645.576	t= 9.2e+04 R=   1e+03
Depth=    9600 States=  9.9e+07 Transitions= 5.68e+10 Memory=  3668.623	t= 9.31e+04 R=   1e+03
Depth=    9600 States=    1e+08 Transitions= 5.75e+10 Memory=  3692.061	t= 9.41e+04 R=   1e+03
Depth=    9600 States= 1.01e+08 Transitions= 5.79e+10 Memory=  3717.940	t= 9.48e+04 R=   1e+03
Depth=    9600 States= 1.02e+08 Transitions= 5.85e+10 Memory=  3741.963	t= 9.57e+04 R=   1e+03
Depth=    9600 States= 1.03e+08 Transitions= 5.89e+10 Memory=  3768.428	t= 9.64e+04 R=   1e+03
Depth=    9600 States= 1.04e+08 Transitions= 5.95e+10 Memory=  3795.186	t= 9.75e+04 R=   1e+03
Depth=    9600 States= 1.05e+08 Transitions= 6.01e+10 Memory=  3820.283	t= 9.84e+04 R=   1e+03
Depth=    9600 States= 1.06e+08 Transitions= 6.09e+10 Memory=  3846.358	t= 9.98e+04 R=   1e+03
Depth=   10157 States= 1.07e+08 Transitions= 6.17e+10 Memory=  3873.408	t= 1.01e+05 R=   1e+03
Depth=   10157 States= 1.08e+08 Transitions= 6.21e+10 Memory=  3901.924	t= 1.02e+05 R=   1e+03
Depth=   10157 States= 1.09e+08 Transitions= 6.24e+10 Memory=  3925.850	t= 1.02e+05 R=   1e+03
Depth=   10157 States=  1.1e+08 Transitions= 6.29e+10 Memory=  3955.244	t= 1.03e+05 R=   1e+03
Depth=   10193 States= 1.11e+08 Transitions= 6.38e+10 Memory=  3979.854	t= 1.05e+05 R=   1e+03
Depth=   10193 States= 1.12e+08 Transitions= 6.42e+10 Memory=  4007.686	t= 1.05e+05 R=   1e+03
Depth=   10193 States= 1.13e+08 Transitions= 6.45e+10 Memory=  4033.076	t= 1.06e+05 R=   1e+03
Depth=   10193 States= 1.14e+08 Transitions= 6.55e+10 Memory=  4060.127	t= 1.07e+05 R=   1e+03
Depth=   10193 States= 1.15e+08 Transitions= 6.59e+10 Memory=  4088.057	t= 1.08e+05 R=   1e+03
Depth=   10193 States= 1.16e+08 Transitions= 6.63e+10 Memory=  4112.276	t= 1.09e+05 R=   1e+03
Depth=   10193 States= 1.17e+08 Transitions= 6.66e+10 Memory=  4140.986	t= 1.09e+05 R=   1e+03
Depth=   10193 States= 1.18e+08 Transitions= 6.73e+10 Memory=  4167.158	t= 1.1e+05 R=   1e+03
Depth=   10193 States= 1.19e+08 Transitions= 6.78e+10 Memory=  4195.088	t= 1.11e+05 R=   1e+03
Depth=   10193 States=  1.2e+08 Transitions= 6.82e+10 Memory=  4220.674	t= 1.12e+05 R=   1e+03
Depth=   10193 States= 1.21e+08 Transitions=  6.9e+10 Memory=  4247.041	t= 1.13e+05 R=   1e+03
Depth=   10193 States= 1.22e+08 Transitions= 6.94e+10 Memory=  4275.166	t= 1.14e+05 R=   1e+03
Depth=   10193 States= 1.23e+08 Transitions= 6.98e+10 Memory=  4299.287	t= 1.14e+05 R=   1e+03
Depth=   10193 States= 1.24e+08 Transitions= 7.03e+10 Memory=  4326.143	t= 1.15e+05 R=   1e+03
Depth=   10193 States= 1.25e+08 Transitions= 7.08e+10 Memory=  4352.901	t= 1.16e+05 R=   1e+03
Depth=   10193 States= 1.26e+08 Transitions= 7.11e+10 Memory=  4380.440	t= 1.17e+05 R=   1e+03
Depth=   10193 States= 1.27e+08 Transitions= 7.17e+10 Memory=  4407.490	t= 1.18e+05 R=   1e+03
Depth=   10193 States= 1.28e+08 Transitions= 7.26e+10 Memory=  4431.026	t= 1.19e+05 R=   1e+03
Depth=   10193 States= 1.29e+08 Transitions=  7.3e+10 Memory=  4461.787	t= 1.2e+05 R=   1e+03
Depth=   10193 States=  1.3e+08 Transitions= 7.34e+10 Memory=  4487.373	t= 1.2e+05 R=   1e+03
Depth=   10193 States= 1.31e+08 Transitions= 7.37e+10 Memory=  4511.006	t= 1.21e+05 R=   1e+03
Depth=   10193 States= 1.32e+08 Transitions= 7.43e+10 Memory=  4536.494	t= 1.22e+05 R=   1e+03
Depth=   10193 States= 1.33e+08 Transitions= 7.47e+10 Memory=  4564.815	t= 1.23e+05 R=   1e+03
Depth=   10193 States= 1.34e+08 Transitions= 7.56e+10 Memory=  4590.498	t= 1.24e+05 R=   1e+03
Depth=   10193 States= 1.35e+08 Transitions=  7.6e+10 Memory=  4619.209	t= 1.25e+05 R=   1e+03
pan: resizing hashtable to -w28..  done
Depth=   10193 States= 1.36e+08 Transitions= 7.63e+10 Memory=  6667.209	t= 1.25e+05 R=   1e+03
Depth=   10193 States= 1.37e+08 Transitions= 7.68e+10 Memory=  6667.209	t= 1.26e+05 R=   1e+03
Depth=   10193 States= 1.38e+08 Transitions= 7.73e+10 Memory=  6680.490	t= 1.27e+05 R=   1e+03
Depth=   10193 States= 1.39e+08 Transitions= 7.76e+10 Memory=  6710.178	t= 1.27e+05 R=   1e+03
Depth=   10193 States=  1.4e+08 Transitions= 7.86e+10 Memory=  6736.252	t= 1.29e+05 R=   1e+03
Depth=   10193 States= 1.41e+08 Transitions= 7.91e+10 Memory=  6765.647	t= 1.3e+05 R=   1e+03
Depth=   10193 States= 1.42e+08 Transitions= 7.95e+10 Memory=  6792.697	t= 1.3e+05 R=   1e+03
Depth=   10193 States= 1.43e+08 Transitions= 7.98e+10 Memory=  6816.818	t= 1.31e+05 R=   1e+03
Depth=   10193 States= 1.44e+08 Transitions= 8.02e+10 Memory=  6842.893	t= 1.32e+05 R=   1e+03
Depth=   10193 States= 1.45e+08 Transitions=  8.1e+10 Memory=  6870.236	t= 1.33e+05 R=   1e+03
Depth=   10193 States= 1.46e+08 Transitions= 8.15e+10 Memory=  6898.361	t= 1.34e+05 R=   1e+03
Depth=   10193 States= 1.47e+08 Transitions= 8.18e+10 Memory=  6922.092	t= 1.34e+05 R=   1e+03
Depth=   10193 States= 1.48e+08 Transitions= 8.23e+10 Memory=  6948.557	t= 1.35e+05 R=   1e+03
Depth=   10193 States= 1.49e+08 Transitions= 8.28e+10 Memory=  6974.533	t= 1.36e+05 R=   1e+03
Depth=   10193 States=  1.5e+08 Transitions= 8.31e+10 Memory=  7004.221	t= 1.36e+05 R=   1e+03
Depth=   10193 States= 1.51e+08 Transitions= 8.36e+10 Memory=  7029.416	t= 1.37e+05 R=   1e+03
Depth=   10193 States= 1.52e+08 Transitions= 8.41e+10 Memory=  7055.588	t= 1.38e+05 R=   1e+03
Depth=   10193 States= 1.53e+08 Transitions= 8.45e+10 Memory=  7081.760	t= 1.39e+05 R=   1e+03
Depth=   10193 States= 1.54e+08 Transitions=  8.5e+10 Memory=  7107.834	t= 1.39e+05 R=   1e+03
Depth=   10193 States= 1.55e+08 Transitions= 8.54e+10 Memory=  7134.201	t= 1.4e+05 R=   1e+03
Depth=   10193 States= 1.56e+08 Transitions= 8.59e+10 Memory=  7158.713	t= 1.41e+05 R=   1e+03
Depth=   10193 States= 1.57e+08 Transitions= 8.66e+10 Memory=  7181.662	t= 1.42e+05 R=   1e+03
Depth=   10193 States= 1.58e+08 Transitions= 8.74e+10 Memory=  7204.221	t= 1.43e+05 R=   1e+03
Depth=   10193 States= 1.59e+08 Transitions= 8.78e+10 Memory=  7230.295	t= 1.44e+05 R=   1e+03
Depth=   10193 States=  1.6e+08 Transitions= 8.83e+10 Memory=  7256.662	t= 1.45e+05 R=   1e+03
Depth=   10193 States= 1.61e+08 Transitions= 8.87e+10 Memory=  7283.127	t= 1.45e+05 R=   1e+03
Depth=   10193 States= 1.62e+08 Transitions= 8.94e+10 Memory=  7306.760	t= 1.47e+05 R=   1e+03
Depth=   10193 States= 1.63e+08 Transitions= 9.03e+10 Memory=  7331.565	t= 1.48e+05 R=   1e+03
Depth=   10193 States= 1.64e+08 Transitions= 9.12e+10 Memory=  7356.955	t= 1.49e+05 R=   1e+03
Depth=   10193 States= 1.65e+08 Transitions= 9.15e+10 Memory=  7384.983	t= 1.5e+05 R=   1e+03
Depth=   10193 States= 1.66e+08 Transitions=  9.2e+10 Memory=  7412.033	t= 1.51e+05 R=   1e+03
Depth=   10193 States= 1.67e+08 Transitions= 9.26e+10 Memory=  7439.377	t= 1.52e+05 R=   1e+03
Depth=   10193 States= 1.68e+08 Transitions= 9.32e+10 Memory=  7465.256	t= 1.53e+05 R=   1e+03
Depth=   10193 States= 1.69e+08 Transitions= 9.37e+10 Memory=  7493.479	t= 1.54e+05 R=   1e+03
Depth=   10193 States=  1.7e+08 Transitions= 9.44e+10 Memory=  7520.041	t= 1.55e+05 R=   1e+03
Depth=   10193 States= 1.71e+08 Transitions=  9.5e+10 Memory=  7544.065	t= 1.56e+05 R=   1e+03
Depth=   10193 States= 1.72e+08 Transitions= 9.59e+10 Memory=  7564.377	t= 1.57e+05 R=   1e+03
Depth=   10193 States= 1.73e+08 Transitions= 9.66e+10 Memory=  7588.693	t= 1.58e+05 R=   1e+03
Depth=   10193 States= 1.74e+08 Transitions= 9.73e+10 Memory=  7614.865	t= 1.59e+05 R=   1e+03
Depth=   10193 States= 1.75e+08 Transitions= 9.81e+10 Memory=  7640.354	t= 1.61e+05 R=   1e+03
Depth=   10193 States= 1.76e+08 Transitions= 9.87e+10 Memory=  7665.744	t= 1.62e+05 R=   1e+03
Depth=   10193 States= 1.77e+08 Transitions= 9.93e+10 Memory=  7691.135	t= 1.63e+05 R=   1e+03
Depth=   10193 States= 1.78e+08 Transitions= 9.99e+10 Memory=  7718.479	t= 1.64e+05 R=   1e+03
Depth=   10193 States= 1.79e+08 Transitions= 1.01e+11 Memory=  7743.772	t= 1.65e+05 R=   1e+03
Depth=   10193 States=  1.8e+08 Transitions= 1.01e+11 Memory=  7769.651	t= 1.66e+05 R=   1e+03
Depth=   10193 States= 1.81e+08 Transitions= 1.02e+11 Memory=  7795.920	t= 1.67e+05 R=   1e+03
Depth=   10193 States= 1.82e+08 Transitions= 1.03e+11 Memory=  7819.651	t= 1.68e+05 R=   1e+03
Depth=   10193 States= 1.83e+08 Transitions= 1.03e+11 Memory=  7846.897	t= 1.69e+05 R=   1e+03
Depth=   10193 States= 1.84e+08 Transitions= 1.04e+11 Memory=  7874.631	t= 1.7e+05 R=   1e+03
Depth=   10193 States= 1.85e+08 Transitions= 1.04e+11 Memory=  7900.510	t= 1.7e+05 R=   1e+03
Depth=   10193 States= 1.86e+08 Transitions= 1.05e+11 Memory=  7925.803	t= 1.71e+05 R=   1e+03
Depth=   10193 States= 1.87e+08 Transitions= 1.05e+11 Memory=  7955.295	t= 1.72e+05 R=   1e+03
Depth=   10193 States= 1.88e+08 Transitions= 1.05e+11 Memory=  7983.420	t= 1.72e+05 R=   1e+03
Depth=   10193 States= 1.89e+08 Transitions= 1.06e+11 Memory=  8010.373	t= 1.73e+05 R=   1e+03
Depth=   10193 States=  1.9e+08 Transitions= 1.06e+11 Memory=  8037.424	t= 1.73e+05 R=   1e+03
Depth=   10193 States= 1.91e+08 Transitions= 1.07e+11 Memory=  8061.838	t= 1.74e+05 R=   1e+03
Depth=   10193 States= 1.92e+08 Transitions= 1.07e+11 Memory=  8087.326	t= 1.75e+05 R=   1e+03
Depth=   10193 States= 1.93e+08 Transitions= 1.08e+11 Memory=  8115.256	t= 1.76e+05 R=   1e+03
Depth=   10193 States= 1.94e+08 Transitions= 1.08e+11 Memory=  8142.307	t= 1.76e+05 R=   1e+03
Depth=   10193 States= 1.95e+08 Transitions= 1.08e+11 Memory=  8168.479	t= 1.77e+05 R=   1e+03
Depth=   10193 States= 1.96e+08 Transitions= 1.09e+11 Memory=  8194.846	t= 1.78e+05 R=   1e+03
Depth=   10193 States= 1.97e+08 Transitions= 1.09e+11 Memory=  8221.311	t= 1.79e+05 R=   1e+03
Depth=   10193 States= 1.98e+08 Transitions=  1.1e+11 Memory=  8249.240	t= 1.79e+05 R=   1e+03
Depth=   10193 States= 1.99e+08 Transitions=  1.1e+11 Memory=  8273.264	t= 1.8e+05 R=   1e+03
Depth=   10193 States=    2e+08 Transitions= 1.11e+11 Memory=  8295.920	t= 1.81e+05 R=   1e+03
Depth=   10193 States= 2.01e+08 Transitions= 1.11e+11 Memory=  8320.529	t= 1.82e+05 R=   1e+03
Depth=   10193 States= 2.02e+08 Transitions= 1.12e+11 Memory=  8345.236	t= 1.84e+05 R=   1e+03
Depth=   10193 States= 2.03e+08 Transitions= 1.13e+11 Memory=  8379.026	t= 1.86e+05 R=   1e+03
Depth=   10193 States= 2.04e+08 Transitions= 1.15e+11 Memory=  8403.635	t= 1.87e+05 R=   1e+03
Depth=   10193 States= 2.05e+08 Transitions= 1.16e+11 Memory=  8427.951	t= 1.89e+05 R=   1e+03
Depth=   10193 States= 2.06e+08 Transitions= 1.17e+11 Memory=  8452.463	t= 1.91e+05 R=   1e+03
Depth=   10193 States= 2.07e+08 Transitions= 1.18e+11 Memory=  8472.483	t= 1.93e+05 R=   1e+03
Depth=   10193 States= 2.08e+08 Transitions= 1.19e+11 Memory=  8493.283	t= 1.94e+05 R=   1e+03
Depth=   10193 States= 2.09e+08 Transitions=  1.2e+11 Memory=  8513.205	t= 1.96e+05 R=   1e+03
Depth=   10193 States=  2.1e+08 Transitions= 1.21e+11 Memory=  8532.053	t= 1.98e+05 R=   1e+03
Depth=   10193 States= 2.11e+08 Transitions= 1.22e+11 Memory=  8555.588	t= 1.99e+05 R=   1e+03
Depth=   10193 States= 2.12e+08 Transitions= 1.22e+11 Memory=  8582.932	t=  2e+05 R=   1e+03
Depth=   10193 States= 2.13e+08 Transitions= 1.23e+11 Memory=  8607.834	t= 2.01e+05 R=   1e+03
Depth=   10193 States= 2.14e+08 Transitions= 1.23e+11 Memory=  8633.029	t= 2.02e+05 R=   1e+03
Depth=   10193 States= 2.15e+08 Transitions= 1.24e+11 Memory=  8656.858	t= 2.04e+05 R=   1e+03
Depth=   10193 States= 2.16e+08 Transitions= 1.25e+11 Memory=  8679.904	t= 2.05e+05 R=   1e+03
Depth=   10193 States= 2.17e+08 Transitions= 1.26e+11 Memory=  8707.932	t= 2.06e+05 R=   1e+03
Depth=   10193 States= 2.18e+08 Transitions= 1.26e+11 Memory=  8736.740	t= 2.07e+05 R=   1e+03
Depth=   10193 States= 2.19e+08 Transitions= 1.26e+11 Memory=  8762.229	t= 2.07e+05 R=   1e+03
Depth=   10193 States=  2.2e+08 Transitions= 1.27e+11 Memory=  8785.764	t= 2.08e+05 R=   1e+03
Depth=   10193 States= 2.21e+08 Transitions= 1.27e+11 Memory=  8812.619	t= 2.08e+05 R=   1e+03
Depth=   10193 States= 2.22e+08 Transitions= 1.28e+11 Memory=  8837.326	t= 2.09e+05 R=   1e+03
Depth=   10193 States= 2.23e+08 Transitions= 1.29e+11 Memory=  8859.006	t= 2.11e+05 R=   1e+03
Depth=   10193 States= 2.24e+08 Transitions=  1.3e+11 Memory=  8884.104	t= 2.12e+05 R=   1e+03
Depth=   10193 States= 2.25e+08 Transitions=  1.3e+11 Memory=  8909.006	t= 2.13e+05 R=   1e+03
Depth=   10193 States= 2.26e+08 Transitions= 1.31e+11 Memory=  8934.787	t= 2.14e+05 R=   1e+03
Depth=   10193 States= 2.27e+08 Transitions= 1.31e+11 Memory=  8961.057	t= 2.15e+05 R=   1e+03
Depth=   10193 States= 2.28e+08 Transitions= 1.32e+11 Memory=  8985.666	t= 2.16e+05 R=   1e+03
Depth=   10193 States= 2.29e+08 Transitions= 1.33e+11 Memory=  9010.080	t= 2.18e+05 R=   1e+03
Depth=   10193 States=  2.3e+08 Transitions= 1.34e+11 Memory=  9034.885	t= 2.19e+05 R=   1e+03
Depth=   10193 States= 2.31e+08 Transitions= 1.35e+11 Memory=  9058.127	t= 2.2e+05 R=   1e+03
Depth=   10193 States= 2.32e+08 Transitions= 1.35e+11 Memory=  9081.760	t= 2.22e+05 R=   1e+03
Depth=   10193 States= 2.33e+08 Transitions= 1.36e+11 Memory=  9106.467	t= 2.23e+05 R=   1e+03
Depth=   10193 States= 2.34e+08 Transitions= 1.37e+11 Memory=  9130.295	t= 2.24e+05 R=   1e+03
Depth=   10193 States= 2.35e+08 Transitions= 1.37e+11 Memory=  9159.690	t= 2.24e+05 R=   1e+03
Depth=   10193 States= 2.36e+08 Transitions= 1.38e+11 Memory=  9185.471	t= 2.25e+05 R=   1e+03
Depth=   10193 States= 2.37e+08 Transitions= 1.38e+11 Memory=  9207.639	t= 2.27e+05 R=   1e+03
Depth=   10193 States= 2.38e+08 Transitions= 1.39e+11 Memory=  9232.443	t= 2.28e+05 R=   1e+03
Depth=   10193 States= 2.39e+08 Transitions=  1.4e+11 Memory=  9258.811	t= 2.29e+05 R=   1e+03
Depth=   10193 States=  2.4e+08 Transitions=  1.4e+11 Memory=  9287.619	t= 2.29e+05 R=   1e+03
Depth=   10193 States= 2.41e+08 Transitions=  1.4e+11 Memory=  9317.209	t= 2.3e+05 R=   1e+03
Depth=   10193 States= 2.42e+08 Transitions= 1.41e+11 Memory=  9343.088	t= 2.31e+05 R=   1e+03
Depth=   10193 States= 2.43e+08 Transitions= 1.42e+11 Memory=  9365.354	t= 2.32e+05 R=   1e+03
Depth=   10193 States= 2.44e+08 Transitions= 1.42e+11 Memory=  9389.182	t= 2.33e+05 R=   1e+03
Depth=   10193 States= 2.45e+08 Transitions= 1.43e+11 Memory=  9415.256	t= 2.33e+05 R=   1e+03
Depth=   10193 States= 2.46e+08 Transitions= 1.43e+11 Memory=  9438.596	t= 2.34e+05 R=   1e+03
Depth=   10193 States= 2.47e+08 Transitions= 1.44e+11 Memory=  9466.623	t= 2.35e+05 R=   1e+03
Depth=   10193 States= 2.48e+08 Transitions= 1.44e+11 Memory=  9495.041	t= 2.36e+05 R=   1e+03
Depth=   10193 States= 2.49e+08 Transitions= 1.45e+11 Memory=  9519.651	t= 2.37e+05 R=   1e+03
Depth=   10193 States=  2.5e+08 Transitions= 1.46e+11 Memory=  9549.436	t= 2.38e+05 R=   1e+03
Depth=   10193 States= 2.51e+08 Transitions= 1.46e+11 Memory=  9575.022	t= 2.39e+05 R=   1e+03
Depth=   10193 States= 2.52e+08 Transitions= 1.46e+11 Memory=  9598.752	t= 2.39e+05 R=   1e+03
Depth=   10193 States= 2.53e+08 Transitions= 1.47e+11 Memory=  9626.584	t= 2.41e+05 R=   1e+03
Depth=   10193 States= 2.54e+08 Transitions= 1.48e+11 Memory=  9655.588	t= 2.42e+05 R=   1e+03
Depth=   10193 States= 2.55e+08 Transitions= 1.48e+11 Memory=  9679.904	t= 2.42e+05 R=   1e+03
Depth=   10193 States= 2.56e+08 Transitions= 1.49e+11 Memory=  9707.834	t= 2.43e+05 R=   1e+03
Depth=   10193 States= 2.57e+08 Transitions= 1.49e+11 Memory=  9735.568	t= 2.45e+05 R=   1e+03
Depth=   10193 States= 2.58e+08 Transitions=  1.5e+11 Memory=  9760.861	t= 2.45e+05 R=   1e+03
Depth=   10193 States= 2.59e+08 Transitions=  1.5e+11 Memory=  9785.959	t= 2.46e+05 R=   1e+03
Depth=   10193 States=  2.6e+08 Transitions=  1.5e+11 Memory=  9814.182	t= 2.46e+05 R=   1e+03
Depth=   10193 States= 2.61e+08 Transitions= 1.51e+11 Memory=  9841.428	t= 2.48e+05 R=   1e+03
Depth=   10193 States= 2.62e+08 Transitions= 1.52e+11 Memory=  9867.014	t= 2.48e+05 R=   1e+03
Depth=   10193 States= 2.63e+08 Transitions= 1.52e+11 Memory=  9894.846	t= 2.49e+05 R=   1e+03
Depth=   10193 States= 2.64e+08 Transitions= 1.53e+11 Memory=  9921.604	t= 2.5e+05 R=   1e+03
Depth=   10193 States= 2.65e+08 Transitions= 1.53e+11 Memory=  9947.287	t= 2.51e+05 R=   1e+03
Depth=   10193 States= 2.66e+08 Transitions= 1.54e+11 Memory=  9973.361	t= 2.51e+05 R=   1e+03
Depth=   10193 States= 2.67e+08 Transitions= 1.54e+11 Memory=  9999.240	t= 2.52e+05 R=   1e+03
Depth=   10193 States= 2.68e+08 Transitions= 1.55e+11 Memory= 10026.584	t= 2.53e+05 R=   1e+03
Depth=   10193 States= 2.69e+08 Transitions= 1.55e+11 Memory= 10054.416	t= 2.54e+05 R=   1e+03
Depth=   10193 States=  2.7e+08 Transitions= 1.56e+11 Memory= 10077.658	t= 2.56e+05 R=   1e+03
Depth=   10193 States= 2.71e+08 Transitions= 1.56e+11 Memory= 10108.615	t= 2.56e+05 R=   1e+03
Depth=   10193 States= 2.72e+08 Transitions= 1.57e+11 Memory= 10134.494	t= 2.57e+05 R=   1e+03
Depth=   10193 States= 2.73e+08 Transitions= 1.57e+11 Memory= 10157.639	t= 2.57e+05 R=   1e+03
Depth=   10193 States= 2.74e+08 Transitions= 1.58e+11 Memory= 10183.127	t= 2.58e+05 R=   1e+03
Depth=   10193 States= 2.75e+08 Transitions= 1.58e+11 Memory= 10212.522	t= 2.59e+05 R=   1e+03
Depth=   10193 States= 2.76e+08 Transitions= 1.59e+11 Memory= 10238.596	t= 2.6e+05 R=   1e+03
Depth=   10193 States= 2.77e+08 Transitions= 1.59e+11 Memory= 10265.647	t= 2.61e+05 R=   1e+03
Depth=   10193 States= 2.78e+08 Transitions=  1.6e+11 Memory= 10289.963	t= 2.62e+05 R=   1e+03
Depth=   10193 States= 2.79e+08 Transitions=  1.6e+11 Memory= 10316.233	t= 2.62e+05 R=   1e+03
Depth=   10193 States=  2.8e+08 Transitions= 1.61e+11 Memory= 10344.651	t= 2.63e+05 R=   1e+03
Depth=   10193 States= 2.81e+08 Transitions= 1.61e+11 Memory= 10375.315	t= 2.64e+05 R=   1e+03
Depth=   10193 States= 2.82e+08 Transitions= 1.62e+11 Memory= 10398.654	t= 2.65e+05 R=   1e+03
Depth=   10193 States= 2.83e+08 Transitions= 1.62e+11 Memory= 10429.611	t= 2.66e+05 R=   1e+03
Depth=   10193 States= 2.84e+08 Transitions= 1.63e+11 Memory= 10455.588	t= 2.67e+05 R=   1e+03
Depth=   10193 States= 2.85e+08 Transitions= 1.63e+11 Memory= 10478.830	t= 2.67e+05 R=   1e+03
Depth=   10193 States= 2.86e+08 Transitions= 1.64e+11 Memory= 10506.760	t= 2.68e+05 R=   1e+03
Depth=   10193 States= 2.87e+08 Transitions= 1.64e+11 Memory= 10532.443	t= 2.69e+05 R=   1e+03
Depth=   10193 States= 2.88e+08 Transitions= 1.65e+11 Memory= 10561.252	t= 2.7e+05 R=   1e+03
Depth=   10193 States= 2.89e+08 Transitions= 1.65e+11 Memory= 10584.983	t= 2.71e+05 R=   1e+03
Depth=   10193 States=  2.9e+08 Transitions= 1.66e+11 Memory= 10611.252	t= 2.71e+05 R=   1e+03
Depth=   10193 States= 2.91e+08 Transitions= 1.66e+11 Memory= 10637.033	t= 2.72e+05 R=   1e+03
Depth=   10193 States= 2.92e+08 Transitions= 1.66e+11 Memory= 10668.674	t= 2.73e+05 R=   1e+03
Depth=   10193 States= 2.93e+08 Transitions= 1.67e+11 Memory= 10692.111	t= 2.73e+05 R=   1e+03
Depth=   10193 States= 2.94e+08 Transitions= 1.67e+11 Memory= 10718.283	t= 2.74e+05 R=   1e+03
Depth=   10193 States= 2.95e+08 Transitions= 1.68e+11 Memory= 10744.748	t= 2.75e+05 R=   1e+03
Depth=   10193 States= 2.96e+08 Transitions= 1.68e+11 Memory= 10770.920	t= 2.76e+05 R=   1e+03
Depth=   10193 States= 2.97e+08 Transitions= 1.69e+11 Memory= 10795.139	t= 2.76e+05 R=   1e+03
Depth=   10193 States= 2.98e+08 Transitions= 1.69e+11 Memory= 10819.358	t= 2.77e+05 R=   1e+03
Depth=   10193 States= 2.99e+08 Transitions=  1.7e+11 Memory= 10841.721	t= 2.79e+05 R=   1e+03
Depth=   10193 States=    3e+08 Transitions= 1.71e+11 Memory= 10867.209	t= 2.79e+05 R=   1e+03
Depth=   10193 States= 3.01e+08 Transitions= 1.71e+11 Memory= 10893.283	t= 2.8e+05 R=   1e+03
Depth=   10193 States= 3.02e+08 Transitions= 1.72e+11 Memory= 10916.233	t= 2.81e+05 R=   1e+03
Depth=   10193 States= 3.03e+08 Transitions= 1.73e+11 Memory= 10940.549	t= 2.83e+05 R=   1e+03
Depth=   10193 States= 3.04e+08 Transitions= 1.73e+11 Memory= 10971.408	t= 2.84e+05 R=   1e+03
Depth=   10193 States= 3.05e+08 Transitions= 1.74e+11 Memory= 10996.897	t= 2.84e+05 R=   1e+03
Depth=   10193 States= 3.06e+08 Transitions= 1.74e+11 Memory= 11023.850	t= 2.85e+05 R=   1e+03
Depth=   10193 States= 3.07e+08 Transitions= 1.75e+11 Memory= 11049.436	t= 2.86e+05 R=   1e+03
Depth=   10193 States= 3.08e+08 Transitions= 1.75e+11 Memory= 11077.854	t= 2.87e+05 R=   1e+03
Depth=   10193 States= 3.09e+08 Transitions= 1.76e+11 Memory= 11104.514	t= 2.88e+05 R=   1e+03
Depth=   10193 States=  3.1e+08 Transitions= 1.77e+11 Memory= 11125.119	t= 2.89e+05 R=   1e+03
Depth=   10193 States= 3.11e+08 Transitions= 1.77e+11 Memory= 11146.897	t= 2.91e+05 R=   1e+03
Depth=   10193 States= 3.12e+08 Transitions= 1.78e+11 Memory= 11173.264	t= 2.92e+05 R=   1e+03
Depth=   10193 States= 3.13e+08 Transitions= 1.79e+11 Memory= 11198.654	t= 2.93e+05 R=   1e+03
Depth=   10193 States= 3.14e+08 Transitions=  1.8e+11 Memory= 11224.045	t= 2.94e+05 R=   1e+03
Depth=   10193 States= 3.15e+08 Transitions=  1.8e+11 Memory= 11248.850	t= 2.95e+05 R=   1e+03
Depth=   10193 States= 3.16e+08 Transitions= 1.81e+11 Memory= 11274.729	t= 2.96e+05 R=   1e+03
Depth=   10193 States= 3.17e+08 Transitions= 1.82e+11 Memory= 11300.315	t= 2.97e+05 R=   1e+03
Depth=   10193 States= 3.18e+08 Transitions= 1.82e+11 Memory= 11326.193	t= 2.98e+05 R=   1e+03
Depth=   10193 States= 3.19e+08 Transitions= 1.83e+11 Memory= 11351.584	t= 2.99e+05 R=   1e+03
Depth=   10193 States=  3.2e+08 Transitions= 1.83e+11 Memory= 11377.561	t=  3e+05 R=   1e+03
Depth=   10193 States= 3.21e+08 Transitions= 1.84e+11 Memory= 11400.510	t= 3.01e+05 R=   1e+03
Depth=   10193 States= 3.22e+08 Transitions= 1.85e+11 Memory= 11425.803	t= 3.02e+05 R=   1e+03
Depth=   10193 States= 3.23e+08 Transitions= 1.85e+11 Memory= 11453.928	t= 3.03e+05 R=   1e+03
Depth=   10193 States= 3.24e+08 Transitions= 1.86e+11 Memory= 11478.635	t= 3.04e+05 R=   1e+03
Depth=   10193 States= 3.25e+08 Transitions= 1.87e+11 Memory= 11503.830	t= 3.05e+05 R=   1e+03
Depth=   10193 States= 3.26e+08 Transitions= 1.87e+11 Memory= 11528.830	t= 3.06e+05 R=   1e+03
Depth=   10193 States= 3.27e+08 Transitions= 1.88e+11 Memory= 11554.416	t= 3.07e+05 R=   1e+03
Depth=   10193 States= 3.28e+08 Transitions= 1.89e+11 Memory= 11580.686	t= 3.08e+05 R=   1e+03
Depth=   10193 States= 3.29e+08 Transitions= 1.89e+11 Memory= 11606.467	t= 3.09e+05 R=   1e+03
Depth=   10193 States=  3.3e+08 Transitions=  1.9e+11 Memory= 11632.346	t= 3.1e+05 R=   1e+03
Depth=   10193 States= 3.31e+08 Transitions=  1.9e+11 Memory= 11658.420	t= 3.11e+05 R=   1e+03
Depth=   10193 States= 3.32e+08 Transitions= 1.91e+11 Memory= 11681.662	t= 3.13e+05 R=   1e+03
Depth=   10193 States= 3.33e+08 Transitions= 1.92e+11 Memory= 11708.713	t= 3.13e+05 R=   1e+03

(Spin Version 5.1.7 -- 23 December 2008)
	+ Partial Order Reduction
	+ Compression

Full statespace search for:
	never claim         	+
	assertion violations	+ (if within scope of claim)
	acceptance   cycles 	+ (fairness enabled)
	invalid end states	- (disabled by never claim)

State-vector 80 byte, depth reached 10193, errors: 0
1.8778602e+08 states, stored (3.33973e+08 visited)
1.9159243e+11 states, matched
1.919264e+11 transitions (= visited+matched)
1.0808296e+12 atomic steps
hash conflicts: 3.7119584e+10 (resolved)

Stats on memory usage (in Megabytes):
20774.057	equivalent memory usage for states (stored*(State-vector + overhead))
 9228.353	actual memory usage for states (compression: 44.42%)
         	state-vector as stored = 16 byte + 36 byte overhead
 2048.000	memory used for hash table (-w28)
  457.764	memory used for DFS stack (-m10000000)
    1.576	memory lost to fragmentation
11732.541	total actual memory usage

nr of templates: [ globals chans procs ]
collapse counts: [ 618104 5194 3828 2 2 ]
unreached in proctype urcu_reader
	line 268, "pan.___", state 57, "cache_dirty_urcu_gp_ctr = 0"
	line 276, "pan.___", state 79, "cache_dirty_rcu_ptr = 0"
	line 280, "pan.___", state 88, "cache_dirty_rcu_data[i] = 0"
	line 245, "pan.___", state 104, "(1)"
	line 249, "pan.___", state 112, "(1)"
	line 253, "pan.___", state 124, "(1)"
	line 257, "pan.___", state 132, "(1)"
	line 407, "pan.___", state 158, "cache_dirty_urcu_gp_ctr = 0"
	line 416, "pan.___", state 190, "cache_dirty_rcu_ptr = 0"
	line 420, "pan.___", state 204, "cache_dirty_rcu_data[i] = 0"
	line 425, "pan.___", state 223, "(1)"
	line 434, "pan.___", state 253, "(1)"
	line 438, "pan.___", state 266, "(1)"
	line 687, "pan.___", state 287, "_proc_urcu_reader = (_proc_urcu_reader|((1<<2)<<1))"
	line 407, "pan.___", state 294, "cache_dirty_urcu_gp_ctr = 0"
	line 416, "pan.___", state 326, "cache_dirty_rcu_ptr = 0"
	line 420, "pan.___", state 340, "cache_dirty_rcu_data[i] = 0"
	line 425, "pan.___", state 359, "(1)"
	line 434, "pan.___", state 389, "(1)"
	line 438, "pan.___", state 402, "(1)"
	line 407, "pan.___", state 423, "cache_dirty_urcu_gp_ctr = 0"
	line 416, "pan.___", state 455, "cache_dirty_rcu_ptr = 0"
	line 420, "pan.___", state 469, "cache_dirty_rcu_data[i] = 0"
	line 425, "pan.___", state 488, "(1)"
	line 434, "pan.___", state 518, "(1)"
	line 438, "pan.___", state 531, "(1)"
	line 407, "pan.___", state 554, "cache_dirty_urcu_gp_ctr = 0"
	line 407, "pan.___", state 556, "(1)"
	line 407, "pan.___", state 557, "(cache_dirty_urcu_gp_ctr)"
	line 407, "pan.___", state 557, "else"
	line 407, "pan.___", state 560, "(1)"
	line 411, "pan.___", state 568, "cache_dirty_urcu_active_readers = 0"
	line 411, "pan.___", state 570, "(1)"
	line 411, "pan.___", state 571, "(cache_dirty_urcu_active_readers)"
	line 411, "pan.___", state 571, "else"
	line 411, "pan.___", state 574, "(1)"
	line 411, "pan.___", state 575, "(1)"
	line 411, "pan.___", state 575, "(1)"
	line 409, "pan.___", state 580, "((i<1))"
	line 409, "pan.___", state 580, "((i>=1))"
	line 416, "pan.___", state 586, "cache_dirty_rcu_ptr = 0"
	line 416, "pan.___", state 588, "(1)"
	line 416, "pan.___", state 589, "(cache_dirty_rcu_ptr)"
	line 416, "pan.___", state 589, "else"
	line 416, "pan.___", state 592, "(1)"
	line 416, "pan.___", state 593, "(1)"
	line 416, "pan.___", state 593, "(1)"
	line 420, "pan.___", state 600, "cache_dirty_rcu_data[i] = 0"
	line 420, "pan.___", state 602, "(1)"
	line 420, "pan.___", state 603, "(cache_dirty_rcu_data[i])"
	line 420, "pan.___", state 603, "else"
	line 420, "pan.___", state 606, "(1)"
	line 420, "pan.___", state 607, "(1)"
	line 420, "pan.___", state 607, "(1)"
	line 418, "pan.___", state 612, "((i<2))"
	line 418, "pan.___", state 612, "((i>=2))"
	line 425, "pan.___", state 619, "(1)"
	line 425, "pan.___", state 620, "(!(cache_dirty_urcu_gp_ctr))"
	line 425, "pan.___", state 620, "else"
	line 425, "pan.___", state 623, "(1)"
	line 425, "pan.___", state 624, "(1)"
	line 425, "pan.___", state 624, "(1)"
	line 429, "pan.___", state 632, "(1)"
	line 429, "pan.___", state 633, "(!(cache_dirty_urcu_active_readers))"
	line 429, "pan.___", state 633, "else"
	line 429, "pan.___", state 636, "(1)"
	line 429, "pan.___", state 637, "(1)"
	line 429, "pan.___", state 637, "(1)"
	line 427, "pan.___", state 642, "((i<1))"
	line 427, "pan.___", state 642, "((i>=1))"
	line 434, "pan.___", state 649, "(1)"
	line 434, "pan.___", state 650, "(!(cache_dirty_rcu_ptr))"
	line 434, "pan.___", state 650, "else"
	line 434, "pan.___", state 653, "(1)"
	line 434, "pan.___", state 654, "(1)"
	line 434, "pan.___", state 654, "(1)"
	line 438, "pan.___", state 662, "(1)"
	line 438, "pan.___", state 663, "(!(cache_dirty_rcu_data[i]))"
	line 438, "pan.___", state 663, "else"
	line 438, "pan.___", state 666, "(1)"
	line 438, "pan.___", state 667, "(1)"
	line 438, "pan.___", state 667, "(1)"
	line 436, "pan.___", state 672, "((i<2))"
	line 436, "pan.___", state 672, "((i>=2))"
	line 446, "pan.___", state 676, "(1)"
	line 446, "pan.___", state 676, "(1)"
	line 687, "pan.___", state 679, "cached_urcu_active_readers = (tmp+1)"
	line 687, "pan.___", state 680, "_proc_urcu_reader = (_proc_urcu_reader|(1<<5))"
	line 687, "pan.___", state 681, "(1)"
	line 407, "pan.___", state 688, "cache_dirty_urcu_gp_ctr = 0"
	line 416, "pan.___", state 720, "cache_dirty_rcu_ptr = 0"
	line 420, "pan.___", state 734, "cache_dirty_rcu_data[i] = 0"
	line 425, "pan.___", state 753, "(1)"
	line 434, "pan.___", state 783, "(1)"
	line 438, "pan.___", state 796, "(1)"
	line 407, "pan.___", state 824, "cache_dirty_urcu_gp_ctr = 0"
	line 416, "pan.___", state 856, "cache_dirty_rcu_ptr = 0"
	line 420, "pan.___", state 870, "cache_dirty_rcu_data[i] = 0"
	line 425, "pan.___", state 889, "(1)"
	line 434, "pan.___", state 919, "(1)"
	line 438, "pan.___", state 932, "(1)"
	line 407, "pan.___", state 953, "cache_dirty_urcu_gp_ctr = 0"
	line 407, "pan.___", state 955, "(1)"
	line 407, "pan.___", state 956, "(cache_dirty_urcu_gp_ctr)"
	line 407, "pan.___", state 956, "else"
	line 407, "pan.___", state 959, "(1)"
	line 411, "pan.___", state 967, "cache_dirty_urcu_active_readers = 0"
	line 411, "pan.___", state 969, "(1)"
	line 411, "pan.___", state 970, "(cache_dirty_urcu_active_readers)"
	line 411, "pan.___", state 970, "else"
	line 411, "pan.___", state 973, "(1)"
	line 411, "pan.___", state 974, "(1)"
	line 411, "pan.___", state 974, "(1)"
	line 409, "pan.___", state 979, "((i<1))"
	line 409, "pan.___", state 979, "((i>=1))"
	line 416, "pan.___", state 985, "cache_dirty_rcu_ptr = 0"
	line 416, "pan.___", state 987, "(1)"
	line 416, "pan.___", state 988, "(cache_dirty_rcu_ptr)"
	line 416, "pan.___", state 988, "else"
	line 416, "pan.___", state 991, "(1)"
	line 416, "pan.___", state 992, "(1)"
	line 416, "pan.___", state 992, "(1)"
	line 420, "pan.___", state 999, "cache_dirty_rcu_data[i] = 0"
	line 420, "pan.___", state 1001, "(1)"
	line 420, "pan.___", state 1002, "(cache_dirty_rcu_data[i])"
	line 420, "pan.___", state 1002, "else"
	line 420, "pan.___", state 1005, "(1)"
	line 420, "pan.___", state 1006, "(1)"
	line 420, "pan.___", state 1006, "(1)"
	line 418, "pan.___", state 1011, "((i<2))"
	line 418, "pan.___", state 1011, "((i>=2))"
	line 425, "pan.___", state 1018, "(1)"
	line 425, "pan.___", state 1019, "(!(cache_dirty_urcu_gp_ctr))"
	line 425, "pan.___", state 1019, "else"
	line 425, "pan.___", state 1022, "(1)"
	line 425, "pan.___", state 1023, "(1)"
	line 425, "pan.___", state 1023, "(1)"
	line 429, "pan.___", state 1031, "(1)"
	line 429, "pan.___", state 1032, "(!(cache_dirty_urcu_active_readers))"
	line 429, "pan.___", state 1032, "else"
	line 429, "pan.___", state 1035, "(1)"
	line 429, "pan.___", state 1036, "(1)"
	line 429, "pan.___", state 1036, "(1)"
	line 427, "pan.___", state 1041, "((i<1))"
	line 427, "pan.___", state 1041, "((i>=1))"
	line 434, "pan.___", state 1048, "(1)"
	line 434, "pan.___", state 1049, "(!(cache_dirty_rcu_ptr))"
	line 434, "pan.___", state 1049, "else"
	line 434, "pan.___", state 1052, "(1)"
	line 434, "pan.___", state 1053, "(1)"
	line 434, "pan.___", state 1053, "(1)"
	line 438, "pan.___", state 1061, "(1)"
	line 438, "pan.___", state 1062, "(!(cache_dirty_rcu_data[i]))"
	line 438, "pan.___", state 1062, "else"
	line 438, "pan.___", state 1065, "(1)"
	line 438, "pan.___", state 1066, "(1)"
	line 438, "pan.___", state 1066, "(1)"
	line 436, "pan.___", state 1071, "((i<2))"
	line 436, "pan.___", state 1071, "((i>=2))"
	line 446, "pan.___", state 1075, "(1)"
	line 446, "pan.___", state 1075, "(1)"
	line 695, "pan.___", state 1079, "_proc_urcu_reader = (_proc_urcu_reader|(1<<11))"
	line 407, "pan.___", state 1084, "cache_dirty_urcu_gp_ctr = 0"
	line 416, "pan.___", state 1116, "cache_dirty_rcu_ptr = 0"
	line 420, "pan.___", state 1130, "cache_dirty_rcu_data[i] = 0"
	line 425, "pan.___", state 1149, "(1)"
	line 434, "pan.___", state 1179, "(1)"
	line 438, "pan.___", state 1192, "(1)"
	line 407, "pan.___", state 1216, "cache_dirty_urcu_gp_ctr = 0"
	line 416, "pan.___", state 1248, "cache_dirty_rcu_ptr = 0"
	line 420, "pan.___", state 1262, "cache_dirty_rcu_data[i] = 0"
	line 425, "pan.___", state 1281, "(1)"
	line 434, "pan.___", state 1311, "(1)"
	line 438, "pan.___", state 1324, "(1)"
	line 407, "pan.___", state 1349, "cache_dirty_urcu_gp_ctr = 0"
	line 416, "pan.___", state 1381, "cache_dirty_rcu_ptr = 0"
	line 420, "pan.___", state 1395, "cache_dirty_rcu_data[i] = 0"
	line 425, "pan.___", state 1414, "(1)"
	line 434, "pan.___", state 1444, "(1)"
	line 438, "pan.___", state 1457, "(1)"
	line 407, "pan.___", state 1478, "cache_dirty_urcu_gp_ctr = 0"
	line 416, "pan.___", state 1510, "cache_dirty_rcu_ptr = 0"
	line 420, "pan.___", state 1524, "cache_dirty_rcu_data[i] = 0"
	line 425, "pan.___", state 1543, "(1)"
	line 434, "pan.___", state 1573, "(1)"
	line 438, "pan.___", state 1586, "(1)"
	line 407, "pan.___", state 1612, "cache_dirty_urcu_gp_ctr = 0"
	line 416, "pan.___", state 1644, "cache_dirty_rcu_ptr = 0"
	line 420, "pan.___", state 1658, "cache_dirty_rcu_data[i] = 0"
	line 425, "pan.___", state 1677, "(1)"
	line 434, "pan.___", state 1707, "(1)"
	line 438, "pan.___", state 1720, "(1)"
	line 407, "pan.___", state 1741, "cache_dirty_urcu_gp_ctr = 0"
	line 416, "pan.___", state 1773, "cache_dirty_rcu_ptr = 0"
	line 420, "pan.___", state 1787, "cache_dirty_rcu_data[i] = 0"
	line 425, "pan.___", state 1806, "(1)"
	line 434, "pan.___", state 1836, "(1)"
	line 438, "pan.___", state 1849, "(1)"
	line 407, "pan.___", state 1873, "cache_dirty_urcu_gp_ctr = 0"
	line 416, "pan.___", state 1905, "cache_dirty_rcu_ptr = 0"
	line 420, "pan.___", state 1919, "cache_dirty_rcu_data[i] = 0"
	line 425, "pan.___", state 1938, "(1)"
	line 434, "pan.___", state 1968, "(1)"
	line 438, "pan.___", state 1981, "(1)"
	line 734, "pan.___", state 2002, "_proc_urcu_reader = (_proc_urcu_reader|((1<<2)<<19))"
	line 407, "pan.___", state 2009, "cache_dirty_urcu_gp_ctr = 0"
	line 416, "pan.___", state 2041, "cache_dirty_rcu_ptr = 0"
	line 420, "pan.___", state 2055, "cache_dirty_rcu_data[i] = 0"
	line 425, "pan.___", state 2074, "(1)"
	line 434, "pan.___", state 2104, "(1)"
	line 438, "pan.___", state 2117, "(1)"
	line 407, "pan.___", state 2138, "cache_dirty_urcu_gp_ctr = 0"
	line 416, "pan.___", state 2170, "cache_dirty_rcu_ptr = 0"
	line 420, "pan.___", state 2184, "cache_dirty_rcu_data[i] = 0"
	line 425, "pan.___", state 2203, "(1)"
	line 434, "pan.___", state 2233, "(1)"
	line 438, "pan.___", state 2246, "(1)"
	line 407, "pan.___", state 2269, "cache_dirty_urcu_gp_ctr = 0"
	line 407, "pan.___", state 2271, "(1)"
	line 407, "pan.___", state 2272, "(cache_dirty_urcu_gp_ctr)"
	line 407, "pan.___", state 2272, "else"
	line 407, "pan.___", state 2275, "(1)"
	line 411, "pan.___", state 2283, "cache_dirty_urcu_active_readers = 0"
	line 411, "pan.___", state 2285, "(1)"
	line 411, "pan.___", state 2286, "(cache_dirty_urcu_active_readers)"
	line 411, "pan.___", state 2286, "else"
	line 411, "pan.___", state 2289, "(1)"
	line 411, "pan.___", state 2290, "(1)"
	line 411, "pan.___", state 2290, "(1)"
	line 409, "pan.___", state 2295, "((i<1))"
	line 409, "pan.___", state 2295, "((i>=1))"
	line 416, "pan.___", state 2301, "cache_dirty_rcu_ptr = 0"
	line 416, "pan.___", state 2303, "(1)"
	line 416, "pan.___", state 2304, "(cache_dirty_rcu_ptr)"
	line 416, "pan.___", state 2304, "else"
	line 416, "pan.___", state 2307, "(1)"
	line 416, "pan.___", state 2308, "(1)"
	line 416, "pan.___", state 2308, "(1)"
	line 420, "pan.___", state 2315, "cache_dirty_rcu_data[i] = 0"
	line 420, "pan.___", state 2317, "(1)"
	line 420, "pan.___", state 2318, "(cache_dirty_rcu_data[i])"
	line 420, "pan.___", state 2318, "else"
	line 420, "pan.___", state 2321, "(1)"
	line 420, "pan.___", state 2322, "(1)"
	line 420, "pan.___", state 2322, "(1)"
	line 418, "pan.___", state 2327, "((i<2))"
	line 418, "pan.___", state 2327, "((i>=2))"
	line 425, "pan.___", state 2334, "(1)"
	line 425, "pan.___", state 2335, "(!(cache_dirty_urcu_gp_ctr))"
	line 425, "pan.___", state 2335, "else"
	line 425, "pan.___", state 2338, "(1)"
	line 425, "pan.___", state 2339, "(1)"
	line 425, "pan.___", state 2339, "(1)"
	line 429, "pan.___", state 2347, "(1)"
	line 429, "pan.___", state 2348, "(!(cache_dirty_urcu_active_readers))"
	line 429, "pan.___", state 2348, "else"
	line 429, "pan.___", state 2351, "(1)"
	line 429, "pan.___", state 2352, "(1)"
	line 429, "pan.___", state 2352, "(1)"
	line 427, "pan.___", state 2357, "((i<1))"
	line 427, "pan.___", state 2357, "((i>=1))"
	line 434, "pan.___", state 2364, "(1)"
	line 434, "pan.___", state 2365, "(!(cache_dirty_rcu_ptr))"
	line 434, "pan.___", state 2365, "else"
	line 434, "pan.___", state 2368, "(1)"
	line 434, "pan.___", state 2369, "(1)"
	line 434, "pan.___", state 2369, "(1)"
	line 438, "pan.___", state 2377, "(1)"
	line 438, "pan.___", state 2378, "(!(cache_dirty_rcu_data[i]))"
	line 438, "pan.___", state 2378, "else"
	line 438, "pan.___", state 2381, "(1)"
	line 438, "pan.___", state 2382, "(1)"
	line 438, "pan.___", state 2382, "(1)"
	line 436, "pan.___", state 2387, "((i<2))"
	line 436, "pan.___", state 2387, "((i>=2))"
	line 446, "pan.___", state 2391, "(1)"
	line 446, "pan.___", state 2391, "(1)"
	line 734, "pan.___", state 2394, "cached_urcu_active_readers = (tmp+1)"
	line 734, "pan.___", state 2395, "_proc_urcu_reader = (_proc_urcu_reader|(1<<23))"
	line 734, "pan.___", state 2396, "(1)"
	line 407, "pan.___", state 2403, "cache_dirty_urcu_gp_ctr = 0"
	line 416, "pan.___", state 2435, "cache_dirty_rcu_ptr = 0"
	line 420, "pan.___", state 2449, "cache_dirty_rcu_data[i] = 0"
	line 425, "pan.___", state 2468, "(1)"
	line 434, "pan.___", state 2498, "(1)"
	line 438, "pan.___", state 2511, "(1)"
	line 407, "pan.___", state 2538, "cache_dirty_urcu_gp_ctr = 0"
	line 416, "pan.___", state 2570, "cache_dirty_rcu_ptr = 0"
	line 420, "pan.___", state 2584, "cache_dirty_rcu_data[i] = 0"
	line 425, "pan.___", state 2603, "(1)"
	line 434, "pan.___", state 2633, "(1)"
	line 438, "pan.___", state 2646, "(1)"
	line 407, "pan.___", state 2667, "cache_dirty_urcu_gp_ctr = 0"
	line 416, "pan.___", state 2699, "cache_dirty_rcu_ptr = 0"
	line 420, "pan.___", state 2713, "cache_dirty_rcu_data[i] = 0"
	line 425, "pan.___", state 2732, "(1)"
	line 434, "pan.___", state 2762, "(1)"
	line 438, "pan.___", state 2775, "(1)"
	line 245, "pan.___", state 2808, "(1)"
	line 253, "pan.___", state 2828, "(1)"
	line 257, "pan.___", state 2836, "(1)"
	line 245, "pan.___", state 2851, "(1)"
	line 253, "pan.___", state 2871, "(1)"
	line 257, "pan.___", state 2879, "(1)"
	line 929, "pan.___", state 2896, "-end-"
	(245 of 2896 states)
unreached in proctype urcu_writer
	line 407, "pan.___", state 45, "cache_dirty_urcu_gp_ctr = 0"
	line 411, "pan.___", state 59, "cache_dirty_urcu_active_readers = 0"
	line 416, "pan.___", state 77, "cache_dirty_rcu_ptr = 0"
	line 425, "pan.___", state 110, "(1)"
	line 429, "pan.___", state 123, "(1)"
	line 434, "pan.___", state 140, "(1)"
	line 268, "pan.___", state 176, "cache_dirty_urcu_gp_ctr = 0"
	line 272, "pan.___", state 185, "cache_dirty_urcu_active_readers = 0"
	line 276, "pan.___", state 198, "cache_dirty_rcu_ptr = 0"
	line 407, "pan.___", state 238, "cache_dirty_urcu_gp_ctr = 0"
	line 411, "pan.___", state 252, "cache_dirty_urcu_active_readers = 0"
	line 416, "pan.___", state 270, "cache_dirty_rcu_ptr = 0"
	line 420, "pan.___", state 284, "cache_dirty_rcu_data[i] = 0"
	line 425, "pan.___", state 303, "(1)"
	line 429, "pan.___", state 316, "(1)"
	line 434, "pan.___", state 333, "(1)"
	line 438, "pan.___", state 346, "(1)"
	line 411, "pan.___", state 383, "cache_dirty_urcu_active_readers = 0"
	line 416, "pan.___", state 401, "cache_dirty_rcu_ptr = 0"
	line 420, "pan.___", state 415, "cache_dirty_rcu_data[i] = 0"
	line 429, "pan.___", state 447, "(1)"
	line 434, "pan.___", state 464, "(1)"
	line 438, "pan.___", state 477, "(1)"
	line 411, "pan.___", state 522, "cache_dirty_urcu_active_readers = 0"
	line 416, "pan.___", state 540, "cache_dirty_rcu_ptr = 0"
	line 420, "pan.___", state 554, "cache_dirty_rcu_data[i] = 0"
	line 429, "pan.___", state 586, "(1)"
	line 434, "pan.___", state 603, "(1)"
	line 438, "pan.___", state 616, "(1)"
	line 411, "pan.___", state 651, "cache_dirty_urcu_active_readers = 0"
	line 416, "pan.___", state 669, "cache_dirty_rcu_ptr = 0"
	line 420, "pan.___", state 683, "cache_dirty_rcu_data[i] = 0"
	line 429, "pan.___", state 715, "(1)"
	line 434, "pan.___", state 732, "(1)"
	line 438, "pan.___", state 745, "(1)"
	line 411, "pan.___", state 782, "cache_dirty_urcu_active_readers = 0"
	line 416, "pan.___", state 800, "cache_dirty_rcu_ptr = 0"
	line 420, "pan.___", state 814, "cache_dirty_rcu_data[i] = 0"
	line 429, "pan.___", state 846, "(1)"
	line 434, "pan.___", state 863, "(1)"
	line 438, "pan.___", state 876, "(1)"
	line 268, "pan.___", state 931, "cache_dirty_urcu_gp_ctr = 0"
	line 272, "pan.___", state 940, "cache_dirty_urcu_active_readers = 0"
	line 276, "pan.___", state 955, "(1)"
	line 280, "pan.___", state 962, "cache_dirty_rcu_data[i] = 0"
	line 245, "pan.___", state 978, "(1)"
	line 249, "pan.___", state 986, "(1)"
	line 253, "pan.___", state 998, "(1)"
	line 257, "pan.___", state 1006, "(1)"
	line 268, "pan.___", state 1037, "cache_dirty_urcu_gp_ctr = 0"
	line 272, "pan.___", state 1046, "cache_dirty_urcu_active_readers = 0"
	line 276, "pan.___", state 1059, "cache_dirty_rcu_ptr = 0"
	line 280, "pan.___", state 1068, "cache_dirty_rcu_data[i] = 0"
	line 245, "pan.___", state 1084, "(1)"
	line 249, "pan.___", state 1092, "(1)"
	line 253, "pan.___", state 1104, "(1)"
	line 257, "pan.___", state 1112, "(1)"
	line 272, "pan.___", state 1138, "cache_dirty_urcu_active_readers = 0"
	line 276, "pan.___", state 1151, "cache_dirty_rcu_ptr = 0"
	line 280, "pan.___", state 1160, "cache_dirty_rcu_data[i] = 0"
	line 245, "pan.___", state 1176, "(1)"
	line 249, "pan.___", state 1184, "(1)"
	line 253, "pan.___", state 1196, "(1)"
	line 257, "pan.___", state 1204, "(1)"
	line 268, "pan.___", state 1235, "cache_dirty_urcu_gp_ctr = 0"
	line 272, "pan.___", state 1244, "cache_dirty_urcu_active_readers = 0"
	line 276, "pan.___", state 1257, "cache_dirty_rcu_ptr = 0"
	line 280, "pan.___", state 1266, "cache_dirty_rcu_data[i] = 0"
	line 245, "pan.___", state 1282, "(1)"
	line 249, "pan.___", state 1290, "(1)"
	line 253, "pan.___", state 1302, "(1)"
	line 257, "pan.___", state 1310, "(1)"
	line 272, "pan.___", state 1336, "cache_dirty_urcu_active_readers = 0"
	line 276, "pan.___", state 1349, "cache_dirty_rcu_ptr = 0"
	line 280, "pan.___", state 1358, "cache_dirty_rcu_data[i] = 0"
	line 245, "pan.___", state 1374, "(1)"
	line 249, "pan.___", state 1382, "(1)"
	line 253, "pan.___", state 1394, "(1)"
	line 257, "pan.___", state 1402, "(1)"
	line 268, "pan.___", state 1433, "cache_dirty_urcu_gp_ctr = 0"
	line 272, "pan.___", state 1442, "cache_dirty_urcu_active_readers = 0"
	line 276, "pan.___", state 1455, "cache_dirty_rcu_ptr = 0"
	line 280, "pan.___", state 1464, "cache_dirty_rcu_data[i] = 0"
	line 245, "pan.___", state 1480, "(1)"
	line 249, "pan.___", state 1488, "(1)"
	line 253, "pan.___", state 1500, "(1)"
	line 257, "pan.___", state 1508, "(1)"
	line 272, "pan.___", state 1534, "cache_dirty_urcu_active_readers = 0"
	line 276, "pan.___", state 1547, "cache_dirty_rcu_ptr = 0"
	line 280, "pan.___", state 1556, "cache_dirty_rcu_data[i] = 0"
	line 245, "pan.___", state 1572, "(1)"
	line 249, "pan.___", state 1580, "(1)"
	line 253, "pan.___", state 1592, "(1)"
	line 257, "pan.___", state 1600, "(1)"
	line 268, "pan.___", state 1631, "cache_dirty_urcu_gp_ctr = 0"
	line 272, "pan.___", state 1640, "cache_dirty_urcu_active_readers = 0"
	line 276, "pan.___", state 1653, "cache_dirty_rcu_ptr = 0"
	line 280, "pan.___", state 1662, "cache_dirty_rcu_data[i] = 0"
	line 245, "pan.___", state 1678, "(1)"
	line 249, "pan.___", state 1686, "(1)"
	line 253, "pan.___", state 1698, "(1)"
	line 257, "pan.___", state 1706, "(1)"
	line 1304, "pan.___", state 1722, "-end-"
	(103 of 1722 states)
unreached in proctype :init:
	(0 of 28 states)
unreached in proctype :never:
	line 1369, "pan.___", state 11, "-end-"
	(1 of 11 states)

pan: elapsed time 3.14e+05 seconds
pan: rate 1063.7031 states/second
pan: avg transition delay 1.6359e-06 usec
cp .input.spin urcu_progress_writer.spin.input
cp .input.spin.trail urcu_progress_writer.spin.input.trail
make[1]: Leaving directory `/home/compudj/doc/userspace-rcu/formal-model/urcu-controldataflow-alpha-ipi-compress'
