make[1]: Entering directory `/home/compudj/doc/userspace-rcu/formal-model/urcu-controldataflow-intel-ipi-compress'
rm -f pan* trail.out .input.spin* *.spin.trail .input.define
touch .input.define
cat .input.define > pan.ltl
cat DEFINES >> pan.ltl
spin -f "!(`cat urcu_progress.ltl | grep -v ^//`)" >> pan.ltl
cp urcu_progress_writer.define .input.define
cat .input.define > .input.spin
cat DEFINES >> .input.spin
cat urcu.spin >> .input.spin
rm -f .input.spin.trail
spin -a -X -N pan.ltl .input.spin
Exit-Status 0
gcc -O2 -w -DHASH64 -DCOLLAPSE -o pan pan.c
./pan -a -f -v -c1 -X -m10000000 -w20
warning: for p.o. reduction to be valid the never claim must be stutter-invariant
(never claims generated from LTL formulae are stutter-invariant)
depth 0: Claim reached state 5 (line 1362)
depth 7: Claim reached state 9 (line 1367)
depth 50: Claim reached state 9 (line 1366)
Depth=    7070 States=    1e+06 Transitions= 1.16e+07 Memory=   493.010	t=   34.5 R=   3e+04
Depth=    7070 States=    2e+06 Transitions= 2.31e+07 Memory=   521.330	t=   69.3 R=   3e+04
Depth=    7070 States=    3e+06 Transitions= 3.43e+07 Memory=   549.455	t=    103 R=   3e+04
pan: resizing hashtable to -w22..  done
Depth=    8814 States=    4e+06 Transitions= 4.57e+07 Memory=   607.041	t=    138 R=   3e+04
Depth=    8814 States=    5e+06 Transitions= 5.73e+07 Memory=   632.920	t=    174 R=   3e+04
Depth=    8814 States=    6e+06 Transitions= 7.04e+07 Memory=   662.217	t=    215 R=   3e+04
Depth=    8814 States=    7e+06 Transitions= 8.38e+07 Memory=   690.049	t=    257 R=   3e+04
Depth=    8814 States=    8e+06 Transitions= 9.59e+07 Memory=   717.588	t=    294 R=   3e+04
Depth=    8814 States=    9e+06 Transitions= 1.08e+08 Memory=   745.127	t=    332 R=   3e+04
pan: resizing hashtable to -w24..  done
Depth=    8814 States=    1e+07 Transitions= 1.29e+08 Memory=   897.639	t=    398 R=   3e+04
Depth=    8814 States=  1.1e+07 Transitions= 1.41e+08 Memory=   926.154	t=    434 R=   3e+04
Depth=    8814 States=  1.2e+07 Transitions= 1.53e+08 Memory=   953.401	t=    471 R=   3e+04
Depth=    8814 States=  1.3e+07 Transitions= 1.64e+08 Memory=   980.940	t=    505 R=   3e+04
Depth=    8814 States=  1.4e+07 Transitions= 1.75e+08 Memory=  1010.725	t=    539 R=   3e+04
Depth=    8814 States=  1.5e+07 Transitions= 1.87e+08 Memory=  1037.580	t=    573 R=   3e+04
Depth=    8814 States=  1.6e+07 Transitions= 1.98e+08 Memory=  1064.924	t=    607 R=   3e+04
Depth=    8814 States=  1.7e+07 Transitions= 2.09e+08 Memory=  1094.904	t=    641 R=   3e+04
Depth=    8814 States=  1.8e+07 Transitions= 2.23e+08 Memory=  1119.514	t=    683 R=   3e+04
Depth=    8814 States=  1.9e+07 Transitions= 2.36e+08 Memory=  1146.662	t=    725 R=   3e+04
Depth=    8814 States=    2e+07 Transitions= 2.57e+08 Memory=  1174.201	t=    790 R=   3e+04
Depth=    8814 States=  2.1e+07 Transitions= 2.93e+08 Memory=  1205.549	t=    908 R=   2e+04
Depth=    9015 States=  2.2e+07 Transitions= 3.11e+08 Memory=  1235.822	t=    965 R=   2e+04
Depth=    9015 States=  2.3e+07 Transitions= 3.25e+08 Memory=  1264.533	t= 1.01e+03 R=   2e+04
Depth=    9015 States=  2.4e+07 Transitions= 3.45e+08 Memory=  1293.244	t= 1.07e+03 R=   2e+04
Depth=    9015 States=  2.5e+07 Transitions= 3.67e+08 Memory=  1321.467	t= 1.14e+03 R=   2e+04
Depth=    9015 States=  2.6e+07 Transitions= 3.84e+08 Memory=  1350.764	t= 1.2e+03 R=   2e+04
Depth=    9015 States=  2.7e+07 Transitions= 4.07e+08 Memory=  1380.158	t= 1.27e+03 R=   2e+04
Depth=    9015 States=  2.8e+07 Transitions= 4.29e+08 Memory=  1405.940	t= 1.34e+03 R=   2e+04
Depth=    9015 States=  2.9e+07 Transitions= 4.48e+08 Memory=  1433.381	t= 1.4e+03 R=   2e+04
Depth=    9015 States=    3e+07 Transitions= 4.66e+08 Memory=  1461.506	t= 1.46e+03 R=   2e+04
Depth=    9015 States=  3.1e+07 Transitions= 4.86e+08 Memory=  1489.143	t= 1.52e+03 R=   2e+04
Depth=    9015 States=  3.2e+07 Transitions=  5.1e+08 Memory=  1516.486	t= 1.6e+03 R=   2e+04
Depth=    9015 States=  3.3e+07 Transitions= 5.29e+08 Memory=  1543.733	t= 1.66e+03 R=   2e+04
Depth=    9015 States=  3.4e+07 Transitions= 5.47e+08 Memory=  1571.760	t= 1.72e+03 R=   2e+04
pan: resizing hashtable to -w26..  done
Depth=    9015 States=  3.5e+07 Transitions= 5.69e+08 Memory=  2095.088	t= 1.79e+03 R=   2e+04
Depth=    9015 States=  3.6e+07 Transitions= 5.95e+08 Memory=  2122.041	t= 1.87e+03 R=   2e+04
Depth=    9015 States=  3.7e+07 Transitions= 6.12e+08 Memory=  2149.971	t= 1.93e+03 R=   2e+04
Depth=    9015 States=  3.8e+07 Transitions= 6.29e+08 Memory=  2176.045	t= 1.98e+03 R=   2e+04
Depth=    9015 States=  3.9e+07 Transitions= 6.42e+08 Memory=  2204.268	t= 2.02e+03 R=   2e+04
Depth=    9015 States=    4e+07 Transitions= 6.56e+08 Memory=  2233.565	t= 2.06e+03 R=   2e+04
Depth=    9015 States=  4.1e+07 Transitions= 6.69e+08 Memory=  2264.424	t= 2.1e+03 R=   2e+04
Depth=    9015 States=  4.2e+07 Transitions= 6.82e+08 Memory=  2292.940	t= 2.14e+03 R=   2e+04
Depth=    9015 States=  4.3e+07 Transitions= 6.95e+08 Memory=  2322.529	t= 2.18e+03 R=   2e+04
Depth=    9015 States=  4.4e+07 Transitions= 7.07e+08 Memory=  2350.654	t= 2.22e+03 R=   2e+04
Depth=    9015 States=  4.5e+07 Transitions= 7.28e+08 Memory=  2378.193	t= 2.29e+03 R=   2e+04
Depth=    9015 States=  4.6e+07 Transitions= 7.63e+08 Memory=  2409.443	t= 2.4e+03 R=   2e+04
Depth=    9015 States=  4.7e+07 Transitions= 7.99e+08 Memory=  2445.088	t= 2.52e+03 R=   2e+04
Depth=    9015 States=  4.8e+07 Transitions= 8.49e+08 Memory=  2479.072	t= 2.69e+03 R=   2e+04
Depth=    9015 States=  4.9e+07 Transitions= 8.91e+08 Memory=  2508.076	t= 2.82e+03 R=   2e+04
Depth=    9015 States=    5e+07 Transitions= 9.24e+08 Memory=  2532.295	t= 2.93e+03 R=   2e+04
Depth=    9015 States=  5.1e+07 Transitions= 9.39e+08 Memory=  2561.494	t= 2.98e+03 R=   2e+04
Depth=    9015 States=  5.2e+07 Transitions=  9.6e+08 Memory=  2589.522	t= 3.05e+03 R=   2e+04
Depth=    9015 States=  5.3e+07 Transitions= 9.99e+08 Memory=  2617.158	t= 3.17e+03 R=   2e+04
Depth=    9015 States=  5.4e+07 Transitions= 1.01e+09 Memory=  2647.725	t= 3.22e+03 R=   2e+04
Depth=    9015 States=  5.5e+07 Transitions= 1.03e+09 Memory=  2674.580	t= 3.27e+03 R=   2e+04
Depth=    9015 States=  5.6e+07 Transitions= 1.05e+09 Memory=  2701.143	t= 3.32e+03 R=   2e+04
Depth=    9015 States=  5.7e+07 Transitions= 1.06e+09 Memory=  2730.928	t= 3.36e+03 R=   2e+04
Depth=    9015 States=  5.8e+07 Transitions= 1.09e+09 Memory=  2759.053	t= 3.45e+03 R=   2e+04
Depth=    9015 States=  5.9e+07 Transitions=  1.1e+09 Memory=  2786.983	t= 3.5e+03 R=   2e+04
Depth=    9015 States=    6e+07 Transitions= 1.13e+09 Memory=  2814.619	t= 3.6e+03 R=   2e+04
Depth=    9015 States=  6.1e+07 Transitions= 1.15e+09 Memory=  2841.670	t= 3.66e+03 R=   2e+04
Depth=    9015 States=  6.2e+07 Transitions= 1.19e+09 Memory=  2870.576	t= 3.77e+03 R=   2e+04
Depth=    9015 States=  6.3e+07 Transitions= 1.21e+09 Memory=  2897.627	t= 3.84e+03 R=   2e+04
Depth=    9015 States=  6.4e+07 Transitions= 1.24e+09 Memory=  2925.166	t= 3.94e+03 R=   2e+04
Depth=    9015 States=  6.5e+07 Transitions= 1.26e+09 Memory=  2952.803	t= 4.01e+03 R=   2e+04
Depth=    9015 States=  6.6e+07 Transitions= 1.28e+09 Memory=  2979.756	t= 4.09e+03 R=   2e+04
Depth=    9015 States=  6.7e+07 Transitions=  1.3e+09 Memory=  3007.686	t= 4.15e+03 R=   2e+04
Depth=    9015 States=  6.8e+07 Transitions= 1.33e+09 Memory=  3035.811	t= 4.23e+03 R=   2e+04
Depth=    9015 States=  6.9e+07 Transitions= 1.36e+09 Memory=  3063.838	t= 4.32e+03 R=   2e+04
Depth=    9522 States=    7e+07 Transitions= 1.38e+09 Memory=  3094.795	t= 4.39e+03 R=   2e+04
Depth=    9522 States=  7.1e+07 Transitions= 1.39e+09 Memory=  3120.186	t= 4.43e+03 R=   2e+04
Depth=    9522 States=  7.2e+07 Transitions= 1.41e+09 Memory=  3149.971	t= 4.5e+03 R=   2e+04
Depth=    9553 States=  7.3e+07 Transitions= 1.44e+09 Memory=  3179.365	t= 4.57e+03 R=   2e+04
Depth=    9553 States=  7.4e+07 Transitions= 1.45e+09 Memory=  3205.244	t= 4.61e+03 R=   2e+04
Depth=    9553 States=  7.5e+07 Transitions= 1.47e+09 Memory=  3235.225	t= 4.69e+03 R=   2e+04
Depth=    9553 States=  7.6e+07 Transitions= 1.49e+09 Memory=  3263.545	t= 4.75e+03 R=   2e+04
Depth=    9553 States=  7.7e+07 Transitions= 1.51e+09 Memory=  3290.401	t= 4.8e+03 R=   2e+04
Depth=    9553 States=  7.8e+07 Transitions= 1.52e+09 Memory=  3319.795	t= 4.84e+03 R=   2e+04
Depth=    9553 States=  7.9e+07 Transitions= 1.54e+09 Memory=  3349.190	t= 4.91e+03 R=   2e+04
Depth=    9553 States=    8e+07 Transitions= 1.56e+09 Memory=  3377.803	t= 4.98e+03 R=   2e+04
Depth=    9553 States=  8.1e+07 Transitions= 1.58e+09 Memory=  3406.904	t= 5.04e+03 R=   2e+04
Depth=    9553 States=  8.2e+07 Transitions=  1.6e+09 Memory=  3434.443	t= 5.08e+03 R=   2e+04
Depth=    9553 States=  8.3e+07 Transitions= 1.61e+09 Memory=  3462.178	t= 5.14e+03 R=   2e+04
Depth=    9553 States=  8.4e+07 Transitions= 1.63e+09 Memory=  3490.205	t= 5.18e+03 R=   2e+04
Depth=    9553 States=  8.5e+07 Transitions= 1.65e+09 Memory=  3517.549	t= 5.24e+03 R=   2e+04
Depth=    9553 States=  8.6e+07 Transitions= 1.67e+09 Memory=  3544.502	t= 5.31e+03 R=   2e+04
Depth=    9553 States=  8.7e+07 Transitions= 1.69e+09 Memory=  3574.190	t= 5.38e+03 R=   2e+04
Depth=    9553 States=  8.8e+07 Transitions=  1.7e+09 Memory=  3606.026	t= 5.42e+03 R=   2e+04
Depth=    9553 States=  8.9e+07 Transitions= 1.72e+09 Memory=  3632.588	t= 5.48e+03 R=   2e+04
Depth=    9553 States=    9e+07 Transitions= 1.74e+09 Memory=  3662.080	t= 5.53e+03 R=   2e+04
Depth=    9553 States=  9.1e+07 Transitions= 1.76e+09 Memory=  3689.229	t= 5.59e+03 R=   2e+04
Depth=    9553 States=  9.2e+07 Transitions= 1.78e+09 Memory=  3716.572	t= 5.65e+03 R=   2e+04
Depth=    9553 States=  9.3e+07 Transitions=  1.8e+09 Memory=  3743.135	t= 5.72e+03 R=   2e+04
Depth=    9553 States=  9.4e+07 Transitions= 1.82e+09 Memory=  3771.553	t= 5.8e+03 R=   2e+04
Depth=    9553 States=  9.5e+07 Transitions= 1.84e+09 Memory=  3801.436	t= 5.86e+03 R=   2e+04
Depth=    9553 States=  9.6e+07 Transitions= 1.86e+09 Memory=  3827.803	t= 5.91e+03 R=   2e+04
Depth=    9553 States=  9.7e+07 Transitions= 1.88e+09 Memory=  3857.881	t= 5.99e+03 R=   2e+04
Depth=    9553 States=  9.8e+07 Transitions=  1.9e+09 Memory=  3886.494	t= 6.03e+03 R=   2e+04
Depth=    9553 States=  9.9e+07 Transitions= 1.91e+09 Memory=  3914.229	t= 6.08e+03 R=   2e+04
Depth=    9553 States=    1e+08 Transitions= 1.93e+09 Memory=  3942.549	t= 6.13e+03 R=   2e+04
Depth=    9553 States= 1.01e+08 Transitions= 1.94e+09 Memory=  3972.236	t= 6.19e+03 R=   2e+04
Depth=    9553 States= 1.02e+08 Transitions= 1.96e+09 Memory=  4001.729	t= 6.24e+03 R=   2e+04
Depth=    9553 States= 1.03e+08 Transitions= 1.98e+09 Memory=  4030.049	t= 6.3e+03 R=   2e+04
Depth=    9553 States= 1.04e+08 Transitions=    2e+09 Memory=  4059.639	t= 6.38e+03 R=   2e+04
Depth=    9553 States= 1.05e+08 Transitions= 2.02e+09 Memory=  4086.006	t= 6.43e+03 R=   2e+04
Depth=    9553 States= 1.06e+08 Transitions= 2.04e+09 Memory=  4115.889	t= 6.49e+03 R=   2e+04
Depth=    9553 States= 1.07e+08 Transitions= 2.06e+09 Memory=  4144.990	t= 6.55e+03 R=   2e+04
Depth=    9553 States= 1.08e+08 Transitions= 2.07e+09 Memory=  4172.822	t= 6.6e+03 R=   2e+04
Depth=    9553 States= 1.09e+08 Transitions= 2.09e+09 Memory=  4200.752	t= 6.65e+03 R=   2e+04
Depth=    9553 States=  1.1e+08 Transitions= 2.11e+09 Memory=  4230.147	t= 6.7e+03 R=   2e+04
Depth=    9553 States= 1.11e+08 Transitions= 2.12e+09 Memory=  4259.932	t= 6.75e+03 R=   2e+04
Depth=    9553 States= 1.12e+08 Transitions= 2.14e+09 Memory=  4284.541	t= 6.81e+03 R=   2e+04
Depth=    9553 States= 1.13e+08 Transitions= 2.16e+09 Memory=  4312.471	t= 6.86e+03 R=   2e+04
Depth=    9553 States= 1.14e+08 Transitions= 2.17e+09 Memory=  4340.401	t= 6.91e+03 R=   2e+04
Depth=    9553 States= 1.15e+08 Transitions= 2.19e+09 Memory=  4368.526	t= 6.97e+03 R=   2e+04
Depth=    9553 States= 1.16e+08 Transitions= 2.21e+09 Memory=  4396.651	t= 7.02e+03 R=   2e+04
Depth=    9553 States= 1.17e+08 Transitions= 2.23e+09 Memory=  4423.897	t= 7.1e+03 R=   2e+04
Depth=    9553 States= 1.18e+08 Transitions= 2.27e+09 Memory=  4453.779	t= 7.22e+03 R=   2e+04
Depth=    9553 States= 1.19e+08 Transitions= 2.29e+09 Memory=  4483.955	t= 7.29e+03 R=   2e+04
Depth=    9553 States=  1.2e+08 Transitions=  2.3e+09 Memory=  4513.545	t= 7.33e+03 R=   2e+04
Depth=    9553 States= 1.21e+08 Transitions= 2.32e+09 Memory=  4541.279	t= 7.4e+03 R=   2e+04
Depth=    9553 States= 1.22e+08 Transitions= 2.34e+09 Memory=  4569.893	t= 7.45e+03 R=   2e+04
Depth=    9553 States= 1.23e+08 Transitions= 2.36e+09 Memory=  4599.483	t= 7.52e+03 R=   2e+04
Depth=    9553 States= 1.24e+08 Transitions= 2.38e+09 Memory=  4627.705	t= 7.58e+03 R=   2e+04
Depth=    9553 States= 1.25e+08 Transitions= 2.41e+09 Memory=  4654.658	t= 7.68e+03 R=   2e+04
Depth=    9553 States= 1.26e+08 Transitions= 2.43e+09 Memory=  4681.807	t= 7.76e+03 R=   2e+04
Depth=    9553 States= 1.27e+08 Transitions= 2.45e+09 Memory=  4708.760	t= 7.83e+03 R=   2e+04
Depth=    9553 States= 1.28e+08 Transitions= 2.48e+09 Memory=  4735.518	t= 7.93e+03 R=   2e+04
Depth=    9553 States= 1.29e+08 Transitions=  2.5e+09 Memory=  4762.178	t=  8e+03 R=   2e+04
Depth=    9553 States=  1.3e+08 Transitions= 2.52e+09 Memory=  4790.303	t= 8.07e+03 R=   2e+04
Depth=    9553 States= 1.31e+08 Transitions= 2.55e+09 Memory=  4817.451	t= 8.15e+03 R=   2e+04
Depth=    9553 States= 1.32e+08 Transitions= 2.57e+09 Memory=  4845.186	t= 8.22e+03 R=   2e+04
Depth=    9553 States= 1.33e+08 Transitions= 2.59e+09 Memory=  4872.139	t= 8.3e+03 R=   2e+04
Depth=    9553 States= 1.34e+08 Transitions= 2.61e+09 Memory=  4900.850	t= 8.37e+03 R=   2e+04
Depth=    9553 States= 1.35e+08 Transitions= 2.63e+09 Memory=  4927.803	t= 8.43e+03 R=   2e+04
pan: resizing hashtable to -w28..  done
Depth=    9553 States= 1.36e+08 Transitions= 2.65e+09 Memory=  6975.803	t= 8.5e+03 R=   2e+04
Depth=    9553 States= 1.37e+08 Transitions= 2.66e+09 Memory=  6975.803	t= 8.54e+03 R=   2e+04
Depth=    9553 States= 1.38e+08 Transitions= 2.67e+09 Memory=  6996.799	t= 8.58e+03 R=   2e+04
Depth=    9553 States= 1.39e+08 Transitions= 2.69e+09 Memory=  7026.779	t= 8.62e+03 R=   2e+04
Depth=    9553 States=  1.4e+08 Transitions=  2.7e+09 Memory=  7056.467	t= 8.68e+03 R=   2e+04
Depth=    9553 States= 1.41e+08 Transitions= 2.72e+09 Memory=  7084.787	t= 8.72e+03 R=   2e+04
Depth=    9553 States= 1.42e+08 Transitions= 2.74e+09 Memory=  7114.084	t= 8.77e+03 R=   2e+04
Depth=    9553 States= 1.43e+08 Transitions= 2.75e+09 Memory=  7143.088	t= 8.82e+03 R=   2e+04
Depth=    9553 States= 1.44e+08 Transitions= 2.77e+09 Memory=  7170.920	t= 8.88e+03 R=   2e+04
Depth=    9553 States= 1.45e+08 Transitions= 2.79e+09 Memory=  7198.166	t= 8.94e+03 R=   2e+04
Depth=    9553 States= 1.46e+08 Transitions= 2.82e+09 Memory=  7229.514	t= 9.06e+03 R=   2e+04
Depth=    9553 States= 1.47e+08 Transitions= 2.86e+09 Memory=  7265.158	t= 9.18e+03 R=   2e+04
Depth=    9553 States= 1.48e+08 Transitions= 2.91e+09 Memory=  7299.143	t= 9.34e+03 R=   2e+04
Depth=    9553 States= 1.49e+08 Transitions= 2.95e+09 Memory=  7327.170	t= 9.47e+03 R=   2e+04
Depth=    9553 States=  1.5e+08 Transitions= 2.99e+09 Memory=  7352.561	t= 9.59e+03 R=   2e+04
Depth=    9553 States= 1.51e+08 Transitions=    3e+09 Memory=  7380.881	t= 9.64e+03 R=   2e+04
Depth=    9553 States= 1.52e+08 Transitions= 3.02e+09 Memory=  7408.908	t= 9.7e+03 R=   2e+04
Depth=    9553 States= 1.53e+08 Transitions= 3.05e+09 Memory=  7437.033	t= 9.8e+03 R=   2e+04
Depth=    9553 States= 1.54e+08 Transitions= 3.08e+09 Memory=  7465.744	t= 9.89e+03 R=   2e+04
Depth=    9553 States= 1.55e+08 Transitions=  3.1e+09 Memory=  7493.869	t= 9.95e+03 R=   2e+04
Depth=    9553 States= 1.56e+08 Transitions= 3.11e+09 Memory=  7520.529	t= 9.99e+03 R=   2e+04
Depth=    9553 States= 1.57e+08 Transitions= 3.13e+09 Memory=  7547.092	t=  1e+04 R=   2e+04
Depth=    9553 States= 1.58e+08 Transitions= 3.14e+09 Memory=  7577.170	t= 1.01e+04 R=   2e+04
Depth=    9553 States= 1.59e+08 Transitions= 3.17e+09 Memory=  7604.611	t= 1.02e+04 R=   2e+04
Depth=    9553 States=  1.6e+08 Transitions= 3.19e+09 Memory=  7631.955	t= 1.02e+04 R=   2e+04
Depth=    9553 States= 1.61e+08 Transitions= 3.21e+09 Memory=  7659.299	t= 1.03e+04 R=   2e+04
Depth=    9553 States= 1.62e+08 Transitions= 3.24e+09 Memory=  7686.740	t= 1.04e+04 R=   2e+04
Depth=    9553 States= 1.63e+08 Transitions= 3.27e+09 Memory=  7713.791	t= 1.05e+04 R=   2e+04
Depth=    9553 States= 1.64e+08 Transitions= 3.29e+09 Memory=  7743.186	t= 1.06e+04 R=   2e+04
Depth=    9553 States= 1.65e+08 Transitions= 3.31e+09 Memory=  7771.604	t= 1.06e+04 R=   2e+04
Depth=    9553 States= 1.66e+08 Transitions= 3.34e+09 Memory=  7797.971	t= 1.07e+04 R=   2e+04
Depth=    9553 States= 1.67e+08 Transitions= 3.37e+09 Memory=  7825.217	t= 1.08e+04 R=   2e+04
Depth=    9553 States= 1.68e+08 Transitions= 3.39e+09 Memory=  7853.733	t= 1.09e+04 R=   2e+04
Depth=    9553 States= 1.69e+08 Transitions= 3.41e+09 Memory=  7880.686	t= 1.09e+04 R=   2e+04
Depth=    9553 States=  1.7e+08 Transitions= 3.44e+09 Memory=  7909.690	t= 1.1e+04 R=   2e+04
Depth=    9553 States= 1.71e+08 Transitions= 3.46e+09 Memory=  7939.279	t= 1.11e+04 R=   2e+04
Depth=    9553 States= 1.72e+08 Transitions= 3.47e+09 Memory=  7964.768	t= 1.11e+04 R=   2e+04
Depth=    9553 States= 1.73e+08 Transitions=  3.5e+09 Memory=  7994.260	t= 1.12e+04 R=   2e+04
Depth=    9553 States= 1.74e+08 Transitions= 3.52e+09 Memory=  8023.850	t= 1.13e+04 R=   2e+04
Depth=    9553 States= 1.75e+08 Transitions= 3.53e+09 Memory=  8051.877	t= 1.13e+04 R=   2e+04
Depth=    9553 States= 1.76e+08 Transitions= 3.56e+09 Memory=  8080.979	t= 1.14e+04 R=   2e+04
Depth=    9553 States= 1.77e+08 Transitions= 3.57e+09 Memory=  8107.834	t= 1.15e+04 R=   2e+04
Depth=    9553 States= 1.78e+08 Transitions= 3.59e+09 Memory=  8137.033	t= 1.15e+04 R=   2e+04
Depth=    9553 States= 1.79e+08 Transitions= 3.61e+09 Memory=  8165.158	t= 1.16e+04 R=   2e+04
Depth=    9553 States=  1.8e+08 Transitions= 3.63e+09 Memory=  8194.065	t= 1.16e+04 R=   2e+04
Depth=    9553 States= 1.81e+08 Transitions= 3.65e+09 Memory=  8222.971	t= 1.17e+04 R=   2e+04
Depth=    9553 States= 1.82e+08 Transitions= 3.66e+09 Memory=  8251.096	t= 1.17e+04 R=   2e+04
Depth=    9553 States= 1.83e+08 Transitions= 3.68e+09 Memory=  8279.514	t= 1.18e+04 R=   2e+04
Depth=    9553 States= 1.84e+08 Transitions= 3.69e+09 Memory=  8307.151	t= 1.18e+04 R=   2e+04
Depth=    9553 States= 1.85e+08 Transitions= 3.71e+09 Memory=  8334.787	t= 1.19e+04 R=   2e+04
Depth=    9553 States= 1.86e+08 Transitions= 3.73e+09 Memory=  8361.838	t= 1.2e+04 R=   2e+04
Depth=    9553 States= 1.87e+08 Transitions= 3.75e+09 Memory=  8392.209	t= 1.2e+04 R=   2e+04
Depth=    9553 States= 1.88e+08 Transitions= 3.77e+09 Memory=  8423.361	t= 1.21e+04 R=   2e+04
Depth=    9553 States= 1.89e+08 Transitions= 3.78e+09 Memory=  8449.826	t= 1.21e+04 R=   2e+04
Depth=    9553 States=  1.9e+08 Transitions=  3.8e+09 Memory=  8479.026	t= 1.22e+04 R=   2e+04
Depth=    9553 States= 1.91e+08 Transitions= 3.82e+09 Memory=  8506.076	t= 1.22e+04 R=   2e+04
Depth=    9553 States= 1.92e+08 Transitions= 3.84e+09 Memory=  8533.029	t= 1.23e+04 R=   2e+04
Depth=    9553 States= 1.93e+08 Transitions= 3.86e+09 Memory=  8563.889	t= 1.24e+04 R=   2e+04
Depth=    9553 States= 1.94e+08 Transitions= 3.88e+09 Memory=  8590.744	t= 1.24e+04 R=   2e+04
Depth=    9553 States= 1.95e+08 Transitions=  3.9e+09 Memory=  8620.334	t= 1.25e+04 R=   2e+04
Depth=    9553 States= 1.96e+08 Transitions= 3.92e+09 Memory=  8649.826	t= 1.25e+04 R=   2e+04
Depth=    9553 States= 1.97e+08 Transitions= 3.93e+09 Memory=  8676.486	t= 1.26e+04 R=   2e+04
Depth=    9553 States= 1.98e+08 Transitions= 3.95e+09 Memory=  8705.197	t= 1.26e+04 R=   2e+04
Depth=    9553 States= 1.99e+08 Transitions= 3.96e+09 Memory=  8734.006	t= 1.27e+04 R=   2e+04
Depth=    9553 States=    2e+08 Transitions= 3.98e+09 Memory=  8764.279	t= 1.27e+04 R=   2e+04
Depth=    9553 States= 2.01e+08 Transitions=    4e+09 Memory=  8792.209	t= 1.28e+04 R=   2e+04
Depth=    9553 States= 2.02e+08 Transitions= 4.03e+09 Memory=  8821.408	t= 1.29e+04 R=   2e+04
Depth=    9553 States= 2.03e+08 Transitions= 4.04e+09 Memory=  8849.338	t= 1.29e+04 R=   2e+04
Depth=    9553 States= 2.04e+08 Transitions= 4.06e+09 Memory=  8878.733	t= 1.3e+04 R=   2e+04
Depth=    9553 States= 2.05e+08 Transitions= 4.08e+09 Memory=  8908.322	t= 1.31e+04 R=   2e+04
Depth=    9553 States= 2.06e+08 Transitions= 4.09e+09 Memory=  8934.494	t= 1.31e+04 R=   2e+04
Depth=    9553 States= 2.07e+08 Transitions= 4.11e+09 Memory=  8963.498	t= 1.32e+04 R=   2e+04
Depth=    9553 States= 2.08e+08 Transitions= 4.13e+09 Memory=  8991.818	t= 1.32e+04 R=   2e+04
Depth=    9553 States= 2.09e+08 Transitions= 4.14e+09 Memory=  9022.287	t= 1.33e+04 R=   2e+04
Depth=    9553 States=  2.1e+08 Transitions= 4.16e+09 Memory=  9047.580	t= 1.33e+04 R=   2e+04
Depth=    9553 States= 2.11e+08 Transitions= 4.18e+09 Memory=  9075.412	t= 1.34e+04 R=   2e+04
Depth=    9553 States= 2.12e+08 Transitions= 4.19e+09 Memory=  9103.244	t= 1.34e+04 R=   2e+04
Depth=    9553 States= 2.13e+08 Transitions= 4.21e+09 Memory=  9131.467	t= 1.35e+04 R=   2e+04
Depth=    9553 States= 2.14e+08 Transitions= 4.22e+09 Memory=  9159.006	t= 1.35e+04 R=   2e+04
Depth=    9553 States= 2.15e+08 Transitions= 4.26e+09 Memory=  9188.010	t= 1.36e+04 R=   2e+04
Depth=    9553 States= 2.16e+08 Transitions= 4.29e+09 Memory=  9218.283	t= 1.37e+04 R=   2e+04
Depth=    9553 States= 2.17e+08 Transitions=  4.3e+09 Memory=  9246.897	t= 1.37e+04 R=   2e+04
Depth=    9553 States= 2.18e+08 Transitions= 4.32e+09 Memory=  9276.193	t= 1.38e+04 R=   2e+04
Depth=    9553 States= 2.19e+08 Transitions= 4.33e+09 Memory=  9305.002	t= 1.39e+04 R=   2e+04
Depth=    9553 States=  2.2e+08 Transitions= 4.35e+09 Memory=  9334.299	t= 1.39e+04 R=   2e+04
Depth=    9553 States= 2.21e+08 Transitions= 4.37e+09 Memory=  9362.619	t= 1.4e+04 R=   2e+04
Depth=    9553 States= 2.22e+08 Transitions=  4.4e+09 Memory=  9388.108	t= 1.41e+04 R=   2e+04
Depth=    9553 States= 2.23e+08 Transitions= 4.43e+09 Memory=  9415.354	t= 1.42e+04 R=   2e+04
Depth=    9553 States= 2.24e+08 Transitions= 4.45e+09 Memory=  9442.111	t= 1.42e+04 R=   2e+04
Depth=    9553 States= 2.25e+08 Transitions= 4.48e+09 Memory=  9468.967	t= 1.43e+04 R=   2e+04
Depth=    9553 States= 2.26e+08 Transitions=  4.5e+09 Memory=  9495.041	t= 1.44e+04 R=   2e+04
Depth=    9553 States= 2.27e+08 Transitions= 4.52e+09 Memory=  9522.580	t= 1.44e+04 R=   2e+04
Depth=    9553 States= 2.28e+08 Transitions= 4.54e+09 Memory=  9549.631	t= 1.45e+04 R=   2e+04
Depth=    9553 States= 2.29e+08 Transitions= 4.56e+09 Memory=  9576.096	t= 1.46e+04 R=   2e+04
Depth=    9553 States=  2.3e+08 Transitions= 4.59e+09 Memory=  9602.268	t= 1.47e+04 R=   2e+04
Depth=    9553 States= 2.31e+08 Transitions=  4.6e+09 Memory=  9630.197	t= 1.47e+04 R=   2e+04
Depth=    9553 States= 2.32e+08 Transitions= 4.63e+09 Memory=  9656.858	t= 1.48e+04 R=   2e+04
Depth=    9553 States= 2.33e+08 Transitions= 4.66e+09 Memory=  9683.713	t= 1.49e+04 R=   2e+04
Depth=    9553 States= 2.34e+08 Transitions= 4.68e+09 Memory=  9710.373	t= 1.5e+04 R=   2e+04
Depth=    9553 States= 2.35e+08 Transitions=  4.7e+09 Memory=  9738.108	t= 1.5e+04 R=   2e+04
Depth=    9553 States= 2.36e+08 Transitions= 4.72e+09 Memory=  9765.158	t= 1.51e+04 R=   2e+04
Depth=    9553 States= 2.37e+08 Transitions= 4.74e+09 Memory=  9792.404	t= 1.52e+04 R=   2e+04
Depth=    9553 States= 2.38e+08 Transitions= 4.77e+09 Memory=  9818.576	t= 1.52e+04 R=   2e+04
Depth=    9553 States= 2.39e+08 Transitions= 4.79e+09 Memory=  9845.432	t= 1.53e+04 R=   2e+04
Depth=    9553 States=  2.4e+08 Transitions=  4.8e+09 Memory=  9871.701	t= 1.53e+04 R=   2e+04

(Spin Version 5.1.7 -- 23 December 2008)
	+ Partial Order Reduction
	+ Compression

Full statespace search for:
	never claim         	+
	assertion violations	+ (if within scope of claim)
	acceptance   cycles 	+ (fairness enabled)
	invalid end states	- (disabled by never claim)

State-vector 80 byte, depth reached 9553, errors: 0
1.4728139e+08 states, stored (2.40187e+08 visited)
4.565323e+09 states, matched
4.8055096e+09 transitions (= visited+matched)
7.4787137e+10 atomic steps
hash conflicts: 1.0275497e+09 (resolved)

Stats on memory usage (in Megabytes):
16293.183	equivalent memory usage for states (stored*(State-vector + overhead))
 7372.383	actual memory usage for states (compression: 45.25%)
         	state-vector as stored = 16 byte + 36 byte overhead
 2048.000	memory used for hash table (-w28)
  457.764	memory used for DFS stack (-m10000000)
    1.367	memory lost to fragmentation
 9876.779	total actual memory usage

nr of templates: [ globals chans procs ]
collapse counts: [ 592075 4097 3828 2 2 ]
unreached in proctype urcu_reader
	line 268, "pan.___", state 57, "cache_dirty_urcu_gp_ctr = 0"
	line 276, "pan.___", state 79, "cache_dirty_rcu_ptr = 0"
	line 280, "pan.___", state 88, "cache_dirty_rcu_data[i] = 0"
	line 245, "pan.___", state 104, "(1)"
	line 249, "pan.___", state 112, "(1)"
	line 253, "pan.___", state 124, "(1)"
	line 257, "pan.___", state 132, "(1)"
	line 407, "pan.___", state 158, "cache_dirty_urcu_gp_ctr = 0"
	line 416, "pan.___", state 190, "cache_dirty_rcu_ptr = 0"
	line 420, "pan.___", state 204, "cache_dirty_rcu_data[i] = 0"
	line 245, "pan.___", state 222, "(1)"
	line 253, "pan.___", state 242, "(1)"
	line 257, "pan.___", state 250, "(1)"
	line 687, "pan.___", state 269, "_proc_urcu_reader = (_proc_urcu_reader|((1<<2)<<1))"
	line 407, "pan.___", state 276, "cache_dirty_urcu_gp_ctr = 0"
	line 416, "pan.___", state 308, "cache_dirty_rcu_ptr = 0"
	line 420, "pan.___", state 322, "cache_dirty_rcu_data[i] = 0"
	line 245, "pan.___", state 340, "(1)"
	line 253, "pan.___", state 360, "(1)"
	line 257, "pan.___", state 368, "(1)"
	line 407, "pan.___", state 387, "cache_dirty_urcu_gp_ctr = 0"
	line 416, "pan.___", state 419, "cache_dirty_rcu_ptr = 0"
	line 420, "pan.___", state 433, "cache_dirty_rcu_data[i] = 0"
	line 245, "pan.___", state 451, "(1)"
	line 253, "pan.___", state 471, "(1)"
	line 257, "pan.___", state 479, "(1)"
	line 407, "pan.___", state 500, "cache_dirty_urcu_gp_ctr = 0"
	line 407, "pan.___", state 502, "(1)"
	line 407, "pan.___", state 503, "(cache_dirty_urcu_gp_ctr)"
	line 407, "pan.___", state 503, "else"
	line 407, "pan.___", state 506, "(1)"
	line 411, "pan.___", state 514, "cache_dirty_urcu_active_readers = 0"
	line 411, "pan.___", state 516, "(1)"
	line 411, "pan.___", state 517, "(cache_dirty_urcu_active_readers)"
	line 411, "pan.___", state 517, "else"
	line 411, "pan.___", state 520, "(1)"
	line 411, "pan.___", state 521, "(1)"
	line 411, "pan.___", state 521, "(1)"
	line 409, "pan.___", state 526, "((i<1))"
	line 409, "pan.___", state 526, "((i>=1))"
	line 416, "pan.___", state 532, "cache_dirty_rcu_ptr = 0"
	line 416, "pan.___", state 534, "(1)"
	line 416, "pan.___", state 535, "(cache_dirty_rcu_ptr)"
	line 416, "pan.___", state 535, "else"
	line 416, "pan.___", state 538, "(1)"
	line 416, "pan.___", state 539, "(1)"
	line 416, "pan.___", state 539, "(1)"
	line 420, "pan.___", state 546, "cache_dirty_rcu_data[i] = 0"
	line 420, "pan.___", state 548, "(1)"
	line 420, "pan.___", state 549, "(cache_dirty_rcu_data[i])"
	line 420, "pan.___", state 549, "else"
	line 420, "pan.___", state 552, "(1)"
	line 420, "pan.___", state 553, "(1)"
	line 420, "pan.___", state 553, "(1)"
	line 418, "pan.___", state 558, "((i<2))"
	line 418, "pan.___", state 558, "((i>=2))"
	line 245, "pan.___", state 564, "(1)"
	line 249, "pan.___", state 572, "(1)"
	line 249, "pan.___", state 573, "(!(cache_dirty_urcu_active_readers))"
	line 249, "pan.___", state 573, "else"
	line 247, "pan.___", state 578, "((i<1))"
	line 247, "pan.___", state 578, "((i>=1))"
	line 253, "pan.___", state 584, "(1)"
	line 253, "pan.___", state 585, "(!(cache_dirty_rcu_ptr))"
	line 253, "pan.___", state 585, "else"
	line 257, "pan.___", state 592, "(1)"
	line 257, "pan.___", state 593, "(!(cache_dirty_rcu_data[i]))"
	line 257, "pan.___", state 593, "else"
	line 255, "pan.___", state 598, "((i<2))"
	line 255, "pan.___", state 598, "((i>=2))"
	line 262, "pan.___", state 602, "(!(cache_dirty_urcu_gp_ctr))"
	line 262, "pan.___", state 602, "else"
	line 427, "pan.___", state 604, "(1)"
	line 427, "pan.___", state 604, "(1)"
	line 687, "pan.___", state 607, "cached_urcu_active_readers = (tmp+1)"
	line 687, "pan.___", state 608, "_proc_urcu_reader = (_proc_urcu_reader|(1<<5))"
	line 687, "pan.___", state 609, "(1)"
	line 407, "pan.___", state 616, "cache_dirty_urcu_gp_ctr = 0"
	line 416, "pan.___", state 648, "cache_dirty_rcu_ptr = 0"
	line 420, "pan.___", state 662, "cache_dirty_rcu_data[i] = 0"
	line 245, "pan.___", state 680, "(1)"
	line 253, "pan.___", state 700, "(1)"
	line 257, "pan.___", state 708, "(1)"
	line 407, "pan.___", state 734, "cache_dirty_urcu_gp_ctr = 0"
	line 416, "pan.___", state 766, "cache_dirty_rcu_ptr = 0"
	line 420, "pan.___", state 780, "cache_dirty_rcu_data[i] = 0"
	line 245, "pan.___", state 798, "(1)"
	line 253, "pan.___", state 818, "(1)"
	line 257, "pan.___", state 826, "(1)"
	line 407, "pan.___", state 845, "cache_dirty_urcu_gp_ctr = 0"
	line 407, "pan.___", state 847, "(1)"
	line 407, "pan.___", state 848, "(cache_dirty_urcu_gp_ctr)"
	line 407, "pan.___", state 848, "else"
	line 407, "pan.___", state 851, "(1)"
	line 411, "pan.___", state 859, "cache_dirty_urcu_active_readers = 0"
	line 411, "pan.___", state 861, "(1)"
	line 411, "pan.___", state 862, "(cache_dirty_urcu_active_readers)"
	line 411, "pan.___", state 862, "else"
	line 411, "pan.___", state 865, "(1)"
	line 411, "pan.___", state 866, "(1)"
	line 411, "pan.___", state 866, "(1)"
	line 409, "pan.___", state 871, "((i<1))"
	line 409, "pan.___", state 871, "((i>=1))"
	line 416, "pan.___", state 877, "cache_dirty_rcu_ptr = 0"
	line 416, "pan.___", state 879, "(1)"
	line 416, "pan.___", state 880, "(cache_dirty_rcu_ptr)"
	line 416, "pan.___", state 880, "else"
	line 416, "pan.___", state 883, "(1)"
	line 416, "pan.___", state 884, "(1)"
	line 416, "pan.___", state 884, "(1)"
	line 420, "pan.___", state 891, "cache_dirty_rcu_data[i] = 0"
	line 420, "pan.___", state 893, "(1)"
	line 420, "pan.___", state 894, "(cache_dirty_rcu_data[i])"
	line 420, "pan.___", state 894, "else"
	line 420, "pan.___", state 897, "(1)"
	line 420, "pan.___", state 898, "(1)"
	line 420, "pan.___", state 898, "(1)"
	line 418, "pan.___", state 903, "((i<2))"
	line 418, "pan.___", state 903, "((i>=2))"
	line 245, "pan.___", state 909, "(1)"
	line 249, "pan.___", state 917, "(1)"
	line 249, "pan.___", state 918, "(!(cache_dirty_urcu_active_readers))"
	line 249, "pan.___", state 918, "else"
	line 247, "pan.___", state 923, "((i<1))"
	line 247, "pan.___", state 923, "((i>=1))"
	line 253, "pan.___", state 929, "(1)"
	line 253, "pan.___", state 930, "(!(cache_dirty_rcu_ptr))"
	line 253, "pan.___", state 930, "else"
	line 257, "pan.___", state 937, "(1)"
	line 257, "pan.___", state 938, "(!(cache_dirty_rcu_data[i]))"
	line 257, "pan.___", state 938, "else"
	line 255, "pan.___", state 943, "((i<2))"
	line 255, "pan.___", state 943, "((i>=2))"
	line 262, "pan.___", state 947, "(!(cache_dirty_urcu_gp_ctr))"
	line 262, "pan.___", state 947, "else"
	line 427, "pan.___", state 949, "(1)"
	line 427, "pan.___", state 949, "(1)"
	line 695, "pan.___", state 953, "_proc_urcu_reader = (_proc_urcu_reader|(1<<11))"
	line 407, "pan.___", state 958, "cache_dirty_urcu_gp_ctr = 0"
	line 416, "pan.___", state 990, "cache_dirty_rcu_ptr = 0"
	line 420, "pan.___", state 1004, "cache_dirty_rcu_data[i] = 0"
	line 245, "pan.___", state 1022, "(1)"
	line 253, "pan.___", state 1042, "(1)"
	line 257, "pan.___", state 1050, "(1)"
	line 407, "pan.___", state 1072, "cache_dirty_urcu_gp_ctr = 0"
	line 416, "pan.___", state 1104, "cache_dirty_rcu_ptr = 0"
	line 420, "pan.___", state 1118, "cache_dirty_rcu_data[i] = 0"
	line 245, "pan.___", state 1136, "(1)"
	line 253, "pan.___", state 1156, "(1)"
	line 257, "pan.___", state 1164, "(1)"
	line 407, "pan.___", state 1187, "cache_dirty_urcu_gp_ctr = 0"
	line 416, "pan.___", state 1219, "cache_dirty_rcu_ptr = 0"
	line 420, "pan.___", state 1233, "cache_dirty_rcu_data[i] = 0"
	line 245, "pan.___", state 1251, "(1)"
	line 253, "pan.___", state 1271, "(1)"
	line 257, "pan.___", state 1279, "(1)"
	line 407, "pan.___", state 1298, "cache_dirty_urcu_gp_ctr = 0"
	line 416, "pan.___", state 1330, "cache_dirty_rcu_ptr = 0"
	line 420, "pan.___", state 1344, "cache_dirty_rcu_data[i] = 0"
	line 245, "pan.___", state 1362, "(1)"
	line 253, "pan.___", state 1382, "(1)"
	line 257, "pan.___", state 1390, "(1)"
	line 407, "pan.___", state 1414, "cache_dirty_urcu_gp_ctr = 0"
	line 416, "pan.___", state 1446, "cache_dirty_rcu_ptr = 0"
	line 420, "pan.___", state 1460, "cache_dirty_rcu_data[i] = 0"
	line 245, "pan.___", state 1478, "(1)"
	line 253, "pan.___", state 1498, "(1)"
	line 257, "pan.___", state 1506, "(1)"
	line 407, "pan.___", state 1525, "cache_dirty_urcu_gp_ctr = 0"
	line 416, "pan.___", state 1557, "cache_dirty_rcu_ptr = 0"
	line 420, "pan.___", state 1571, "cache_dirty_rcu_data[i] = 0"
	line 245, "pan.___", state 1589, "(1)"
	line 253, "pan.___", state 1609, "(1)"
	line 257, "pan.___", state 1617, "(1)"
	line 407, "pan.___", state 1639, "cache_dirty_urcu_gp_ctr = 0"
	line 416, "pan.___", state 1671, "cache_dirty_rcu_ptr = 0"
	line 420, "pan.___", state 1685, "cache_dirty_rcu_data[i] = 0"
	line 245, "pan.___", state 1703, "(1)"
	line 253, "pan.___", state 1723, "(1)"
	line 257, "pan.___", state 1731, "(1)"
	line 734, "pan.___", state 1750, "_proc_urcu_reader = (_proc_urcu_reader|((1<<2)<<19))"
	line 407, "pan.___", state 1757, "cache_dirty_urcu_gp_ctr = 0"
	line 416, "pan.___", state 1789, "cache_dirty_rcu_ptr = 0"
	line 420, "pan.___", state 1803, "cache_dirty_rcu_data[i] = 0"
	line 245, "pan.___", state 1821, "(1)"
	line 253, "pan.___", state 1841, "(1)"
	line 257, "pan.___", state 1849, "(1)"
	line 407, "pan.___", state 1868, "cache_dirty_urcu_gp_ctr = 0"
	line 416, "pan.___", state 1900, "cache_dirty_rcu_ptr = 0"
	line 420, "pan.___", state 1914, "cache_dirty_rcu_data[i] = 0"
	line 245, "pan.___", state 1932, "(1)"
	line 253, "pan.___", state 1952, "(1)"
	line 257, "pan.___", state 1960, "(1)"
	line 407, "pan.___", state 1981, "cache_dirty_urcu_gp_ctr = 0"
	line 407, "pan.___", state 1983, "(1)"
	line 407, "pan.___", state 1984, "(cache_dirty_urcu_gp_ctr)"
	line 407, "pan.___", state 1984, "else"
	line 407, "pan.___", state 1987, "(1)"
	line 411, "pan.___", state 1995, "cache_dirty_urcu_active_readers = 0"
	line 411, "pan.___", state 1997, "(1)"
	line 411, "pan.___", state 1998, "(cache_dirty_urcu_active_readers)"
	line 411, "pan.___", state 1998, "else"
	line 411, "pan.___", state 2001, "(1)"
	line 411, "pan.___", state 2002, "(1)"
	line 411, "pan.___", state 2002, "(1)"
	line 409, "pan.___", state 2007, "((i<1))"
	line 409, "pan.___", state 2007, "((i>=1))"
	line 416, "pan.___", state 2013, "cache_dirty_rcu_ptr = 0"
	line 416, "pan.___", state 2015, "(1)"
	line 416, "pan.___", state 2016, "(cache_dirty_rcu_ptr)"
	line 416, "pan.___", state 2016, "else"
	line 416, "pan.___", state 2019, "(1)"
	line 416, "pan.___", state 2020, "(1)"
	line 416, "pan.___", state 2020, "(1)"
	line 420, "pan.___", state 2027, "cache_dirty_rcu_data[i] = 0"
	line 420, "pan.___", state 2029, "(1)"
	line 420, "pan.___", state 2030, "(cache_dirty_rcu_data[i])"
	line 420, "pan.___", state 2030, "else"
	line 420, "pan.___", state 2033, "(1)"
	line 420, "pan.___", state 2034, "(1)"
	line 420, "pan.___", state 2034, "(1)"
	line 418, "pan.___", state 2039, "((i<2))"
	line 418, "pan.___", state 2039, "((i>=2))"
	line 245, "pan.___", state 2045, "(1)"
	line 249, "pan.___", state 2053, "(1)"
	line 249, "pan.___", state 2054, "(!(cache_dirty_urcu_active_readers))"
	line 249, "pan.___", state 2054, "else"
	line 247, "pan.___", state 2059, "((i<1))"
	line 247, "pan.___", state 2059, "((i>=1))"
	line 253, "pan.___", state 2065, "(1)"
	line 253, "pan.___", state 2066, "(!(cache_dirty_rcu_ptr))"
	line 253, "pan.___", state 2066, "else"
	line 257, "pan.___", state 2073, "(1)"
	line 257, "pan.___", state 2074, "(!(cache_dirty_rcu_data[i]))"
	line 257, "pan.___", state 2074, "else"
	line 255, "pan.___", state 2079, "((i<2))"
	line 255, "pan.___", state 2079, "((i>=2))"
	line 262, "pan.___", state 2083, "(!(cache_dirty_urcu_gp_ctr))"
	line 262, "pan.___", state 2083, "else"
	line 427, "pan.___", state 2085, "(1)"
	line 427, "pan.___", state 2085, "(1)"
	line 734, "pan.___", state 2088, "cached_urcu_active_readers = (tmp+1)"
	line 734, "pan.___", state 2089, "_proc_urcu_reader = (_proc_urcu_reader|(1<<23))"
	line 734, "pan.___", state 2090, "(1)"
	line 407, "pan.___", state 2097, "cache_dirty_urcu_gp_ctr = 0"
	line 416, "pan.___", state 2129, "cache_dirty_rcu_ptr = 0"
	line 420, "pan.___", state 2143, "cache_dirty_rcu_data[i] = 0"
	line 245, "pan.___", state 2161, "(1)"
	line 253, "pan.___", state 2181, "(1)"
	line 257, "pan.___", state 2189, "(1)"
	line 407, "pan.___", state 2214, "cache_dirty_urcu_gp_ctr = 0"
	line 416, "pan.___", state 2246, "cache_dirty_rcu_ptr = 0"
	line 420, "pan.___", state 2260, "cache_dirty_rcu_data[i] = 0"
	line 245, "pan.___", state 2278, "(1)"
	line 253, "pan.___", state 2298, "(1)"
	line 257, "pan.___", state 2306, "(1)"
	line 407, "pan.___", state 2325, "cache_dirty_urcu_gp_ctr = 0"
	line 416, "pan.___", state 2357, "cache_dirty_rcu_ptr = 0"
	line 420, "pan.___", state 2371, "cache_dirty_rcu_data[i] = 0"
	line 245, "pan.___", state 2389, "(1)"
	line 253, "pan.___", state 2409, "(1)"
	line 257, "pan.___", state 2417, "(1)"
	line 245, "pan.___", state 2448, "(1)"
	line 253, "pan.___", state 2468, "(1)"
	line 257, "pan.___", state 2476, "(1)"
	line 245, "pan.___", state 2491, "(1)"
	line 253, "pan.___", state 2511, "(1)"
	line 257, "pan.___", state 2519, "(1)"
	line 929, "pan.___", state 2536, "-end-"
	(221 of 2536 states)
unreached in proctype urcu_writer
	line 407, "pan.___", state 45, "cache_dirty_urcu_gp_ctr = 0"
	line 411, "pan.___", state 59, "cache_dirty_urcu_active_readers = 0"
	line 416, "pan.___", state 77, "cache_dirty_rcu_ptr = 0"
	line 245, "pan.___", state 109, "(1)"
	line 249, "pan.___", state 117, "(1)"
	line 253, "pan.___", state 129, "(1)"
	line 268, "pan.___", state 158, "cache_dirty_urcu_gp_ctr = 0"
	line 272, "pan.___", state 167, "cache_dirty_urcu_active_readers = 0"
	line 276, "pan.___", state 180, "cache_dirty_rcu_ptr = 0"
	line 407, "pan.___", state 220, "cache_dirty_urcu_gp_ctr = 0"
	line 411, "pan.___", state 234, "cache_dirty_urcu_active_readers = 0"
	line 416, "pan.___", state 252, "cache_dirty_rcu_ptr = 0"
	line 420, "pan.___", state 266, "cache_dirty_rcu_data[i] = 0"
	line 245, "pan.___", state 284, "(1)"
	line 249, "pan.___", state 292, "(1)"
	line 253, "pan.___", state 304, "(1)"
	line 257, "pan.___", state 312, "(1)"
	line 411, "pan.___", state 347, "cache_dirty_urcu_active_readers = 0"
	line 416, "pan.___", state 365, "cache_dirty_rcu_ptr = 0"
	line 420, "pan.___", state 379, "cache_dirty_rcu_data[i] = 0"
	line 249, "pan.___", state 405, "(1)"
	line 253, "pan.___", state 417, "(1)"
	line 257, "pan.___", state 425, "(1)"
	line 411, "pan.___", state 468, "cache_dirty_urcu_active_readers = 0"
	line 416, "pan.___", state 486, "cache_dirty_rcu_ptr = 0"
	line 420, "pan.___", state 500, "cache_dirty_rcu_data[i] = 0"
	line 249, "pan.___", state 526, "(1)"
	line 253, "pan.___", state 538, "(1)"
	line 257, "pan.___", state 546, "(1)"
	line 411, "pan.___", state 579, "cache_dirty_urcu_active_readers = 0"
	line 416, "pan.___", state 597, "cache_dirty_rcu_ptr = 0"
	line 420, "pan.___", state 611, "cache_dirty_rcu_data[i] = 0"
	line 249, "pan.___", state 637, "(1)"
	line 253, "pan.___", state 649, "(1)"
	line 257, "pan.___", state 657, "(1)"
	line 411, "pan.___", state 692, "cache_dirty_urcu_active_readers = 0"
	line 416, "pan.___", state 710, "cache_dirty_rcu_ptr = 0"
	line 420, "pan.___", state 724, "cache_dirty_rcu_data[i] = 0"
	line 249, "pan.___", state 750, "(1)"
	line 253, "pan.___", state 762, "(1)"
	line 257, "pan.___", state 770, "(1)"
	line 268, "pan.___", state 823, "cache_dirty_urcu_gp_ctr = 0"
	line 272, "pan.___", state 832, "cache_dirty_urcu_active_readers = 0"
	line 276, "pan.___", state 847, "(1)"
	line 280, "pan.___", state 854, "cache_dirty_rcu_data[i] = 0"
	line 245, "pan.___", state 870, "(1)"
	line 249, "pan.___", state 878, "(1)"
	line 253, "pan.___", state 890, "(1)"
	line 257, "pan.___", state 898, "(1)"
	line 268, "pan.___", state 929, "cache_dirty_urcu_gp_ctr = 0"
	line 272, "pan.___", state 938, "cache_dirty_urcu_active_readers = 0"
	line 276, "pan.___", state 951, "cache_dirty_rcu_ptr = 0"
	line 280, "pan.___", state 960, "cache_dirty_rcu_data[i] = 0"
	line 245, "pan.___", state 976, "(1)"
	line 249, "pan.___", state 984, "(1)"
	line 253, "pan.___", state 996, "(1)"
	line 257, "pan.___", state 1004, "(1)"
	line 272, "pan.___", state 1030, "cache_dirty_urcu_active_readers = 0"
	line 276, "pan.___", state 1043, "cache_dirty_rcu_ptr = 0"
	line 280, "pan.___", state 1052, "cache_dirty_rcu_data[i] = 0"
	line 245, "pan.___", state 1068, "(1)"
	line 249, "pan.___", state 1076, "(1)"
	line 253, "pan.___", state 1088, "(1)"
	line 257, "pan.___", state 1096, "(1)"
	line 268, "pan.___", state 1127, "cache_dirty_urcu_gp_ctr = 0"
	line 272, "pan.___", state 1136, "cache_dirty_urcu_active_readers = 0"
	line 276, "pan.___", state 1149, "cache_dirty_rcu_ptr = 0"
	line 280, "pan.___", state 1158, "cache_dirty_rcu_data[i] = 0"
	line 245, "pan.___", state 1174, "(1)"
	line 249, "pan.___", state 1182, "(1)"
	line 253, "pan.___", state 1194, "(1)"
	line 257, "pan.___", state 1202, "(1)"
	line 272, "pan.___", state 1228, "cache_dirty_urcu_active_readers = 0"
	line 276, "pan.___", state 1241, "cache_dirty_rcu_ptr = 0"
	line 280, "pan.___", state 1250, "cache_dirty_rcu_data[i] = 0"
	line 245, "pan.___", state 1266, "(1)"
	line 249, "pan.___", state 1274, "(1)"
	line 253, "pan.___", state 1286, "(1)"
	line 257, "pan.___", state 1294, "(1)"
	line 268, "pan.___", state 1325, "cache_dirty_urcu_gp_ctr = 0"
	line 272, "pan.___", state 1334, "cache_dirty_urcu_active_readers = 0"
	line 276, "pan.___", state 1347, "cache_dirty_rcu_ptr = 0"
	line 280, "pan.___", state 1356, "cache_dirty_rcu_data[i] = 0"
	line 245, "pan.___", state 1372, "(1)"
	line 249, "pan.___", state 1380, "(1)"
	line 253, "pan.___", state 1392, "(1)"
	line 257, "pan.___", state 1400, "(1)"
	line 272, "pan.___", state 1426, "cache_dirty_urcu_active_readers = 0"
	line 276, "pan.___", state 1439, "cache_dirty_rcu_ptr = 0"
	line 280, "pan.___", state 1448, "cache_dirty_rcu_data[i] = 0"
	line 245, "pan.___", state 1464, "(1)"
	line 249, "pan.___", state 1472, "(1)"
	line 253, "pan.___", state 1484, "(1)"
	line 257, "pan.___", state 1492, "(1)"
	line 268, "pan.___", state 1523, "cache_dirty_urcu_gp_ctr = 0"
	line 272, "pan.___", state 1532, "cache_dirty_urcu_active_readers = 0"
	line 276, "pan.___", state 1545, "cache_dirty_rcu_ptr = 0"
	line 280, "pan.___", state 1554, "cache_dirty_rcu_data[i] = 0"
	line 245, "pan.___", state 1570, "(1)"
	line 249, "pan.___", state 1578, "(1)"
	line 253, "pan.___", state 1590, "(1)"
	line 257, "pan.___", state 1598, "(1)"
	line 1304, "pan.___", state 1614, "-end-"
	(103 of 1614 states)
unreached in proctype :init:
	(0 of 28 states)
unreached in proctype :never:
	line 1369, "pan.___", state 11, "-end-"
	(1 of 11 states)

pan: elapsed time 1.54e+04 seconds
pan: rate 15645.145 states/second
pan: avg transition delay 3.1947e-06 usec
cp .input.spin urcu_progress_writer.spin.input
cp .input.spin.trail urcu_progress_writer.spin.input.trail
make[1]: Leaving directory `/home/compudj/doc/userspace-rcu/formal-model/urcu-controldataflow-intel-ipi-compress'
